TN:
SF:/usr/include/c++/11/ext/type_traits.h
FN:152,_ZN9__gnu_cxx17__is_null_pointerIcEEbPT_
FNDA:0,_ZN9__gnu_cxx17__is_null_pointerIcEEbPT_
FN:152,_ZN9__gnu_cxx17__is_null_pointerIKcEEbPT_
FNDA:0,_ZN9__gnu_cxx17__is_null_pointerIKcEEbPT_
FNF:2
FNH:0
DA:152,0
DA:153,0
DA:152,0
DA:153,0
LF:4
LH:0
end_of_record
SF:/usr/include/c++/11/bits/move.h
FN:49,_ZSt11__addressofI4FileEPT_RS1_
FNDA:0,_ZSt11__addressofI4FileEPT_RS1_
FN:49,_ZSt11__addressofINSt7__cxx1112basic_stringIcSt11char_traitsIcESaIcEEEEPT_RS6_
FNDA:0,_ZSt11__addressofINSt7__cxx1112basic_stringIcSt11char_traitsIcESaIcEEEEPT_RS6_
FN:77,_ZSt7forwardINSt7__cxx1112basic_stringIcSt11char_traitsIcESaIcEEEEOT_RNSt16remove_referenceIS6_E4typeE
FNDA:0,_ZSt7forwardINSt7__cxx1112basic_stringIcSt11char_traitsIcESaIcEEEEOT_RNSt16remove_referenceIS6_E4typeE
FN:77,_ZSt7forwardIRPSt13_Rb_tree_nodeISt4pairIKNSt7__cxx1112basic_stringIcSt11char_traitsIcESaIcEEEiEEEOT_RNSt16remove_referenceISD_E4typeE
FNDA:0,_ZSt7forwardIRPSt13_Rb_tree_nodeISt4pairIKNSt7__cxx1112basic_stringIcSt11char_traitsIcESaIcEEEiEEEOT_RNSt16remove_referenceISD_E4typeE
FN:77,_ZSt7forwardIRPSt18_Rb_tree_node_baseEOT_RNSt16remove_referenceIS3_E4typeE
FNDA:0,_ZSt7forwardIRPSt18_Rb_tree_node_baseEOT_RNSt16remove_referenceIS3_E4typeE
FN:77,_ZSt7forwardIRKNSt7__cxx1112basic_stringIcSt11char_traitsIcESaIcEEEEOT_RNSt16remove_referenceIS8_E4typeE
FNDA:0,_ZSt7forwardIRKNSt7__cxx1112basic_stringIcSt11char_traitsIcESaIcEEEEOT_RNSt16remove_referenceIS8_E4typeE
FN:77,_ZSt7forwardISt5tupleIJEEEOT_RNSt16remove_referenceIS2_E4typeE
FNDA:0,_ZSt7forwardISt5tupleIJEEEOT_RNSt16remove_referenceIS2_E4typeE
FN:77,_ZSt7forwardISt5tupleIJRKNSt7__cxx1112basic_stringIcSt11char_traitsIcESaIcEEEEEEOT_RNSt16remove_referenceISA_E4typeE
FNDA:0,_ZSt7forwardISt5tupleIJRKNSt7__cxx1112basic_stringIcSt11char_traitsIcESaIcEEEEEEOT_RNSt16remove_referenceISA_E4typeE
FN:77,_ZSt7forwardIRKSt21piecewise_construct_tEOT_RNSt16remove_referenceIS3_E4typeE
FNDA:0,_ZSt7forwardIRKSt21piecewise_construct_tEOT_RNSt16remove_referenceIS3_E4typeE
FN:104,_ZSt4moveIRNSt7__cxx1112basic_stringIcSt11char_traitsIcESaIcEEEEONSt16remove_referenceIT_E4typeEOS8_
FNDA:0,_ZSt4moveIRNSt7__cxx1112basic_stringIcSt11char_traitsIcESaIcEEEEONSt16remove_referenceIT_E4typeEOS8_
FN:104,_ZSt4moveIRSaIcEEONSt16remove_referenceIT_E4typeEOS3_
FNDA:0,_ZSt4moveIRSaIcEEONSt16remove_referenceIT_E4typeEOS3_
FNF:11
FNH:0
DA:49,0
DA:50,0
DA:49,0
DA:50,0
DA:77,0
DA:78,0
DA:77,0
DA:78,0
DA:77,0
DA:78,0
DA:77,0
DA:78,0
DA:77,0
DA:78,0
DA:77,0
DA:78,0
DA:77,0
DA:78,0
DA:104,0
DA:105,0
DA:104,0
DA:105,0
LF:22
LH:0
end_of_record
SF:/usr/include/c++/11/bits/stl_uninitialized.h
FN:986,_ZSt19__relocate_object_aINSt7__cxx1112basic_stringIcSt11char_traitsIcESaIcEEES5_SaIS5_EEvPT_PT0_RT1_
FNDA:0,_ZSt19__relocate_object_aINSt7__cxx1112basic_stringIcSt11char_traitsIcESaIcEEES5_SaIS5_EEvPT_PT0_RT1_
FN:1018,_ZSt14__relocate_a_1IPNSt7__cxx1112basic_stringIcSt11char_traitsIcESaIcEEES6_SaIS5_EET0_T_S9_S8_RT1_
FNDA:0,_ZSt14__relocate_a_1IPNSt7__cxx1112basic_stringIcSt11char_traitsIcESaIcEEES6_SaIS5_EET0_T_S9_S8_RT1_
FN:1040,_ZSt12__relocate_aIPNSt7__cxx1112basic_stringIcSt11char_traitsIcESaIcEEES6_SaIS5_EET0_T_S9_S8_RT1_
FNDA:0,_ZSt12__relocate_aIPNSt7__cxx1112basic_stringIcSt11char_traitsIcESaIcEEES6_SaIS5_EET0_T_S9_S8_RT1_
FNF:3
FNH:0
DA:986,0
DA:994,0
DA:995,0
DA:996,0
DA:1018,0
DA:1030,0
DA:1031,0
BRDA:1031,0,0,-
BRDA:1031,0,1,-
DA:1032,0
DA:1034,0
DA:1040,0
DA:1046,0
DA:1048,0
BRF:2
BRH:0
LF:12
LH:0
end_of_record
SF:/usr/include/c++/11/bits/stl_tree.h
FN:234,_ZNSt13_Rb_tree_nodeISt4pairIKNSt7__cxx1112basic_stringIcSt11char_traitsIcESaIcEEEiEE9_M_valptrEv
FNDA:0,_ZNSt13_Rb_tree_nodeISt4pairIKNSt7__cxx1112basic_stringIcSt11char_traitsIcESaIcEEEiEE9_M_valptrEv
FN:238,_ZNKSt13_Rb_tree_nodeISt4pairIKNSt7__cxx1112basic_stringIcSt11char_traitsIcESaIcEEEiEE9_M_valptrEv
FNDA:0,_ZNKSt13_Rb_tree_nodeISt4pairIKNSt7__cxx1112basic_stringIcSt11char_traitsIcESaIcEEEiEE9_M_valptrEv
FN:273,_ZNSt17_Rb_tree_iteratorISt4pairIKNSt7__cxx1112basic_stringIcSt11char_traitsIcESaIcEEEiEEC2EPSt18_Rb_tree_node_base
FNDA:0,_ZNSt17_Rb_tree_iteratorISt4pairIKNSt7__cxx1112basic_stringIcSt11char_traitsIcESaIcEEEiEEC2EPSt18_Rb_tree_node_base
FN:277,_ZNKSt17_Rb_tree_iteratorISt4pairIKNSt7__cxx1112basic_stringIcSt11char_traitsIcESaIcEEEiEEdeEv
FNDA:0,_ZNKSt17_Rb_tree_iteratorISt4pairIKNSt7__cxx1112basic_stringIcSt11char_traitsIcESaIcEEEiEEdeEv
FN:285,_ZNSt17_Rb_tree_iteratorISt4pairIKNSt7__cxx1112basic_stringIcSt11char_traitsIcESaIcEEEiEEppEv
FNDA:0,_ZNSt17_Rb_tree_iteratorISt4pairIKNSt7__cxx1112basic_stringIcSt11char_traitsIcESaIcEEEiEEppEv
FN:300,_ZNSt17_Rb_tree_iteratorISt4pairIKNSt7__cxx1112basic_stringIcSt11char_traitsIcESaIcEEEiEEmmEv
FNDA:0,_ZNSt17_Rb_tree_iteratorISt4pairIKNSt7__cxx1112basic_stringIcSt11char_traitsIcESaIcEEEiEEmmEv
FN:315,_ZSteqRKSt17_Rb_tree_iteratorISt4pairIKNSt7__cxx1112basic_stringIcSt11char_traitsIcESaIcEEEiEESB_
FNDA:0,_ZSteqRKSt17_Rb_tree_iteratorISt4pairIKNSt7__cxx1112basic_stringIcSt11char_traitsIcESaIcEEEiEESB_
FN:350,_ZNSt23_Rb_tree_const_iteratorISt4pairIKNSt7__cxx1112basic_stringIcSt11char_traitsIcESaIcEEEiEEC2ERKSt17_Rb_tree_iteratorIS8_E
FNDA:0,_ZNSt23_Rb_tree_const_iteratorISt4pairIKNSt7__cxx1112basic_stringIcSt11char_traitsIcESaIcEEEiEEC2ERKSt17_Rb_tree_iteratorIS8_E
FN:354,_ZNKSt23_Rb_tree_const_iteratorISt4pairIKNSt7__cxx1112basic_stringIcSt11char_traitsIcESaIcEEEiEE13_M_const_castEv
FNDA:0,_ZNKSt23_Rb_tree_const_iteratorISt4pairIKNSt7__cxx1112basic_stringIcSt11char_traitsIcESaIcEEEiEE13_M_const_castEv
FN:547,_ZNSt8_Rb_treeINSt7__cxx1112basic_stringIcSt11char_traitsIcESaIcEEESt4pairIKS5_iESt10_Select1stIS8_ESt4lessIS5_ESaIS8_EE21_M_get_Node_allocatorEv
FNDA:0,_ZNSt8_Rb_treeINSt7__cxx1112basic_stringIcSt11char_traitsIcESaIcEEESt4pairIKS5_iESt10_Select1stIS8_ESt4lessIS5_ESaIS8_EE21_M_get_Node_allocatorEv
FN:560,_ZNSt8_Rb_treeINSt7__cxx1112basic_stringIcSt11char_traitsIcESaIcEEESt4pairIKS5_iESt10_Select1stIS8_ESt4lessIS5_ESaIS8_EE11_M_get_nodeEv
FNDA:0,_ZNSt8_Rb_treeINSt7__cxx1112basic_stringIcSt11char_traitsIcESaIcEEESt4pairIKS5_iESt10_Select1stIS8_ESt4lessIS5_ESaIS8_EE11_M_get_nodeEv
FN:564,_ZNSt8_Rb_treeINSt7__cxx1112basic_stringIcSt11char_traitsIcESaIcEEESt4pairIKS5_iESt10_Select1stIS8_ESt4lessIS5_ESaIS8_EE11_M_put_nodeEPSt13_Rb_tree_nodeIS8_E
FNDA:0,_ZNSt8_Rb_treeINSt7__cxx1112basic_stringIcSt11char_traitsIcESaIcEEESt4pairIKS5_iESt10_Select1stIS8_ESt4lessIS5_ESaIS8_EE11_M_put_nodeEPSt13_Rb_tree_nodeIS8_E
FN:590,_ZNSt8_Rb_treeINSt7__cxx1112basic_stringIcSt11char_traitsIcESaIcEEESt4pairIKS5_iESt10_Select1stIS8_ESt4lessIS5_ESaIS8_EE17_M_construct_nodeIJRKSt21piecewise_construct_tSt5tupleIJRS7_EESJ_IJEEEEEvPSt13_Rb_tree_nodeIS8_EDpOT_
FNDA:0,_ZNSt8_Rb_treeINSt7__cxx1112basic_stringIcSt11char_traitsIcESaIcEEESt4pairIKS5_iESt10_Select1stIS8_ESt4lessIS5_ESaIS8_EE17_M_construct_nodeIJRKSt21piecewise_construct_tSt5tupleIJRS7_EESJ_IJEEEEEvPSt13_Rb_tree_nodeIS8_EDpOT_
FN:609,_ZNSt8_Rb_treeINSt7__cxx1112basic_stringIcSt11char_traitsIcESaIcEEESt4pairIKS5_iESt10_Select1stIS8_ESt4lessIS5_ESaIS8_EE14_M_create_nodeIJRKSt21piecewise_construct_tSt5tupleIJRS7_EESJ_IJEEEEEPSt13_Rb_tree_nodeIS8_EDpOT_
FNDA:0,_ZNSt8_Rb_treeINSt7__cxx1112basic_stringIcSt11char_traitsIcESaIcEEESt4pairIKS5_iESt10_Select1stIS8_ESt4lessIS5_ESaIS8_EE14_M_create_nodeIJRKSt21piecewise_construct_tSt5tupleIJRS7_EESJ_IJEEEEEPSt13_Rb_tree_nodeIS8_EDpOT_
FN:618,_ZNSt8_Rb_treeINSt7__cxx1112basic_stringIcSt11char_traitsIcESaIcEEESt4pairIKS5_iESt10_Select1stIS8_ESt4lessIS5_ESaIS8_EE15_M_destroy_nodeEPSt13_Rb_tree_nodeIS8_E
FNDA:0,_ZNSt8_Rb_treeINSt7__cxx1112basic_stringIcSt11char_traitsIcESaIcEEESt4pairIKS5_iESt10_Select1stIS8_ESt4lessIS5_ESaIS8_EE15_M_destroy_nodeEPSt13_Rb_tree_nodeIS8_E
FN:629,_ZNSt8_Rb_treeINSt7__cxx1112basic_stringIcSt11char_traitsIcESaIcEEESt4pairIKS5_iESt10_Select1stIS8_ESt4lessIS5_ESaIS8_EE12_M_drop_nodeEPSt13_Rb_tree_nodeIS8_E
FNDA:0,_ZNSt8_Rb_treeINSt7__cxx1112basic_stringIcSt11char_traitsIcESaIcEEESt4pairIKS5_iESt10_Select1stIS8_ESt4lessIS5_ESaIS8_EE12_M_drop_nodeEPSt13_Rb_tree_nodeIS8_E
FN:718,_ZNSt8_Rb_treeINSt7__cxx1112basic_stringIcSt11char_traitsIcESaIcEEESt4pairIKS5_iESt10_Select1stIS8_ESt4lessIS5_ESaIS8_EE11_M_leftmostEv
FNDA:0,_ZNSt8_Rb_treeINSt7__cxx1112basic_stringIcSt11char_traitsIcESaIcEEESt4pairIKS5_iESt10_Select1stIS8_ESt4lessIS5_ESaIS8_EE11_M_leftmostEv
FN:726,_ZNSt8_Rb_treeINSt7__cxx1112basic_stringIcSt11char_traitsIcESaIcEEESt4pairIKS5_iESt10_Select1stIS8_ESt4lessIS5_ESaIS8_EE12_M_rightmostEv
FNDA:0,_ZNSt8_Rb_treeINSt7__cxx1112basic_stringIcSt11char_traitsIcESaIcEEESt4pairIKS5_iESt10_Select1stIS8_ESt4lessIS5_ESaIS8_EE12_M_rightmostEv
FN:734,_ZNKSt8_Rb_treeINSt7__cxx1112basic_stringIcSt11char_traitsIcESaIcEEESt4pairIKS5_iESt10_Select1stIS8_ESt4lessIS5_ESaIS8_EE9_M_mbeginEv
FNDA:0,_ZNKSt8_Rb_treeINSt7__cxx1112basic_stringIcSt11char_traitsIcESaIcEEESt4pairIKS5_iESt10_Select1stIS8_ESt4lessIS5_ESaIS8_EE9_M_mbeginEv
FN:738,_ZNSt8_Rb_treeINSt7__cxx1112basic_stringIcSt11char_traitsIcESaIcEEESt4pairIKS5_iESt10_Select1stIS8_ESt4lessIS5_ESaIS8_EE8_M_beginEv
FNDA:0,_ZNSt8_Rb_treeINSt7__cxx1112basic_stringIcSt11char_traitsIcESaIcEEESt4pairIKS5_iESt10_Select1stIS8_ESt4lessIS5_ESaIS8_EE8_M_beginEv
FN:749,_ZNSt8_Rb_treeINSt7__cxx1112basic_stringIcSt11char_traitsIcESaIcEEESt4pairIKS5_iESt10_Select1stIS8_ESt4lessIS5_ESaIS8_EE6_M_endEv
FNDA:0,_ZNSt8_Rb_treeINSt7__cxx1112basic_stringIcSt11char_traitsIcESaIcEEESt4pairIKS5_iESt10_Select1stIS8_ESt4lessIS5_ESaIS8_EE6_M_endEv
FN:757,_ZNSt8_Rb_treeINSt7__cxx1112basic_stringIcSt11char_traitsIcESaIcEEESt4pairIKS5_iESt10_Select1stIS8_ESt4lessIS5_ESaIS8_EE6_S_keyEPKSt13_Rb_tree_nodeIS8_E
FNDA:0,_ZNSt8_Rb_treeINSt7__cxx1112basic_stringIcSt11char_traitsIcESaIcEEESt4pairIKS5_iESt10_Select1stIS8_ESt4lessIS5_ESaIS8_EE6_S_keyEPKSt13_Rb_tree_nodeIS8_E
FN:779,_ZNSt8_Rb_treeINSt7__cxx1112basic_stringIcSt11char_traitsIcESaIcEEESt4pairIKS5_iESt10_Select1stIS8_ESt4lessIS5_ESaIS8_EE7_S_leftEPSt18_Rb_tree_node_base
FNDA:0,_ZNSt8_Rb_treeINSt7__cxx1112basic_stringIcSt11char_traitsIcESaIcEEESt4pairIKS5_iESt10_Select1stIS8_ESt4lessIS5_ESaIS8_EE7_S_leftEPSt18_Rb_tree_node_base
FN:787,_ZNSt8_Rb_treeINSt7__cxx1112basic_stringIcSt11char_traitsIcESaIcEEESt4pairIKS5_iESt10_Select1stIS8_ESt4lessIS5_ESaIS8_EE8_S_rightEPSt18_Rb_tree_node_base
FNDA:0,_ZNSt8_Rb_treeINSt7__cxx1112basic_stringIcSt11char_traitsIcESaIcEEESt4pairIKS5_iESt10_Select1stIS8_ESt4lessIS5_ESaIS8_EE8_S_rightEPSt18_Rb_tree_node_base
FN:795,_ZNSt8_Rb_treeINSt7__cxx1112basic_stringIcSt11char_traitsIcESaIcEEESt4pairIKS5_iESt10_Select1stIS8_ESt4lessIS5_ESaIS8_EE6_S_keyEPKSt18_Rb_tree_node_base
FNDA:0,_ZNSt8_Rb_treeINSt7__cxx1112basic_stringIcSt11char_traitsIcESaIcEEESt4pairIKS5_iESt10_Select1stIS8_ESt4lessIS5_ESaIS8_EE6_S_keyEPKSt18_Rb_tree_node_base
FN:991,_ZNKSt8_Rb_treeINSt7__cxx1112basic_stringIcSt11char_traitsIcESaIcEEESt4pairIKS5_iESt10_Select1stIS8_ESt4lessIS5_ESaIS8_EE8key_compEv
FNDA:0,_ZNKSt8_Rb_treeINSt7__cxx1112basic_stringIcSt11char_traitsIcESaIcEEESt4pairIKS5_iESt10_Select1stIS8_ESt4lessIS5_ESaIS8_EE8key_compEv
FN:995,_ZNSt8_Rb_treeINSt7__cxx1112basic_stringIcSt11char_traitsIcESaIcEEESt4pairIKS5_iESt10_Select1stIS8_ESt4lessIS5_ESaIS8_EE5beginEv
FNDA:0,_ZNSt8_Rb_treeINSt7__cxx1112basic_stringIcSt11char_traitsIcESaIcEEESt4pairIKS5_iESt10_Select1stIS8_ESt4lessIS5_ESaIS8_EE5beginEv
FN:1003,_ZNSt8_Rb_treeINSt7__cxx1112basic_stringIcSt11char_traitsIcESaIcEEESt4pairIKS5_iESt10_Select1stIS8_ESt4lessIS5_ESaIS8_EE3endEv
FNDA:0,_ZNSt8_Rb_treeINSt7__cxx1112basic_stringIcSt11char_traitsIcESaIcEEESt4pairIKS5_iESt10_Select1stIS8_ESt4lessIS5_ESaIS8_EE3endEv
FN:1031,_ZNKSt8_Rb_treeINSt7__cxx1112basic_stringIcSt11char_traitsIcESaIcEEESt4pairIKS5_iESt10_Select1stIS8_ESt4lessIS5_ESaIS8_EE4sizeEv
FNDA:0,_ZNKSt8_Rb_treeINSt7__cxx1112basic_stringIcSt11char_traitsIcESaIcEEESt4pairIKS5_iESt10_Select1stIS8_ESt4lessIS5_ESaIS8_EE4sizeEv
FN:1269,_ZNSt8_Rb_treeINSt7__cxx1112basic_stringIcSt11char_traitsIcESaIcEEESt4pairIKS5_iESt10_Select1stIS8_ESt4lessIS5_ESaIS8_EE11lower_boundERS7_
FNDA:0,_ZNSt8_Rb_treeINSt7__cxx1112basic_stringIcSt11char_traitsIcESaIcEEESt4pairIKS5_iESt10_Select1stIS8_ESt4lessIS5_ESaIS8_EE11lower_boundERS7_
FN:1900,_ZNSt8_Rb_treeINSt7__cxx1112basic_stringIcSt11char_traitsIcESaIcEEESt4pairIKS5_iESt10_Select1stIS8_ESt4lessIS5_ESaIS8_EE14_M_lower_boundEPSt13_Rb_tree_nodeIS8_EPSt18_Rb_tree_node_baseRS7_
FNDA:0,_ZNSt8_Rb_treeINSt7__cxx1112basic_stringIcSt11char_traitsIcESaIcEEESt4pairIKS5_iESt10_Select1stIS8_ESt4lessIS5_ESaIS8_EE14_M_lower_boundEPSt13_Rb_tree_nodeIS8_EPSt18_Rb_tree_node_baseRS7_
FN:2061,_ZNSt8_Rb_treeINSt7__cxx1112basic_stringIcSt11char_traitsIcESaIcEEESt4pairIKS5_iESt10_Select1stIS8_ESt4lessIS5_ESaIS8_EE24_M_get_insert_unique_posERS7_
FNDA:0,_ZNSt8_Rb_treeINSt7__cxx1112basic_stringIcSt11char_traitsIcESaIcEEESt4pairIKS5_iESt10_Select1stIS8_ESt4lessIS5_ESaIS8_EE24_M_get_insert_unique_posERS7_
FN:2163,_ZNSt8_Rb_treeINSt7__cxx1112basic_stringIcSt11char_traitsIcESaIcEEESt4pairIKS5_iESt10_Select1stIS8_ESt4lessIS5_ESaIS8_EE29_M_get_insert_hint_unique_posESt23_Rb_tree_const_iteratorIS8_ERS7_
FNDA:0,_ZNSt8_Rb_treeINSt7__cxx1112basic_stringIcSt11char_traitsIcESaIcEEESt4pairIKS5_iESt10_Select1stIS8_ESt4lessIS5_ESaIS8_EE29_M_get_insert_hint_unique_posESt23_Rb_tree_const_iteratorIS8_ERS7_
FN:2330,_ZNSt8_Rb_treeINSt7__cxx1112basic_stringIcSt11char_traitsIcESaIcEEESt4pairIKS5_iESt10_Select1stIS8_ESt4lessIS5_ESaIS8_EE14_M_insert_nodeEPSt18_Rb_tree_node_baseSG_PSt13_Rb_tree_nodeIS8_E
FNDA:0,_ZNSt8_Rb_treeINSt7__cxx1112basic_stringIcSt11char_traitsIcESaIcEEESt4pairIKS5_iESt10_Select1stIS8_ESt4lessIS5_ESaIS8_EE14_M_insert_nodeEPSt18_Rb_tree_node_baseSG_PSt13_Rb_tree_nodeIS8_E
FN:2428,_ZNSt8_Rb_treeINSt7__cxx1112basic_stringIcSt11char_traitsIcESaIcEEESt4pairIKS5_iESt10_Select1stIS8_ESt4lessIS5_ESaIS8_EE22_M_emplace_hint_uniqueIJRKSt21piecewise_construct_tSt5tupleIJRS7_EESJ_IJEEEEESt17_Rb_tree_iteratorIS8_ESt23_Rb_tree_const_iteratorIS8_EDpOT_
FNDA:0,_ZNSt8_Rb_treeINSt7__cxx1112basic_stringIcSt11char_traitsIcESaIcEEESt4pairIKS5_iESt10_Select1stIS8_ESt4lessIS5_ESaIS8_EE22_M_emplace_hint_uniqueIJRKSt21piecewise_construct_tSt5tupleIJRS7_EESJ_IJEEEEESt17_Rb_tree_iteratorIS8_ESt23_Rb_tree_const_iteratorIS8_EDpOT_
FNF:35
FNH:0
DA:234,0
DA:235,0
DA:238,0
DA:239,0
DA:273,0
DA:274,0
DA:277,0
DA:278,0
DA:285,0
DA:287,0
DA:288,0
DA:300,0
DA:302,0
DA:303,0
DA:315,0
DA:316,0
DA:350,0
DA:351,0
DA:354,0
DA:355,0
DA:547,0
DA:548,0
DA:560,0
DA:561,0
DA:564,0
DA:565,0
DA:590,0
DA:594,0
DA:595,0
BRDA:595,0,0,-
BRDA:595,0,1,-
DA:599,0
DA:601,0
DA:602,0
DA:603,0
DA:605,0
DA:609,0
DA:611,0
DA:612,0
DA:613,0
DA:618,0
DA:623,0
DA:624,0
DA:626,0
DA:629,0
DA:631,0
DA:632,0
DA:633,0
DA:718,0
DA:719,0
DA:726,0
DA:727,0
DA:734,0
DA:735,0
DA:738,0
DA:739,0
DA:749,0
DA:750,0
DA:757,0
DA:775,0
DA:779,0
DA:780,0
DA:787,0
DA:788,0
DA:795,0
DA:796,0
DA:991,0
DA:992,0
DA:995,0
DA:996,0
DA:1003,0
DA:1004,0
DA:1031,0
DA:1032,0
DA:1269,0
DA:1270,0
DA:1900,0
DA:1904,0
BRDA:1904,0,0,-
BRDA:1904,0,1,-
DA:1905,0
BRDA:1905,0,0,-
BRDA:1905,0,1,-
DA:1906,0
DA:1908,0
DA:1909,0
DA:2061,0
DA:2065,0
DA:2066,0
DA:2067,0
DA:2068,0
BRDA:2068,0,0,-
BRDA:2068,0,1,-
DA:2070,0
DA:2071,0
BRDA:2071,0,0,-
BRDA:2071,0,1,-
DA:2072,0
BRDA:2072,0,0,-
BRDA:2072,0,1,-
DA:2074,0
DA:2075,0
BRDA:2075,0,0,-
BRDA:2075,0,1,-
DA:2077,0
BRDA:2077,0,0,-
BRDA:2077,0,1,-
DA:2078,0
DA:2080,0
DA:2082,0
BRDA:2082,0,0,-
BRDA:2082,0,1,-
BRDA:2082,0,2,-
BRDA:2082,0,3,-
DA:2083,0
DA:2084,0
DA:2163,0
DA:2167,0
DA:2171,0
BRDA:2171,0,0,-
BRDA:2171,0,1,-
DA:2173,0
DA:2174,0
BRDA:2174,0,0,-
BRDA:2174,0,1,-
BRDA:2174,0,2,-
BRDA:2174,0,3,-
BRDA:2174,0,4,-
BRDA:2174,0,5,-
BRDA:2174,0,6,-
BRDA:2174,0,7,-
DA:2175,0
DA:2177,0
BRDA:2177,0,0,-
BRDA:2177,0,1,-
DA:2179,0
BRDA:2179,0,0,-
BRDA:2179,0,1,-
BRDA:2179,0,2,-
BRDA:2179,0,3,-
DA:2182,0
DA:2183,0
BRDA:2183,0,0,-
BRDA:2183,0,1,-
DA:2184,0
DA:2185,0
BRDA:2185,0,0,-
BRDA:2185,0,1,-
BRDA:2185,0,2,-
BRDA:2185,0,3,-
DA:2187,0
BRDA:2187,0,0,-
BRDA:2187,0,1,-
DA:2188,0
DA:2190,0
DA:2193,0
BRDA:2193,0,0,-
BRDA:2193,0,1,-
DA:2195,0
BRDA:2195,0,0,-
BRDA:2195,0,1,-
BRDA:2195,0,2,-
BRDA:2195,0,3,-
DA:2198,0
DA:2199,0
BRDA:2199,0,0,-
BRDA:2199,0,1,-
DA:2200,0
DA:2201,0
BRDA:2201,0,0,-
BRDA:2201,0,1,-
BRDA:2201,0,2,-
BRDA:2201,0,3,-
DA:2203,0
BRDA:2203,0,0,-
BRDA:2203,0,1,-
DA:2204,0
DA:2206,0
DA:2209,0
BRDA:2209,0,0,-
BRDA:2209,0,1,-
DA:2213,0
DA:2330,0
DA:2333,0
BRDA:2333,0,0,-
BRDA:2333,0,1,-
DA:2334,0
BRDA:2334,0,0,-
BRDA:2334,0,1,-
BRDA:2334,0,2,-
BRDA:2334,0,3,-
DA:2337,0
DA:2338,0
DA:2339,0
DA:2340,0
DA:2428,0
DA:2431,0
DA:2435,0
BRDA:2435,0,0,-
BRDA:2435,0,1,-
BRDA:2435,0,2,-
BRDA:2435,0,3,-
DA:2437,0
BRDA:2437,0,0,-
BRDA:2437,0,1,-
DA:2438,0
BRDA:2438,0,0,-
BRDA:2438,0,1,-
DA:2440,0
DA:2441,0
DA:2443,0
DA:2445,0
DA:2446,0
BRF:74
BRH:0
LF:139
LH:0
end_of_record
SF:/usr/include/c++/11/bits/stl_vector.h
FN:276,_ZNSt12_Vector_baseINSt7__cxx1112basic_stringIcSt11char_traitsIcESaIcEEESaIS5_EE19_M_get_Tp_allocatorEv
FNDA:0,_ZNSt12_Vector_baseINSt7__cxx1112basic_stringIcSt11char_traitsIcESaIcEEESaIS5_EE19_M_get_Tp_allocatorEv
FN:280,_ZNKSt12_Vector_baseINSt7__cxx1112basic_stringIcSt11char_traitsIcESaIcEEESaIS5_EE19_M_get_Tp_allocatorEv
FNDA:0,_ZNKSt12_Vector_baseINSt7__cxx1112basic_stringIcSt11char_traitsIcESaIcEEESaIS5_EE19_M_get_Tp_allocatorEv
FN:343,_ZNSt12_Vector_baseINSt7__cxx1112basic_stringIcSt11char_traitsIcESaIcEEESaIS5_EE11_M_allocateEm
FNDA:0,_ZNSt12_Vector_baseINSt7__cxx1112basic_stringIcSt11char_traitsIcESaIcEEESaIS5_EE11_M_allocateEm
FN:350,_ZNSt12_Vector_baseINSt7__cxx1112basic_stringIcSt11char_traitsIcESaIcEEESaIS5_EE13_M_deallocateEPS5_m
FNDA:0,_ZNSt12_Vector_baseINSt7__cxx1112basic_stringIcSt11char_traitsIcESaIcEEESaIS5_EE13_M_deallocateEPS5_m
FN:453,_ZNSt6vectorINSt7__cxx1112basic_stringIcSt11char_traitsIcESaIcEEESaIS5_EE14_S_do_relocateEPS5_S8_S8_RS6_St17integral_constantIbLb1EE
FNDA:0,_ZNSt6vectorINSt7__cxx1112basic_stringIcSt11char_traitsIcESaIcEEESaIS5_EE14_S_do_relocateEPS5_S8_S8_RS6_St17integral_constantIbLb1EE
FN:465,_ZNSt6vectorINSt7__cxx1112basic_stringIcSt11char_traitsIcESaIcEEESaIS5_EE11_S_relocateEPS5_S8_S8_RS6_
FNDA:0,_ZNSt6vectorINSt7__cxx1112basic_stringIcSt11char_traitsIcESaIcEEESaIS5_EE11_S_relocateEPS5_S8_S8_RS6_
FN:811,_ZNSt6vectorINSt7__cxx1112basic_stringIcSt11char_traitsIcESaIcEEESaIS5_EE5beginEv
FNDA:0,_ZNSt6vectorINSt7__cxx1112basic_stringIcSt11char_traitsIcESaIcEEESaIS5_EE5beginEv
FN:829,_ZNSt6vectorINSt7__cxx1112basic_stringIcSt11char_traitsIcESaIcEEESaIS5_EE3endEv
FNDA:0,_ZNSt6vectorINSt7__cxx1112basic_stringIcSt11char_traitsIcESaIcEEESaIS5_EE3endEv
FN:918,_ZNKSt6vectorINSt7__cxx1112basic_stringIcSt11char_traitsIcESaIcEEESaIS5_EE4sizeEv
FNDA:0,_ZNKSt6vectorINSt7__cxx1112basic_stringIcSt11char_traitsIcESaIcEEESaIS5_EE4sizeEv
FN:923,_ZNKSt6vectorINSt7__cxx1112basic_stringIcSt11char_traitsIcESaIcEEESaIS5_EE8max_sizeEv
FNDA:0,_ZNKSt6vectorINSt7__cxx1112basic_stringIcSt11char_traitsIcESaIcEEESaIS5_EE8max_sizeEv
FN:1187,_ZNSt6vectorINSt7__cxx1112basic_stringIcSt11char_traitsIcESaIcEEESaIS5_EE9push_backERKS5_
FNDA:9,_ZNSt6vectorINSt7__cxx1112basic_stringIcSt11char_traitsIcESaIcEEESaIS5_EE9push_backERKS5_
FN:1756,_ZNKSt6vectorINSt7__cxx1112basic_stringIcSt11char_traitsIcESaIcEEESaIS5_EE12_M_check_lenEmPKc
FNDA:0,_ZNKSt6vectorINSt7__cxx1112basic_stringIcSt11char_traitsIcESaIcEEESaIS5_EE12_M_check_lenEmPKc
FN:1776,_ZNSt6vectorINSt7__cxx1112basic_stringIcSt11char_traitsIcESaIcEEESaIS5_EE11_S_max_sizeERKS6_
FNDA:0,_ZNSt6vectorINSt7__cxx1112basic_stringIcSt11char_traitsIcESaIcEEESaIS5_EE11_S_max_sizeERKS6_
FNF:13
FNH:1
DA:276,0
DA:277,0
DA:280,0
DA:281,0
DA:343,0
DA:346,0
BRDA:346,0,0,-
BRDA:346,0,1,-
DA:350,0
DA:353,0
BRDA:353,0,0,-
BRDA:353,0,1,-
DA:354,0
DA:355,0
DA:453,0
DA:456,0
DA:465,0
DA:469,0
DA:811,0
DA:812,0
DA:829,0
DA:830,0
DA:918,0
DA:919,0
DA:923,0
DA:924,0
DA:1187,9
DA:1189,9
BRDA:1189,0,0,2
BRDA:1189,0,1,7
DA:1192,2
DA:1194,2
DA:1198,7
DA:1199,9
DA:1756,0
DA:1758,0
BRDA:1758,0,0,-
BRDA:1758,0,1,-
DA:1759,0
DA:1761,0
DA:1762,0
BRDA:1762,0,0,-
BRDA:1762,0,1,-
BRDA:1762,0,2,-
BRDA:1762,0,3,-
DA:1776,0
DA:1781,0
DA:1783,0
DA:1784,0
BRF:12
BRH:2
LF:37
LH:6
end_of_record
SF:/usr/include/c++/11/bits/stl_pair.h
FN:322,_ZNSt4pairIPSt18_Rb_tree_node_baseS1_EC2IRS1_Lb1EEEOT_RKS1_
FNDA:0,_ZNSt4pairIPSt18_Rb_tree_node_baseS1_EC2IRS1_Lb1EEEOT_RKS1_
FN:336,_ZNSt4pairIPSt18_Rb_tree_node_baseS1_EC2IRS1_Lb1EEERKS1_OT_
FNDA:0,_ZNSt4pairIPSt18_Rb_tree_node_baseS1_EC2IRS1_Lb1EEERKS1_OT_
FN:352,_ZNSt4pairIPSt18_Rb_tree_node_baseS1_EC2IRPSt13_Rb_tree_nodeIS_IKNSt7__cxx1112basic_stringIcSt11char_traitsIcESaIcEEEiEERS1_Lb1EEEOT_OT0_
FNDA:0,_ZNSt4pairIPSt18_Rb_tree_node_baseS1_EC2IRPSt13_Rb_tree_nodeIS_IKNSt7__cxx1112basic_stringIcSt11char_traitsIcESaIcEEEiEERS1_Lb1EEEOT_OT0_
FN:352,_ZNSt4pairIPSt18_Rb_tree_node_baseS1_EC2IRS1_S4_Lb1EEEOT_OT0_
FNDA:0,_ZNSt4pairIPSt18_Rb_tree_node_baseS1_EC2IRS1_S4_Lb1EEEOT_OT0_
FNF:4
FNH:0
DA:322,0
DA:323,0
DA:336,0
DA:337,0
DA:352,0
DA:353,0
DA:352,0
DA:353,0
LF:8
LH:0
end_of_record
SF:/usr/include/c++/11/tuple
FN:192,_ZNSt10_Head_baseILm0ERKNSt7__cxx1112basic_stringIcSt11char_traitsIcESaIcEEELb0EEC2ES7_
FNDA:0,_ZNSt10_Head_baseILm0ERKNSt7__cxx1112basic_stringIcSt11char_traitsIcESaIcEEELb0EEC2ES7_
FN:233,_ZNSt10_Head_baseILm0ERKNSt7__cxx1112basic_stringIcSt11char_traitsIcESaIcEEELb0EE7_M_headERS8_
FNDA:0,_ZNSt10_Head_baseILm0ERKNSt7__cxx1112basic_stringIcSt11char_traitsIcESaIcEEELb0EE7_M_headERS8_
FN:424,_ZNSt11_Tuple_implILm0EJRKNSt7__cxx1112basic_stringIcSt11char_traitsIcESaIcEEEEE7_M_headERS8_
FNDA:0,_ZNSt11_Tuple_implILm0EJRKNSt7__cxx1112basic_stringIcSt11char_traitsIcESaIcEEEEE7_M_headERS8_
FN:434,_ZNSt11_Tuple_implILm0EJRKNSt7__cxx1112basic_stringIcSt11char_traitsIcESaIcEEEEEC2ES7_
FNDA:0,_ZNSt11_Tuple_implILm0EJRKNSt7__cxx1112basic_stringIcSt11char_traitsIcESaIcEEEEEC2ES7_
FN:454,_ZNSt11_Tuple_implILm0EJRKNSt7__cxx1112basic_stringIcSt11char_traitsIcESaIcEEEEEC2EOS8_
FNDA:0,_ZNSt11_Tuple_implILm0EJRKNSt7__cxx1112basic_stringIcSt11char_traitsIcESaIcEEEEEC2EOS8_
FN:731,_ZNSt5tupleIJRKNSt7__cxx1112basic_stringIcSt11char_traitsIcESaIcEEEEEC2ILb1ELb1EEES7_
FNDA:0,_ZNSt5tupleIJRKNSt7__cxx1112basic_stringIcSt11char_traitsIcESaIcEEEEEC2ILb1ELb1EEES7_
FN:760,_ZNSt5tupleIJRKNSt7__cxx1112basic_stringIcSt11char_traitsIcESaIcEEEEEC2EOS8_
FNDA:0,_ZNSt5tupleIJRKNSt7__cxx1112basic_stringIcSt11char_traitsIcESaIcEEEEEC2EOS8_
FN:1381,_ZSt12__get_helperILm0ERKNSt7__cxx1112basic_stringIcSt11char_traitsIcESaIcEEEJEERT0_RSt11_Tuple_implIXT_EJS8_DpT1_EE
FNDA:0,_ZSt12__get_helperILm0ERKNSt7__cxx1112basic_stringIcSt11char_traitsIcESaIcEEEJEERT0_RSt11_Tuple_implIXT_EJS8_DpT1_EE
FN:1397,_ZSt3getILm0EJRKNSt7__cxx1112basic_stringIcSt11char_traitsIcESaIcEEEEERNSt13tuple_elementIXT_ESt5tupleIJDpT0_EEE4typeERSC_
FNDA:0,_ZSt3getILm0EJRKNSt7__cxx1112basic_stringIcSt11char_traitsIcESaIcEEEEERNSt13tuple_elementIXT_ESt5tupleIJDpT0_EEE4typeERSC_
FN:1808,_ZNSt4pairIKNSt7__cxx1112basic_stringIcSt11char_traitsIcESaIcEEEiEC2IJRS6_EJEEESt21piecewise_construct_tSt5tupleIJDpT_EESB_IJDpT0_EE
FNDA:0,_ZNSt4pairIKNSt7__cxx1112basic_stringIcSt11char_traitsIcESaIcEEEiEC2IJRS6_EJEEESt21piecewise_construct_tSt5tupleIJDpT_EESB_IJDpT0_EE
FN:1820,_ZNSt4pairIKNSt7__cxx1112basic_stringIcSt11char_traitsIcESaIcEEEiEC2IJRS6_EJLm0EEJEJEEERSt5tupleIJDpT_EERSA_IJDpT1_EESt12_Index_tupleIJXspT0_EEESJ_IJXspT2_EEE
FNDA:0,_ZNSt4pairIKNSt7__cxx1112basic_stringIcSt11char_traitsIcESaIcEEEiEC2IJRS6_EJLm0EEJEJEEERSt5tupleIJDpT_EERSA_IJDpT1_EESt12_Index_tupleIJXspT0_EEESJ_IJXspT2_EEE
FNF:11
FNH:0
DA:192,0
DA:193,0
DA:233,0
DA:424,0
DA:434,0
DA:435,0
DA:436,0
DA:454,0
DA:456,0
DA:457,0
DA:731,0
DA:733,0
DA:760,0
DA:1381,0
DA:1382,0
DA:1397,0
DA:1398,0
DA:1808,0
DA:1813,0
DA:1814,0
DA:1820,0
DA:1823,0
DA:1824,0
DA:1825,0
LF:24
LH:0
end_of_record
SF:/usr/include/c++/11/new
FN:174,_ZnwmPv
FNDA:0,_ZnwmPv
FN:180,_ZdlPvS_
FNDA:0,_ZdlPvS_
FNF:2
FNH:0
DA:174,0
DA:175,0
DA:180,0
LF:3
LH:0
end_of_record
SF:/usr/include/c++/11/bits/stl_iterator_base_funcs.h
FN:98,_ZSt10__distanceIPcENSt15iterator_traitsIT_E15difference_typeES2_S2_St26random_access_iterator_tag
FNDA:0,_ZSt10__distanceIPcENSt15iterator_traitsIT_E15difference_typeES2_S2_St26random_access_iterator_tag
FN:98,_ZSt10__distanceIPKcENSt15iterator_traitsIT_E15difference_typeES3_S3_St26random_access_iterator_tag
FNDA:0,_ZSt10__distanceIPKcENSt15iterator_traitsIT_E15difference_typeES3_S3_St26random_access_iterator_tag
FN:138,_ZSt8distanceIPcENSt15iterator_traitsIT_E15difference_typeES2_S2_
FNDA:0,_ZSt8distanceIPcENSt15iterator_traitsIT_E15difference_typeES2_S2_
FN:138,_ZSt8distanceIPKcENSt15iterator_traitsIT_E15difference_typeES3_S3_
FNDA:0,_ZSt8distanceIPKcENSt15iterator_traitsIT_E15difference_typeES3_S3_
FNF:4
FNH:0
DA:98,0
DA:104,0
DA:98,0
DA:104,0
DA:138,0
DA:141,0
DA:142,0
DA:138,0
DA:141,0
DA:142,0
LF:10
LH:0
end_of_record
SF:/usr/include/c++/11/iostream
LF:0
LH:0
end_of_record
SF:/usr/include/c++/11/bits/alloc_traits.h
FN:463,_ZNSt16allocator_traitsISaI4FileEE8allocateERS1_m
FNDA:0,_ZNSt16allocator_traitsISaI4FileEE8allocateERS1_m
FN:463,_ZNSt16allocator_traitsISaIP4FileEE8allocateERS2_m
FNDA:0,_ZNSt16allocator_traitsISaIP4FileEE8allocateERS2_m
FN:463,_ZNSt16allocator_traitsISaISt13_Rb_tree_nodeISt4pairIKNSt7__cxx1112basic_stringIcSt11char_traitsIcESaIcEEEiEEEE8allocateERSB_m
FNDA:0,_ZNSt16allocator_traitsISaISt13_Rb_tree_nodeISt4pairIKNSt7__cxx1112basic_stringIcSt11char_traitsIcESaIcEEEiEEEE8allocateERSB_m
FN:463,_ZNSt16allocator_traitsISaINSt7__cxx1112basic_stringIcSt11char_traitsIcESaIcEEEEE8allocateERS6_m
FNDA:0,_ZNSt16allocator_traitsISaINSt7__cxx1112basic_stringIcSt11char_traitsIcESaIcEEEEE8allocateERS6_m
FN:495,_ZNSt16allocator_traitsISaI4FileEE10deallocateERS1_PS0_m
FNDA:0,_ZNSt16allocator_traitsISaI4FileEE10deallocateERS1_PS0_m
FN:495,_ZNSt16allocator_traitsISaISt13_Rb_tree_nodeISt4pairIKNSt7__cxx1112basic_stringIcSt11char_traitsIcESaIcEEEiEEEE10deallocateERSB_PSA_m
FNDA:0,_ZNSt16allocator_traitsISaISt13_Rb_tree_nodeISt4pairIKNSt7__cxx1112basic_stringIcSt11char_traitsIcESaIcEEEiEEEE10deallocateERSB_PSA_m
FN:495,_ZNSt16allocator_traitsISaIP4FileEE10deallocateERS2_PS1_m
FNDA:0,_ZNSt16allocator_traitsISaIP4FileEE10deallocateERS2_PS1_m
FN:495,_ZNSt16allocator_traitsISaINSt7__cxx1112basic_stringIcSt11char_traitsIcESaIcEEEEE10deallocateERS6_PS5_m
FNDA:0,_ZNSt16allocator_traitsISaINSt7__cxx1112basic_stringIcSt11char_traitsIcESaIcEEEEE10deallocateERS6_PS5_m
FN:511,_ZNSt16allocator_traitsISaINSt7__cxx1112basic_stringIcSt11char_traitsIcESaIcEEEEE9constructIS5_JS5_EEEvRS6_PT_DpOT0_
FNDA:0,_ZNSt16allocator_traitsISaINSt7__cxx1112basic_stringIcSt11char_traitsIcESaIcEEEEE9constructIS5_JS5_EEEvRS6_PT_DpOT0_
FN:511,_ZNSt16allocator_traitsISaISt13_Rb_tree_nodeISt4pairIKNSt7__cxx1112basic_stringIcSt11char_traitsIcESaIcEEEiEEEE9constructIS9_JRKSt21piecewise_construct_tSt5tupleIJRS8_EESH_IJEEEEEvRSB_PT_DpOT0_
FNDA:0,_ZNSt16allocator_traitsISaISt13_Rb_tree_nodeISt4pairIKNSt7__cxx1112basic_stringIcSt11char_traitsIcESaIcEEEiEEEE9constructIS9_JRKSt21piecewise_construct_tSt5tupleIJRS8_EESH_IJEEEEEvRSB_PT_DpOT0_
FN:511,_ZNSt16allocator_traitsISaINSt7__cxx1112basic_stringIcSt11char_traitsIcESaIcEEEEE9constructIS5_JRKS5_EEEvRS6_PT_DpOT0_
FNDA:0,_ZNSt16allocator_traitsISaINSt7__cxx1112basic_stringIcSt11char_traitsIcESaIcEEEEE9constructIS5_JRKS5_EEEvRS6_PT_DpOT0_
FN:531,_ZNSt16allocator_traitsISaISt13_Rb_tree_nodeISt4pairIKNSt7__cxx1112basic_stringIcSt11char_traitsIcESaIcEEEiEEEE7destroyIS9_EEvRSB_PT_
FNDA:0,_ZNSt16allocator_traitsISaISt13_Rb_tree_nodeISt4pairIKNSt7__cxx1112basic_stringIcSt11char_traitsIcESaIcEEEiEEEE7destroyIS9_EEvRSB_PT_
FN:531,_ZNSt16allocator_traitsISaINSt7__cxx1112basic_stringIcSt11char_traitsIcESaIcEEEEE7destroyIS5_EEvRS6_PT_
FNDA:0,_ZNSt16allocator_traitsISaINSt7__cxx1112basic_stringIcSt11char_traitsIcESaIcEEEEE7destroyIS5_EEvRS6_PT_
FN:547,_ZNSt16allocator_traitsISaINSt7__cxx1112basic_stringIcSt11char_traitsIcESaIcEEEEE8max_sizeERKS6_
FNDA:0,_ZNSt16allocator_traitsISaINSt7__cxx1112basic_stringIcSt11char_traitsIcESaIcEEEEE8max_sizeERKS6_
FN:562,_ZNSt16allocator_traitsISaIcEE37select_on_container_copy_constructionERKS0_
FNDA:0,_ZNSt16allocator_traitsISaIcEE37select_on_container_copy_constructionERKS0_
FN:845,_ZSt8_DestroyIP4FileS0_EvT_S2_RSaIT0_E
FNDA:0,_ZSt8_DestroyIP4FileS0_EvT_S2_RSaIT0_E
FN:845,_ZSt8_DestroyIPNSt7__cxx1112basic_stringIcSt11char_traitsIcESaIcEEES5_EvT_S7_RSaIT0_E
FNDA:0,_ZSt8_DestroyIPNSt7__cxx1112basic_stringIcSt11char_traitsIcESaIcEEES5_EvT_S7_RSaIT0_E
FNF:17
FNH:0
DA:463,0
DA:464,0
DA:463,0
DA:464,0
DA:463,0
DA:464,0
DA:463,0
DA:464,0
DA:495,0
DA:496,0
DA:495,0
DA:496,0
DA:495,0
DA:496,0
DA:495,0
DA:496,0
DA:511,0
DA:516,0
DA:520,0
DA:511,0
DA:516,0
DA:520,0
DA:511,0
DA:516,0
DA:520,0
DA:531,0
DA:535,0
DA:539,0
DA:531,0
DA:535,0
DA:539,0
DA:547,0
DA:550,0
DA:562,0
DA:563,0
DA:845,0
DA:848,0
DA:849,0
DA:845,0
DA:848,0
DA:849,0
LF:41
LH:0
end_of_record
SF:/home/quier/programtest/integrationtest/I_J_K/file.h
LF:0
LH:0
end_of_record
SF:/usr/include/c++/11/bits/char_traits.h
FN:106,_ZN9__gnu_cxx11char_traitsIcE2eqERKcS3_
FNDA:0,_ZN9__gnu_cxx11char_traitsIcE2eqERKcS3_
FN:167,_ZN9__gnu_cxx11char_traitsIcE6lengthEPKc
FNDA:0,_ZN9__gnu_cxx11char_traitsIcE6lengthEPKc
FN:393,_ZNSt11char_traitsIcE6lengthEPKc
FNDA:0,_ZNSt11char_traitsIcE6lengthEPKc
FN:429,_ZNSt11char_traitsIcE4copyEPcPKcm
FNDA:0,_ZNSt11char_traitsIcE4copyEPcPKcm
FNF:4
FNH:0
DA:106,0
DA:107,0
DA:167,0
DA:170,0
DA:171,0
BRDA:171,0,0,-
BRDA:171,0,1,-
DA:172,0
DA:173,0
DA:290,0
DA:393,0
DA:396,0
BRDA:396,0,0,-
BRDA:396,0,1,-
DA:397,0
DA:399,0
DA:429,0
DA:431,0
BRDA:431,0,0,-
BRDA:431,0,1,-
DA:432,0
DA:437,0
BRF:6
BRH:0
LF:16
LH:0
end_of_record
SF:/usr/include/c++/11/bits/allocator.h
FN:156,_ZNSaI4FileEC2Ev
FNDA:4,_ZNSaI4FileEC2Ev
FN:169,_ZNSaIP4FileEC2IS_EERKSaIT_E
FNDA:0,_ZNSaIP4FileEC2IS_EERKSaIT_E
FN:174,_ZNSaIP4FileED2Ev
FNDA:0,_ZNSaIP4FileED2Ev
FN:174,_ZNSaI4FileED2Ev
FNDA:0,_ZNSaI4FileED2Ev
FNF:4
FNH:1
DA:156,4
DA:169,0
DA:174,0
DA:174,0
LF:4
LH:1
end_of_record
SF:/usr/include/c++/11/bits/basic_string.tcc
FN:206,_ZNSt7__cxx1112basic_stringIcSt11char_traitsIcESaIcEE12_M_constructIPcEEvT_S7_St20forward_iterator_tag
FNDA:0,_ZNSt7__cxx1112basic_stringIcSt11char_traitsIcESaIcEE12_M_constructIPcEEvT_S7_St20forward_iterator_tag
FN:206,_ZNSt7__cxx1112basic_stringIcSt11char_traitsIcESaIcEE12_M_constructIPKcEEvT_S8_St20forward_iterator_tag
FNDA:0,_ZNSt7__cxx1112basic_stringIcSt11char_traitsIcESaIcEE12_M_constructIPKcEEvT_S8_St20forward_iterator_tag
FNF:2
FNH:0
DA:206,0
DA:211,0
BRDA:211,0,0,-
BRDA:211,0,1,-
BRDA:211,0,2,-
BRDA:211,0,3,-
BRDA:211,0,4,-
BRDA:211,0,5,-
DA:212,0
DA:215,0
BRDA:215,0,0,-
BRDA:215,0,1,-
DA:217,0
BRDA:217,0,0,-
BRDA:217,0,1,-
DA:219,0
BRDA:219,0,0,-
BRDA:219,0,1,-
BRDA:219,0,2,-
BRDA:219,0,3,-
DA:220,0
BRDA:220,0,0,-
BRDA:220,0,1,-
DA:225,0
BRDA:225,0,0,-
BRDA:225,0,1,-
DA:226,0
DA:228,0
BRDA:228,0,0,0
BRDA:228,0,1,0
DA:229,0
DA:232,0
BRDA:232,0,0,-
BRDA:232,0,1,-
DA:233,0
DA:206,0
DA:211,0
BRDA:211,0,0,-
BRDA:211,0,1,-
BRDA:211,0,2,-
BRDA:211,0,3,-
BRDA:211,0,4,-
BRDA:211,0,5,-
DA:212,0
DA:215,0
BRDA:215,0,0,-
BRDA:215,0,1,-
DA:217,0
BRDA:217,0,0,-
BRDA:217,0,1,-
DA:219,0
BRDA:219,0,0,-
BRDA:219,0,1,-
BRDA:219,0,2,-
BRDA:219,0,3,-
DA:220,0
BRDA:220,0,0,-
BRDA:220,0,1,-
DA:225,0
BRDA:225,0,0,-
BRDA:225,0,1,-
DA:226,0
DA:228,0
BRDA:228,0,0,0
BRDA:228,0,1,0
DA:229,0
DA:232,0
BRDA:232,0,0,-
BRDA:232,0,1,-
DA:233,0
BRF:44
BRH:0
LF:26
LH:0
end_of_record
SF:/usr/include/c++/11/bits/stl_algobase.h
FN:230,_ZSt3minImERKT_S2_S2_
FNDA:0,_ZSt3minImERKT_S2_S2_
FN:254,_ZSt3maxImERKT_S2_S2_
FNDA:0,_ZSt3maxImERKT_S2_S2_
FN:313,_ZSt12__niter_baseIPNSt7__cxx1112basic_stringIcSt11char_traitsIcESaIcEEEET_S7_
FNDA:0,_ZSt12__niter_baseIPNSt7__cxx1112basic_stringIcSt11char_traitsIcESaIcEEEET_S7_
FNF:3
FNH:0
DA:230,0
DA:235,0
BRDA:235,0,0,-
BRDA:235,0,1,-
DA:236,0
DA:237,0
DA:254,0
DA:259,0
BRDA:259,0,0,-
BRDA:259,0,1,-
DA:260,0
DA:261,0
DA:313,0
DA:315,0
BRF:4
BRH:0
LF:10
LH:0
end_of_record
SF:/usr/include/c++/11/bits/stl_map.h
FN:374,_ZNSt3mapINSt7__cxx1112basic_stringIcSt11char_traitsIcESaIcEEEiSt4lessIS5_ESaISt4pairIKS5_iEEE3endEv
FNDA:0,_ZNSt3mapINSt7__cxx1112basic_stringIcSt11char_traitsIcESaIcEEEiSt4lessIS5_ESaISt4pairIKS5_iEEE3endEv
FN:492,_ZNSt3mapINSt7__cxx1112basic_stringIcSt11char_traitsIcESaIcEEEiSt4lessIS5_ESaISt4pairIKS5_iEEEixERS9_
FNDA:0,_ZNSt3mapINSt7__cxx1112basic_stringIcSt11char_traitsIcESaIcEEEiSt4lessIS5_ESaISt4pairIKS5_iEEEixERS9_
FN:1142,_ZNKSt3mapINSt7__cxx1112basic_stringIcSt11char_traitsIcESaIcEEEiSt4lessIS5_ESaISt4pairIKS5_iEEE8key_compEv
FNDA:0,_ZNKSt3mapINSt7__cxx1112basic_stringIcSt11char_traitsIcESaIcEEEiSt4lessIS5_ESaISt4pairIKS5_iEEE8key_compEv
FN:1258,_ZNSt3mapINSt7__cxx1112basic_stringIcSt11char_traitsIcESaIcEEEiSt4lessIS5_ESaISt4pairIKS5_iEEE11lower_boundERS9_
FNDA:0,_ZNSt3mapINSt7__cxx1112basic_stringIcSt11char_traitsIcESaIcEEEiSt4lessIS5_ESaISt4pairIKS5_iEEE11lower_boundERS9_
FNF:4
FNH:0
DA:374,0
DA:375,0
DA:492,0
DA:497,0
BRDA:497,0,0,-
BRDA:497,0,1,-
DA:499,0
BRDA:499,0,0,-
BRDA:499,0,1,-
BRDA:499,0,2,-
BRDA:499,0,3,-
BRDA:499,0,4,-
BRDA:499,0,5,-
BRDA:499,0,6,-
BRDA:499,0,7,-
DA:501,0
BRDA:501,0,0,-
BRDA:501,0,1,-
DA:502,0
DA:503,0
DA:507,0
DA:1142,0
DA:1143,0
DA:1258,0
DA:1259,0
BRF:12
BRH:0
LF:13
LH:0
end_of_record
SF:/usr/include/c++/11/ext/aligned_buffer.h
FN:64,_ZN9__gnu_cxx16__aligned_membufISt4pairIKNSt7__cxx1112basic_stringIcSt11char_traitsIcESaIcEEEiEE7_M_addrEv
FNDA:0,_ZN9__gnu_cxx16__aligned_membufISt4pairIKNSt7__cxx1112basic_stringIcSt11char_traitsIcESaIcEEEiEE7_M_addrEv
FN:68,_ZNK9__gnu_cxx16__aligned_membufISt4pairIKNSt7__cxx1112basic_stringIcSt11char_traitsIcESaIcEEEiEE7_M_addrEv
FNDA:0,_ZNK9__gnu_cxx16__aligned_membufISt4pairIKNSt7__cxx1112basic_stringIcSt11char_traitsIcESaIcEEEiEE7_M_addrEv
FN:72,_ZN9__gnu_cxx16__aligned_membufISt4pairIKNSt7__cxx1112basic_stringIcSt11char_traitsIcESaIcEEEiEE6_M_ptrEv
FNDA:0,_ZN9__gnu_cxx16__aligned_membufISt4pairIKNSt7__cxx1112basic_stringIcSt11char_traitsIcESaIcEEEiEE6_M_ptrEv
FN:76,_ZNK9__gnu_cxx16__aligned_membufISt4pairIKNSt7__cxx1112basic_stringIcSt11char_traitsIcESaIcEEEiEE6_M_ptrEv
FNDA:0,_ZNK9__gnu_cxx16__aligned_membufISt4pairIKNSt7__cxx1112basic_stringIcSt11char_traitsIcESaIcEEEiEE6_M_ptrEv
FNF:4
FNH:0
DA:64,0
DA:65,0
DA:68,0
DA:69,0
DA:72,0
DA:73,0
DA:76,0
DA:77,0
LF:8
LH:0
end_of_record
SF:/usr/include/c++/11/bits/stl_construct.h
FN:146,_ZSt8_DestroyI4FileEvPT_
FNDA:0,_ZSt8_DestroyI4FileEvPT_
FN:146,_ZSt8_DestroyINSt7__cxx1112basic_stringIcSt11char_traitsIcESaIcEEEEvPT_
FNDA:0,_ZSt8_DestroyINSt7__cxx1112basic_stringIcSt11char_traitsIcESaIcEEEEvPT_
FN:160,_ZNSt12_Destroy_auxILb0EE9__destroyIP4FileEEvT_S4_
FNDA:0,_ZNSt12_Destroy_auxILb0EE9__destroyIP4FileEEvT_S4_
FN:160,_ZNSt12_Destroy_auxILb0EE9__destroyIPNSt7__cxx1112basic_stringIcSt11char_traitsIcESaIcEEEEEvT_S9_
FNDA:0,_ZNSt12_Destroy_auxILb0EE9__destroyIPNSt7__cxx1112basic_stringIcSt11char_traitsIcESaIcEEEEEvT_S9_
FN:182,_ZSt8_DestroyIP4FileEvT_S2_
FNDA:0,_ZSt8_DestroyIP4FileEvT_S2_
FN:182,_ZSt8_DestroyIPNSt7__cxx1112basic_stringIcSt11char_traitsIcESaIcEEEEvT_S7_
FNDA:0,_ZSt8_DestroyIPNSt7__cxx1112basic_stringIcSt11char_traitsIcESaIcEEEEvT_S7_
FNF:6
FNH:0
DA:146,0
DA:151,0
DA:153,0
DA:146,0
DA:151,0
DA:153,0
DA:160,0
DA:162,0
BRDA:162,0,0,-
BRDA:162,0,1,-
DA:163,0
DA:164,0
DA:160,0
DA:162,0
BRDA:162,0,0,-
BRDA:162,0,1,-
DA:163,0
DA:164,0
DA:182,0
DA:196,0
DA:197,0
DA:182,0
DA:196,0
DA:197,0
BRF:4
BRH:0
LF:20
LH:0
end_of_record
SF:/usr/include/c++/11/bits/stl_stack.h
FN:162,_ZNSt5stackI4FileSt5dequeIS0_SaIS0_EEEC2IS3_vEEv
FNDA:4,_ZNSt5stackI4FileSt5dequeIS0_SaIS0_EEEC2IS3_vEEv
FNF:1
FNH:1
DA:162,4
DA:163,4
LF:2
LH:2
end_of_record
SF:/usr/include/c++/11/bits/stl_iterator.h
FN:1010,_ZN9__gnu_cxx17__normal_iteratorIPNSt7__cxx1112basic_stringIcSt11char_traitsIcESaIcEEESt6vectorIS6_SaIS6_EEEC2ERKS7_
FNDA:0,_ZN9__gnu_cxx17__normal_iteratorIPNSt7__cxx1112basic_stringIcSt11char_traitsIcESaIcEEESt6vectorIS6_SaIS6_EEEC2ERKS7_
FN:1088,_ZNK9__gnu_cxx17__normal_iteratorIPNSt7__cxx1112basic_stringIcSt11char_traitsIcESaIcEEESt6vectorIS6_SaIS6_EEE4baseEv
FNDA:0,_ZNK9__gnu_cxx17__normal_iteratorIPNSt7__cxx1112basic_stringIcSt11char_traitsIcESaIcEEESt6vectorIS6_SaIS6_EEE4baseEv
FN:1234,_ZN9__gnu_cxxmiIPNSt7__cxx1112basic_stringIcSt11char_traitsIcESaIcEEESt6vectorIS6_SaIS6_EEEENS_17__normal_iteratorIT_T0_E15difference_typeERKSE_SH_
FNDA:0,_ZN9__gnu_cxxmiIPNSt7__cxx1112basic_stringIcSt11char_traitsIcESaIcEEESt6vectorIS6_SaIS6_EEEENS_17__normal_iteratorIT_T0_E15difference_typeERKSE_SH_
FNF:3
FNH:0
DA:1010,0
DA:1011,0
DA:1088,0
DA:1089,0
DA:1234,0
DA:1237,0
LF:6
LH:0
end_of_record
SF:/usr/include/c++/11/bits/deque.tcc
FN:859,_ZNSt5dequeI4FileSaIS0_EE19_M_destroy_data_auxESt15_Deque_iteratorIS0_RS0_PS0_ES6_
FNDA:0,_ZNSt5dequeI4FileSaIS0_EE19_M_destroy_data_auxESt15_Deque_iteratorIS0_RS0_PS0_ES6_
FNF:1
FNH:0
DA:859,0
DA:862,0
DA:863,0
BRDA:863,0,0,-
BRDA:863,0,1,-
DA:864,0
DA:865,0
DA:867,0
BRDA:867,0,0,-
BRDA:867,0,1,-
DA:869,0
DA:870,0
DA:871,0
DA:872,0
DA:875,0
DA:876,0
DA:877,0
BRF:4
BRH:0
LF:13
LH:0
end_of_record
SF:/usr/include/c++/11/bits/stl_iterator_base_types.h
FN:238,_ZSt19__iterator_categoryIPcENSt15iterator_traitsIT_E17iterator_categoryERKS2_
FNDA:0,_ZSt19__iterator_categoryIPcENSt15iterator_traitsIT_E17iterator_categoryERKS2_
FN:238,_ZSt19__iterator_categoryIPKcENSt15iterator_traitsIT_E17iterator_categoryERKS3_
FNDA:0,_ZSt19__iterator_categoryIPKcENSt15iterator_traitsIT_E17iterator_categoryERKS3_
FNF:2
FNH:0
DA:238,0
DA:239,0
DA:238,0
DA:239,0
LF:4
LH:0
end_of_record
SF:/usr/include/c++/11/ext/alloc_traits.h
FN:97,_ZN9__gnu_cxx14__alloc_traitsISaIcEcE17_S_select_on_copyERKS1_
FNDA:0,_ZN9__gnu_cxx14__alloc_traitsISaIcEcE17_S_select_on_copyERKS1_
FNF:1
FNH:0
DA:97,0
DA:98,0
LF:2
LH:0
end_of_record
SF:/usr/include/c++/11/bits/vector.tcc
FN:426,_ZNSt6vectorINSt7__cxx1112basic_stringIcSt11char_traitsIcESaIcEEESaIS5_EE17_M_realloc_insertIJRKS5_EEEvN9__gnu_cxx17__normal_iteratorIPS5_S7_EEDpOT_
FNDA:7,_ZNSt6vectorINSt7__cxx1112basic_stringIcSt11char_traitsIcESaIcEEESaIS5_EE17_M_realloc_insertIJRKS5_EEEvN9__gnu_cxx17__normal_iteratorIPS5_S7_EEDpOT_
FNF:1
FNH:1
DA:426,7
DA:436,7
DA:437,7
DA:438,7
DA:439,7
DA:440,7
DA:441,7
DA:449,7
DA:450,7
BRDA:450,0,0,7
BRDA:450,0,1,0
DA:456,7
DA:461,7
DA:462,7
DA:464,7
DA:466,7
DA:467,7
DA:485,0
DA:487,0
BRDA:487,0,0,0
BRDA:487,0,1,0
DA:488,0
DA:489,0
DA:491,0
BRDA:491,0,0,0
BRDA:491,0,1,0
DA:492,0
BRDA:492,0,0,0
BRDA:492,0,1,0
DA:493,0
DA:500,7
DA:501,7
DA:502,7
DA:503,7
DA:504,7
DA:505,7
BRF:8
BRH:1
LF:28
LH:21
end_of_record
SF:/usr/include/c++/11/bits/basic_string.h
FN:251,_ZNSt7__cxx1112basic_stringIcSt11char_traitsIcESaIcEE16_M_construct_auxIPcEEvT_S7_St12__false_type
FNDA:0,_ZNSt7__cxx1112basic_stringIcSt11char_traitsIcESaIcEE16_M_construct_auxIPcEEvT_S7_St12__false_type
FN:271,_ZNSt7__cxx1112basic_stringIcSt11char_traitsIcESaIcEE12_M_constructIPcEEvT_S7_
FNDA:0,_ZNSt7__cxx1112basic_stringIcSt11char_traitsIcESaIcEE12_M_constructIPcEEvT_S7_
FN:533,_ZNSt7__cxx1112basic_stringIcSt11char_traitsIcESaIcEEC2IS3_EEPKcRKS3_
FNDA:0,_ZNSt7__cxx1112basic_stringIcSt11char_traitsIcESaIcEEC2IS3_EEPKcRKS3_
FN:6248,_ZSteqIcSt11char_traitsIcESaIcEEbRKNSt7__cxx1112basic_stringIT_T0_T1_EEPKS5_
FNDA:0,_ZSteqIcSt11char_traitsIcESaIcEEbRKNSt7__cxx1112basic_stringIT_T0_T1_EEPKS5_
FN:6340,_ZStltIcSt11char_traitsIcESaIcEEbRKNSt7__cxx1112basic_stringIT_T0_T1_EESA_
FNDA:0,_ZStltIcSt11char_traitsIcESaIcEEbRKNSt7__cxx1112basic_stringIT_T0_T1_EESA_
FNF:5
FNH:0
DA:251,0
DA:255,0
BRDA:255,0,0,-
BRDA:255,0,1,-
DA:256,0
DA:271,0
DA:274,0
DA:275,0
DA:533,0
DA:534,0
DA:536,0
BRDA:536,0,0,-
BRDA:536,0,1,-
BRDA:536,0,2,-
BRDA:536,0,3,-
DA:539,0
BRDA:539,0,0,-
BRDA:539,0,1,-
DA:540,0
DA:6248,0
DA:6250,0
DA:6340,0
DA:6343,0
BRF:8
BRH:0
LF:15
LH:0
end_of_record
SF:/home/quier/programtest/integrationtest/I_J_K/Method.h
FN:95,_ZN3DSU4findEi
FNDA:46,_ZN3DSU4findEi
FN:123,_ZN3DSU11isConnectedENSt7__cxx1112basic_stringIcSt11char_traitsIcESaIcEEES5_
FNDA:16,_ZN3DSU11isConnectedENSt7__cxx1112basic_stringIcSt11char_traitsIcESaIcEEES5_
FN:129,_ZN3DSU13unionElementsENSt7__cxx1112basic_stringIcSt11char_traitsIcESaIcEEES5_
FNDA:4,_ZN3DSU13unionElementsENSt7__cxx1112basic_stringIcSt11char_traitsIcESaIcEEES5_
FNF:3
FNH:3
DA:95,46
DA:97,46
BRDA:97,0,0,6
BRDA:97,0,1,40
DA:98,6
DA:99,46
DA:123,16
DA:125,16
DA:126,16
DA:127,16
DA:129,4
DA:132,4
DA:133,4
DA:134,4
DA:135,4
DA:137,4
BRDA:137,0,0,0
BRDA:137,0,1,4
DA:138,0
DA:140,4
BRDA:140,0,0,2
BRDA:140,0,1,2
DA:141,2
DA:143,2
BRDA:143,0,0,0
BRDA:143,0,1,2
DA:144,0
DA:147,2
DA:148,2
BRF:8
BRH:6
LF:21
LH:19
end_of_record
SF:/usr/include/c++/11/bits/stl_deque.h
FN:96,_ZSt16__deque_buf_sizem
FNDA:0,_ZSt16__deque_buf_sizem
FN:131,_ZNSt15_Deque_iteratorI4FileRS0_PS0_E14_S_buffer_sizeEv
FNDA:0,_ZNSt15_Deque_iteratorI4FileRS0_PS0_E14_S_buffer_sizeEv
FN:151,_ZNSt15_Deque_iteratorI4FileRS0_PS0_EC2Ev
FNDA:8,_ZNSt15_Deque_iteratorI4FileRS0_PS0_EC2Ev
FN:168,_ZNSt15_Deque_iteratorI4FileRS0_PS0_EC2ERKS3_
FNDA:0,_ZNSt15_Deque_iteratorI4FileRS0_PS0_EC2ERKS3_
FN:260,_ZNSt15_Deque_iteratorI4FileRS0_PS0_E11_M_set_nodeEPS2_
FNDA:0,_ZNSt15_Deque_iteratorI4FileRS0_PS0_E11_M_set_nodeEPS2_
FN:436,_ZNSt11_Deque_baseI4FileSaIS0_EEC2Ev
FNDA:4,_ZNSt11_Deque_baseI4FileSaIS0_EEC2Ev
FN:494,_ZNSt11_Deque_baseI4FileSaIS0_EE16_Deque_impl_dataC2Ev
FNDA:4,_ZNSt11_Deque_baseI4FileSaIS0_EE16_Deque_impl_dataC2Ev
FN:523,_ZNSt11_Deque_baseI4FileSaIS0_EE11_Deque_implC2Ev
FNDA:4,_ZNSt11_Deque_baseI4FileSaIS0_EE11_Deque_implC2Ev
FN:546,_ZNSt11_Deque_baseI4FileSaIS0_EE19_M_get_Tp_allocatorEv
FNDA:0,_ZNSt11_Deque_baseI4FileSaIS0_EE19_M_get_Tp_allocatorEv
FN:550,_ZNKSt11_Deque_baseI4FileSaIS0_EE19_M_get_Tp_allocatorEv
FNDA:0,_ZNKSt11_Deque_baseI4FileSaIS0_EE19_M_get_Tp_allocatorEv
FN:554,_ZNKSt11_Deque_baseI4FileSaIS0_EE20_M_get_map_allocatorEv
FNDA:0,_ZNKSt11_Deque_baseI4FileSaIS0_EE20_M_get_map_allocatorEv
FN:558,_ZNSt11_Deque_baseI4FileSaIS0_EE16_M_allocate_nodeEv
FNDA:0,_ZNSt11_Deque_baseI4FileSaIS0_EE16_M_allocate_nodeEv
FN:565,_ZNSt11_Deque_baseI4FileSaIS0_EE18_M_deallocate_nodeEPS0_
FNDA:0,_ZNSt11_Deque_baseI4FileSaIS0_EE18_M_deallocate_nodeEPS0_
FN:572,_ZNSt11_Deque_baseI4FileSaIS0_EE15_M_allocate_mapEm
FNDA:0,_ZNSt11_Deque_baseI4FileSaIS0_EE15_M_allocate_mapEm
FN:579,_ZNSt11_Deque_baseI4FileSaIS0_EE17_M_deallocate_mapEPPS0_m
FNDA:0,_ZNSt11_Deque_baseI4FileSaIS0_EE17_M_deallocate_mapEPPS0_m
FN:595,_ZNSt11_Deque_baseI4FileSaIS0_EED2Ev
FNDA:0,_ZNSt11_Deque_baseI4FileSaIS0_EED2Ev
FN:616,_ZNSt11_Deque_baseI4FileSaIS0_EE17_M_initialize_mapEm
FNDA:4,_ZNSt11_Deque_baseI4FileSaIS0_EE17_M_initialize_mapEm
FN:655,_ZNSt11_Deque_baseI4FileSaIS0_EE15_M_create_nodesEPPS0_S4_
FNDA:4,_ZNSt11_Deque_baseI4FileSaIS0_EE15_M_create_nodesEPPS0_S4_
FN:673,_ZNSt11_Deque_baseI4FileSaIS0_EE16_M_destroy_nodesEPPS0_S4_
FNDA:0,_ZNSt11_Deque_baseI4FileSaIS0_EE16_M_destroy_nodesEPPS0_S4_
FN:806,_ZNSt5dequeI4FileSaIS0_EE14_S_buffer_sizeEv
FNDA:0,_ZNSt5dequeI4FileSaIS0_EE14_S_buffer_sizeEv
FN:833,_ZNSt5dequeI4FileSaIS0_EEC2Ev
FNDA:4,_ZNSt5dequeI4FileSaIS0_EEC2Ev
FN:1005,_ZNSt5dequeI4FileSaIS0_EED2Ev
FNDA:0,_ZNSt5dequeI4FileSaIS0_EED2Ev
FN:1127,_ZNSt5dequeI4FileSaIS0_EE5beginEv
FNDA:0,_ZNSt5dequeI4FileSaIS0_EE5beginEv
FN:1144,_ZNSt5dequeI4FileSaIS0_EE3endEv
FNDA:0,_ZNSt5dequeI4FileSaIS0_EE3endEv
FN:2044,_ZNSt5dequeI4FileSaIS0_EE15_M_destroy_dataESt15_Deque_iteratorIS0_RS0_PS0_ES6_RKS1_
FNDA:0,_ZNSt5dequeI4FileSaIS0_EE15_M_destroy_dataESt15_Deque_iteratorIS0_RS0_PS0_ES6_RKS1_
FNF:25
FNH:7
DA:96,0
DA:98,0
BRDA:98,0,0,-
BRDA:98,0,1,-
DA:131,0
DA:132,0
DA:151,8
DA:152,8
DA:168,0
DA:169,0
DA:170,0
DA:260,0
DA:262,0
DA:263,0
DA:264,0
DA:265,0
DA:436,4
DA:437,4
DA:438,4
BRDA:438,0,0,4
BRDA:438,0,1,0
DA:494,4
DA:495,4
DA:496,4
DA:523,4
DA:525,4
DA:526,4
DA:546,0
DA:547,0
DA:550,0
DA:551,0
DA:554,0
DA:555,0
DA:558,0
DA:561,0
DA:565,0
DA:568,0
DA:569,0
DA:572,0
DA:574,0
DA:575,0
BRDA:575,0,0,-
BRDA:575,0,1,-
DA:576,0
DA:579,0
DA:581,0
DA:582,0
DA:583,0
DA:595,0
DA:598,0
BRDA:598,0,0,-
BRDA:598,0,1,-
DA:600,0
DA:601,0
DA:602,0
DA:604,0
DA:616,4
DA:619,4
DA:622,8
DA:623,4
DA:624,4
DA:631,4
DA:632,4
DA:633,4
DA:636,4
BRDA:636,0,0,4
BRDA:636,0,1,0
DA:637,0
DA:639,0
DA:640,0
DA:641,0
DA:642,0
DA:645,4
DA:646,4
DA:647,4
DA:648,8
DA:649,4
DA:650,4
DA:651,4
DA:655,4
DA:661,8
BRDA:661,0,0,4
BRDA:661,0,1,4
DA:662,4
BRDA:662,0,0,4
BRDA:662,0,1,0
DA:664,0
DA:666,0
DA:667,0
DA:669,4
DA:673,0
DA:677,0
BRDA:677,0,0,-
BRDA:677,0,1,-
DA:678,0
DA:679,0
DA:806,0
DA:807,0
DA:833,4
DA:1005,0
DA:1006,0
DA:1127,0
DA:1128,0
DA:1144,0
DA:1145,0
DA:2044,0
DA:2048,0
BRDA:2048,0,0,-
BRDA:2048,0,1,-
DA:2049,0
BRF:18
BRH:5
LF:92
LH:32
end_of_record
SF:/usr/include/c++/11/ext/new_allocator.h
FN:79,_ZN9__gnu_cxx13new_allocatorIcEC2Ev
FNDA:0,_ZN9__gnu_cxx13new_allocatorIcEC2Ev
FN:79,_ZN9__gnu_cxx13new_allocatorIP4FileEC2Ev
FNDA:0,_ZN9__gnu_cxx13new_allocatorIP4FileEC2Ev
FN:79,_ZN9__gnu_cxx13new_allocatorI4FileEC2Ev
FNDA:4,_ZN9__gnu_cxx13new_allocatorI4FileEC2Ev
FN:82,_ZN9__gnu_cxx13new_allocatorIcEC2ERKS1_
FNDA:0,_ZN9__gnu_cxx13new_allocatorIcEC2ERKS1_
FN:89,_ZN9__gnu_cxx13new_allocatorIcED2Ev
FNDA:0,_ZN9__gnu_cxx13new_allocatorIcED2Ev
FN:89,_ZN9__gnu_cxx13new_allocatorI4FileED2Ev
FNDA:0,_ZN9__gnu_cxx13new_allocatorI4FileED2Ev
FN:89,_ZN9__gnu_cxx13new_allocatorIP4FileED2Ev
FNDA:0,_ZN9__gnu_cxx13new_allocatorIP4FileED2Ev
FN:103,_ZN9__gnu_cxx13new_allocatorI4FileE8allocateEmPKv
FNDA:0,_ZN9__gnu_cxx13new_allocatorI4FileE8allocateEmPKv
FN:103,_ZN9__gnu_cxx13new_allocatorIP4FileE8allocateEmPKv
FNDA:0,_ZN9__gnu_cxx13new_allocatorIP4FileE8allocateEmPKv
FN:103,_ZN9__gnu_cxx13new_allocatorISt13_Rb_tree_nodeISt4pairIKNSt7__cxx1112basic_stringIcSt11char_traitsIcESaIcEEEiEEE8allocateEmPKv
FNDA:0,_ZN9__gnu_cxx13new_allocatorISt13_Rb_tree_nodeISt4pairIKNSt7__cxx1112basic_stringIcSt11char_traitsIcESaIcEEEiEEE8allocateEmPKv
FN:103,_ZN9__gnu_cxx13new_allocatorINSt7__cxx1112basic_stringIcSt11char_traitsIcESaIcEEEE8allocateEmPKv
FNDA:0,_ZN9__gnu_cxx13new_allocatorINSt7__cxx1112basic_stringIcSt11char_traitsIcESaIcEEEE8allocateEmPKv
FN:132,_ZN9__gnu_cxx13new_allocatorI4FileE10deallocateEPS1_m
FNDA:0,_ZN9__gnu_cxx13new_allocatorI4FileE10deallocateEPS1_m
FN:132,_ZN9__gnu_cxx13new_allocatorINSt7__cxx1112basic_stringIcSt11char_traitsIcESaIcEEEE10deallocateEPS6_m
FNDA:0,_ZN9__gnu_cxx13new_allocatorINSt7__cxx1112basic_stringIcSt11char_traitsIcESaIcEEEE10deallocateEPS6_m
FN:132,_ZN9__gnu_cxx13new_allocatorISt13_Rb_tree_nodeISt4pairIKNSt7__cxx1112basic_stringIcSt11char_traitsIcESaIcEEEiEEE10deallocateEPSB_m
FNDA:0,_ZN9__gnu_cxx13new_allocatorISt13_Rb_tree_nodeISt4pairIKNSt7__cxx1112basic_stringIcSt11char_traitsIcESaIcEEEiEEE10deallocateEPSB_m
FN:132,_ZN9__gnu_cxx13new_allocatorIP4FileE10deallocateEPS2_m
FNDA:0,_ZN9__gnu_cxx13new_allocatorIP4FileE10deallocateEPS2_m
FN:154,_ZNK9__gnu_cxx13new_allocatorINSt7__cxx1112basic_stringIcSt11char_traitsIcESaIcEEEE8max_sizeEv
FNDA:0,_ZNK9__gnu_cxx13new_allocatorINSt7__cxx1112basic_stringIcSt11char_traitsIcESaIcEEEE8max_sizeEv
FN:160,_ZN9__gnu_cxx13new_allocatorISt13_Rb_tree_nodeISt4pairIKNSt7__cxx1112basic_stringIcSt11char_traitsIcESaIcEEEiEEE9constructISA_JRKSt21piecewise_construct_tSt5tupleIJRS9_EESH_IJEEEEEvPT_DpOT0_
FNDA:0,_ZN9__gnu_cxx13new_allocatorISt13_Rb_tree_nodeISt4pairIKNSt7__cxx1112basic_stringIcSt11char_traitsIcESaIcEEEiEEE9constructISA_JRKSt21piecewise_construct_tSt5tupleIJRS9_EESH_IJEEEEEvPT_DpOT0_
FN:160,_ZN9__gnu_cxx13new_allocatorINSt7__cxx1112basic_stringIcSt11char_traitsIcESaIcEEEE9constructIS6_JRKS6_EEEvPT_DpOT0_
FNDA:0,_ZN9__gnu_cxx13new_allocatorINSt7__cxx1112basic_stringIcSt11char_traitsIcESaIcEEEE9constructIS6_JRKS6_EEEvPT_DpOT0_
FN:160,_ZN9__gnu_cxx13new_allocatorINSt7__cxx1112basic_stringIcSt11char_traitsIcESaIcEEEE9constructIS6_JS6_EEEvPT_DpOT0_
FNDA:0,_ZN9__gnu_cxx13new_allocatorINSt7__cxx1112basic_stringIcSt11char_traitsIcESaIcEEEE9constructIS6_JS6_EEEvPT_DpOT0_
FN:166,_ZN9__gnu_cxx13new_allocatorISt13_Rb_tree_nodeISt4pairIKNSt7__cxx1112basic_stringIcSt11char_traitsIcESaIcEEEiEEE7destroyISA_EEvPT_
FNDA:0,_ZN9__gnu_cxx13new_allocatorISt13_Rb_tree_nodeISt4pairIKNSt7__cxx1112basic_stringIcSt11char_traitsIcESaIcEEEiEEE7destroyISA_EEvPT_
FN:166,_ZN9__gnu_cxx13new_allocatorINSt7__cxx1112basic_stringIcSt11char_traitsIcESaIcEEEE7destroyIS6_EEvPT_
FNDA:0,_ZN9__gnu_cxx13new_allocatorINSt7__cxx1112basic_stringIcSt11char_traitsIcESaIcEEEE7destroyIS6_EEvPT_
FN:197,_ZNK9__gnu_cxx13new_allocatorINSt7__cxx1112basic_stringIcSt11char_traitsIcESaIcEEEE11_M_max_sizeEv
FNDA:0,_ZNK9__gnu_cxx13new_allocatorINSt7__cxx1112basic_stringIcSt11char_traitsIcESaIcEEEE11_M_max_sizeEv
FN:197,_ZNK9__gnu_cxx13new_allocatorISt13_Rb_tree_nodeISt4pairIKNSt7__cxx1112basic_stringIcSt11char_traitsIcESaIcEEEiEEE11_M_max_sizeEv
FNDA:0,_ZNK9__gnu_cxx13new_allocatorISt13_Rb_tree_nodeISt4pairIKNSt7__cxx1112basic_stringIcSt11char_traitsIcESaIcEEEiEEE11_M_max_sizeEv
FN:197,_ZNK9__gnu_cxx13new_allocatorIP4FileE11_M_max_sizeEv
FNDA:0,_ZNK9__gnu_cxx13new_allocatorIP4FileE11_M_max_sizeEv
FN:197,_ZNK9__gnu_cxx13new_allocatorI4FileE11_M_max_sizeEv
FNDA:0,_ZNK9__gnu_cxx13new_allocatorI4FileE11_M_max_sizeEv
FNF:25
FNH:1
DA:79,0
DA:79,4
DA:79,0
DA:82,0
DA:89,0
DA:89,0
DA:89,0
DA:103,0
DA:111,0
BRDA:111,0,0,-
BRDA:111,0,1,-
DA:115,0
BRDA:115,0,0,-
BRDA:115,0,1,-
DA:116,0
DA:117,0
DA:127,0
DA:103,0
DA:111,0
BRDA:111,0,0,-
BRDA:111,0,1,-
DA:115,0
BRDA:115,0,0,-
BRDA:115,0,1,-
DA:116,0
DA:117,0
DA:127,0
DA:103,0
DA:111,0
BRDA:111,0,0,-
BRDA:111,0,1,-
DA:115,0
BRDA:115,0,0,-
BRDA:115,0,1,-
DA:116,0
DA:117,0
DA:127,0
DA:103,0
DA:111,0
BRDA:111,0,0,-
BRDA:111,0,1,-
DA:115,0
BRDA:115,0,0,-
BRDA:115,0,1,-
DA:116,0
DA:117,0
DA:127,0
DA:132,0
DA:145,0
DA:132,0
DA:145,0
DA:132,0
DA:145,0
DA:132,0
DA:145,0
DA:154,0
DA:155,0
DA:160,0
DA:162,0
DA:160,0
DA:162,0
BRDA:162,0,0,-
BRDA:162,0,1,-
DA:160,0
DA:162,0
BRDA:162,0,0,-
BRDA:162,0,1,-
DA:166,0
DA:168,0
DA:166,0
DA:168,0
DA:197,0
DA:200,0
DA:197,0
DA:200,0
DA:197,0
DA:200,0
DA:197,0
DA:200,0
BRF:20
BRH:0
LF:59
LH:1
end_of_record
SF:/home/quier/programtest/integrationtest/I_J_K/FileTable.h
FN:12,_ZN9FileTable14Get_file_pairsERNSt7__cxx1112basic_stringIcSt11char_traitsIcESaIcEEES6_
FNDA:0,_ZN9FileTable14Get_file_pairsERNSt7__cxx1112basic_stringIcSt11char_traitsIcESaIcEEES6_
FN:13,_ZN9FileTable14Add_file_pairsERNSt7__cxx1112basic_stringIcSt11char_traitsIcESaIcEEES6_
FNDA:0,_ZN9FileTable14Add_file_pairsERNSt7__cxx1112basic_stringIcSt11char_traitsIcESaIcEEES6_
FN:14,_ZN9FileTable8is_emptyEv
FNDA:0,_ZN9FileTable8is_emptyEv
FN:15,_ZN9FileTable16save_file_resultEv
FNDA:0,_ZN9FileTable16save_file_resultEv
FN:16,_ZN9FileTable9init_dataENSt7__cxx1112basic_stringIcSt11char_traitsIcESaIcEEES5_
FNDA:0,_ZN9FileTable9init_dataENSt7__cxx1112basic_stringIcSt11char_traitsIcESaIcEEES5_
FN:17,_ZN9FileTable10Set_answerERNSt7__cxx1112basic_stringIcSt11char_traitsIcESaIcEEES6_b
FNDA:0,_ZN9FileTable10Set_answerERNSt7__cxx1112basic_stringIcSt11char_traitsIcESaIcEEES6_b
FNF:6
FNH:0
DA:12,0
DA:13,0
DA:14,0
DA:15,0
DA:16,0
DA:17,0
LF:6
LH:0
end_of_record
SF:/usr/include/c++/11/bits/stl_function.h
FN:399,_ZNKSt4lessINSt7__cxx1112basic_stringIcSt11char_traitsIcESaIcEEEEclERKS5_S8_
FNDA:0,_ZNKSt4lessINSt7__cxx1112basic_stringIcSt11char_traitsIcESaIcEEEEclERKS5_S8_
FN:1174,_ZNKSt10_Select1stISt4pairIKNSt7__cxx1112basic_stringIcSt11char_traitsIcESaIcEEEiEEclERKS8_
FNDA:0,_ZNKSt10_Select1stISt4pairIKNSt7__cxx1112basic_stringIcSt11char_traitsIcESaIcEEEiEEclERKS8_
FNF:2
FNH:0
DA:399,0
DA:400,0
DA:1174,0
DA:1175,0
LF:4
LH:0
end_of_record
SF:/home/quier/programtest/integrationtest/I_J_K/JudgeControl.cpp
FN:7,_ZN12JudgeControl11start_judgeEv
FNDA:2,_ZN12JudgeControl11start_judgeEv
FN:21,_ZN12JudgeControl9Init_dataEv
FNDA:2,_ZN12JudgeControl9Init_dataEv
FN:27,_ZN12JudgeControl12Extract_dataEv
FNDA:2,_ZN12JudgeControl12Extract_dataEv
FN:50,_ZN12JudgeControl5judgeEv
FNDA:2,_ZN12JudgeControl5judgeEv
FN:75,_ZN12JudgeControl12save_resultsEv
FNDA:2,_ZN12JudgeControl12save_resultsEv
FNF:5
FNH:5
DA:7,2
DA:9,2
DA:11,2
DA:12,2
DA:13,2
DA:21,2
DA:23,2
BRDA:23,0,0,2
BRDA:23,0,1,0
DA:24,2
BRDA:24,0,0,2
BRDA:24,0,1,0
BRDA:24,0,2,2
BRDA:24,0,3,0
DA:25,2
DA:27,2
DA:31,2
BRDA:31,0,0,0
BRDA:31,0,1,2
DA:33,17
BRDA:33,0,0,15
BRDA:33,0,1,2
DA:36,15
BRDA:36,0,0,13
BRDA:36,0,1,2
BRDA:36,0,2,11
BRDA:36,0,3,2
DA:38,11
BRDA:38,0,0,11
BRDA:38,0,1,0
DA:39,11
DA:40,11
BRDA:40,0,0,11
BRDA:40,0,1,0
BRDA:40,0,2,11
BRDA:40,0,3,0
BRDA:40,0,4,11
BRDA:40,0,5,0
DA:41,11
BRDA:41,0,0,11
BRDA:41,0,1,0
BRDA:41,0,2,9
BRDA:41,0,3,2
DA:42,9
BRDA:42,0,0,9
BRDA:42,0,1,0
DA:43,2
BRDA:43,0,0,2
BRDA:43,0,1,0
BRDA:43,0,2,2
BRDA:43,0,3,0
DA:44,2
BRDA:44,0,0,2
BRDA:44,0,1,0
DA:45,11
DA:47,2
DA:50,2
DA:52,18
BRDA:52,0,0,16
BRDA:52,0,1,2
DA:54,16
DA:55,16
DA:56,16
BRDA:56,0,0,16
BRDA:56,0,1,0
DA:57,16
BRDA:57,0,0,16
BRDA:57,0,1,0
BRDA:57,0,2,16
BRDA:57,0,3,0
BRDA:57,0,4,16
BRDA:57,0,5,0
BRDA:57,0,6,16
BRDA:57,0,7,0
DA:59,16
BRDA:59,0,0,16
BRDA:59,0,1,0
BRDA:59,0,2,16
BRDA:59,0,3,0
BRDA:59,0,4,16
BRDA:59,0,5,0
BRDA:59,0,6,3
BRDA:59,0,7,13
DA:61,3
BRDA:61,0,0,3
BRDA:61,0,1,0
BRDA:61,0,2,3
BRDA:61,0,3,0
BRDA:61,0,4,3
BRDA:61,0,5,0
BRDA:61,0,6,3
BRDA:61,0,7,0
BRDA:61,0,8,3
BRDA:61,0,9,0
DA:62,3
DA:66,13
BRDA:66,0,0,13
BRDA:66,0,1,0
BRDA:66,0,2,13
BRDA:66,0,3,0
BRDA:66,0,4,13
BRDA:66,0,5,0
DA:67,13
BRDA:67,0,0,4
BRDA:67,0,1,9
DA:68,4
BRDA:68,0,0,4
BRDA:68,0,1,0
BRDA:68,0,2,4
BRDA:68,0,3,0
BRDA:68,0,4,4
BRDA:68,0,5,0
DA:70,16
BRDA:70,0,0,16
BRDA:70,0,1,0
DA:72,16
DA:73,2
DA:75,2
DA:77,2
DA:78,2
BRF:80
BRH:47
LF:40
LH:40
end_of_record
TN:
SF:/usr/include/c++/11/ext/new_allocator.h
FN:79,_ZN9__gnu_cxx13new_allocatorINSt7__cxx1112basic_stringIcSt11char_traitsIcESaIcEEEEC2Ev
FNDA:0,_ZN9__gnu_cxx13new_allocatorINSt7__cxx1112basic_stringIcSt11char_traitsIcESaIcEEEEC2Ev
FN:82,_ZN9__gnu_cxx13new_allocatorINSt7__cxx1112basic_stringIcSt11char_traitsIcESaIcEEEEC2ERKS7_
FNDA:0,_ZN9__gnu_cxx13new_allocatorINSt7__cxx1112basic_stringIcSt11char_traitsIcESaIcEEEEC2ERKS7_
FN:82,_ZN9__gnu_cxx13new_allocatorIcEC2ERKS1_
FNDA:0,_ZN9__gnu_cxx13new_allocatorIcEC2ERKS1_
FN:89,_ZN9__gnu_cxx13new_allocatorINSt7__cxx1112basic_stringIcSt11char_traitsIcESaIcEEEED2Ev
FNDA:0,_ZN9__gnu_cxx13new_allocatorINSt7__cxx1112basic_stringIcSt11char_traitsIcESaIcEEEED2Ev
FN:89,_ZN9__gnu_cxx13new_allocatorIcED2Ev
FNDA:0,_ZN9__gnu_cxx13new_allocatorIcED2Ev
FN:103,_ZN9__gnu_cxx13new_allocatorINSt7__cxx1112basic_stringIcSt11char_traitsIcESaIcEEEE8allocateEmPKv
FNDA:91,_ZN9__gnu_cxx13new_allocatorINSt7__cxx1112basic_stringIcSt11char_traitsIcESaIcEEEE8allocateEmPKv
FN:132,_ZN9__gnu_cxx13new_allocatorINSt7__cxx1112basic_stringIcSt11char_traitsIcESaIcEEEE10deallocateEPS6_m
FNDA:0,_ZN9__gnu_cxx13new_allocatorINSt7__cxx1112basic_stringIcSt11char_traitsIcESaIcEEEE10deallocateEPS6_m
FN:154,_ZNK9__gnu_cxx13new_allocatorINSt7__cxx1112basic_stringIcSt11char_traitsIcESaIcEEEE8max_sizeEv
FNDA:113,_ZNK9__gnu_cxx13new_allocatorINSt7__cxx1112basic_stringIcSt11char_traitsIcESaIcEEEE8max_sizeEv
FN:197,_ZNK9__gnu_cxx13new_allocatorINSt7__cxx1112basic_stringIcSt11char_traitsIcESaIcEEEE11_M_max_sizeEv
FNDA:204,_ZNK9__gnu_cxx13new_allocatorINSt7__cxx1112basic_stringIcSt11char_traitsIcESaIcEEEE11_M_max_sizeEv
FNF:9
FNH:3
DA:79,0
DA:82,0
DA:82,0
DA:89,0
DA:89,0
DA:103,91
DA:111,91
BRDA:111,0,0,0
BRDA:111,0,1,91
DA:115,0
BRDA:115,0,0,-
BRDA:115,0,1,-
DA:116,0
DA:117,0
DA:127,91
DA:132,0
DA:145,0
DA:154,113
DA:155,113
DA:197,204
DA:200,204
BRF:4
BRH:1
LF:17
LH:7
end_of_record
SF:/home/quier/programtest/integrationtest/I_J_K/file.cpp
FN:3,_ZN4File10set_resultEb
FNDA:16,_ZN4File10set_resultEb
FN:8,_ZN4File7GetpairB5cxx11Ev
FNDA:64,_ZN4File7GetpairB5cxx11Ev
FNF:2
FNH:2
DA:3,16
DA:5,16
DA:6,16
DA:8,64
DA:10,192
BRDA:10,0,0,64
BRDA:10,0,1,0
BRDA:10,0,2,128
BRDA:10,0,3,64
BRDA:10,0,4,0
BRDA:10,0,5,0
BRF:6
BRH:3
LF:5
LH:5
end_of_record
SF:/usr/include/c++/11/ext/alloc_traits.h
FN:97,_ZN9__gnu_cxx14__alloc_traitsISaIcEcE17_S_select_on_copyERKS1_
FNDA:0,_ZN9__gnu_cxx14__alloc_traitsISaIcEcE17_S_select_on_copyERKS1_
FNF:1
FNH:0
DA:97,0
DA:98,0
LF:2
LH:0
end_of_record
SF:/usr/include/c++/11/bits/basic_string.h
FN:251,_ZNSt7__cxx1112basic_stringIcSt11char_traitsIcESaIcEE16_M_construct_auxIPcEEvT_S7_St12__false_type
FNDA:0,_ZNSt7__cxx1112basic_stringIcSt11char_traitsIcESaIcEE16_M_construct_auxIPcEEvT_S7_St12__false_type
FN:271,_ZNSt7__cxx1112basic_stringIcSt11char_traitsIcESaIcEE12_M_constructIPcEEvT_S7_
FNDA:0,_ZNSt7__cxx1112basic_stringIcSt11char_traitsIcESaIcEE12_M_constructIPcEEvT_S7_
FNF:2
FNH:0
DA:251,0
DA:255,0
BRDA:255,0,0,-
BRDA:255,0,1,-
DA:256,0
DA:271,0
DA:274,0
DA:275,0
BRF:2
BRH:0
LF:6
LH:0
end_of_record
SF:/usr/include/c++/11/bits/stl_iterator_base_types.h
FN:238,_ZSt19__iterator_categoryIPcENSt15iterator_traitsIT_E17iterator_categoryERKS2_
FNDA:0,_ZSt19__iterator_categoryIPcENSt15iterator_traitsIT_E17iterator_categoryERKS2_
FN:238,_ZSt19__iterator_categoryIPKNSt7__cxx1112basic_stringIcSt11char_traitsIcESaIcEEEENSt15iterator_traitsIT_E17iterator_categoryERKS9_
FNDA:64,_ZSt19__iterator_categoryIPKNSt7__cxx1112basic_stringIcSt11char_traitsIcESaIcEEEENSt15iterator_traitsIT_E17iterator_categoryERKS9_
FNF:2
FNH:1
DA:238,0
DA:239,0
DA:238,64
DA:239,64
LF:4
LH:2
end_of_record
SF:/usr/include/c++/11/bits/stl_construct.h
FN:109,_ZSt10_ConstructINSt7__cxx1112basic_stringIcSt11char_traitsIcESaIcEEEJRKS5_EEvPT_DpOT0_
FNDA:138,_ZSt10_ConstructINSt7__cxx1112basic_stringIcSt11char_traitsIcESaIcEEEJRKS5_EEvPT_DpOT0_
FN:146,_ZSt8_DestroyINSt7__cxx1112basic_stringIcSt11char_traitsIcESaIcEEEEvPT_
FNDA:0,_ZSt8_DestroyINSt7__cxx1112basic_stringIcSt11char_traitsIcESaIcEEEEvPT_
FN:160,_ZNSt12_Destroy_auxILb0EE9__destroyIPNSt7__cxx1112basic_stringIcSt11char_traitsIcESaIcEEEEEvT_S9_
FNDA:0,_ZNSt12_Destroy_auxILb0EE9__destroyIPNSt7__cxx1112basic_stringIcSt11char_traitsIcESaIcEEEEEvT_S9_
FN:182,_ZSt8_DestroyIPNSt7__cxx1112basic_stringIcSt11char_traitsIcESaIcEEEEvT_S7_
FNDA:0,_ZSt8_DestroyIPNSt7__cxx1112basic_stringIcSt11char_traitsIcESaIcEEEEvT_S7_
FNF:4
FNH:1
DA:109,138
DA:119,138
BRDA:119,0,0,138
BRDA:119,0,1,0
DA:120,138
DA:146,0
DA:151,0
DA:153,0
DA:160,0
DA:162,0
BRDA:162,0,0,-
BRDA:162,0,1,-
DA:163,0
DA:164,0
DA:182,0
DA:196,0
DA:197,0
BRF:4
BRH:1
LF:13
LH:3
end_of_record
SF:/usr/include/c++/11/bits/basic_string.tcc
FN:206,_ZNSt7__cxx1112basic_stringIcSt11char_traitsIcESaIcEE12_M_constructIPcEEvT_S7_St20forward_iterator_tag
FNDA:0,_ZNSt7__cxx1112basic_stringIcSt11char_traitsIcESaIcEE12_M_constructIPcEEvT_S7_St20forward_iterator_tag
FNF:1
FNH:0
DA:206,0
DA:211,0
BRDA:211,0,0,-
BRDA:211,0,1,-
BRDA:211,0,2,-
BRDA:211,0,3,-
BRDA:211,0,4,-
BRDA:211,0,5,-
DA:212,0
DA:215,0
BRDA:215,0,0,-
BRDA:215,0,1,-
DA:217,0
BRDA:217,0,0,-
BRDA:217,0,1,-
DA:219,0
BRDA:219,0,0,-
BRDA:219,0,1,-
BRDA:219,0,2,-
BRDA:219,0,3,-
DA:220,0
BRDA:220,0,0,-
BRDA:220,0,1,-
DA:225,0
BRDA:225,0,0,-
BRDA:225,0,1,-
DA:226,0
DA:228,0
BRDA:228,0,0,0
BRDA:228,0,1,0
DA:229,0
DA:232,0
BRDA:232,0,0,-
BRDA:232,0,1,-
DA:233,0
BRF:22
BRH:0
LF:13
LH:0
end_of_record
SF:/usr/include/c++/11/bits/stl_algobase.h
FN:230,_ZSt3minImERKT_S2_S2_
FNDA:135,_ZSt3minImERKT_S2_S2_
FNF:1
FNH:1
DA:230,135
DA:235,135
BRDA:235,0,0,2
BRDA:235,0,1,133
DA:236,2
DA:237,133
BRF:2
BRH:2
LF:4
LH:4
end_of_record
SF:/usr/include/c++/11/bits/allocator.h
FN:156,_ZNSaINSt7__cxx1112basic_stringIcSt11char_traitsIcESaIcEEEEC2Ev
FNDA:0,_ZNSaINSt7__cxx1112basic_stringIcSt11char_traitsIcESaIcEEEEC2Ev
FN:159,_ZNSaINSt7__cxx1112basic_stringIcSt11char_traitsIcESaIcEEEEC2ERKS5_
FNDA:0,_ZNSaINSt7__cxx1112basic_stringIcSt11char_traitsIcESaIcEEEEC2ERKS5_
FN:174,_ZNSaINSt7__cxx1112basic_stringIcSt11char_traitsIcESaIcEEEED2Ev
FNDA:0,_ZNSaINSt7__cxx1112basic_stringIcSt11char_traitsIcESaIcEEEED2Ev
FNF:3
FNH:0
DA:156,0
DA:159,0
DA:160,0
DA:174,0
LF:4
LH:0
end_of_record
SF:/usr/include/c++/11/bits/alloc_traits.h
FN:463,_ZNSt16allocator_traitsISaINSt7__cxx1112basic_stringIcSt11char_traitsIcESaIcEEEEE8allocateERS6_m
FNDA:91,_ZNSt16allocator_traitsISaINSt7__cxx1112basic_stringIcSt11char_traitsIcESaIcEEEEE8allocateERS6_m
FN:495,_ZNSt16allocator_traitsISaINSt7__cxx1112basic_stringIcSt11char_traitsIcESaIcEEEEE10deallocateERS6_PS5_m
FNDA:0,_ZNSt16allocator_traitsISaINSt7__cxx1112basic_stringIcSt11char_traitsIcESaIcEEEEE10deallocateERS6_PS5_m
FN:547,_ZNSt16allocator_traitsISaINSt7__cxx1112basic_stringIcSt11char_traitsIcESaIcEEEEE8max_sizeERKS6_
FNDA:113,_ZNSt16allocator_traitsISaINSt7__cxx1112basic_stringIcSt11char_traitsIcESaIcEEEEE8max_sizeERKS6_
FN:562,_ZNSt16allocator_traitsISaIcEE37select_on_container_copy_constructionERKS0_
FNDA:0,_ZNSt16allocator_traitsISaIcEE37select_on_container_copy_constructionERKS0_
FNF:4
FNH:2
DA:463,91
DA:464,91
DA:495,0
DA:496,0
DA:547,113
DA:550,113
DA:562,0
DA:563,0
LF:8
LH:4
end_of_record
SF:/usr/include/c++/11/bits/stl_iterator_base_funcs.h
FN:98,_ZSt10__distanceIPcENSt15iterator_traitsIT_E15difference_typeES2_S2_St26random_access_iterator_tag
FNDA:0,_ZSt10__distanceIPcENSt15iterator_traitsIT_E15difference_typeES2_S2_St26random_access_iterator_tag
FN:98,_ZSt10__distanceIPKNSt7__cxx1112basic_stringIcSt11char_traitsIcESaIcEEEENSt15iterator_traitsIT_E15difference_typeES9_S9_St26random_access_iterator_tag
FNDA:64,_ZSt10__distanceIPKNSt7__cxx1112basic_stringIcSt11char_traitsIcESaIcEEEENSt15iterator_traitsIT_E15difference_typeES9_S9_St26random_access_iterator_tag
FN:138,_ZSt8distanceIPcENSt15iterator_traitsIT_E15difference_typeES2_S2_
FNDA:0,_ZSt8distanceIPcENSt15iterator_traitsIT_E15difference_typeES2_S2_
FN:138,_ZSt8distanceIPKNSt7__cxx1112basic_stringIcSt11char_traitsIcESaIcEEEENSt15iterator_traitsIT_E15difference_typeES9_S9_
FNDA:64,_ZSt8distanceIPKNSt7__cxx1112basic_stringIcSt11char_traitsIcESaIcEEEENSt15iterator_traitsIT_E15difference_typeES9_S9_
FNF:4
FNH:2
DA:98,0
DA:104,0
DA:98,64
DA:104,64
DA:138,0
DA:141,0
DA:142,0
DA:138,64
DA:141,64
DA:142,128
LF:10
LH:5
end_of_record
SF:/usr/include/c++/11/new
FN:174,_ZnwmPv
FNDA:0,_ZnwmPv
FN:180,_ZdlPvS_
FNDA:0,_ZdlPvS_
FNF:2
FNH:0
DA:174,0
DA:175,0
DA:180,0
LF:3
LH:0
end_of_record
SF:/usr/include/c++/11/bits/stl_vector.h
FN:97,_ZNSt12_Vector_baseINSt7__cxx1112basic_stringIcSt11char_traitsIcESaIcEEESaIS5_EE17_Vector_impl_dataC2Ev
FNDA:0,_ZNSt12_Vector_baseINSt7__cxx1112basic_stringIcSt11char_traitsIcESaIcEEESaIS5_EE17_Vector_impl_dataC2Ev
FN:136,_ZNSt12_Vector_baseINSt7__cxx1112basic_stringIcSt11char_traitsIcESaIcEEESaIS5_EE12_Vector_implC2ERKS6_
FNDA:67,_ZNSt12_Vector_baseINSt7__cxx1112basic_stringIcSt11char_traitsIcESaIcEEESaIS5_EE12_Vector_implC2ERKS6_
FN:276,_ZNSt12_Vector_baseINSt7__cxx1112basic_stringIcSt11char_traitsIcESaIcEEESaIS5_EE19_M_get_Tp_allocatorEv
FNDA:0,_ZNSt12_Vector_baseINSt7__cxx1112basic_stringIcSt11char_traitsIcESaIcEEESaIS5_EE19_M_get_Tp_allocatorEv
FN:293,_ZNSt12_Vector_baseINSt7__cxx1112basic_stringIcSt11char_traitsIcESaIcEEESaIS5_EEC2ERKS6_
FNDA:65,_ZNSt12_Vector_baseINSt7__cxx1112basic_stringIcSt11char_traitsIcESaIcEEESaIS5_EEC2ERKS6_
FN:333,_ZNSt12_Vector_baseINSt7__cxx1112basic_stringIcSt11char_traitsIcESaIcEEESaIS5_EED2Ev
FNDA:0,_ZNSt12_Vector_baseINSt7__cxx1112basic_stringIcSt11char_traitsIcESaIcEEESaIS5_EED2Ev
FN:343,_ZNSt12_Vector_baseINSt7__cxx1112basic_stringIcSt11char_traitsIcESaIcEEESaIS5_EE11_M_allocateEm
FNDA:92,_ZNSt12_Vector_baseINSt7__cxx1112basic_stringIcSt11char_traitsIcESaIcEEESaIS5_EE11_M_allocateEm
FN:350,_ZNSt12_Vector_baseINSt7__cxx1112basic_stringIcSt11char_traitsIcESaIcEEESaIS5_EE13_M_deallocateEPS5_m
FNDA:0,_ZNSt12_Vector_baseINSt7__cxx1112basic_stringIcSt11char_traitsIcESaIcEEESaIS5_EE13_M_deallocateEPS5_m
FN:625,_ZNSt6vectorINSt7__cxx1112basic_stringIcSt11char_traitsIcESaIcEEESaIS5_EEC2ESt16initializer_listIS5_ERKS6_
FNDA:64,_ZNSt6vectorINSt7__cxx1112basic_stringIcSt11char_traitsIcESaIcEEESaIS5_EEC2ESt16initializer_listIS5_ERKS6_
FN:1577,_ZNSt6vectorINSt7__cxx1112basic_stringIcSt11char_traitsIcESaIcEEESaIS5_EE19_M_range_initializeIPKS5_EEvT_SB_St20forward_iterator_tag
FNDA:64,_ZNSt6vectorINSt7__cxx1112basic_stringIcSt11char_traitsIcESaIcEEESaIS5_EE19_M_range_initializeIPKS5_EEvT_SB_St20forward_iterator_tag
FN:1767,_ZNSt6vectorINSt7__cxx1112basic_stringIcSt11char_traitsIcESaIcEEESaIS5_EE17_S_check_init_lenEmRKS6_
FNDA:64,_ZNSt6vectorINSt7__cxx1112basic_stringIcSt11char_traitsIcESaIcEEESaIS5_EE17_S_check_init_lenEmRKS6_
FN:1776,_ZNSt6vectorINSt7__cxx1112basic_stringIcSt11char_traitsIcESaIcEEESaIS5_EE11_S_max_sizeERKS6_
FNDA:113,_ZNSt6vectorINSt7__cxx1112basic_stringIcSt11char_traitsIcESaIcEEESaIS5_EE11_S_max_sizeERKS6_
FNF:11
FNH:7
DA:97,0
DA:98,0
DA:99,0
DA:136,67
DA:137,67
DA:138,67
DA:276,0
DA:277,0
DA:293,65
DA:294,65
DA:333,0
DA:335,0
DA:336,0
DA:337,0
DA:343,92
DA:346,92
BRDA:346,0,0,91
BRDA:346,0,1,1
DA:350,0
DA:353,0
BRDA:353,0,0,-
BRDA:353,0,1,-
DA:354,0
DA:355,0
DA:625,64
DA:627,64
DA:629,64
BRDA:629,0,0,64
BRDA:629,0,1,0
DA:630,64
DA:631,64
DA:1577,64
DA:1580,64
DA:1582,64
DA:1583,64
DA:1584,64
DA:1585,64
DA:1587,64
DA:1588,64
DA:1767,64
DA:1769,64
BRDA:1769,0,0,0
BRDA:1769,0,1,64
DA:1770,0
DA:1772,64
DA:1776,113
DA:1781,113
DA:1783,113
DA:1784,113
BRF:8
BRH:4
LF:41
LH:27
end_of_record
SF:/usr/include/c++/11/initializer_list
FN:71,_ZNKSt16initializer_listINSt7__cxx1112basic_stringIcSt11char_traitsIcESaIcEEEE4sizeEv
FNDA:0,_ZNKSt16initializer_listINSt7__cxx1112basic_stringIcSt11char_traitsIcESaIcEEEE4sizeEv
FN:75,_ZNKSt16initializer_listINSt7__cxx1112basic_stringIcSt11char_traitsIcESaIcEEEE5beginEv
FNDA:0,_ZNKSt16initializer_listINSt7__cxx1112basic_stringIcSt11char_traitsIcESaIcEEEE5beginEv
FN:79,_ZNKSt16initializer_listINSt7__cxx1112basic_stringIcSt11char_traitsIcESaIcEEEE3endEv
FNDA:0,_ZNKSt16initializer_listINSt7__cxx1112basic_stringIcSt11char_traitsIcESaIcEEEE3endEv
FNF:3
FNH:0
DA:71,0
DA:75,0
DA:79,0
LF:3
LH:0
end_of_record
SF:/usr/include/c++/11/bits/stl_uninitialized.h
FN:85,_ZNSt20__uninitialized_copyILb0EE13__uninit_copyIPKNSt7__cxx1112basic_stringIcSt11char_traitsIcESaIcEEEPS7_EET0_T_SC_SB_
FNDA:64,_ZNSt20__uninitialized_copyILb0EE13__uninit_copyIPKNSt7__cxx1112basic_stringIcSt11char_traitsIcESaIcEEEPS7_EET0_T_SC_SB_
FN:126,_ZSt18uninitialized_copyIPKNSt7__cxx1112basic_stringIcSt11char_traitsIcESaIcEEEPS5_ET0_T_SA_S9_
FNDA:64,_ZSt18uninitialized_copyIPKNSt7__cxx1112basic_stringIcSt11char_traitsIcESaIcEEEPS5_ET0_T_SA_S9_
FN:331,_ZSt22__uninitialized_copy_aIPKNSt7__cxx1112basic_stringIcSt11char_traitsIcESaIcEEEPS5_S5_ET0_T_SA_S9_RSaIT1_E
FNDA:64,_ZSt22__uninitialized_copy_aIPKNSt7__cxx1112basic_stringIcSt11char_traitsIcESaIcEEEPS5_S5_ET0_T_SA_S9_RSaIT1_E
FNF:3
FNH:3
DA:85,64
DA:88,64
DA:91,192
BRDA:91,0,0,128
BRDA:91,0,1,64
DA:92,128
BRDA:92,0,0,128
BRDA:92,0,1,0
DA:93,64
DA:95,0
DA:97,0
BRDA:97,0,0,0
BRDA:97,0,1,0
DA:98,0
DA:126,64
DA:145,64
DA:151,64
DA:331,64
DA:333,64
BRF:6
BRH:3
LF:13
LH:10
end_of_record
SF:/usr/include/c++/11/bits/move.h
FN:49,_ZSt11__addressofINSt7__cxx1112basic_stringIcSt11char_traitsIcESaIcEEEEPT_RS6_
FNDA:0,_ZSt11__addressofINSt7__cxx1112basic_stringIcSt11char_traitsIcESaIcEEEEPT_RS6_
FN:77,_ZSt7forwardIRKNSt7__cxx1112basic_stringIcSt11char_traitsIcESaIcEEEEOT_RNSt16remove_referenceIS8_E4typeE
FNDA:0,_ZSt7forwardIRKNSt7__cxx1112basic_stringIcSt11char_traitsIcESaIcEEEEOT_RNSt16remove_referenceIS8_E4typeE
FN:104,_ZSt4moveIRSaIcEEONSt16remove_referenceIT_E4typeEOS3_
FNDA:0,_ZSt4moveIRSaIcEEONSt16remove_referenceIT_E4typeEOS3_
FNF:3
FNH:0
DA:49,0
DA:50,0
DA:77,0
DA:78,0
DA:104,0
DA:105,0
LF:6
LH:0
end_of_record
SF:/usr/include/c++/11/ext/type_traits.h
FN:152,_ZN9__gnu_cxx17__is_null_pointerIcEEbPT_
FNDA:0,_ZN9__gnu_cxx17__is_null_pointerIcEEbPT_
FNF:1
FNH:0
DA:152,0
DA:153,0
LF:2
LH:0
end_of_record
TN:
SF:/usr/include/c++/11/ext/alloc_traits.h
FN:97,_ZN9__gnu_cxx14__alloc_traitsISaIcEcE17_S_select_on_copyERKS1_
FNDA:9,_ZN9__gnu_cxx14__alloc_traitsISaIcEcE17_S_select_on_copyERKS1_
FNF:1
FNH:1
DA:97,9
DA:98,9
LF:2
LH:2
end_of_record
SF:/usr/include/c++/11/bits/basic_string.h
FN:251,_ZNSt7__cxx1112basic_stringIcSt11char_traitsIcESaIcEE16_M_construct_auxIPcEEvT_S7_St12__false_type
FNDA:0,_ZNSt7__cxx1112basic_stringIcSt11char_traitsIcESaIcEE16_M_construct_auxIPcEEvT_S7_St12__false_type
FN:271,_ZNSt7__cxx1112basic_stringIcSt11char_traitsIcESaIcEE12_M_constructIPcEEvT_S7_
FNDA:0,_ZNSt7__cxx1112basic_stringIcSt11char_traitsIcESaIcEE12_M_constructIPcEEvT_S7_
FN:533,_ZNSt7__cxx1112basic_stringIcSt11char_traitsIcESaIcEEC2IS3_EEPKcRKS3_
FNDA:0,_ZNSt7__cxx1112basic_stringIcSt11char_traitsIcESaIcEEC2IS3_EEPKcRKS3_
FN:553,_ZNSt7__cxx1112basic_stringIcSt11char_traitsIcESaIcEEC2IS3_EEmcRKS3_
FNDA:9,_ZNSt7__cxx1112basic_stringIcSt11char_traitsIcESaIcEEC2IS3_EEmcRKS3_
FN:6132,_ZStplIcSt11char_traitsIcESaIcEENSt7__cxx1112basic_stringIT_T0_T1_EERKS8_PKS5_
FNDA:0,_ZStplIcSt11char_traitsIcESaIcEENSt7__cxx1112basic_stringIT_T0_T1_EERKS8_PKS5_
FN:6160,_ZStplIcSt11char_traitsIcESaIcEENSt7__cxx1112basic_stringIT_T0_T1_EEOS8_RKS8_
FNDA:62,_ZStplIcSt11char_traitsIcESaIcEENSt7__cxx1112basic_stringIT_T0_T1_EEOS8_RKS8_
FN:6166,_ZStplIcSt11char_traitsIcESaIcEENSt7__cxx1112basic_stringIT_T0_T1_EERKS8_OS8_
FNDA:9,_ZStplIcSt11char_traitsIcESaIcEENSt7__cxx1112basic_stringIT_T0_T1_EERKS8_OS8_
FN:6206,_ZStplIcSt11char_traitsIcESaIcEENSt7__cxx1112basic_stringIT_T0_T1_EEOS8_PKS5_
FNDA:0,_ZStplIcSt11char_traitsIcESaIcEENSt7__cxx1112basic_stringIT_T0_T1_EEOS8_PKS5_
FN:6248,_ZSteqIcSt11char_traitsIcESaIcEEbRKNSt7__cxx1112basic_stringIT_T0_T1_EEPKS5_
FNDA:0,_ZSteqIcSt11char_traitsIcESaIcEEbRKNSt7__cxx1112basic_stringIT_T0_T1_EEPKS5_
FN:6340,_ZStltIcSt11char_traitsIcESaIcEEbRKNSt7__cxx1112basic_stringIT_T0_T1_EESA_
FNDA:0,_ZStltIcSt11char_traitsIcESaIcEEbRKNSt7__cxx1112basic_stringIT_T0_T1_EESA_
FN:6660,_ZNSt7__cxx119to_stringEi
FNDA:9,_ZNSt7__cxx119to_stringEi
FNF:11
FNH:4
DA:251,0
DA:255,0
BRDA:255,0,0,-
BRDA:255,0,1,-
DA:256,0
DA:271,0
DA:274,0
DA:275,0
DA:533,0
DA:534,0
DA:536,0
BRDA:536,0,0,-
BRDA:536,0,1,-
BRDA:536,0,2,-
BRDA:536,0,3,-
DA:539,0
BRDA:539,0,0,-
BRDA:539,0,1,-
DA:540,0
DA:553,9
DA:554,9
DA:555,9
BRDA:555,0,0,9
BRDA:555,0,1,0
DA:6132,0
DA:6135,0
DA:6136,0
BRDA:6136,0,0,-
BRDA:6136,0,1,-
DA:6137,0
DA:6138,0
DA:6160,62
DA:6162,62
DA:6166,9
DA:6168,9
DA:6206,0
DA:6208,0
DA:6248,0
DA:6250,0
DA:6340,0
DA:6343,0
DA:6660,9
DA:6662,9
DA:6663,9
BRDA:6663,0,0,0
BRDA:6663,0,1,9
DA:6664,9
DA:6665,9
BRDA:6665,0,0,9
BRDA:6665,0,1,0
DA:6666,9
BRDA:6666,0,0,9
BRDA:6666,0,1,0
DA:6667,9
DA:6668,0
BRF:18
BRH:4
LF:37
LH:14
end_of_record
SF:/usr/include/c++/11/bits/vector.tcc
FN:426,_ZNSt6vectorI3ValSaIS0_EE17_M_realloc_insertIJRKS0_EEEvN9__gnu_cxx17__normal_iteratorIPS0_S2_EEDpOT_
FNDA:3,_ZNSt6vectorI3ValSaIS0_EE17_M_realloc_insertIJRKS0_EEEvN9__gnu_cxx17__normal_iteratorIPS0_S2_EEDpOT_
FN:509,_ZNSt6vectorIiSaIiEE14_M_fill_insertEN9__gnu_cxx17__normal_iteratorIPiS1_EEmRKi
FNDA:2,_ZNSt6vectorIiSaIiEE14_M_fill_insertEN9__gnu_cxx17__normal_iteratorIPiS1_EEmRKi
FN:509,_ZNSt6vectorINSt7__cxx1112basic_stringIcSt11char_traitsIcESaIcEEESaIS5_EE14_M_fill_insertEN9__gnu_cxx17__normal_iteratorIPS5_S7_EEmRKS5_
FNDA:2,_ZNSt6vectorINSt7__cxx1112basic_stringIcSt11char_traitsIcESaIcEEESaIS5_EE14_M_fill_insertEN9__gnu_cxx17__normal_iteratorIPS5_S7_EEmRKS5_
FNF:3
FNH:3
DA:426,3
DA:436,3
DA:437,3
DA:438,3
DA:439,3
DA:440,3
DA:441,3
DA:449,3
DA:450,3
BRDA:450,0,0,3
BRDA:450,0,1,0
DA:456,3
DA:461,3
DA:462,3
DA:464,3
DA:466,3
DA:467,3
DA:485,0
DA:487,0
BRDA:487,0,0,0
BRDA:487,0,1,0
DA:488,0
DA:489,0
DA:491,0
BRDA:491,0,0,0
BRDA:491,0,1,0
DA:492,0
BRDA:492,0,0,0
BRDA:492,0,1,0
DA:493,0
DA:500,3
DA:501,3
DA:502,3
DA:503,3
DA:504,3
DA:505,3
DA:509,2
DA:512,2
BRDA:512,0,0,2
BRDA:512,0,1,0
DA:514,2
DA:515,2
BRDA:515,0,0,0
BRDA:515,0,1,2
DA:520,0
BRDA:520,0,0,-
BRDA:520,0,1,-
DA:521,0
BRDA:521,0,0,-
BRDA:521,0,1,-
DA:523,0
DA:524,0
DA:525,0
BRDA:525,0,0,-
BRDA:525,0,1,-
DA:528,0
BRDA:528,0,0,-
BRDA:528,0,1,-
DA:531,0
DA:532,0
DA:534,0
BRDA:534,0,0,-
BRDA:534,0,1,-
DA:536,0
BRDA:536,0,0,-
BRDA:536,0,1,-
DA:542,0
DA:543,0
BRDA:543,0,0,-
BRDA:543,0,1,-
DA:546,0
DA:548,0
BRDA:548,0,0,-
BRDA:548,0,1,-
DA:550,0
DA:551,0
DA:553,0
BRDA:553,0,0,-
BRDA:553,0,1,-
DA:555,0
DA:559,2
DA:560,2
DA:561,2
DA:562,2
DA:566,2
BRDA:566,0,0,2
BRDA:566,0,1,0
DA:568,2
DA:569,2
DA:573,2
BRDA:573,0,0,2
BRDA:573,0,1,0
DA:574,2
DA:576,2
DA:580,2
BRDA:580,0,0,2
BRDA:580,0,1,0
DA:581,2
DA:583,0
DA:585,0
BRDA:585,0,0,0
BRDA:585,0,1,0
DA:586,0
DA:587,0
BRDA:587,0,0,0
BRDA:587,0,1,0
DA:588,0
DA:590,0
BRDA:590,0,0,0
BRDA:590,0,1,0
DA:591,0
DA:592,0
BRDA:592,0,0,0
BRDA:592,0,1,0
DA:593,0
DA:595,2
DA:596,2
DA:598,2
DA:599,2
DA:600,2
DA:601,2
DA:602,2
DA:603,2
DA:606,2
DA:509,2
DA:512,2
BRDA:512,0,0,2
BRDA:512,0,1,0
DA:514,2
DA:515,2
BRDA:515,0,0,0
BRDA:515,0,1,2
DA:520,0
BRDA:520,0,0,-
BRDA:520,0,1,-
DA:521,0
BRDA:521,0,0,-
BRDA:521,0,1,-
DA:523,0
DA:524,0
DA:525,0
BRDA:525,0,0,-
BRDA:525,0,1,-
DA:528,0
BRDA:528,0,0,-
BRDA:528,0,1,-
DA:531,0
DA:532,0
DA:534,0
BRDA:534,0,0,-
BRDA:534,0,1,-
DA:536,0
BRDA:536,0,0,-
BRDA:536,0,1,-
DA:542,0
DA:543,0
BRDA:543,0,0,-
BRDA:543,0,1,-
DA:546,0
DA:548,0
BRDA:548,0,0,-
BRDA:548,0,1,-
DA:550,0
DA:551,0
DA:553,0
BRDA:553,0,0,-
BRDA:553,0,1,-
DA:555,0
DA:559,2
DA:560,2
DA:561,2
DA:562,2
DA:566,2
BRDA:566,0,0,2
BRDA:566,0,1,0
DA:568,2
DA:569,2
DA:573,2
BRDA:573,0,0,2
BRDA:573,0,1,0
DA:574,2
DA:576,2
DA:580,2
BRDA:580,0,0,2
BRDA:580,0,1,0
DA:581,2
DA:583,0
DA:585,0
BRDA:585,0,0,0
BRDA:585,0,1,0
DA:586,0
DA:587,0
BRDA:587,0,0,0
BRDA:587,0,1,0
DA:588,0
DA:590,0
BRDA:590,0,0,0
BRDA:590,0,1,0
DA:591,0
DA:592,0
BRDA:592,0,0,0
BRDA:592,0,1,0
DA:593,0
DA:595,2
DA:596,2
DA:598,2
DA:599,2
DA:600,2
DA:601,2
DA:602,2
DA:603,2
DA:606,2
BRF:80
BRH:11
LF:132
LH:71
end_of_record
SF:/usr/include/c++/11/bits/stl_iterator_base_types.h
FN:238,_ZSt19__iterator_categoryIPiENSt15iterator_traitsIT_E17iterator_categoryERKS2_
FNDA:2,_ZSt19__iterator_categoryIPiENSt15iterator_traitsIT_E17iterator_categoryERKS2_
FN:238,_ZSt19__iterator_categoryIPcENSt15iterator_traitsIT_E17iterator_categoryERKS2_
FNDA:0,_ZSt19__iterator_categoryIPcENSt15iterator_traitsIT_E17iterator_categoryERKS2_
FN:238,_ZSt19__iterator_categoryIPKcENSt15iterator_traitsIT_E17iterator_categoryERKS3_
FNDA:0,_ZSt19__iterator_categoryIPKcENSt15iterator_traitsIT_E17iterator_categoryERKS3_
FNF:3
FNH:1
DA:238,2
DA:239,2
DA:238,0
DA:239,0
DA:238,0
DA:239,0
LF:6
LH:2
end_of_record
SF:/usr/include/c++/11/bits/cpp_type_traits.h
FN:560,_ZSt12__miter_baseIPiET_S1_
FNDA:8,_ZSt12__miter_baseIPiET_S1_
FN:560,_ZSt12__miter_baseIPNSt7__cxx1112basic_stringIcSt11char_traitsIcESaIcEEEET_S7_
FNDA:0,_ZSt12__miter_baseIPNSt7__cxx1112basic_stringIcSt11char_traitsIcESaIcEEEET_S7_
FNF:2
FNH:1
DA:560,8
DA:561,8
DA:560,0
DA:561,0
LF:4
LH:2
end_of_record
SF:/usr/include/c++/11/bits/stl_iterator.h
FN:1010,_ZN9__gnu_cxx17__normal_iteratorIPNSt7__cxx1112basic_stringIcSt11char_traitsIcESaIcEEESt6vectorIS6_SaIS6_EEEC2ERKS7_
FNDA:0,_ZN9__gnu_cxx17__normal_iteratorIPNSt7__cxx1112basic_stringIcSt11char_traitsIcESaIcEEESt6vectorIS6_SaIS6_EEEC2ERKS7_
FN:1010,_ZN9__gnu_cxx17__normal_iteratorIPiSt6vectorIiSaIiEEEC2ERKS1_
FNDA:12,_ZN9__gnu_cxx17__normal_iteratorIPiSt6vectorIiSaIiEEEC2ERKS1_
FN:1010,_ZN9__gnu_cxx17__normal_iteratorIP3ValSt6vectorIS1_SaIS1_EEEC2ERKS2_
FNDA:6,_ZN9__gnu_cxx17__normal_iteratorIP3ValSt6vectorIS1_SaIS1_EEEC2ERKS2_
FN:1088,_ZNK9__gnu_cxx17__normal_iteratorIPiSt6vectorIiSaIiEEE4baseEv
FNDA:16,_ZNK9__gnu_cxx17__normal_iteratorIPiSt6vectorIiSaIiEEE4baseEv
FN:1088,_ZNK9__gnu_cxx17__normal_iteratorIP3ValSt6vectorIS1_SaIS1_EEE4baseEv
FNDA:12,_ZNK9__gnu_cxx17__normal_iteratorIP3ValSt6vectorIS1_SaIS1_EEE4baseEv
FN:1088,_ZNK9__gnu_cxx17__normal_iteratorIPNSt7__cxx1112basic_stringIcSt11char_traitsIcESaIcEEESt6vectorIS6_SaIS6_EEE4baseEv
FNDA:0,_ZNK9__gnu_cxx17__normal_iteratorIPNSt7__cxx1112basic_stringIcSt11char_traitsIcESaIcEEESt6vectorIS6_SaIS6_EEE4baseEv
FN:1234,_ZN9__gnu_cxxmiIPNSt7__cxx1112basic_stringIcSt11char_traitsIcESaIcEEESt6vectorIS6_SaIS6_EEEENS_17__normal_iteratorIT_T0_E15difference_typeERKSE_SH_
FNDA:0,_ZN9__gnu_cxxmiIPNSt7__cxx1112basic_stringIcSt11char_traitsIcESaIcEEESt6vectorIS6_SaIS6_EEEENS_17__normal_iteratorIT_T0_E15difference_typeERKSE_SH_
FN:1234,_ZN9__gnu_cxxmiIPiSt6vectorIiSaIiEEEENS_17__normal_iteratorIT_T0_E15difference_typeERKS8_SB_
FNDA:4,_ZN9__gnu_cxxmiIPiSt6vectorIiSaIiEEEENS_17__normal_iteratorIT_T0_E15difference_typeERKS8_SB_
FN:1234,_ZN9__gnu_cxxmiIP3ValSt6vectorIS1_SaIS1_EEEENS_17__normal_iteratorIT_T0_E15difference_typeERKS9_SC_
FNDA:3,_ZN9__gnu_cxxmiIP3ValSt6vectorIS1_SaIS1_EEEENS_17__normal_iteratorIT_T0_E15difference_typeERKS9_SC_
FN:1387,_ZNSt13move_iteratorIPNSt7__cxx1112basic_stringIcSt11char_traitsIcESaIcEEEEC2ES6_
FNDA:8,_ZNSt13move_iteratorIPNSt7__cxx1112basic_stringIcSt11char_traitsIcESaIcEEEEC2ES6_
FN:1387,_ZNSt13move_iteratorIPiEC2ES0_
FNDA:8,_ZNSt13move_iteratorIPiEC2ES0_
FN:1412,_ZNKSt13move_iteratorIPiE4baseEv
FNDA:8,_ZNKSt13move_iteratorIPiE4baseEv
FN:1412,_ZNKSt13move_iteratorIPNSt7__cxx1112basic_stringIcSt11char_traitsIcESaIcEEEE4baseEv
FNDA:8,_ZNKSt13move_iteratorIPNSt7__cxx1112basic_stringIcSt11char_traitsIcESaIcEEEE4baseEv
FN:1425,_ZNKSt13move_iteratorIPNSt7__cxx1112basic_stringIcSt11char_traitsIcESaIcEEEEdeEv
FNDA:0,_ZNKSt13move_iteratorIPNSt7__cxx1112basic_stringIcSt11char_traitsIcESaIcEEEEdeEv
FN:1437,_ZNSt13move_iteratorIPNSt7__cxx1112basic_stringIcSt11char_traitsIcESaIcEEEEppEv
FNDA:0,_ZNSt13move_iteratorIPNSt7__cxx1112basic_stringIcSt11char_traitsIcESaIcEEEEppEv
FN:1601,_ZSteqIPNSt7__cxx1112basic_stringIcSt11char_traitsIcESaIcEEEEbRKSt13move_iteratorIT_ESB_
FNDA:4,_ZSteqIPNSt7__cxx1112basic_stringIcSt11char_traitsIcESaIcEEEEbRKSt13move_iteratorIT_ESB_
FN:1607,_ZStneIPNSt7__cxx1112basic_stringIcSt11char_traitsIcESaIcEEEEbRKSt13move_iteratorIT_ESB_
FNDA:4,_ZStneIPNSt7__cxx1112basic_stringIcSt11char_traitsIcESaIcEEEEbRKSt13move_iteratorIT_ESB_
FN:1652,_ZSt18make_move_iteratorIPiESt13move_iteratorIT_ES2_
FNDA:0,_ZSt18make_move_iteratorIPiESt13move_iteratorIT_ES2_
FN:1652,_ZSt18make_move_iteratorIPNSt7__cxx1112basic_stringIcSt11char_traitsIcESaIcEEEESt13move_iteratorIT_ES8_
FNDA:0,_ZSt18make_move_iteratorIPNSt7__cxx1112basic_stringIcSt11char_traitsIcESaIcEEEESt13move_iteratorIT_ES8_
FN:1669,_ZSt32__make_move_if_noexcept_iteratorINSt7__cxx1112basic_stringIcSt11char_traitsIcESaIcEEESt13move_iteratorIPS5_EET0_PT_
FNDA:8,_ZSt32__make_move_if_noexcept_iteratorINSt7__cxx1112basic_stringIcSt11char_traitsIcESaIcEEESt13move_iteratorIPS5_EET0_PT_
FN:1669,_ZSt32__make_move_if_noexcept_iteratorIiSt13move_iteratorIPiEET0_PT_
FNDA:8,_ZSt32__make_move_if_noexcept_iteratorIiSt13move_iteratorIPiEET0_PT_
FN:2359,_ZSt12__miter_baseIPiEDTcl12__miter_basecldtfp_4baseEEESt13move_iteratorIT_E
FNDA:8,_ZSt12__miter_baseIPiEDTcl12__miter_basecldtfp_4baseEEESt13move_iteratorIT_E
FNF:22
FNH:15
DA:1010,6
DA:1011,6
DA:1010,12
DA:1011,12
DA:1010,0
DA:1011,0
DA:1088,12
DA:1089,12
DA:1088,16
DA:1089,16
DA:1088,0
DA:1089,0
DA:1234,3
DA:1237,3
DA:1234,4
DA:1237,4
DA:1234,0
DA:1237,0
DA:1387,8
DA:1388,8
DA:1387,8
DA:1388,8
DA:1412,8
DA:1413,8
DA:1412,8
DA:1413,8
DA:1425,0
DA:1429,0
DA:1437,0
DA:1439,0
DA:1440,0
DA:1601,4
DA:1603,4
DA:1607,4
DA:1609,4
DA:1652,0
DA:1653,0
DA:1652,0
DA:1653,0
DA:1669,8
DA:1670,8
DA:1669,8
DA:1670,8
DA:2359,8
DA:2361,8
LF:45
LH:30
end_of_record
SF:/usr/include/c++/11/bits/stl_construct.h
FN:109,_ZSt10_ConstructINSt7__cxx1112basic_stringIcSt11char_traitsIcESaIcEEEJS5_EEvPT_DpOT0_
FNDA:0,_ZSt10_ConstructINSt7__cxx1112basic_stringIcSt11char_traitsIcESaIcEEEJS5_EEvPT_DpOT0_
FN:109,_ZSt10_ConstructINSt7__cxx1112basic_stringIcSt11char_traitsIcESaIcEEEJRKS5_EEvPT_DpOT0_
FNDA:0,_ZSt10_ConstructINSt7__cxx1112basic_stringIcSt11char_traitsIcESaIcEEEJRKS5_EEvPT_DpOT0_
FN:146,_ZSt8_DestroyI3ValEvPT_
FNDA:0,_ZSt8_DestroyI3ValEvPT_
FN:146,_ZSt8_DestroyINSt7__cxx1112basic_stringIcSt11char_traitsIcESaIcEEEEvPT_
FNDA:0,_ZSt8_DestroyINSt7__cxx1112basic_stringIcSt11char_traitsIcESaIcEEEEvPT_
FN:160,_ZNSt12_Destroy_auxILb0EE9__destroyIP3ValEEvT_S4_
FNDA:0,_ZNSt12_Destroy_auxILb0EE9__destroyIP3ValEEvT_S4_
FN:160,_ZNSt12_Destroy_auxILb0EE9__destroyIPNSt7__cxx1112basic_stringIcSt11char_traitsIcESaIcEEEEEvT_S9_
FNDA:0,_ZNSt12_Destroy_auxILb0EE9__destroyIPNSt7__cxx1112basic_stringIcSt11char_traitsIcESaIcEEEEEvT_S9_
FN:172,_ZNSt12_Destroy_auxILb1EE9__destroyIPiEEvT_S3_
FNDA:4,_ZNSt12_Destroy_auxILb1EE9__destroyIPiEEvT_S3_
FN:182,_ZSt8_DestroyIP3ValEvT_S2_
FNDA:0,_ZSt8_DestroyIP3ValEvT_S2_
FN:182,_ZSt8_DestroyIPiEvT_S1_
FNDA:4,_ZSt8_DestroyIPiEvT_S1_
FN:182,_ZSt8_DestroyIPNSt7__cxx1112basic_stringIcSt11char_traitsIcESaIcEEEEvT_S7_
FNDA:0,_ZSt8_DestroyIPNSt7__cxx1112basic_stringIcSt11char_traitsIcESaIcEEEEvT_S7_
FNF:10
FNH:2
DA:109,0
DA:119,0
DA:120,0
DA:109,0
DA:119,0
BRDA:119,0,0,-
BRDA:119,0,1,-
DA:120,0
DA:146,0
DA:151,0
DA:153,0
DA:146,0
DA:151,0
DA:153,0
DA:160,0
DA:162,0
BRDA:162,0,0,-
BRDA:162,0,1,-
[...]
FNDA:0,_ZN9__gnu_cxx13new_allocatorINSt7__cxx1112basic_stringIcSt11char_traitsIcESaIcEEEED2Ev
FN:89,_ZN9__gnu_cxx13new_allocatorIP4FileED2Ev
FNDA:4,_ZN9__gnu_cxx13new_allocatorIP4FileED2Ev
FN:103,_ZN9__gnu_cxx13new_allocatorIP4FileE8allocateEmPKv
FNDA:4,_ZN9__gnu_cxx13new_allocatorIP4FileE8allocateEmPKv
FN:103,_ZN9__gnu_cxx13new_allocatorINSt7__cxx1112basic_stringIcSt11char_traitsIcESaIcEEEE8allocateEmPKv
FNDA:0,_ZN9__gnu_cxx13new_allocatorINSt7__cxx1112basic_stringIcSt11char_traitsIcESaIcEEEE8allocateEmPKv
FN:103,_ZN9__gnu_cxx13new_allocatorI4FileE8allocateEmPKv
FNDA:6,_ZN9__gnu_cxx13new_allocatorI4FileE8allocateEmPKv
FN:132,_ZN9__gnu_cxx13new_allocatorI4FileE10deallocateEPS1_m
FNDA:2,_ZN9__gnu_cxx13new_allocatorI4FileE10deallocateEPS1_m
FN:132,_ZN9__gnu_cxx13new_allocatorINSt7__cxx1112basic_stringIcSt11char_traitsIcESaIcEEEE10deallocateEPS6_m
FNDA:0,_ZN9__gnu_cxx13new_allocatorINSt7__cxx1112basic_stringIcSt11char_traitsIcESaIcEEEE10deallocateEPS6_m
FN:132,_ZN9__gnu_cxx13new_allocatorIP4FileE10deallocateEPS2_m
FNDA:0,_ZN9__gnu_cxx13new_allocatorIP4FileE10deallocateEPS2_m
FN:154,_ZNK9__gnu_cxx13new_allocatorI4FileE8max_sizeEv
FNDA:2,_ZNK9__gnu_cxx13new_allocatorI4FileE8max_sizeEv
FN:154,_ZNK9__gnu_cxx13new_allocatorINSt7__cxx1112basic_stringIcSt11char_traitsIcESaIcEEEE8max_sizeEv
FNDA:0,_ZNK9__gnu_cxx13new_allocatorINSt7__cxx1112basic_stringIcSt11char_traitsIcESaIcEEEE8max_sizeEv
FN:160,_ZN9__gnu_cxx13new_allocatorINSt7__cxx1112basic_stringIcSt11char_traitsIcESaIcEEEE9constructIS6_JS6_EEEvPT_DpOT0_
FNDA:43,_ZN9__gnu_cxx13new_allocatorINSt7__cxx1112basic_stringIcSt11char_traitsIcESaIcEEEE9constructIS6_JS6_EEEvPT_DpOT0_
FN:160,_ZN9__gnu_cxx13new_allocatorI4FileE9constructIS1_JRKS1_EEEvPT_DpOT0_
FNDA:32,_ZN9__gnu_cxx13new_allocatorI4FileE9constructIS1_JRKS1_EEEvPT_DpOT0_
FN:166,_ZN9__gnu_cxx13new_allocatorINSt7__cxx1112basic_stringIcSt11char_traitsIcESaIcEEEE7destroyIS6_EEvPT_
FNDA:22,_ZN9__gnu_cxx13new_allocatorINSt7__cxx1112basic_stringIcSt11char_traitsIcESaIcEEEE7destroyIS6_EEvPT_
FN:166,_ZN9__gnu_cxx13new_allocatorI4FileE7destroyIS1_EEvPT_
FNDA:32,_ZN9__gnu_cxx13new_allocatorI4FileE7destroyIS1_EEvPT_
FN:197,_ZNK9__gnu_cxx13new_allocatorI4FileE11_M_max_sizeEv
FNDA:8,_ZNK9__gnu_cxx13new_allocatorI4FileE11_M_max_sizeEv
FN:197,_ZNK9__gnu_cxx13new_allocatorINSt7__cxx1112basic_stringIcSt11char_traitsIcESaIcEEEE11_M_max_sizeEv
FNDA:0,_ZNK9__gnu_cxx13new_allocatorINSt7__cxx1112basic_stringIcSt11char_traitsIcESaIcEEEE11_M_max_sizeEv
FN:197,_ZNK9__gnu_cxx13new_allocatorIP4FileE11_M_max_sizeEv
FNDA:4,_ZNK9__gnu_cxx13new_allocatorIP4FileE11_M_max_sizeEv
FNF:22
FNH:12
DA:79,4
DA:79,0
DA:79,0
DA:82,0
DA:89,4
DA:89,0
DA:89,0
DA:103,4
DA:111,4
BRDA:111,0,0,0
BRDA:111,0,1,4
DA:115,0
BRDA:115,0,0,-
BRDA:115,0,1,-
DA:116,0
DA:117,0
DA:127,4
DA:103,0
DA:111,0
BRDA:111,0,0,-
BRDA:111,0,1,-
DA:115,0
BRDA:115,0,0,-
BRDA:115,0,1,-
DA:116,0
DA:117,0
DA:127,0
DA:103,6
DA:111,6
BRDA:111,0,0,0
BRDA:111,0,1,6
DA:115,0
BRDA:115,0,0,-
BRDA:115,0,1,-
DA:116,0
DA:117,0
DA:127,6
DA:132,0
DA:145,0
DA:132,2
DA:145,2
DA:132,0
DA:145,0
DA:154,0
DA:155,0
DA:154,2
DA:155,2
DA:160,43
DA:162,43
DA:160,32
DA:162,32
BRDA:162,0,0,32
BRDA:162,0,1,0
DA:166,22
DA:168,22
DA:166,32
DA:168,32
DA:197,4
DA:200,4
DA:197,0
DA:200,0
DA:197,8
DA:200,8
BRF:14
BRH:3
LF:49
LH:24
end_of_record
SF:/usr/include/c++/11/bits/move.h
FN:49,_ZSt11__addressofINSt7__cxx1112basic_stringIcSt11char_traitsIcESaIcEEEEPT_RS6_
FNDA:0,_ZSt11__addressofINSt7__cxx1112basic_stringIcSt11char_traitsIcESaIcEEEEPT_RS6_
FN:77,_ZSt7forwardIRK4FileEOT_RNSt16remove_referenceIS3_E4typeE
FNDA:66,_ZSt7forwardIRK4FileEOT_RNSt16remove_referenceIS3_E4typeE
FN:77,_ZSt7forwardINSt7__cxx1112basic_stringIcSt11char_traitsIcESaIcEEEEOT_RNSt16remove_referenceIS6_E4typeE
FNDA:116,_ZSt7forwardINSt7__cxx1112basic_stringIcSt11char_traitsIcESaIcEEEEOT_RNSt16remove_referenceIS6_E4typeE
FN:104,_ZSt4moveIRNSt7__cxx1112basic_stringIcSt11char_traitsIcESaIcEEEEONSt16remove_referenceIT_E4typeEOS8_
FNDA:213,_ZSt4moveIRNSt7__cxx1112basic_stringIcSt11char_traitsIcESaIcEEEEONSt16remove_referenceIT_E4typeEOS8_
FN:104,_ZSt4moveIRSaIcEEONSt16remove_referenceIT_E4typeEOS3_
FNDA:0,_ZSt4moveIRSaIcEEONSt16remove_referenceIT_E4typeEOS3_
FNF:5
FNH:3
DA:49,0
DA:50,0
DA:77,66
DA:78,66
DA:77,116
DA:78,116
DA:104,213
DA:105,213
DA:104,0
DA:105,0
LF:10
LH:6
end_of_record
SF:/usr/include/c++/11/bits/stl_uninitialized.h
FN:986,_ZSt19__relocate_object_aINSt7__cxx1112basic_stringIcSt11char_traitsIcESaIcEEES5_SaIS5_EEvPT_PT0_RT1_
FNDA:22,_ZSt19__relocate_object_aINSt7__cxx1112basic_stringIcSt11char_traitsIcESaIcEEES5_SaIS5_EEvPT_PT0_RT1_
FN:1018,_ZSt14__relocate_a_1IPNSt7__cxx1112basic_stringIcSt11char_traitsIcESaIcEEES6_SaIS5_EET0_T_S9_S8_RT1_
FNDA:45,_ZSt14__relocate_a_1IPNSt7__cxx1112basic_stringIcSt11char_traitsIcESaIcEEES6_SaIS5_EET0_T_S9_S8_RT1_
FN:1040,_ZSt12__relocate_aIPNSt7__cxx1112basic_stringIcSt11char_traitsIcESaIcEEES6_SaIS5_EET0_T_S9_S8_RT1_
FNDA:45,_ZSt12__relocate_aIPNSt7__cxx1112basic_stringIcSt11char_traitsIcESaIcEEES6_SaIS5_EET0_T_S9_S8_RT1_
FNF:3
FNH:3
DA:986,22
DA:994,22
DA:995,22
DA:996,22
DA:1018,45
DA:1030,45
DA:1031,67
BRDA:1031,0,0,22
BRDA:1031,0,1,45
DA:1032,22
DA:1034,45
DA:1040,45
DA:1046,45
DA:1048,45
BRF:2
BRH:2
LF:12
LH:12
end_of_record
SF:/usr/include/c++/11/ext/type_traits.h
FN:152,_ZN9__gnu_cxx17__is_null_pointerIcEEbPT_
FNDA:0,_ZN9__gnu_cxx17__is_null_pointerIcEEbPT_
FN:152,_ZN9__gnu_cxx17__is_null_pointerIKcEEbPT_
FNDA:0,_ZN9__gnu_cxx17__is_null_pointerIKcEEbPT_
FNF:2
FNH:0
DA:152,0
DA:153,0
DA:152,0
DA:153,0
LF:4
LH:0
end_of_record
SF:/usr/include/c++/11/bits/stl_vector.h
FN:97,_ZNSt12_Vector_baseINSt7__cxx1112basic_stringIcSt11char_traitsIcESaIcEEESaIS5_EE17_Vector_impl_dataC2Ev
FNDA:0,_ZNSt12_Vector_baseINSt7__cxx1112basic_stringIcSt11char_traitsIcESaIcEEESaIS5_EE17_Vector_impl_dataC2Ev
FN:131,_ZNSt12_Vector_baseINSt7__cxx1112basic_stringIcSt11char_traitsIcESaIcEEESaIS5_EE12_Vector_implC2Ev
FNDA:0,_ZNSt12_Vector_baseINSt7__cxx1112basic_stringIcSt11char_traitsIcESaIcEEESaIS5_EE12_Vector_implC2Ev
FN:276,_ZNSt12_Vector_baseINSt7__cxx1112basic_stringIcSt11char_traitsIcESaIcEEESaIS5_EE19_M_get_Tp_allocatorEv
FNDA:0,_ZNSt12_Vector_baseINSt7__cxx1112basic_stringIcSt11char_traitsIcESaIcEEESaIS5_EE19_M_get_Tp_allocatorEv
FN:280,_ZNKSt12_Vector_baseINSt7__cxx1112basic_stringIcSt11char_traitsIcESaIcEEESaIS5_EE19_M_get_Tp_allocatorEv
FNDA:52,_ZNKSt12_Vector_baseINSt7__cxx1112basic_stringIcSt11char_traitsIcESaIcEEESaIS5_EE19_M_get_Tp_allocatorEv
FN:288,_ZNSt12_Vector_baseINSt7__cxx1112basic_stringIcSt11char_traitsIcESaIcEEESaIS5_EEC2Ev
FNDA:0,_ZNSt12_Vector_baseINSt7__cxx1112basic_stringIcSt11char_traitsIcESaIcEEESaIS5_EEC2Ev
FN:333,_ZNSt12_Vector_baseINSt7__cxx1112basic_stringIcSt11char_traitsIcESaIcEEESaIS5_EED2Ev
FNDA:0,_ZNSt12_Vector_baseINSt7__cxx1112basic_stringIcSt11char_traitsIcESaIcEEESaIS5_EED2Ev
FN:343,_ZNSt12_Vector_baseINSt7__cxx1112basic_stringIcSt11char_traitsIcESaIcEEESaIS5_EE11_M_allocateEm
FNDA:0,_ZNSt12_Vector_baseINSt7__cxx1112basic_stringIcSt11char_traitsIcESaIcEEESaIS5_EE11_M_allocateEm
FN:350,_ZNSt12_Vector_baseINSt7__cxx1112basic_stringIcSt11char_traitsIcESaIcEEESaIS5_EE13_M_deallocateEPS5_m
FNDA:0,_ZNSt12_Vector_baseINSt7__cxx1112basic_stringIcSt11char_traitsIcESaIcEEESaIS5_EE13_M_deallocateEPS5_m
FN:453,_ZNSt6vectorINSt7__cxx1112basic_stringIcSt11char_traitsIcESaIcEEESaIS5_EE14_S_do_relocateEPS5_S8_S8_RS6_St17integral_constantIbLb1EE
FNDA:45,_ZNSt6vectorINSt7__cxx1112basic_stringIcSt11char_traitsIcESaIcEEESaIS5_EE14_S_do_relocateEPS5_S8_S8_RS6_St17integral_constantIbLb1EE
FN:465,_ZNSt6vectorINSt7__cxx1112basic_stringIcSt11char_traitsIcESaIcEEESaIS5_EE11_S_relocateEPS5_S8_S8_RS6_
FNDA:45,_ZNSt6vectorINSt7__cxx1112basic_stringIcSt11char_traitsIcESaIcEEESaIS5_EE11_S_relocateEPS5_S8_S8_RS6_
FN:487,_ZNSt6vectorINSt7__cxx1112basic_stringIcSt11char_traitsIcESaIcEEESaIS5_EEC2Ev
FNDA:0,_ZNSt6vectorINSt7__cxx1112basic_stringIcSt11char_traitsIcESaIcEEESaIS5_EEC2Ev
FN:678,_ZNSt6vectorINSt7__cxx1112basic_stringIcSt11char_traitsIcESaIcEEESaIS5_EED2Ev
FNDA:0,_ZNSt6vectorINSt7__cxx1112basic_stringIcSt11char_traitsIcESaIcEEESaIS5_EED2Ev
FN:811,_ZNSt6vectorINSt7__cxx1112basic_stringIcSt11char_traitsIcESaIcEEESaIS5_EE5beginEv
FNDA:36,_ZNSt6vectorINSt7__cxx1112basic_stringIcSt11char_traitsIcESaIcEEESaIS5_EE5beginEv
FN:829,_ZNSt6vectorINSt7__cxx1112basic_stringIcSt11char_traitsIcESaIcEEESaIS5_EE3endEv
FNDA:45,_ZNSt6vectorINSt7__cxx1112basic_stringIcSt11char_traitsIcESaIcEEESaIS5_EE3endEv
FN:918,_ZNKSt6vectorINSt7__cxx1112basic_stringIcSt11char_traitsIcESaIcEEESaIS5_EE4sizeEv
FNDA:0,_ZNKSt6vectorINSt7__cxx1112basic_stringIcSt11char_traitsIcESaIcEEESaIS5_EE4sizeEv
FN:923,_ZNKSt6vectorINSt7__cxx1112basic_stringIcSt11char_traitsIcESaIcEEESaIS5_EE8max_sizeEv
FNDA:49,_ZNKSt6vectorINSt7__cxx1112basic_stringIcSt11char_traitsIcESaIcEEESaIS5_EE8max_sizeEv
FN:1043,_ZNSt6vectorINSt7__cxx1112basic_stringIcSt11char_traitsIcESaIcEEESaIS5_EEixEm
FNDA:0,_ZNSt6vectorINSt7__cxx1112basic_stringIcSt11char_traitsIcESaIcEEESaIS5_EEixEm
FN:1143,_ZNSt6vectorINSt7__cxx1112basic_stringIcSt11char_traitsIcESaIcEEESaIS5_EE4backEv
FNDA:16,_ZNSt6vectorINSt7__cxx1112basic_stringIcSt11char_traitsIcESaIcEEESaIS5_EE4backEv
FN:1203,_ZNSt6vectorINSt7__cxx1112basic_stringIcSt11char_traitsIcESaIcEEESaIS5_EE9push_backEOS5_
FNDA:16,_ZNSt6vectorINSt7__cxx1112basic_stringIcSt11char_traitsIcESaIcEEESaIS5_EE9push_backEOS5_
FN:1756,_ZNKSt6vectorINSt7__cxx1112basic_stringIcSt11char_traitsIcESaIcEEESaIS5_EE12_M_check_lenEmPKc
FNDA:23,_ZNKSt6vectorINSt7__cxx1112basic_stringIcSt11char_traitsIcESaIcEEESaIS5_EE12_M_check_lenEmPKc
FN:1776,_ZNSt6vectorINSt7__cxx1112basic_stringIcSt11char_traitsIcESaIcEEESaIS5_EE11_S_max_sizeERKS6_
FNDA:0,_ZNSt6vectorINSt7__cxx1112basic_stringIcSt11char_traitsIcESaIcEEESaIS5_EE11_S_max_sizeERKS6_
FNF:21
FNH:9
DA:97,0
DA:98,0
DA:99,0
DA:131,0
DA:133,0
DA:134,0
DA:276,0
DA:277,0
DA:280,52
DA:281,52
DA:288,0
DA:333,0
DA:335,0
DA:336,0
DA:337,0
DA:343,0
DA:346,0
BRDA:346,0,0,-
BRDA:346,0,1,-
DA:350,0
DA:353,0
BRDA:353,0,0,-
BRDA:353,0,1,-
DA:354,0
DA:355,0
DA:453,45
DA:456,45
DA:465,45
DA:469,45
DA:487,0
DA:678,0
DA:680,0
DA:681,0
DA:683,0
DA:811,36
DA:812,36
DA:829,45
DA:830,45
DA:918,0
DA:919,0
DA:923,49
DA:924,49
DA:1043,0
DA:1046,0
DA:1143,16
DA:1146,16
DA:1203,16
DA:1204,16
DA:1756,23
DA:1758,23
BRDA:1758,0,0,0
BRDA:1758,0,1,23
DA:1759,0
DA:1761,23
DA:1762,23
BRDA:1762,0,0,23
BRDA:1762,0,1,0
BRDA:1762,0,2,0
BRDA:1762,0,3,23
DA:1776,0
DA:1781,0
DA:1783,0
DA:1784,0
BRF:10
BRH:3
LF:53
LH:20
end_of_record
SF:/usr/include/c++/11/bits/ios_base.h
FN:129,_ZStorSt13_Ios_OpenmodeS_
FNDA:0,_ZStorSt13_Ios_OpenmodeS_
FNF:1
FNH:0
DA:129,0
DA:130,0
LF:2
LH:0
end_of_record
SF:/usr/include/c++/11/bits/stl_iterator_base_funcs.h
FN:98,_ZSt10__distanceIPcENSt15iterator_traitsIT_E15difference_typeES2_S2_St26random_access_iterator_tag
FNDA:0,_ZSt10__distanceIPcENSt15iterator_traitsIT_E15difference_typeES2_S2_St26random_access_iterator_tag
FN:98,_ZSt10__distanceIPKcENSt15iterator_traitsIT_E15difference_typeES3_S3_St26random_access_iterator_tag
FNDA:0,_ZSt10__distanceIPKcENSt15iterator_traitsIT_E15difference_typeES3_S3_St26random_access_iterator_tag
FN:138,_ZSt8distanceIPcENSt15iterator_traitsIT_E15difference_typeES2_S2_
FNDA:0,_ZSt8distanceIPcENSt15iterator_traitsIT_E15difference_typeES2_S2_
FN:138,_ZSt8distanceIPKcENSt15iterator_traitsIT_E15difference_typeES3_S3_
FNDA:0,_ZSt8distanceIPKcENSt15iterator_traitsIT_E15difference_typeES3_S3_
FNF:4
FNH:0
DA:98,0
DA:104,0
DA:98,0
DA:104,0
DA:138,0
DA:141,0
DA:142,0
DA:138,0
DA:141,0
DA:142,0
LF:10
LH:0
end_of_record
SF:/usr/include/c++/11/iostream
LF:0
LH:0
end_of_record
SF:/home/quier/programtest/integrationtest/I_J_K/file.h
FN:12,_ZN4FileC2ENSt7__cxx1112basic_stringIcSt11char_traitsIcESaIcEEES5_
FNDA:32,_ZN4FileC2ENSt7__cxx1112basic_stringIcSt11char_traitsIcESaIcEEES5_
FN:18,_ZN4File10Get_resultEv
FNDA:16,_ZN4File10Get_resultEv
FNF:2
FNH:2
DA:12,32
DA:13,32
DA:14,32
BRDA:14,0,0,32
BRDA:14,0,1,0
DA:15,32
BRDA:15,0,0,32
BRDA:15,0,1,0
DA:16,32
DA:18,16
BRF:4
BRH:2
LF:6
LH:6
end_of_record
SF:/usr/include/c++/11/bits/alloc_traits.h
FN:463,_ZNSt16allocator_traitsISaIP4FileEE8allocateERS2_m
FNDA:4,_ZNSt16allocator_traitsISaIP4FileEE8allocateERS2_m
FN:463,_ZNSt16allocator_traitsISaINSt7__cxx1112basic_stringIcSt11char_traitsIcESaIcEEEEE8allocateERS6_m
FNDA:0,_ZNSt16allocator_traitsISaINSt7__cxx1112basic_stringIcSt11char_traitsIcESaIcEEEEE8allocateERS6_m
FN:463,_ZNSt16allocator_traitsISaI4FileEE8allocateERS1_m
FNDA:6,_ZNSt16allocator_traitsISaI4FileEE8allocateERS1_m
FN:495,_ZNSt16allocator_traitsISaIP4FileEE10deallocateERS2_PS1_m
FNDA:0,_ZNSt16allocator_traitsISaIP4FileEE10deallocateERS2_PS1_m
FN:495,_ZNSt16allocator_traitsISaI4FileEE10deallocateERS1_PS0_m
FNDA:2,_ZNSt16allocator_traitsISaI4FileEE10deallocateERS1_PS0_m
FN:495,_ZNSt16allocator_traitsISaINSt7__cxx1112basic_stringIcSt11char_traitsIcESaIcEEEEE10deallocateERS6_PS5_m
FNDA:0,_ZNSt16allocator_traitsISaINSt7__cxx1112basic_stringIcSt11char_traitsIcESaIcEEEEE10deallocateERS6_PS5_m
FN:511,_ZNSt16allocator_traitsISaINSt7__cxx1112basic_stringIcSt11char_traitsIcESaIcEEEEE9constructIS5_JS5_EEEvRS6_PT_DpOT0_
FNDA:43,_ZNSt16allocator_traitsISaINSt7__cxx1112basic_stringIcSt11char_traitsIcESaIcEEEEE9constructIS5_JS5_EEEvRS6_PT_DpOT0_
FN:511,_ZNSt16allocator_traitsISaI4FileEE9constructIS0_JRKS0_EEEvRS1_PT_DpOT0_
FNDA:32,_ZNSt16allocator_traitsISaI4FileEE9constructIS0_JRKS0_EEEvRS1_PT_DpOT0_
FN:531,_ZNSt16allocator_traitsISaINSt7__cxx1112basic_stringIcSt11char_traitsIcESaIcEEEEE7destroyIS5_EEvRS6_PT_
FNDA:22,_ZNSt16allocator_traitsISaINSt7__cxx1112basic_stringIcSt11char_traitsIcESaIcEEEEE7destroyIS5_EEvRS6_PT_
FN:531,_ZNSt16allocator_traitsISaI4FileEE7destroyIS0_EEvRS1_PT_
FNDA:32,_ZNSt16allocator_traitsISaI4FileEE7destroyIS0_EEvRS1_PT_
FN:547,_ZNSt16allocator_traitsISaINSt7__cxx1112basic_stringIcSt11char_traitsIcESaIcEEEEE8max_sizeERKS6_
FNDA:0,_ZNSt16allocator_traitsISaINSt7__cxx1112basic_stringIcSt11char_traitsIcESaIcEEEEE8max_sizeERKS6_
FN:547,_ZNSt16allocator_traitsISaI4FileEE8max_sizeERKS1_
FNDA:2,_ZNSt16allocator_traitsISaI4FileEE8max_sizeERKS1_
FN:562,_ZNSt16allocator_traitsISaIcEE37select_on_container_copy_constructionERKS0_
FNDA:0,_ZNSt16allocator_traitsISaIcEE37select_on_container_copy_constructionERKS0_
FN:845,_ZSt8_DestroyIPNSt7__cxx1112basic_stringIcSt11char_traitsIcESaIcEEES5_EvT_S7_RSaIT0_E
FNDA:0,_ZSt8_DestroyIPNSt7__cxx1112basic_stringIcSt11char_traitsIcESaIcEEES5_EvT_S7_RSaIT0_E
FNF:14
FNH:8
DA:463,4
DA:464,4
DA:463,0
DA:464,0
DA:463,6
DA:464,6
DA:495,0
DA:496,0
DA:495,2
DA:496,2
DA:495,0
DA:496,0
DA:511,43
DA:516,43
DA:520,43
DA:511,32
DA:516,32
DA:520,32
DA:531,22
DA:535,22
DA:539,22
DA:531,32
DA:535,32
DA:539,32
DA:547,0
DA:550,0
DA:547,2
DA:550,2
DA:562,0
DA:563,0
DA:845,0
DA:848,0
DA:849,0
LF:33
LH:20
end_of_record
SF:/usr/include/c++/11/new
FN:174,_ZnwmPv
FNDA:0,_ZnwmPv
FN:180,_ZdlPvS_
FNDA:0,_ZdlPvS_
FNF:2
FNH:0
DA:174,0
DA:175,0
DA:180,0
LF:3
LH:0
end_of_record
SF:/usr/include/c++/11/bits/char_traits.h
FN:106,_ZN9__gnu_cxx11char_traitsIcE2eqERKcS3_
FNDA:0,_ZN9__gnu_cxx11char_traitsIcE2eqERKcS3_
FN:167,_ZN9__gnu_cxx11char_traitsIcE6lengthEPKc
FNDA:0,_ZN9__gnu_cxx11char_traitsIcE6lengthEPKc
FN:393,_ZNSt11char_traitsIcE6lengthEPKc
FNDA:0,_ZNSt11char_traitsIcE6lengthEPKc
FN:429,_ZNSt11char_traitsIcE4copyEPcPKcm
FNDA:0,_ZNSt11char_traitsIcE4copyEPcPKcm
FNF:4
FNH:0
DA:106,0
DA:107,0
DA:167,0
DA:170,0
DA:171,0
BRDA:171,0,0,-
BRDA:171,0,1,-
DA:172,0
DA:173,0
DA:290,0
DA:393,0
DA:396,0
BRDA:396,0,0,-
BRDA:396,0,1,-
DA:397,0
DA:399,0
DA:429,0
DA:431,0
BRDA:431,0,0,-
BRDA:431,0,1,-
DA:432,0
DA:437,0
BRF:6
BRH:0
LF:16
LH:0
end_of_record
SF:/usr/include/c++/11/bits/stl_algobase.h
FN:230,_ZSt3minImERKT_S2_S2_
FNDA:0,_ZSt3minImERKT_S2_S2_
FN:254,_ZSt3maxImERKT_S2_S2_
FNDA:37,_ZSt3maxImERKT_S2_S2_
FN:313,_ZSt12__niter_baseIPP4FileET_S3_
FNDA:0,_ZSt12__niter_baseIPP4FileET_S3_
FN:313,_ZSt12__niter_baseIPNSt7__cxx1112basic_stringIcSt11char_traitsIcESaIcEEEET_S7_
FNDA:135,_ZSt12__niter_baseIPNSt7__cxx1112basic_stringIcSt11char_traitsIcESaIcEEEET_S7_
FN:335,_ZSt12__niter_wrapIPP4FileET_RKS3_S3_
FNDA:0,_ZSt12__niter_wrapIPP4FileET_RKS3_S3_
FN:420,_ZNSt11__copy_moveILb0ELb1ESt26random_access_iterator_tagE8__copy_mIP4FileEEPT_PKS5_S8_S6_
FNDA:0,_ZNSt11__copy_moveILb0ELb1ESt26random_access_iterator_tagE8__copy_mIP4FileEEPT_PKS5_S8_S6_
FN:486,_ZSt14__copy_move_a2ILb0EPP4FileS2_ET1_T0_S4_S3_
FNDA:0,_ZSt14__copy_move_a2ILb0EPP4FileS2_ET1_T0_S4_S3_
FN:521,_ZSt14__copy_move_a1ILb0EPP4FileS2_ET1_T0_S4_S3_
FNDA:0,_ZSt14__copy_move_a1ILb0EPP4FileS2_ET1_T0_S4_S3_
FN:527,_ZSt13__copy_move_aILb0EPP4FileS2_ET1_T0_S4_S3_
FNDA:0,_ZSt13__copy_move_aILb0EPP4FileS2_ET1_T0_S4_S3_
FN:611,_ZSt4copyIPP4FileS2_ET0_T_S4_S3_
FNDA:0,_ZSt4copyIPP4FileS2_ET0_T_S4_S3_
FN:731,_ZNSt20__copy_move_backwardILb0ELb1ESt26random_access_iterator_tagE13__copy_move_bIP4FileEEPT_PKS5_S8_S6_
FNDA:0,_ZNSt20__copy_move_backwardILb0ELb1ESt26random_access_iterator_tagE13__copy_move_bIP4FileEEPT_PKS5_S8_S6_
FN:750,_ZSt23__copy_move_backward_a2ILb0EPP4FileS2_ET1_T0_S4_S3_
FNDA:0,_ZSt23__copy_move_backward_a2ILb0EPP4FileS2_ET1_T0_S4_S3_
FN:768,_ZSt23__copy_move_backward_a1ILb0EPP4FileS2_ET1_T0_S4_S3_
FNDA:0,_ZSt23__copy_move_backward_a1ILb0EPP4FileS2_ET1_T0_S4_S3_
FN:796,_ZSt22__copy_move_backward_aILb0EPP4FileS2_ET1_T0_S4_S3_
FNDA:0,_ZSt22__copy_move_backward_aILb0EPP4FileS2_ET1_T0_S4_S3_
FN:848,_ZSt13copy_backwardIPP4FileS2_ET0_T_S4_S3_
FNDA:0,_ZSt13copy_backwardIPP4FileS2_ET0_T_S4_S3_
FNF:15
FNH:2
DA:230,0
DA:235,0
BRDA:235,0,0,-
BRDA:235,0,1,-
DA:236,0
DA:237,0
DA:254,37
DA:259,37
BRDA:259,0,0,20
BRDA:259,0,1,17
DA:260,20
DA:261,17
DA:313,0
DA:315,0
DA:313,135
DA:315,135
DA:335,0
DA:336,0
DA:420,0
DA:429,0
DA:430,0
BRDA:430,0,0,-
BRDA:430,0,1,-
DA:431,0
DA:432,0
DA:486,0
DA:495,0
DA:521,0
DA:522,0
DA:527,0
DA:529,0
DA:532,0
DA:611,0
DA:620,0
DA:731,0
DA:740,0
DA:741,0
BRDA:741,0,0,-
BRDA:741,0,1,-
DA:742,0
DA:743,0
DA:750,0
DA:760,0
DA:762,0
DA:768,0
DA:769,0
DA:796,0
DA:798,0
DA:801,0
DA:848,0
DA:859,0
BRF:8
BRH:2
LF:43
LH:6
end_of_record
SF:/usr/include/c++/11/bits/basic_string.tcc
FN:206,_ZNSt7__cxx1112basic_stringIcSt11char_traitsIcESaIcEE12_M_constructIPcEEvT_S7_St20forward_iterator_tag
FNDA:0,_ZNSt7__cxx1112basic_stringIcSt11char_traitsIcESaIcEE12_M_constructIPcEEvT_S7_St20forward_iterator_tag
FN:206,_ZNSt7__cxx1112basic_stringIcSt11char_traitsIcESaIcEE12_M_constructIPKcEEvT_S8_St20forward_iterator_tag
FNDA:0,_ZNSt7__cxx1112basic_stringIcSt11char_traitsIcESaIcEE12_M_constructIPKcEEvT_S8_St20forward_iterator_tag
FNF:2
FNH:0
DA:206,0
DA:211,0
BRDA:211,0,0,-
BRDA:211,0,1,-
BRDA:211,0,2,-
BRDA:211,0,3,-
BRDA:211,0,4,-
BRDA:211,0,5,-
DA:212,0
DA:215,0
BRDA:215,0,0,-
BRDA:215,0,1,-
DA:217,0
BRDA:217,0,0,-
BRDA:217,0,1,-
DA:219,0
BRDA:219,0,0,-
BRDA:219,0,1,-
BRDA:219,0,2,-
BRDA:219,0,3,-
DA:220,0
BRDA:220,0,0,-
BRDA:220,0,1,-
DA:225,0
BRDA:225,0,0,-
BRDA:225,0,1,-
DA:226,0
DA:228,0
BRDA:228,0,0,0
BRDA:228,0,1,0
DA:229,0
DA:232,0
BRDA:232,0,0,-
BRDA:232,0,1,-
DA:233,0
DA:206,0
DA:211,0
BRDA:211,0,0,-
BRDA:211,0,1,-
BRDA:211,0,2,-
BRDA:211,0,3,-
BRDA:211,0,4,-
BRDA:211,0,5,-
DA:212,0
DA:215,0
BRDA:215,0,0,-
BRDA:215,0,1,-
DA:217,0
BRDA:217,0,0,-
BRDA:217,0,1,-
DA:219,0
BRDA:219,0,0,-
BRDA:219,0,1,-
BRDA:219,0,2,-
BRDA:219,0,3,-
DA:220,0
BRDA:220,0,0,-
BRDA:220,0,1,-
DA:225,0
BRDA:225,0,0,-
BRDA:225,0,1,-
DA:226,0
DA:228,0
BRDA:228,0,0,0
BRDA:228,0,1,0
DA:229,0
DA:232,0
BRDA:232,0,0,-
BRDA:232,0,1,-
DA:233,0
BRF:44
BRH:0
LF:26
LH:0
end_of_record
SF:/usr/include/c++/11/bits/allocator.h
FN:156,_ZNSaINSt7__cxx1112basic_stringIcSt11char_traitsIcESaIcEEEEC2Ev
FNDA:0,_ZNSaINSt7__cxx1112basic_stringIcSt11char_traitsIcESaIcEEEEC2Ev
FN:169,_ZNSaIP4FileEC2IS_EERKSaIT_E
FNDA:4,_ZNSaIP4FileEC2IS_EERKSaIT_E
FN:174,_ZNSaIP4FileED2Ev
FNDA:4,_ZNSaIP4FileED2Ev
FN:174,_ZNSaINSt7__cxx1112basic_stringIcSt11char_traitsIcESaIcEEEED2Ev
FNDA:0,_ZNSaINSt7__cxx1112basic_stringIcSt11char_traitsIcESaIcEEEED2Ev
FNF:4
FNH:2
DA:156,0
DA:169,4
DA:174,4
DA:174,0
LF:4
LH:2
end_of_record
