TN:
SF:/usr/include/c++/11/ext/type_traits.h
FN:152,_ZN9__gnu_cxx17__is_null_pointerIcEEbPT_
FNDA:0,_ZN9__gnu_cxx17__is_null_pointerIcEEbPT_
FN:152,_ZN9__gnu_cxx17__is_null_pointerIKcEEbPT_
FNDA:0,_ZN9__gnu_cxx17__is_null_pointerIKcEEbPT_
FNF:2
FNH:0
DA:152,0
DA:153,0
DA:152,0
DA:153,0
LF:4
LH:0
end_of_record
SF:/usr/include/c++/11/bits/stl_algobase.h
FN:230,_ZSt3minImERKT_S2_S2_
FNDA:0,_ZSt3minImERKT_S2_S2_
FN:254,_ZSt3maxImERKT_S2_S2_
FNDA:40,_ZSt3maxImERKT_S2_S2_
FN:313,_ZSt12__niter_baseIPNSt7__cxx1112basic_stringIcSt11char_traitsIcESaIcEEEET_S7_
FNDA:96,_ZSt12__niter_baseIPNSt7__cxx1112basic_stringIcSt11char_traitsIcESaIcEEEET_S7_
FN:313,_ZSt12__niter_baseIPiET_S1_
FNDA:48,_ZSt12__niter_baseIPiET_S1_
FN:313,_ZSt12__niter_baseIP3ValET_S2_
FNDA:60,_ZSt12__niter_baseIP3ValET_S2_
FN:335,_ZSt12__niter_wrapIPNSt7__cxx1112basic_stringIcSt11char_traitsIcESaIcEEEET_RKS7_S7_
FNDA:0,_ZSt12__niter_wrapIPNSt7__cxx1112basic_stringIcSt11char_traitsIcESaIcEEEET_RKS7_S7_
FN:335,_ZSt12__niter_wrapIPiET_RKS1_S1_
FNDA:2,_ZSt12__niter_wrapIPiET_RKS1_S1_
FN:420,_ZNSt11__copy_moveILb1ELb1ESt26random_access_iterator_tagE8__copy_mIiEEPT_PKS3_S6_S4_
FNDA:2,_ZNSt11__copy_moveILb1ELb1ESt26random_access_iterator_tagE8__copy_mIiEEPT_PKS3_S6_S4_
FN:486,_ZSt14__copy_move_a2ILb1EPiS0_ET1_T0_S2_S1_
FNDA:2,_ZSt14__copy_move_a2ILb1EPiS0_ET1_T0_S2_S1_
FN:521,_ZSt14__copy_move_a1ILb1EPiS0_ET1_T0_S2_S1_
FNDA:2,_ZSt14__copy_move_a1ILb1EPiS0_ET1_T0_S2_S1_
FN:527,_ZSt13__copy_move_aILb1EPiS0_ET1_T0_S2_S1_
FNDA:2,_ZSt13__copy_move_aILb1EPiS0_ET1_T0_S2_S1_
FN:611,_ZSt4copyISt13move_iteratorIPiES1_ET0_T_S4_S3_
FNDA:2,_ZSt4copyISt13move_iteratorIPiES1_ET0_T_S4_S3_
FN:714,_ZNSt20__copy_move_backwardILb1ELb0ESt26random_access_iterator_tagE13__copy_move_bIPNSt7__cxx1112basic_stringIcSt11char_traitsIcESaIcEEES9_EET0_T_SB_SA_
FNDA:0,_ZNSt20__copy_move_backwardILb1ELb0ESt26random_access_iterator_tagE13__copy_move_bIPNSt7__cxx1112basic_stringIcSt11char_traitsIcESaIcEEES9_EET0_T_SB_SA_
FN:731,_ZNSt20__copy_move_backwardILb1ELb1ESt26random_access_iterator_tagE13__copy_move_bIiEEPT_PKS3_S6_S4_
FNDA:0,_ZNSt20__copy_move_backwardILb1ELb1ESt26random_access_iterator_tagE13__copy_move_bIiEEPT_PKS3_S6_S4_
FN:750,_ZSt23__copy_move_backward_a2ILb1EPiS0_ET1_T0_S2_S1_
FNDA:0,_ZSt23__copy_move_backward_a2ILb1EPiS0_ET1_T0_S2_S1_
FN:750,_ZSt23__copy_move_backward_a2ILb1EPNSt7__cxx1112basic_stringIcSt11char_traitsIcESaIcEEES6_ET1_T0_S8_S7_
FNDA:0,_ZSt23__copy_move_backward_a2ILb1EPNSt7__cxx1112basic_stringIcSt11char_traitsIcESaIcEEES6_ET1_T0_S8_S7_
FN:768,_ZSt23__copy_move_backward_a1ILb1EPiS0_ET1_T0_S2_S1_
FNDA:0,_ZSt23__copy_move_backward_a1ILb1EPiS0_ET1_T0_S2_S1_
FN:768,_ZSt23__copy_move_backward_a1ILb1EPNSt7__cxx1112basic_stringIcSt11char_traitsIcESaIcEEES6_ET1_T0_S8_S7_
FNDA:0,_ZSt23__copy_move_backward_a1ILb1EPNSt7__cxx1112basic_stringIcSt11char_traitsIcESaIcEEES6_ET1_T0_S8_S7_
FN:796,_ZSt22__copy_move_backward_aILb1EPiS0_ET1_T0_S2_S1_
FNDA:0,_ZSt22__copy_move_backward_aILb1EPiS0_ET1_T0_S2_S1_
FN:796,_ZSt22__copy_move_backward_aILb1EPNSt7__cxx1112basic_stringIcSt11char_traitsIcESaIcEEES6_ET1_T0_S8_S7_
FNDA:0,_ZSt22__copy_move_backward_aILb1EPNSt7__cxx1112basic_stringIcSt11char_traitsIcESaIcEEES6_ET1_T0_S8_S7_
FN:884,_ZSt13move_backwardIPiS0_ET0_T_S2_S1_
FNDA:0,_ZSt13move_backwardIPiS0_ET0_T_S2_S1_
FN:884,_ZSt13move_backwardIPNSt7__cxx1112basic_stringIcSt11char_traitsIcESaIcEEES6_ET0_T_S8_S7_
FNDA:0,_ZSt13move_backwardIPNSt7__cxx1112basic_stringIcSt11char_traitsIcESaIcEEES6_ET0_T_S8_S7_
FN:908,_ZSt9__fill_a1IPNSt7__cxx1112basic_stringIcSt11char_traitsIcESaIcEEES5_EN9__gnu_cxx11__enable_ifIXntsrSt11__is_scalarIT0_E7__valueEvE6__typeET_SE_RKSA_
FNDA:0,_ZSt9__fill_a1IPNSt7__cxx1112basic_stringIcSt11char_traitsIcESaIcEEES5_EN9__gnu_cxx11__enable_ifIXntsrSt11__is_scalarIT0_E7__valueEvE6__typeET_SE_RKSA_
FN:919,_ZSt9__fill_a1IPiiEN9__gnu_cxx11__enable_ifIXsrSt11__is_scalarIT0_E7__valueEvE6__typeET_S8_RKS4_
FNDA:1,_ZSt9__fill_a1IPiiEN9__gnu_cxx11__enable_ifIXsrSt11__is_scalarIT0_E7__valueEvE6__typeET_S8_RKS4_
FN:968,_ZSt8__fill_aIPiiEvT_S1_RKT0_
FNDA:1,_ZSt8__fill_aIPiiEvT_S1_RKT0_
FN:968,_ZSt8__fill_aIPNSt7__cxx1112basic_stringIcSt11char_traitsIcESaIcEEES5_EvT_S7_RKT0_
FNDA:0,_ZSt8__fill_aIPNSt7__cxx1112basic_stringIcSt11char_traitsIcESaIcEEES5_EvT_S7_RKT0_
FN:992,_ZSt4fillIPiiEvT_S1_RKT0_
FNDA:0,_ZSt4fillIPiiEvT_S1_RKT0_
FN:992,_ZSt4fillIPNSt7__cxx1112basic_stringIcSt11char_traitsIcESaIcEEES5_EvT_S7_RKT0_
FNDA:0,_ZSt4fillIPNSt7__cxx1112basic_stringIcSt11char_traitsIcESaIcEEES5_EvT_S7_RKT0_
FN:1010,_ZSt17__size_to_integerm
FNDA:1,_ZSt17__size_to_integerm
FN:1109,_ZSt10__fill_n_aIPimiET_S1_T0_RKT1_St26random_access_iterator_tag
FNDA:1,_ZSt10__fill_n_aIPimiET_S1_T0_RKT1_St26random_access_iterator_tag
FN:1144,_ZSt6fill_nIPimiET_S1_T0_RKT1_
FNDA:1,_ZSt6fill_nIPimiET_S1_T0_RKT1_
FNF:31
FNH:15
DA:230,0
DA:235,0
BRDA:235,0,0,-
BRDA:235,0,1,-
DA:236,0
DA:237,0
DA:254,40
DA:259,40
BRDA:259,0,0,25
BRDA:259,0,1,15
DA:260,25
DA:261,15
DA:313,60
DA:315,60
DA:313,48
DA:315,48
DA:313,96
DA:315,96
DA:335,2
DA:336,2
DA:335,0
DA:336,0
DA:420,2
DA:429,2
DA:430,2
BRDA:430,0,0,0
BRDA:430,0,1,2
DA:431,0
DA:432,2
DA:486,2
DA:495,2
DA:521,2
DA:522,2
DA:527,2
DA:529,2
DA:532,2
DA:611,2
DA:620,2
DA:714,0
DA:717,0
DA:718,0
BRDA:718,0,0,-
BRDA:718,0,1,-
DA:719,0
DA:720,0
DA:731,0
DA:740,0
DA:741,0
BRDA:741,0,0,-
BRDA:741,0,1,-
DA:742,0
DA:743,0
DA:750,0
DA:760,0
DA:762,0
DA:750,0
DA:760,0
DA:762,0
DA:768,0
DA:769,0
DA:768,0
DA:769,0
DA:796,0
DA:798,0
DA:801,0
DA:796,0
DA:798,0
DA:801,0
DA:884,0
DA:894,0
DA:896,0
DA:884,0
DA:894,0
DA:896,0
DA:908,0
DA:911,0
BRDA:911,0,0,-
BRDA:911,0,1,-
DA:912,0
DA:913,0
DA:919,1
DA:922,1
DA:923,4
BRDA:923,0,0,3
BRDA:923,0,1,1
DA:924,3
DA:925,1
DA:968,1
DA:969,1
DA:968,0
DA:969,0
DA:992,0
DA:999,0
DA:1000,0
DA:992,0
DA:999,0
DA:1000,0
DA:1010,1
DA:1109,1
DA:1115,1
BRDA:1115,0,0,0
BRDA:1115,0,1,1
DA:1116,0
DA:1120,1
DA:1121,1
DA:1144,1
DA:1149,1
DA:1150,2
BRF:16
BRH:6
LF:92
LH:40
end_of_record
SF:/usr/include/c++/11/bits/stl_tree.h
FN:234,_ZNSt13_Rb_tree_nodeISt4pairIKNSt7__cxx1112basic_stringIcSt11char_traitsIcESaIcEEEiEE9_M_valptrEv
FNDA:18,_ZNSt13_Rb_tree_nodeISt4pairIKNSt7__cxx1112basic_stringIcSt11char_traitsIcESaIcEEEiEE9_M_valptrEv
FN:238,_ZNKSt13_Rb_tree_nodeISt4pairIKNSt7__cxx1112basic_stringIcSt11char_traitsIcESaIcEEEiEE9_M_valptrEv
FNDA:24,_ZNKSt13_Rb_tree_nodeISt4pairIKNSt7__cxx1112basic_stringIcSt11char_traitsIcESaIcEEEiEE9_M_valptrEv
FN:273,_ZNSt17_Rb_tree_iteratorISt4pairIKNSt7__cxx1112basic_stringIcSt11char_traitsIcESaIcEEEiEEC2EPSt18_Rb_tree_node_base
FNDA:26,_ZNSt17_Rb_tree_iteratorISt4pairIKNSt7__cxx1112basic_stringIcSt11char_traitsIcESaIcEEEiEEC2EPSt18_Rb_tree_node_base
FN:277,_ZNKSt17_Rb_tree_iteratorISt4pairIKNSt7__cxx1112basic_stringIcSt11char_traitsIcESaIcEEEiEEdeEv
FNDA:15,_ZNKSt17_Rb_tree_iteratorISt4pairIKNSt7__cxx1112basic_stringIcSt11char_traitsIcESaIcEEEiEEdeEv
FN:285,_ZNSt17_Rb_tree_iteratorISt4pairIKNSt7__cxx1112basic_stringIcSt11char_traitsIcESaIcEEEiEEppEv
FNDA:0,_ZNSt17_Rb_tree_iteratorISt4pairIKNSt7__cxx1112basic_stringIcSt11char_traitsIcESaIcEEEiEEppEv
FN:300,_ZNSt17_Rb_tree_iteratorISt4pairIKNSt7__cxx1112basic_stringIcSt11char_traitsIcESaIcEEEiEEmmEv
FNDA:0,_ZNSt17_Rb_tree_iteratorISt4pairIKNSt7__cxx1112basic_stringIcSt11char_traitsIcESaIcEEEiEEmmEv
FN:315,_ZSteqRKSt17_Rb_tree_iteratorISt4pairIKNSt7__cxx1112basic_stringIcSt11char_traitsIcESaIcEEEiEESB_
FNDA:10,_ZSteqRKSt17_Rb_tree_iteratorISt4pairIKNSt7__cxx1112basic_stringIcSt11char_traitsIcESaIcEEEiEESB_
FN:350,_ZNSt23_Rb_tree_const_iteratorISt4pairIKNSt7__cxx1112basic_stringIcSt11char_traitsIcESaIcEEEiEEC2ERKSt17_Rb_tree_iteratorIS8_E
FNDA:3,_ZNSt23_Rb_tree_const_iteratorISt4pairIKNSt7__cxx1112basic_stringIcSt11char_traitsIcESaIcEEEiEEC2ERKSt17_Rb_tree_iteratorIS8_E
FN:354,_ZNKSt23_Rb_tree_const_iteratorISt4pairIKNSt7__cxx1112basic_stringIcSt11char_traitsIcESaIcEEEiEE13_M_const_castEv
FNDA:3,_ZNKSt23_Rb_tree_const_iteratorISt4pairIKNSt7__cxx1112basic_stringIcSt11char_traitsIcESaIcEEEiEE13_M_const_castEv
FN:547,_ZNSt8_Rb_treeINSt7__cxx1112basic_stringIcSt11char_traitsIcESaIcEEESt4pairIKS5_iESt10_Select1stIS8_ESt4lessIS5_ESaIS8_EE21_M_get_Node_allocatorEv
FNDA:6,_ZNSt8_Rb_treeINSt7__cxx1112basic_stringIcSt11char_traitsIcESaIcEEESt4pairIKS5_iESt10_Select1stIS8_ESt4lessIS5_ESaIS8_EE21_M_get_Node_allocatorEv
FN:560,_ZNSt8_Rb_treeINSt7__cxx1112basic_stringIcSt11char_traitsIcESaIcEEESt4pairIKS5_iESt10_Select1stIS8_ESt4lessIS5_ESaIS8_EE11_M_get_nodeEv
FNDA:3,_ZNSt8_Rb_treeINSt7__cxx1112basic_stringIcSt11char_traitsIcESaIcEEESt4pairIKS5_iESt10_Select1stIS8_ESt4lessIS5_ESaIS8_EE11_M_get_nodeEv
FN:564,_ZNSt8_Rb_treeINSt7__cxx1112basic_stringIcSt11char_traitsIcESaIcEEESt4pairIKS5_iESt10_Select1stIS8_ESt4lessIS5_ESaIS8_EE11_M_put_nodeEPSt13_Rb_tree_nodeIS8_E
FNDA:0,_ZNSt8_Rb_treeINSt7__cxx1112basic_stringIcSt11char_traitsIcESaIcEEESt4pairIKS5_iESt10_Select1stIS8_ESt4lessIS5_ESaIS8_EE11_M_put_nodeEPSt13_Rb_tree_nodeIS8_E
FN:590,_ZNSt8_Rb_treeINSt7__cxx1112basic_stringIcSt11char_traitsIcESaIcEEESt4pairIKS5_iESt10_Select1stIS8_ESt4lessIS5_ESaIS8_EE17_M_construct_nodeIJRKSt21piecewise_construct_tSt5tupleIJRS7_EESJ_IJEEEEEvPSt13_Rb_tree_nodeIS8_EDpOT_
FNDA:3,_ZNSt8_Rb_treeINSt7__cxx1112basic_stringIcSt11char_traitsIcESaIcEEESt4pairIKS5_iESt10_Select1stIS8_ESt4lessIS5_ESaIS8_EE17_M_construct_nodeIJRKSt21piecewise_construct_tSt5tupleIJRS7_EESJ_IJEEEEEvPSt13_Rb_tree_nodeIS8_EDpOT_
FN:609,_ZNSt8_Rb_treeINSt7__cxx1112basic_stringIcSt11char_traitsIcESaIcEEESt4pairIKS5_iESt10_Select1stIS8_ESt4lessIS5_ESaIS8_EE14_M_create_nodeIJRKSt21piecewise_construct_tSt5tupleIJRS7_EESJ_IJEEEEEPSt13_Rb_tree_nodeIS8_EDpOT_
FNDA:3,_ZNSt8_Rb_treeINSt7__cxx1112basic_stringIcSt11char_traitsIcESaIcEEESt4pairIKS5_iESt10_Select1stIS8_ESt4lessIS5_ESaIS8_EE14_M_create_nodeIJRKSt21piecewise_construct_tSt5tupleIJRS7_EESJ_IJEEEEEPSt13_Rb_tree_nodeIS8_EDpOT_
FN:618,_ZNSt8_Rb_treeINSt7__cxx1112basic_stringIcSt11char_traitsIcESaIcEEESt4pairIKS5_iESt10_Select1stIS8_ESt4lessIS5_ESaIS8_EE15_M_destroy_nodeEPSt13_Rb_tree_nodeIS8_E
FNDA:0,_ZNSt8_Rb_treeINSt7__cxx1112basic_stringIcSt11char_traitsIcESaIcEEESt4pairIKS5_iESt10_Select1stIS8_ESt4lessIS5_ESaIS8_EE15_M_destroy_nodeEPSt13_Rb_tree_nodeIS8_E
FN:629,_ZNSt8_Rb_treeINSt7__cxx1112basic_stringIcSt11char_traitsIcESaIcEEESt4pairIKS5_iESt10_Select1stIS8_ESt4lessIS5_ESaIS8_EE12_M_drop_nodeEPSt13_Rb_tree_nodeIS8_E
FNDA:0,_ZNSt8_Rb_treeINSt7__cxx1112basic_stringIcSt11char_traitsIcESaIcEEESt4pairIKS5_iESt10_Select1stIS8_ESt4lessIS5_ESaIS8_EE12_M_drop_nodeEPSt13_Rb_tree_nodeIS8_E
FN:718,_ZNSt8_Rb_treeINSt7__cxx1112basic_stringIcSt11char_traitsIcESaIcEEESt4pairIKS5_iESt10_Select1stIS8_ESt4lessIS5_ESaIS8_EE11_M_leftmostEv
FNDA:0,_ZNSt8_Rb_treeINSt7__cxx1112basic_stringIcSt11char_traitsIcESaIcEEESt4pairIKS5_iESt10_Select1stIS8_ESt4lessIS5_ESaIS8_EE11_M_leftmostEv
FN:726,_ZNSt8_Rb_treeINSt7__cxx1112basic_stringIcSt11char_traitsIcESaIcEEESt4pairIKS5_iESt10_Select1stIS8_ESt4lessIS5_ESaIS8_EE12_M_rightmostEv
FNDA:4,_ZNSt8_Rb_treeINSt7__cxx1112basic_stringIcSt11char_traitsIcESaIcEEESt4pairIKS5_iESt10_Select1stIS8_ESt4lessIS5_ESaIS8_EE12_M_rightmostEv
FN:734,_ZNKSt8_Rb_treeINSt7__cxx1112basic_stringIcSt11char_traitsIcESaIcEEESt4pairIKS5_iESt10_Select1stIS8_ESt4lessIS5_ESaIS8_EE9_M_mbeginEv
FNDA:10,_ZNKSt8_Rb_treeINSt7__cxx1112basic_stringIcSt11char_traitsIcESaIcEEESt4pairIKS5_iESt10_Select1stIS8_ESt4lessIS5_ESaIS8_EE9_M_mbeginEv
FN:738,_ZNSt8_Rb_treeINSt7__cxx1112basic_stringIcSt11char_traitsIcESaIcEEESt4pairIKS5_iESt10_Select1stIS8_ESt4lessIS5_ESaIS8_EE8_M_beginEv
FNDA:10,_ZNSt8_Rb_treeINSt7__cxx1112basic_stringIcSt11char_traitsIcESaIcEEESt4pairIKS5_iESt10_Select1stIS8_ESt4lessIS5_ESaIS8_EE8_M_beginEv
FN:749,_ZNSt8_Rb_treeINSt7__cxx1112basic_stringIcSt11char_traitsIcESaIcEEESt4pairIKS5_iESt10_Select1stIS8_ESt4lessIS5_ESaIS8_EE6_M_endEv
FNDA:16,_ZNSt8_Rb_treeINSt7__cxx1112basic_stringIcSt11char_traitsIcESaIcEEESt4pairIKS5_iESt10_Select1stIS8_ESt4lessIS5_ESaIS8_EE6_M_endEv
FN:757,_ZNSt8_Rb_treeINSt7__cxx1112basic_stringIcSt11char_traitsIcESaIcEEESt4pairIKS5_iESt10_Select1stIS8_ESt4lessIS5_ESaIS8_EE6_S_keyEPKSt13_Rb_tree_nodeIS8_E
FNDA:24,_ZNSt8_Rb_treeINSt7__cxx1112basic_stringIcSt11char_traitsIcESaIcEEESt4pairIKS5_iESt10_Select1stIS8_ESt4lessIS5_ESaIS8_EE6_S_keyEPKSt13_Rb_tree_nodeIS8_E
FN:779,_ZNSt8_Rb_treeINSt7__cxx1112basic_stringIcSt11char_traitsIcESaIcEEESt4pairIKS5_iESt10_Select1stIS8_ESt4lessIS5_ESaIS8_EE7_S_leftEPSt18_Rb_tree_node_base
FNDA:8,_ZNSt8_Rb_treeINSt7__cxx1112basic_stringIcSt11char_traitsIcESaIcEEESt4pairIKS5_iESt10_Select1stIS8_ESt4lessIS5_ESaIS8_EE7_S_leftEPSt18_Rb_tree_node_base
FN:787,_ZNSt8_Rb_treeINSt7__cxx1112basic_stringIcSt11char_traitsIcESaIcEEESt4pairIKS5_iESt10_Select1stIS8_ESt4lessIS5_ESaIS8_EE8_S_rightEPSt18_Rb_tree_node_base
FNDA:7,_ZNSt8_Rb_treeINSt7__cxx1112basic_stringIcSt11char_traitsIcESaIcEEESt4pairIKS5_iESt10_Select1stIS8_ESt4lessIS5_ESaIS8_EE8_S_rightEPSt18_Rb_tree_node_base
FN:795,_ZNSt8_Rb_treeINSt7__cxx1112basic_stringIcSt11char_traitsIcESaIcEEESt4pairIKS5_iESt10_Select1stIS8_ESt4lessIS5_ESaIS8_EE6_S_keyEPKSt18_Rb_tree_node_base
FNDA:4,_ZNSt8_Rb_treeINSt7__cxx1112basic_stringIcSt11char_traitsIcESaIcEEESt4pairIKS5_iESt10_Select1stIS8_ESt4lessIS5_ESaIS8_EE6_S_keyEPKSt18_Rb_tree_node_base
FN:991,_ZNKSt8_Rb_treeINSt7__cxx1112basic_stringIcSt11char_traitsIcESaIcEEESt4pairIKS5_iESt10_Select1stIS8_ESt4lessIS5_ESaIS8_EE8key_compEv
FNDA:6,_ZNKSt8_Rb_treeINSt7__cxx1112basic_stringIcSt11char_traitsIcESaIcEEESt4pairIKS5_iESt10_Select1stIS8_ESt4lessIS5_ESaIS8_EE8key_compEv
FN:995,_ZNSt8_Rb_treeINSt7__cxx1112basic_stringIcSt11char_traitsIcESaIcEEESt4pairIKS5_iESt10_Select1stIS8_ESt4lessIS5_ESaIS8_EE5beginEv
FNDA:1,_ZNSt8_Rb_treeINSt7__cxx1112basic_stringIcSt11char_traitsIcESaIcEEESt4pairIKS5_iESt10_Select1stIS8_ESt4lessIS5_ESaIS8_EE5beginEv
FN:1003,_ZNSt8_Rb_treeINSt7__cxx1112basic_stringIcSt11char_traitsIcESaIcEEESt4pairIKS5_iESt10_Select1stIS8_ESt4lessIS5_ESaIS8_EE3endEv
FNDA:9,_ZNSt8_Rb_treeINSt7__cxx1112basic_stringIcSt11char_traitsIcESaIcEEESt4pairIKS5_iESt10_Select1stIS8_ESt4lessIS5_ESaIS8_EE3endEv
FN:1031,_ZNKSt8_Rb_treeINSt7__cxx1112basic_stringIcSt11char_traitsIcESaIcEEESt4pairIKS5_iESt10_Select1stIS8_ESt4lessIS5_ESaIS8_EE4sizeEv
FNDA:3,_ZNKSt8_Rb_treeINSt7__cxx1112basic_stringIcSt11char_traitsIcESaIcEEESt4pairIKS5_iESt10_Select1stIS8_ESt4lessIS5_ESaIS8_EE4sizeEv
FN:1269,_ZNSt8_Rb_treeINSt7__cxx1112basic_stringIcSt11char_traitsIcESaIcEEESt4pairIKS5_iESt10_Select1stIS8_ESt4lessIS5_ESaIS8_EE11lower_boundERS7_
FNDA:9,_ZNSt8_Rb_treeINSt7__cxx1112basic_stringIcSt11char_traitsIcESaIcEEESt4pairIKS5_iESt10_Select1stIS8_ESt4lessIS5_ESaIS8_EE11lower_boundERS7_
FN:1900,_ZNSt8_Rb_treeINSt7__cxx1112basic_stringIcSt11char_traitsIcESaIcEEESt4pairIKS5_iESt10_Select1stIS8_ESt4lessIS5_ESaIS8_EE14_M_lower_boundEPSt13_Rb_tree_nodeIS8_EPSt18_Rb_tree_node_baseRS7_
FNDA:9,_ZNSt8_Rb_treeINSt7__cxx1112basic_stringIcSt11char_traitsIcESaIcEEESt4pairIKS5_iESt10_Select1stIS8_ESt4lessIS5_ESaIS8_EE14_M_lower_boundEPSt13_Rb_tree_nodeIS8_EPSt18_Rb_tree_node_baseRS7_
FN:2061,_ZNSt8_Rb_treeINSt7__cxx1112basic_stringIcSt11char_traitsIcESaIcEEESt4pairIKS5_iESt10_Select1stIS8_ESt4lessIS5_ESaIS8_EE24_M_get_insert_unique_posERS7_
FNDA:1,_ZNSt8_Rb_treeINSt7__cxx1112basic_stringIcSt11char_traitsIcESaIcEEESt4pairIKS5_iESt10_Select1stIS8_ESt4lessIS5_ESaIS8_EE24_M_get_insert_unique_posERS7_
FN:2163,_ZNSt8_Rb_treeINSt7__cxx1112basic_stringIcSt11char_traitsIcESaIcEEESt4pairIKS5_iESt10_Select1stIS8_ESt4lessIS5_ESaIS8_EE29_M_get_insert_hint_unique_posESt23_Rb_tree_const_iteratorIS8_ERS7_
FNDA:3,_ZNSt8_Rb_treeINSt7__cxx1112basic_stringIcSt11char_traitsIcESaIcEEESt4pairIKS5_iESt10_Select1stIS8_ESt4lessIS5_ESaIS8_EE29_M_get_insert_hint_unique_posESt23_Rb_tree_const_iteratorIS8_ERS7_
FN:2330,_ZNSt8_Rb_treeINSt7__cxx1112basic_stringIcSt11char_traitsIcESaIcEEESt4pairIKS5_iESt10_Select1stIS8_ESt4lessIS5_ESaIS8_EE14_M_insert_nodeEPSt18_Rb_tree_node_baseSG_PSt13_Rb_tree_nodeIS8_E
FNDA:3,_ZNSt8_Rb_treeINSt7__cxx1112basic_stringIcSt11char_traitsIcESaIcEEESt4pairIKS5_iESt10_Select1stIS8_ESt4lessIS5_ESaIS8_EE14_M_insert_nodeEPSt18_Rb_tree_node_baseSG_PSt13_Rb_tree_nodeIS8_E
FN:2428,_ZNSt8_Rb_treeINSt7__cxx1112basic_stringIcSt11char_traitsIcESaIcEEESt4pairIKS5_iESt10_Select1stIS8_ESt4lessIS5_ESaIS8_EE22_M_emplace_hint_uniqueIJRKSt21piecewise_construct_tSt5tupleIJRS7_EESJ_IJEEEEESt17_Rb_tree_iteratorIS8_ESt23_Rb_tree_const_iteratorIS8_EDpOT_
FNDA:3,_ZNSt8_Rb_treeINSt7__cxx1112basic_stringIcSt11char_traitsIcESaIcEEESt4pairIKS5_iESt10_Select1stIS8_ESt4lessIS5_ESaIS8_EE22_M_emplace_hint_uniqueIJRKSt21piecewise_construct_tSt5tupleIJRS7_EESJ_IJEEEEESt17_Rb_tree_iteratorIS8_ESt23_Rb_tree_const_iteratorIS8_EDpOT_
FNF:35
FNH:29
DA:234,18
DA:235,18
DA:238,24
DA:239,24
DA:273,26
DA:274,26
DA:277,15
DA:278,15
DA:285,0
DA:287,0
DA:288,0
DA:300,0
DA:302,0
DA:303,0
DA:315,10
DA:316,10
DA:350,3
DA:351,3
DA:354,3
DA:355,3
DA:547,6
DA:548,6
DA:560,3
DA:561,3
DA:564,0
DA:565,0
DA:590,3
DA:594,3
DA:595,3
DA:605,3
DA:609,3
DA:611,3
DA:612,3
DA:613,3
DA:618,0
DA:623,0
DA:624,0
DA:626,0
DA:629,0
DA:631,0
DA:632,0
DA:633,0
DA:718,0
DA:719,0
DA:726,4
DA:727,4
DA:734,10
DA:735,10
DA:738,10
DA:739,10
DA:749,16
DA:750,16
DA:757,24
DA:775,24
DA:779,8
DA:780,8
DA:787,7
DA:788,7
DA:795,4
DA:796,4
DA:991,6
DA:992,6
DA:995,1
DA:996,1
DA:1003,9
DA:1004,9
DA:1031,3
DA:1032,3
DA:1269,9
DA:1270,9
DA:1900,9
DA:1904,24
BRDA:1904,0,0,15
BRDA:1904,0,1,9
DA:1905,15
BRDA:1905,0,0,8
BRDA:1905,0,1,7
DA:1906,8
DA:1908,7
DA:1909,9
DA:2061,1
DA:2065,1
DA:2066,1
DA:2067,1
DA:2068,1
BRDA:2068,0,0,0
BRDA:2068,0,1,1
DA:2070,0
DA:2071,0
DA:2072,0
BRDA:2072,0,0,-
BRDA:2072,0,1,-
DA:2074,1
DA:2075,1
BRDA:2075,0,0,1
BRDA:2075,0,1,0
DA:2077,1
BRDA:2077,0,0,1
BRDA:2077,0,1,0
DA:2078,1
DA:2080,0
DA:2082,0
BRDA:2082,0,0,-
BRDA:2082,0,1,-
DA:2083,0
DA:2084,0
DA:2163,3
DA:2167,3
DA:2171,3
BRDA:2171,0,0,3
BRDA:2171,0,1,0
DA:2173,3
DA:2174,3
BRDA:2174,0,0,2
BRDA:2174,0,1,1
BRDA:2174,0,2,2
BRDA:2174,0,3,0
BRDA:2174,0,4,2
BRDA:2174,0,5,1
DA:2175,2
DA:2177,1
DA:2179,0
BRDA:2179,0,0,-
BRDA:2179,0,1,-
DA:2182,0
DA:2183,0
BRDA:2183,0,0,-
BRDA:2183,0,1,-
DA:2184,0
DA:2185,0
BRDA:2185,0,0,-
BRDA:2185,0,1,-
DA:2187,0
BRDA:2187,0,0,-
BRDA:2187,0,1,-
DA:2188,0
DA:2190,0
DA:2193,0
DA:2195,0
BRDA:2195,0,0,-
BRDA:2195,0,1,-
DA:2198,0
DA:2199,0
BRDA:2199,0,0,-
BRDA:2199,0,1,-
DA:2200,0
DA:2201,0
BRDA:2201,0,0,-
BRDA:2201,0,1,-
DA:2203,0
BRDA:2203,0,0,-
BRDA:2203,0,1,-
DA:2204,0
DA:2206,0
DA:2209,0
DA:2213,0
DA:2330,3
DA:2333,3
BRDA:2333,0,0,2
BRDA:2333,0,1,1
DA:2334,6
BRDA:2334,0,0,3
BRDA:2334,0,1,0
BRDA:2334,0,2,0
BRDA:2334,0,3,2
DA:2337,3
DA:2338,3
DA:2339,3
DA:2340,3
DA:2428,3
DA:2431,3
DA:2435,3
DA:2437,3
BRDA:2437,0,0,3
BRDA:2437,0,1,0
DA:2438,3
DA:2440,0
DA:2441,0
BRF:46
BRH:18
LF:132
LH:86
end_of_record
SF:/usr/include/c++/11/bits/vector.tcc
FN:426,_ZNSt6vectorI3ValSaIS0_EE17_M_realloc_insertIJRKS0_EEEvN9__gnu_cxx17__normal_iteratorIPS0_S2_EEDpOT_
FNDA:10,_ZNSt6vectorI3ValSaIS0_EE17_M_realloc_insertIJRKS0_EEEvN9__gnu_cxx17__normal_iteratorIPS0_S2_EEDpOT_
FN:509,_ZNSt6vectorIiSaIiEE14_M_fill_insertEN9__gnu_cxx17__normal_iteratorIPiS1_EEmRKi
FNDA:1,_ZNSt6vectorIiSaIiEE14_M_fill_insertEN9__gnu_cxx17__normal_iteratorIPiS1_EEmRKi
FN:509,_ZNSt6vectorINSt7__cxx1112basic_stringIcSt11char_traitsIcESaIcEEESaIS5_EE14_M_fill_insertEN9__gnu_cxx17__normal_iteratorIPS5_S7_EEmRKS5_
FNDA:1,_ZNSt6vectorINSt7__cxx1112basic_stringIcSt11char_traitsIcESaIcEEESaIS5_EE14_M_fill_insertEN9__gnu_cxx17__normal_iteratorIPS5_S7_EEmRKS5_
FNF:3
FNH:3
DA:426,10
DA:436,10
DA:437,10
DA:438,10
DA:439,10
DA:440,10
DA:441,10
DA:449,10
DA:450,10
DA:456,10
DA:461,10
DA:462,10
DA:464,10
DA:466,10
DA:467,10
DA:500,10
DA:501,10
DA:502,10
DA:503,10
DA:504,10
DA:505,10
DA:509,1
DA:512,1
BRDA:512,0,0,1
BRDA:512,0,1,0
DA:514,1
DA:515,1
BRDA:515,0,0,0
BRDA:515,0,1,1
DA:520,0
DA:521,0
DA:523,0
DA:524,0
DA:525,0
BRDA:525,0,0,-
BRDA:525,0,1,-
DA:528,0
DA:531,0
DA:532,0
DA:534,0
DA:536,0
DA:542,0
DA:543,0
DA:546,0
DA:548,0
DA:550,0
DA:551,0
DA:553,0
DA:555,0
DA:559,1
DA:560,1
DA:561,1
DA:562,1
DA:566,1
DA:568,1
DA:569,1
DA:573,1
DA:574,1
DA:576,1
DA:580,1
DA:581,1
DA:595,1
DA:596,1
DA:598,1
DA:599,1
DA:600,1
DA:601,1
DA:602,1
DA:603,1
DA:606,1
DA:509,1
DA:512,1
BRDA:512,0,0,1
BRDA:512,0,1,0
DA:514,1
DA:515,1
BRDA:515,0,0,0
BRDA:515,0,1,1
DA:520,0
DA:521,0
DA:523,0
DA:524,0
DA:525,0
BRDA:525,0,0,-
BRDA:525,0,1,-
DA:528,0
DA:531,0
DA:532,0
DA:534,0
DA:536,0
DA:542,0
DA:543,0
DA:546,0
DA:548,0
DA:550,0
DA:551,0
DA:553,0
DA:555,0
DA:559,1
DA:560,1
DA:561,1
DA:562,1
DA:566,1
DA:568,1
DA:569,1
DA:573,1
DA:574,1
DA:576,1
DA:580,1
DA:581,1
DA:595,1
DA:596,1
DA:598,1
DA:599,1
DA:600,1
DA:601,1
DA:602,1
DA:603,1
DA:606,1
BRF:12
BRH:4
LF:107
LH:71
end_of_record
SF:/usr/include/c++/11/bits/cpp_type_traits.h
FN:560,_ZSt12__miter_baseIPiET_S1_
FNDA:4,_ZSt12__miter_baseIPiET_S1_
FN:560,_ZSt12__miter_baseIPNSt7__cxx1112basic_stringIcSt11char_traitsIcESaIcEEEET_S7_
FNDA:0,_ZSt12__miter_baseIPNSt7__cxx1112basic_stringIcSt11char_traitsIcESaIcEEEET_S7_
FNF:2
FNH:1
DA:560,4
DA:561,4
DA:560,0
DA:561,0
LF:4
LH:2
end_of_record
SF:/usr/include/c++/11/bits/stl_function.h
FN:399,_ZNKSt4lessINSt7__cxx1112basic_stringIcSt11char_traitsIcESaIcEEEEclERKS5_S8_
FNDA:25,_ZNKSt4lessINSt7__cxx1112basic_stringIcSt11char_traitsIcESaIcEEEEclERKS5_S8_
FN:1174,_ZNKSt10_Select1stISt4pairIKNSt7__cxx1112basic_stringIcSt11char_traitsIcESaIcEEEiEEclERKS8_
FNDA:24,_ZNKSt10_Select1stISt4pairIKNSt7__cxx1112basic_stringIcSt11char_traitsIcESaIcEEEiEEclERKS8_
FNF:2
FNH:2
DA:399,25
DA:400,25
DA:1174,24
DA:1175,24
LF:4
LH:4
end_of_record
SF:/usr/include/c++/11/new
FN:174,_ZnwmPv
FNDA:0,_ZnwmPv
FNF:1
FNH:0
DA:174,0
DA:175,0
LF:2
LH:0
end_of_record
SF:/usr/include/c++/11/ext/aligned_buffer.h
FN:64,_ZN9__gnu_cxx16__aligned_membufISt4pairIKNSt7__cxx1112basic_stringIcSt11char_traitsIcESaIcEEEiEE7_M_addrEv
FNDA:18,_ZN9__gnu_cxx16__aligned_membufISt4pairIKNSt7__cxx1112basic_stringIcSt11char_traitsIcESaIcEEEiEE7_M_addrEv
FN:68,_ZNK9__gnu_cxx16__aligned_membufISt4pairIKNSt7__cxx1112basic_stringIcSt11char_traitsIcESaIcEEEiEE7_M_addrEv
FNDA:24,_ZNK9__gnu_cxx16__aligned_membufISt4pairIKNSt7__cxx1112basic_stringIcSt11char_traitsIcESaIcEEEiEE7_M_addrEv
FN:72,_ZN9__gnu_cxx16__aligned_membufISt4pairIKNSt7__cxx1112basic_stringIcSt11char_traitsIcESaIcEEEiEE6_M_ptrEv
FNDA:18,_ZN9__gnu_cxx16__aligned_membufISt4pairIKNSt7__cxx1112basic_stringIcSt11char_traitsIcESaIcEEEiEE6_M_ptrEv
FN:76,_ZNK9__gnu_cxx16__aligned_membufISt4pairIKNSt7__cxx1112basic_stringIcSt11char_traitsIcESaIcEEEiEE6_M_ptrEv
FNDA:24,_ZNK9__gnu_cxx16__aligned_membufISt4pairIKNSt7__cxx1112basic_stringIcSt11char_traitsIcESaIcEEEiEE6_M_ptrEv
FNF:4
FNH:4
DA:64,18
DA:65,18
DA:68,24
DA:69,24
DA:72,18
DA:73,18
DA:76,24
DA:77,24
LF:8
LH:8
end_of_record
SF:/usr/include/c++/11/tuple
FN:192,_ZNSt10_Head_baseILm0ERKNSt7__cxx1112basic_stringIcSt11char_traitsIcESaIcEEELb0EEC2ES7_
FNDA:3,_ZNSt10_Head_baseILm0ERKNSt7__cxx1112basic_stringIcSt11char_traitsIcESaIcEEELb0EEC2ES7_
FN:233,_ZNSt10_Head_baseILm0ERKNSt7__cxx1112basic_stringIcSt11char_traitsIcESaIcEEELb0EE7_M_headERS8_
FNDA:3,_ZNSt10_Head_baseILm0ERKNSt7__cxx1112basic_stringIcSt11char_traitsIcESaIcEEELb0EE7_M_headERS8_
FN:424,_ZNSt11_Tuple_implILm0EJRKNSt7__cxx1112basic_stringIcSt11char_traitsIcESaIcEEEEE7_M_headERS8_
FNDA:3,_ZNSt11_Tuple_implILm0EJRKNSt7__cxx1112basic_stringIcSt11char_traitsIcESaIcEEEEE7_M_headERS8_
FN:434,_ZNSt11_Tuple_implILm0EJRKNSt7__cxx1112basic_stringIcSt11char_traitsIcESaIcEEEEEC2ES7_
FNDA:3,_ZNSt11_Tuple_implILm0EJRKNSt7__cxx1112basic_stringIcSt11char_traitsIcESaIcEEEEEC2ES7_
FN:454,_ZNSt11_Tuple_implILm0EJRKNSt7__cxx1112basic_stringIcSt11char_traitsIcESaIcEEEEEC2EOS8_
FNDA:3,_ZNSt11_Tuple_implILm0EJRKNSt7__cxx1112basic_stringIcSt11char_traitsIcESaIcEEEEEC2EOS8_
FN:731,_ZNSt5tupleIJRKNSt7__cxx1112basic_stringIcSt11char_traitsIcESaIcEEEEEC2ILb1ELb1EEES7_
FNDA:3,_ZNSt5tupleIJRKNSt7__cxx1112basic_stringIcSt11char_traitsIcESaIcEEEEEC2ILb1ELb1EEES7_
FN:760,_ZNSt5tupleIJRKNSt7__cxx1112basic_stringIcSt11char_traitsIcESaIcEEEEEC2EOS8_
FNDA:3,_ZNSt5tupleIJRKNSt7__cxx1112basic_stringIcSt11char_traitsIcESaIcEEEEEC2EOS8_
FN:1381,_ZSt12__get_helperILm0ERKNSt7__cxx1112basic_stringIcSt11char_traitsIcESaIcEEEJEERT0_RSt11_Tuple_implIXT_EJS8_DpT1_EE
FNDA:3,_ZSt12__get_helperILm0ERKNSt7__cxx1112basic_stringIcSt11char_traitsIcESaIcEEEJEERT0_RSt11_Tuple_implIXT_EJS8_DpT1_EE
FN:1397,_ZSt3getILm0EJRKNSt7__cxx1112basic_stringIcSt11char_traitsIcESaIcEEEEERNSt13tuple_elementIXT_ESt5tupleIJDpT0_EEE4typeERSC_
FNDA:3,_ZSt3getILm0EJRKNSt7__cxx1112basic_stringIcSt11char_traitsIcESaIcEEEEERNSt13tuple_elementIXT_ESt5tupleIJDpT0_EEE4typeERSC_
FN:1808,_ZNSt4pairIKNSt7__cxx1112basic_stringIcSt11char_traitsIcESaIcEEEiEC2IJRS6_EJEEESt21piecewise_construct_tSt5tupleIJDpT_EESB_IJDpT0_EE
FNDA:3,_ZNSt4pairIKNSt7__cxx1112basic_stringIcSt11char_traitsIcESaIcEEEiEC2IJRS6_EJEEESt21piecewise_construct_tSt5tupleIJDpT_EESB_IJDpT0_EE
FN:1820,_ZNSt4pairIKNSt7__cxx1112basic_stringIcSt11char_traitsIcESaIcEEEiEC2IJRS6_EJLm0EEJEJEEERSt5tupleIJDpT_EERSA_IJDpT1_EESt12_Index_tupleIJXspT0_EEESJ_IJXspT2_EEE
FNDA:3,_ZNSt4pairIKNSt7__cxx1112basic_stringIcSt11char_traitsIcESaIcEEEiEC2IJRS6_EJLm0EEJEJEEERSt5tupleIJDpT_EERSA_IJDpT1_EESt12_Index_tupleIJXspT0_EEESJ_IJXspT2_EEE
FNF:11
FNH:11
DA:192,3
DA:193,3
DA:233,3
DA:424,3
DA:434,3
DA:435,3
DA:436,3
DA:454,3
DA:456,3
DA:457,3
DA:731,3
DA:733,3
DA:760,3
DA:1381,3
DA:1382,3
DA:1397,3
DA:1398,3
DA:1808,3
DA:1813,3
DA:1814,3
DA:1820,3
DA:1823,3
DA:1824,3
DA:1825,3
LF:24
LH:24
end_of_record
SF:/home/quier/Softengineering-lab6/judge_model/method_model_test/test.h
FN:16,_ZN3ValC2ENSt7__cxx1112basic_stringIcSt11char_traitsIcESaIcEEEii
FNDA:13,_ZN3ValC2ENSt7__cxx1112basic_stringIcSt11char_traitsIcESaIcEEEii
FN:26,_ZN3Val8Get_typeB5cxx11Ev
FNDA:0,_ZN3Val8Get_typeB5cxx11Ev
FN:29,_ZN3Val10Get_lowintEv
FNDA:0,_ZN3Val10Get_lowintEv
FN:32,_ZN3Val11Get_highintEv
FNDA:0,_ZN3Val11Get_highintEv
FN:41,_ZN6Method4initENSt7__cxx1112basic_stringIcSt11char_traitsIcESaIcEEE
FNDA:0,_ZN6Method4initENSt7__cxx1112basic_stringIcSt11char_traitsIcESaIcEEE
FNF:5
FNH:1
DA:16,13
DA:17,13
DA:18,13
DA:19,13
BRDA:19,0,0,6
BRDA:19,0,1,7
BRDA:19,0,2,3
BRDA:19,0,3,3
BRDA:19,0,4,10
BRDA:19,0,5,3
DA:21,10
DA:22,10
DA:25,13
DA:26,0
DA:27,0
DA:29,0
DA:30,0
DA:32,0
DA:33,0
DA:41,0
BRF:6
BRH:6
LF:14
LH:7
end_of_record
SF:/usr/include/c++/11/bits/stl_iterator_base_types.h
FN:238,_ZSt19__iterator_categoryIPiENSt15iterator_traitsIT_E17iterator_categoryERKS2_
FNDA:1,_ZSt19__iterator_categoryIPiENSt15iterator_traitsIT_E17iterator_categoryERKS2_
FN:238,_ZSt19__iterator_categoryIPcENSt15iterator_traitsIT_E17iterator_categoryERKS2_
FNDA:0,_ZSt19__iterator_categoryIPcENSt15iterator_traitsIT_E17iterator_categoryERKS2_
FN:238,_ZSt19__iterator_categoryIPKcENSt15iterator_traitsIT_E17iterator_categoryERKS3_
FNDA:0,_ZSt19__iterator_categoryIPKcENSt15iterator_traitsIT_E17iterator_categoryERKS3_
FNF:3
FNH:1
DA:238,1
DA:239,1
DA:238,0
DA:239,0
DA:238,0
DA:239,0
LF:6
LH:2
end_of_record
SF:/usr/include/c++/11/bits/stl_iterator_base_funcs.h
FN:98,_ZSt10__distanceIPcENSt15iterator_traitsIT_E15difference_typeES2_S2_St26random_access_iterator_tag
FNDA:0,_ZSt10__distanceIPcENSt15iterator_traitsIT_E15difference_typeES2_S2_St26random_access_iterator_tag
FN:98,_ZSt10__distanceIPKcENSt15iterator_traitsIT_E15difference_typeES3_S3_St26random_access_iterator_tag
FNDA:0,_ZSt10__distanceIPKcENSt15iterator_traitsIT_E15difference_typeES3_S3_St26random_access_iterator_tag
FN:138,_ZSt8distanceIPcENSt15iterator_traitsIT_E15difference_typeES2_S2_
FNDA:0,_ZSt8distanceIPcENSt15iterator_traitsIT_E15difference_typeES2_S2_
FN:138,_ZSt8distanceIPKcENSt15iterator_traitsIT_E15difference_typeES3_S3_
FNDA:0,_ZSt8distanceIPKcENSt15iterator_traitsIT_E15difference_typeES3_S3_
FNF:4
FNH:0
DA:98,0
DA:104,0
DA:98,0
DA:104,0
DA:138,0
DA:141,0
DA:142,0
DA:138,0
DA:141,0
DA:142,0
LF:10
LH:0
end_of_record
SF:/home/quier/Softengineering-lab6/judge_model/method_model_test/test.cpp
FN:4,_ZN11Sample_Test4initENSt7__cxx1112basic_stringIcSt11char_traitsIcESaIcEEERSt6vectorIS5_SaIS5_EES5_
FNDA:4,_ZN11Sample_Test4initENSt7__cxx1112basic_stringIcSt11char_traitsIcESaIcEEERSt6vectorIS5_SaIS5_EES5_
FN:49,_ZN11Sample_Test13init_exe_fileERSt6vectorINSt7__cxx1112basic_stringIcSt11char_traitsIcESaIcEEESaIS6_EE
FNDA:1,_ZN11Sample_Test13init_exe_fileERSt6vectorINSt7__cxx1112basic_stringIcSt11char_traitsIcESaIcEEESaIS6_EE
FN:65,_ZN11Sample_Test8add_valsENSt7__cxx1112basic_stringIcSt11char_traitsIcESaIcEEE
FNDA:13,_ZN11Sample_Test8add_valsENSt7__cxx1112basic_stringIcSt11char_traitsIcESaIcEEE
FN:96,_ZN11Sample_Test5judgeENSt7__cxx1112basic_stringIcSt11char_traitsIcESaIcEEES5_
FNDA:3,_ZN11Sample_Test5judgeENSt7__cxx1112basic_stringIcSt11char_traitsIcESaIcEEES5_
FN:122,_ZN11Sample_Test16create_test_dataEv
FNDA:27,_ZN11Sample_Test16create_test_dataEv
FN:149,_ZN11Sample_Test19compare_test_resultEii
FNDA:32,_ZN11Sample_Test19compare_test_resultEii
FN:196,_ZN11Sample_Test11random_charEv
FNDA:15,_ZN11Sample_Test11random_charEv
FN:215,_ZN11Sample_Test10random_intEii
FNDA:29,_ZN11Sample_Test10random_intEii
FN:226,_ZN11Sample_Test13random_stringB5cxx11Eii
FNDA:2,_ZN11Sample_Test13random_stringB5cxx11Eii
FNF:9
FNH:9
DA:4,4
DA:12,4
DA:13,4
DA:14,4
DA:15,4
DA:16,4
DA:17,4
DA:25,4
DA:26,4
DA:27,4
DA:28,4
DA:29,4
DA:30,13
BRDA:30,0,0,13
BRDA:30,0,1,0
DA:31,13
DA:32,13
BRDA:32,0,0,4
BRDA:32,0,1,9
DA:33,4
DA:34,9
DA:35,9
DA:41,4
DA:42,4
DA:43,4
DA:44,4
DA:45,4
DA:46,4
DA:47,4
DA:48,4
DA:49,1
DA:52,1
DA:53,1
DA:55,4
BRDA:55,0,0,3
BRDA:55,0,1,1
DA:57,3
DA:58,6
DA:59,3
DA:60,3
DA:61,3
DA:62,3
DA:64,1
DA:65,13
DA:68,13
BRDA:68,0,0,7
BRDA:68,0,1,6
DA:70,7
DA:71,7
DA:72,14
BRDA:72,0,0,7
BRDA:72,0,1,7
DA:73,7
DA:74,7
DA:75,7
DA:76,7
DA:77,7
DA:78,7
DA:79,6
BRDA:79,0,0,3
BRDA:79,0,1,3
DA:81,3
DA:82,3
DA:83,3
DA:84,3
BRDA:84,0,0,3
BRDA:84,0,1,0
DA:86,3
DA:87,3
DA:88,6
BRDA:88,0,0,3
BRDA:88,0,1,3
DA:89,3
DA:90,3
DA:91,3
DA:92,3
DA:93,3
DA:94,3
DA:95,13
DA:96,3
DA:98,3
DA:99,3
DA:100,3
BRDA:100,0,0,0
BRDA:100,0,1,3
DA:101,0
DA:103,6
DA:104,6
DA:108,28
BRDA:108,0,0,27
BRDA:108,0,1,1
DA:110,27
DA:111,27
DA:112,27
DA:113,27
DA:114,27
BRDA:114,0,0,2
BRDA:114,0,1,25
DA:115,2
DA:119,1
DA:120,3
DA:122,27
DA:125,27
DA:126,27
DA:127,54
BRDA:127,0,0,27
BRDA:127,0,1,27
DA:129,27
DA:130,27
BRDA:130,0,0,27
BRDA:130,0,1,0
DA:132,27
DA:133,27
DA:135,0
BRDA:135,0,0,-
BRDA:135,0,1,-
DA:137,0
DA:138,0
DA:140,0
BRDA:140,0,0,-
BRDA:140,0,1,-
DA:142,0
DA:143,0
DA:144,0
DA:145,27
DA:146,27
DA:147,27
DA:149,32
DA:151,32
BRDA:151,0,0,1
BRDA:151,0,1,31
DA:152,1
DA:153,31
BRDA:153,0,0,1
BRDA:153,0,1,30
DA:154,1
DA:157,30
DA:158,30
DA:159,30
DA:160,30
DA:161,30
DA:162,30
DA:164,62
BRDA:164,0,0,32
BRDA:164,0,1,30
DA:165,32
DA:166,62
BRDA:166,0,0,32
BRDA:166,0,1,30
DA:167,32
DA:169,30
BRDA:169,0,0,3
BRDA:169,0,1,27
DA:171,3
DA:172,3
DA:173,3
DA:176,70
BRDA:176,0,0,44
BRDA:176,0,1,26
DA:178,44
BRDA:178,0,0,1
BRDA:178,0,1,43
DA:180,1
DA:181,1
DA:182,1
DA:185,26
DA:186,26
DA:187,26
DA:188,30
DA:196,15
DA:199,15
DA:200,15
DA:201,15
DA:203,15
DA:204,15
DA:207,15
DA:209,15
BRDA:209,0,0,9
BRDA:209,0,1,6
DA:210,9
DA:212,6
DA:215,29
DA:217,29
DA:218,29
DA:221,29
DA:223,29
DA:226,2
DA:228,2
DA:229,2
DA:230,2
DA:231,15
BRDA:231,0,0,13
BRDA:231,0,1,2
DA:233,13
DA:236,2
DA:238,2
BRF:48
BRH:40
LF:148
LH:140
end_of_record
SF:/usr/include/c++/11/bits/move.h
FN:49,_ZSt11__addressofINSt7__cxx1112basic_stringIcSt11char_traitsIcESaIcEEEEPT_RS6_
FNDA:0,_ZSt11__addressofINSt7__cxx1112basic_stringIcSt11char_traitsIcESaIcEEEEPT_RS6_
FN:49,_ZSt11__addressofI3ValEPT_RS1_
FNDA:27,_ZSt11__addressofI3ValEPT_RS1_
FN:77,_ZSt7forwardIRKiEOT_RNSt16remove_referenceIS2_E4typeE
FNDA:0,_ZSt7forwardIRKiEOT_RNSt16remove_referenceIS2_E4typeE
FN:77,_ZSt7forwardIRKSt21piecewise_construct_tEOT_RNSt16remove_referenceIS3_E4typeE
FNDA:15,_ZSt7forwardIRKSt21piecewise_construct_tEOT_RNSt16remove_referenceIS3_E4typeE
FN:77,_ZSt7forwardISt5tupleIJRKNSt7__cxx1112basic_stringIcSt11char_traitsIcESaIcEEEEEEOT_RNSt16remove_referenceISA_E4typeE
FNDA:15,_ZSt7forwardISt5tupleIJRKNSt7__cxx1112basic_stringIcSt11char_traitsIcESaIcEEEEEEOT_RNSt16remove_referenceISA_E4typeE
FN:77,_ZSt7forwardISt5tupleIJEEEOT_RNSt16remove_referenceIS2_E4typeE
FNDA:15,_ZSt7forwardISt5tupleIJEEEOT_RNSt16remove_referenceIS2_E4typeE
FN:77,_ZSt7forwardIRK3ValEOT_RNSt16remove_referenceIS3_E4typeE
FNDA:36,_ZSt7forwardIRK3ValEOT_RNSt16remove_referenceIS3_E4typeE
FN:77,_ZSt7forwardIRKNSt7__cxx1112basic_stringIcSt11char_traitsIcESaIcEEEEOT_RNSt16remove_referenceIS8_E4typeE
FNDA:0,_ZSt7forwardIRKNSt7__cxx1112basic_stringIcSt11char_traitsIcESaIcEEEEOT_RNSt16remove_referenceIS8_E4typeE
FN:77,_ZSt7forwardI3ValEOT_RNSt16remove_referenceIS1_E4typeE
FNDA:18,_ZSt7forwardI3ValEOT_RNSt16remove_referenceIS1_E4typeE
FN:77,_ZSt7forwardIRPSt18_Rb_tree_node_baseEOT_RNSt16remove_referenceIS3_E4typeE
FNDA:3,_ZSt7forwardIRPSt18_Rb_tree_node_baseEOT_RNSt16remove_referenceIS3_E4typeE
FN:77,_ZSt7forwardIRPSt13_Rb_tree_nodeISt4pairIKNSt7__cxx1112basic_stringIcSt11char_traitsIcESaIcEEEiEEEOT_RNSt16remove_referenceISD_E4typeE
FNDA:1,_ZSt7forwardIRPSt13_Rb_tree_nodeISt4pairIKNSt7__cxx1112basic_stringIcSt11char_traitsIcESaIcEEEiEEEOT_RNSt16remove_referenceISD_E4typeE
FN:77,_ZSt7forwardINSt7__cxx1112basic_stringIcSt11char_traitsIcESaIcEEEEOT_RNSt16remove_referenceIS6_E4typeE
FNDA:84,_ZSt7forwardINSt7__cxx1112basic_stringIcSt11char_traitsIcESaIcEEEEOT_RNSt16remove_referenceIS6_E4typeE
FN:104,_ZSt4moveIRPNSt7__cxx1112basic_stringIcSt11char_traitsIcESaIcEEEEONSt16remove_referenceIT_E4typeEOS9_
FNDA:0,_ZSt4moveIRPNSt7__cxx1112basic_stringIcSt11char_traitsIcESaIcEEEEONSt16remove_referenceIT_E4typeEOS9_
FN:104,_ZSt4moveIRPiEONSt16remove_referenceIT_E4typeEOS3_
FNDA:4,_ZSt4moveIRPiEONSt16remove_referenceIT_E4typeEOS3_
FN:104,_ZSt4moveIRNSt7__cxx1112basic_stringIcSt11char_traitsIcESaIcEEEEONSt16remove_referenceIT_E4typeEOS8_
FNDA:125,_ZSt4moveIRNSt7__cxx1112basic_stringIcSt11char_traitsIcESaIcEEEEONSt16remove_referenceIT_E4typeEOS8_
FN:104,_ZSt4moveIRSaIcEEONSt16remove_referenceIT_E4typeEOS3_
FNDA:0,_ZSt4moveIRSaIcEEONSt16remove_referenceIT_E4typeEOS3_
FN:104,_ZSt4moveIR3ValEONSt16remove_referenceIT_E4typeEOS3_
FNDA:9,_ZSt4moveIR3ValEONSt16remove_referenceIT_E4typeEOS3_
FNF:17
FNH:12
DA:49,27
DA:50,27
DA:49,0
DA:50,0
DA:77,18
DA:78,18
DA:77,84
DA:78,84
DA:77,1
DA:78,1
DA:77,3
DA:78,3
DA:77,0
DA:78,0
DA:77,0
DA:78,0
DA:77,36
DA:78,36
DA:77,15
DA:78,15
DA:77,15
DA:78,15
DA:77,15
DA:78,15
DA:104,9
DA:105,9
DA:104,4
DA:105,4
DA:104,0
DA:105,0
DA:104,125
DA:105,125
DA:104,0
DA:105,0
LF:34
LH:24
end_of_record
SF:/usr/include/c++/11/bits/stl_uninitialized.h
FN:85,_ZNSt20__uninitialized_copyILb0EE13__uninit_copyISt13move_iteratorIPNSt7__cxx1112basic_stringIcSt11char_traitsIcESaIcEEEES9_EET0_T_SC_SB_
FNDA:2,_ZNSt20__uninitialized_copyILb0EE13__uninit_copyISt13move_iteratorIPNSt7__cxx1112basic_stringIcSt11char_traitsIcESaIcEEEES9_EET0_T_SC_SB_
FN:108,_ZNSt20__uninitialized_copyILb1EE13__uninit_copyISt13move_iteratorIPiES3_EET0_T_S6_S5_
FNDA:2,_ZNSt20__uninitialized_copyILb1EE13__uninit_copyISt13move_iteratorIPiES3_EET0_T_S6_S5_
FN:126,_ZSt18uninitialized_copyISt13move_iteratorIPiES1_ET0_T_S4_S3_
FNDA:2,_ZSt18uninitialized_copyISt13move_iteratorIPiES1_ET0_T_S4_S3_
FN:126,_ZSt18uninitialized_copyISt13move_iteratorIPNSt7__cxx1112basic_stringIcSt11char_traitsIcESaIcEEEES7_ET0_T_SA_S9_
FNDA:2,_ZSt18uninitialized_copyISt13move_iteratorIPNSt7__cxx1112basic_stringIcSt11char_traitsIcESaIcEEEES7_ET0_T_SA_S9_
FN:230,_ZNSt22__uninitialized_fill_nILb0EE15__uninit_fill_nIPNSt7__cxx1112basic_stringIcSt11char_traitsIcESaIcEEEmS7_EET_S9_T0_RKT1_
FNDA:1,_ZNSt22__uninitialized_fill_nILb0EE15__uninit_fill_nIPNSt7__cxx1112basic_stringIcSt11char_traitsIcESaIcEEEmS7_EET_S9_T0_RKT1_
FN:253,_ZNSt22__uninitialized_fill_nILb1EE15__uninit_fill_nIPimiEET_S3_T0_RKT1_
FNDA:1,_ZNSt22__uninitialized_fill_nILb1EE15__uninit_fill_nIPimiEET_S3_T0_RKT1_
FN:273,_ZSt20uninitialized_fill_nIPimiET_S1_T0_RKT1_
FNDA:1,_ZSt20uninitialized_fill_nIPimiET_S1_T0_RKT1_
FN:273,_ZSt20uninitialized_fill_nIPNSt7__cxx1112basic_stringIcSt11char_traitsIcESaIcEEEmS5_ET_S7_T0_RKT1_
FNDA:1,_ZSt20uninitialized_fill_nIPNSt7__cxx1112basic_stringIcSt11char_traitsIcESaIcEEEmS5_ET_S7_T0_RKT1_
FN:331,_ZSt22__uninitialized_copy_aISt13move_iteratorIPNSt7__cxx1112basic_stringIcSt11char_traitsIcESaIcEEEES7_S6_ET0_T_SA_S9_RSaIT1_E
FNDA:2,_ZSt22__uninitialized_copy_aISt13move_iteratorIPNSt7__cxx1112basic_stringIcSt11char_traitsIcESaIcEEEES7_S6_ET0_T_SA_S9_RSaIT1_E
FN:331,_ZSt22__uninitialized_copy_aISt13move_iteratorIPiES1_iET0_T_S4_S3_RSaIT1_E
FNDA:2,_ZSt22__uninitialized_copy_aISt13move_iteratorIPiES1_iET0_T_S4_S3_RSaIT1_E
FN:338,_ZSt22__uninitialized_move_aIPNSt7__cxx1112basic_stringIcSt11char_traitsIcESaIcEEES6_SaIS5_EET0_T_S9_S8_RT1_
FNDA:0,_ZSt22__uninitialized_move_aIPNSt7__cxx1112basic_stringIcSt11char_traitsIcESaIcEEES6_SaIS5_EET0_T_S9_S8_RT1_
FN:338,_ZSt22__uninitialized_move_aIPiS0_SaIiEET0_T_S3_S2_RT1_
FNDA:0,_ZSt22__uninitialized_move_aIPiS0_SaIiEET0_T_S3_S2_RT1_
FN:349,_ZSt34__uninitialized_move_if_noexcept_aIPiS0_SaIiEET0_T_S3_S2_RT1_
FNDA:2,_ZSt34__uninitialized_move_if_noexcept_aIPiS0_SaIiEET0_T_S3_S2_RT1_
FN:349,_ZSt34__uninitialized_move_if_noexcept_aIPNSt7__cxx1112basic_stringIcSt11char_traitsIcESaIcEEES6_SaIS5_EET0_T_S9_S8_RT1_
FNDA:2,_ZSt34__uninitialized_move_if_noexcept_aIPNSt7__cxx1112basic_stringIcSt11char_traitsIcESaIcEEES6_SaIS5_EET0_T_S9_S8_RT1_
FN:408,_ZSt24__uninitialized_fill_n_aIPimiiET_S1_T0_RKT1_RSaIT2_E
FNDA:1,_ZSt24__uninitialized_fill_n_aIPimiiET_S1_T0_RKT1_RSaIT2_E
FN:408,_ZSt24__uninitialized_fill_n_aIPNSt7__cxx1112basic_stringIcSt11char_traitsIcESaIcEEEmS5_S5_ET_S7_T0_RKT1_RSaIT2_E
FNDA:1,_ZSt24__uninitialized_fill_n_aIPNSt7__cxx1112basic_stringIcSt11char_traitsIcESaIcEEEmS5_S5_ET_S7_T0_RKT1_RSaIT2_E
FN:986,_ZSt19__relocate_object_aI3ValS0_SaIS0_EEvPT_PT0_RT1_
FNDA:9,_ZSt19__relocate_object_aI3ValS0_SaIS0_EEvPT_PT0_RT1_
FN:1018,_ZSt14__relocate_a_1IP3ValS1_SaIS0_EET0_T_S4_S3_RT1_
FNDA:20,_ZSt14__relocate_a_1IP3ValS1_SaIS0_EET0_T_S4_S3_RT1_
FN:1040,_ZSt12__relocate_aIP3ValS1_SaIS0_EET0_T_S4_S3_RT1_
FNDA:20,_ZSt12__relocate_aIP3ValS1_SaIS0_EET0_T_S4_S3_RT1_
FNF:19
FNH:17
DA:85,2
DA:88,2
DA:91,2
BRDA:91,0,0,0
BRDA:91,0,1,2
DA:92,0
DA:93,2
DA:108,2
DA:110,2
DA:126,2
DA:145,2
DA:151,2
DA:126,2
DA:145,2
DA:151,2
DA:230,1
DA:233,1
DA:236,4
BRDA:236,0,0,3
BRDA:236,0,1,1
DA:237,3
DA:238,1
DA:253,1
DA:255,1
DA:273,1
DA:293,1
DA:297,1
DA:273,1
DA:293,1
DA:297,1
DA:331,2
DA:333,2
DA:331,2
DA:333,2
DA:338,0
DA:341,0
DA:343,0
DA:338,0
DA:341,0
DA:343,0
DA:349,2
DA:355,2
DA:356,2
DA:349,2
DA:355,2
DA:356,2
DA:408,1
DA:410,1
DA:408,1
DA:410,1
DA:986,9
DA:994,9
DA:995,9
DA:996,9
DA:1018,20
DA:1030,20
DA:1031,29
BRDA:1031,0,0,9
BRDA:1031,0,1,20
DA:1032,9
DA:1034,20
DA:1040,20
DA:1046,20
DA:1048,20
BRF:6
BRH:5
LF:58
LH:51
end_of_record
SF:/usr/include/c++/11/bits/basic_string.h
FN:251,_ZNSt7__cxx1112basic_stringIcSt11char_traitsIcESaIcEE16_M_construct_auxIPcEEvT_S7_St12__false_type
FNDA:0,_ZNSt7__cxx1112basic_stringIcSt11char_traitsIcESaIcEE16_M_construct_auxIPcEEvT_S7_St12__false_type
FN:271,_ZNSt7__cxx1112basic_stringIcSt11char_traitsIcESaIcEE12_M_constructIPcEEvT_S7_
FNDA:0,_ZNSt7__cxx1112basic_stringIcSt11char_traitsIcESaIcEE12_M_constructIPcEEvT_S7_
FN:533,_ZNSt7__cxx1112basic_stringIcSt11char_traitsIcESaIcEEC2IS3_EEPKcRKS3_
FNDA:0,_ZNSt7__cxx1112basic_stringIcSt11char_traitsIcESaIcEEC2IS3_EEPKcRKS3_
FN:553,_ZNSt7__cxx1112basic_stringIcSt11char_traitsIcESaIcEEC2IS3_EEmcRKS3_
FNDA:3,_ZNSt7__cxx1112basic_stringIcSt11char_traitsIcESaIcEEC2IS3_EEmcRKS3_
FN:6132,_ZStplIcSt11char_traitsIcESaIcEENSt7__cxx1112basic_stringIT_T0_T1_EERKS8_PKS5_
FNDA:26,_ZStplIcSt11char_traitsIcESaIcEENSt7__cxx1112basic_stringIT_T0_T1_EERKS8_PKS5_
FN:6160,_ZStplIcSt11char_traitsIcESaIcEENSt7__cxx1112basic_stringIT_T0_T1_EEOS8_RKS8_
FNDA:19,_ZStplIcSt11char_traitsIcESaIcEENSt7__cxx1112basic_stringIT_T0_T1_EEOS8_RKS8_
FN:6166,_ZStplIcSt11char_traitsIcESaIcEENSt7__cxx1112basic_stringIT_T0_T1_EERKS8_OS8_
FNDA:3,_ZStplIcSt11char_traitsIcESaIcEENSt7__cxx1112basic_stringIT_T0_T1_EERKS8_OS8_
FN:6206,_ZStplIcSt11char_traitsIcESaIcEENSt7__cxx1112basic_stringIT_T0_T1_EEOS8_PKS5_
FNDA:41,_ZStplIcSt11char_traitsIcESaIcEENSt7__cxx1112basic_stringIT_T0_T1_EEOS8_PKS5_
FN:6234,_ZSteqIcEN9__gnu_cxx11__enable_ifIXsrSt9__is_charIT_E7__valueEbE6__typeERKNSt7__cxx1112basic_stringIS3_St11char_traitsIS3_ESaIS3_EEESE_
FNDA:13,_ZSteqIcEN9__gnu_cxx11__enable_ifIXsrSt9__is_charIT_E7__valueEbE6__typeERKNSt7__cxx1112basic_stringIS3_St11char_traitsIS3_ESaIS3_EEESE_
FN:6248,_ZSteqIcSt11char_traitsIcESaIcEEbRKNSt7__cxx1112basic_stringIT_T0_T1_EEPKS5_
FNDA:0,_ZSteqIcSt11char_traitsIcESaIcEEbRKNSt7__cxx1112basic_stringIT_T0_T1_EEPKS5_
FN:6340,_ZStltIcSt11char_traitsIcESaIcEEbRKNSt7__cxx1112basic_stringIT_T0_T1_EESA_
FNDA:25,_ZStltIcSt11char_traitsIcESaIcEEbRKNSt7__cxx1112basic_stringIT_T0_T1_EESA_
FN:6660,_ZNSt7__cxx119to_stringEi
FNDA:3,_ZNSt7__cxx119to_stringEi
FNF:12
FNH:8
DA:251,0
DA:255,0
DA:256,0
DA:271,0
DA:274,0
DA:275,0
DA:533,0
DA:534,0
DA:536,0
BRDA:536,0,0,-
BRDA:536,0,1,-
DA:539,0
DA:540,0
DA:553,3
DA:554,3
DA:555,3
DA:6132,26
DA:6135,26
DA:6136,26
DA:6137,26
DA:6160,19
DA:6162,19
DA:6166,3
DA:6168,3
DA:6206,41
DA:6208,41
DA:6234,13
DA:6236,13
DA:6237,13
BRDA:6237,0,0,4
BRDA:6237,0,1,9
BRDA:6237,0,2,4
BRDA:6237,0,3,0
DA:6238,13
DA:6248,0
DA:6250,0
DA:6340,25
DA:6343,25
DA:6660,3
DA:6662,3
DA:6663,3
BRDA:6663,0,0,0
BRDA:6663,0,1,3
DA:6664,3
DA:6665,3
DA:6666,3
DA:6667,3
BRF:8
BRH:4
LF:39
LH:26
end_of_record
SF:/usr/include/c++/11/ext/new_allocator.h
FN:79,_ZN9__gnu_cxx13new_allocatorIcEC2Ev
FNDA:0,_ZN9__gnu_cxx13new_allocatorIcEC2Ev
FN:82,_ZN9__gnu_cxx13new_allocatorIcEC2ERKS1_
FNDA:0,_ZN9__gnu_cxx13new_allocatorIcEC2ERKS1_
FN:89,_ZN9__gnu_cxx13new_allocatorIcED2Ev
FNDA:0,_ZN9__gnu_cxx13new_allocatorIcED2Ev
FN:103,_ZN9__gnu_cxx13new_allocatorIiE8allocateEmPKv
FNDA:8,_ZN9__gnu_cxx13new_allocatorIiE8allocateEmPKv
FN:103,_ZN9__gnu_cxx13new_allocatorINSt7__cxx1112basic_stringIcSt11char_traitsIcESaIcEEEE8allocateEmPKv
FNDA:0,_ZN9__gnu_cxx13new_allocatorINSt7__cxx1112basic_stringIcSt11char_traitsIcESaIcEEEE8allocateEmPKv
FN:103,_ZN9__gnu_cxx13new_allocatorI3ValE8allocateEmPKv
FNDA:10,_ZN9__gnu_cxx13new_allocatorI3ValE8allocateEmPKv
FN:103,_ZN9__gnu_cxx13new_allocatorISt13_Rb_tree_nodeISt4pairIKNSt7__cxx1112basic_stringIcSt11char_traitsIcESaIcEEEiEEE8allocateEmPKv
FNDA:3,_ZN9__gnu_cxx13new_allocatorISt13_Rb_tree_nodeISt4pairIKNSt7__cxx1112basic_stringIcSt11char_traitsIcESaIcEEEiEEE8allocateEmPKv
FN:132,_ZN9__gnu_cxx13new_allocatorI3ValE10deallocateEPS1_m
FNDA:6,_ZN9__gnu_cxx13new_allocatorI3ValE10deallocateEPS1_m
FN:132,_ZN9__gnu_cxx13new_allocatorISt13_Rb_tree_nodeISt4pairIKNSt7__cxx1112basic_stringIcSt11char_traitsIcESaIcEEEiEEE10deallocateEPSB_m
FNDA:0,_ZN9__gnu_cxx13new_allocatorISt13_Rb_tree_nodeISt4pairIKNSt7__cxx1112basic_stringIcSt11char_traitsIcESaIcEEEiEEE10deallocateEPSB_m
FN:132,_ZN9__gnu_cxx13new_allocatorIiE10deallocateEPim
FNDA:7,_ZN9__gnu_cxx13new_allocatorIiE10deallocateEPim
FN:132,_ZN9__gnu_cxx13new_allocatorINSt7__cxx1112basic_stringIcSt11char_traitsIcESaIcEEEE10deallocateEPS6_m
FNDA:0,_ZN9__gnu_cxx13new_allocatorINSt7__cxx1112basic_stringIcSt11char_traitsIcESaIcEEEE10deallocateEPS6_m
FN:154,_ZNK9__gnu_cxx13new_allocatorI3ValE8max_sizeEv
FNDA:20,_ZNK9__gnu_cxx13new_allocatorI3ValE8max_sizeEv
FN:154,_ZNK9__gnu_cxx13new_allocatorIiE8max_sizeEv
FNDA:16,_ZNK9__gnu_cxx13new_allocatorIiE8max_sizeEv
FN:154,_ZNK9__gnu_cxx13new_allocatorINSt7__cxx1112basic_stringIcSt11char_traitsIcESaIcEEEE8max_sizeEv
FNDA:0,_ZNK9__gnu_cxx13new_allocatorINSt7__cxx1112basic_stringIcSt11char_traitsIcESaIcEEEE8max_sizeEv
FN:160,_ZN9__gnu_cxx13new_allocatorIiE9constructIiJRKiEEEvPT_DpOT0_
FNDA:0,_ZN9__gnu_cxx13new_allocatorIiE9constructIiJRKiEEEvPT_DpOT0_
FN:160,_ZN9__gnu_cxx13new_allocatorI3ValE9constructIS1_JS1_EEEvPT_DpOT0_
FNDA:9,_ZN9__gnu_cxx13new_allocatorI3ValE9constructIS1_JS1_EEEvPT_DpOT0_
FN:160,_ZN9__gnu_cxx13new_allocatorINSt7__cxx1112basic_stringIcSt11char_traitsIcESaIcEEEE9constructIS6_JRKS6_EEEvPT_DpOT0_
FNDA:0,_ZN9__gnu_cxx13new_allocatorINSt7__cxx1112basic_stringIcSt11char_traitsIcESaIcEEEE9constructIS6_JRKS6_EEEvPT_DpOT0_
FN:160,_ZN9__gnu_cxx13new_allocatorI3ValE9constructIS1_JRKS1_EEEvPT_DpOT0_
FNDA:13,_ZN9__gnu_cxx13new_allocatorI3ValE9constructIS1_JRKS1_EEEvPT_DpOT0_
FN:160,_ZN9__gnu_cxx13new_allocatorISt13_Rb_tree_nodeISt4pairIKNSt7__cxx1112basic_stringIcSt11char_traitsIcESaIcEEEiEEE9constructISA_JRKSt21piecewise_construct_tSt5tupleIJRS9_EESH_IJEEEEEvPT_DpOT0_
FNDA:3,_ZN9__gnu_cxx13new_allocatorISt13_Rb_tree_nodeISt4pairIKNSt7__cxx1112basic_stringIcSt11char_traitsIcESaIcEEEiEEE9constructISA_JRKSt21piecewise_construct_tSt5tupleIJRS9_EESH_IJEEEEEvPT_DpOT0_
FN:166,_ZN9__gnu_cxx13new_allocatorIiE7destroyIiEEvPT_
FNDA:0,_ZN9__gnu_cxx13new_allocatorIiE7destroyIiEEvPT_
FN:166,_ZN9__gnu_cxx13new_allocatorINSt7__cxx1112basic_stringIcSt11char_traitsIcESaIcEEEE7destroyIS6_EEvPT_
FNDA:5,_ZN9__gnu_cxx13new_allocatorINSt7__cxx1112basic_stringIcSt11char_traitsIcESaIcEEEE7destroyIS6_EEvPT_
FN:166,_ZN9__gnu_cxx13new_allocatorI3ValE7destroyIS1_EEvPT_
FNDA:9,_ZN9__gnu_cxx13new_allocatorI3ValE7destroyIS1_EEvPT_
FN:166,_ZN9__gnu_cxx13new_allocatorISt13_Rb_tree_nodeISt4pairIKNSt7__cxx1112basic_stringIcSt11char_traitsIcESaIcEEEiEEE7destroyISA_EEvPT_
FNDA:0,_ZN9__gnu_cxx13new_allocatorISt13_Rb_tree_nodeISt4pairIKNSt7__cxx1112basic_stringIcSt11char_traitsIcESaIcEEEiEEE7destroyISA_EEvPT_
FN:197,_ZNK9__gnu_cxx13new_allocatorIiE11_M_max_sizeEv
FNDA:24,_ZNK9__gnu_cxx13new_allocatorIiE11_M_max_sizeEv
FN:197,_ZNK9__gnu_cxx13new_allocatorI3ValE11_M_max_sizeEv
FNDA:30,_ZNK9__gnu_cxx13new_allocatorI3ValE11_M_max_sizeEv
FN:197,_ZNK9__gnu_cxx13new_allocatorINSt7__cxx1112basic_stringIcSt11char_traitsIcESaIcEEEE11_M_max_sizeEv
FNDA:0,_ZNK9__gnu_cxx13new_allocatorINSt7__cxx1112basic_stringIcSt11char_traitsIcESaIcEEEE11_M_max_sizeEv
FN:197,_ZNK9__gnu_cxx13new_allocatorISt13_Rb_tree_nodeISt4pairIKNSt7__cxx1112basic_stringIcSt11char_traitsIcESaIcEEEiEEE11_M_max_sizeEv
FNDA:3,_ZNK9__gnu_cxx13new_allocatorISt13_Rb_tree_nodeISt4pairIKNSt7__cxx1112basic_stringIcSt11char_traitsIcESaIcEEEiEEE11_M_max_sizeEv
FNF:27
FNH:15
DA:79,0
DA:82,0
DA:89,0
DA:103,3
DA:111,3
BRDA:111,0,0,0
BRDA:111,0,1,3
DA:115,0
BRDA:115,0,0,-
BRDA:115,0,1,-
DA:116,0
DA:117,0
DA:127,3
DA:103,10
DA:111,10
BRDA:111,0,0,0
BRDA:111,0,1,10
DA:115,0
BRDA:115,0,0,-
BRDA:115,0,1,-
DA:116,0
DA:117,0
DA:127,10
DA:103,8
DA:111,8
BRDA:111,0,0,0
BRDA:111,0,1,8
DA:115,0
BRDA:115,0,0,-
BRDA:115,0,1,-
DA:116,0
DA:117,0
DA:127,8
DA:103,0
DA:111,0
BRDA:111,0,0,-
BRDA:111,0,1,-
DA:115,0
BRDA:115,0,0,-
BRDA:115,0,1,-
DA:116,0
DA:117,0
DA:127,0
DA:132,0
DA:145,0
DA:132,6
DA:145,6
DA:132,7
DA:145,7
DA:132,0
DA:145,0
DA:154,20
DA:155,20
DA:154,16
DA:155,16
DA:154,0
DA:155,0
DA:160,9
DA:162,9
DA:160,3
DA:162,3
DA:160,0
DA:162,0
DA:160,0
DA:162,0
DA:160,13
DA:162,13
DA:166,0
DA:168,0
DA:166,0
DA:168,0
DA:166,5
DA:168,5
DA:166,9
DA:168,9
DA:197,3
DA:200,3
DA:197,30
DA:200,30
DA:197,24
DA:200,24
DA:197,0
DA:200,0
BRF:16
BRH:3
LF:67
LH:33
end_of_record
SF:/usr/include/c++/11/bits/stl_construct.h
FN:109,_ZSt10_ConstructINSt7__cxx1112basic_stringIcSt11char_traitsIcESaIcEEEJS5_EEvPT_DpOT0_
FNDA:0,_ZSt10_ConstructINSt7__cxx1112basic_stringIcSt11char_traitsIcESaIcEEEJS5_EEvPT_DpOT0_
FN:109,_ZSt10_ConstructINSt7__cxx1112basic_stringIcSt11char_traitsIcESaIcEEEJRKS5_EEvPT_DpOT0_
FNDA:0,_ZSt10_ConstructINSt7__cxx1112basic_stringIcSt11char_traitsIcESaIcEEEJRKS5_EEvPT_DpOT0_
FN:146,_ZSt8_DestroyINSt7__cxx1112basic_stringIcSt11char_traitsIcESaIcEEEEvPT_
FNDA:0,_ZSt8_DestroyINSt7__cxx1112basic_stringIcSt11char_traitsIcESaIcEEEEvPT_
FN:160,_ZNSt12_Destroy_auxILb0EE9__destroyIPNSt7__cxx1112basic_stringIcSt11char_traitsIcESaIcEEEEEvT_S9_
FNDA:0,_ZNSt12_Destroy_auxILb0EE9__destroyIPNSt7__cxx1112basic_stringIcSt11char_traitsIcESaIcEEEEEvT_S9_
FN:172,_ZNSt12_Destroy_auxILb1EE9__destroyIPiEEvT_S3_
FNDA:6,_ZNSt12_Destroy_auxILb1EE9__destroyIPiEEvT_S3_
FN:182,_ZSt8_DestroyIPiEvT_S1_
FNDA:6,_ZSt8_DestroyIPiEvT_S1_
FN:182,_ZSt8_DestroyIPNSt7__cxx1112basic_stringIcSt11char_traitsIcESaIcEEEEvT_S7_
FNDA:0,_ZSt8_DestroyIPNSt7__cxx1112basic_stringIcSt11char_traitsIcESaIcEEEEvT_S7_
FNF:7
FNH:2
DA:109,0
DA:119,0
DA:120,0
DA:109,0
DA:119,0
DA:120,0
DA:146,0
DA:151,0
DA:153,0
DA:160,0
DA:162,0
BRDA:162,0,0,-
BRDA:162,0,1,-
DA:163,0
DA:164,0
DA:172,6
DA:182,6
DA:196,6
DA:197,6
DA:182,0
DA:196,0
DA:197,0
BRF:2
BRH:0
LF:20
LH:4
end_of_record
SF:/usr/include/c++/11/bits/charconv.h
FN:47,_ZNSt8__detail14__to_chars_lenIjEEjT_i
FNDA:3,_ZNSt8__detail14__to_chars_lenIjEEjT_i
FN:72,_ZNSt8__detail18__to_chars_10_implIjEEvPcjT_
FNDA:3,_ZNSt8__detail18__to_chars_10_implIjEEvPcjT_
FNF:2
FNH:2
DA:47,3
DA:52,3
DA:53,3
DA:54,3
DA:55,3
DA:58,3
BRDA:58,0,0,3
BRDA:58,0,1,0
DA:59,0
BRDA:59,0,0,-
BRDA:59,0,1,-
DA:60,0
BRDA:60,0,0,-
BRDA:60,0,1,-
DA:61,0
BRDA:61,0,0,-
BRDA:61,0,1,-
DA:62,0
DA:63,0
DA:72,3
DA:83,3
DA:84,3
BRDA:84,0,0,0
BRDA:84,0,1,3
DA:86,0
DA:87,0
DA:88,0
DA:89,0
DA:90,0
DA:92,3
BRDA:92,0,0,0
BRDA:92,0,1,3
DA:94,0
DA:95,0
DA:96,0
DA:99,3
DA:100,3
BRF:12
BRH:3
LF:25
LH:12
end_of_record
SF:/usr/include/c++/11/bits/basic_string.tcc
FN:206,_ZNSt7__cxx1112basic_stringIcSt11char_traitsIcESaIcEE12_M_constructIPcEEvT_S7_St20forward_iterator_tag
FNDA:0,_ZNSt7__cxx1112basic_stringIcSt11char_traitsIcESaIcEE12_M_constructIPcEEvT_S7_St20forward_iterator_tag
FN:206,_ZNSt7__cxx1112basic_stringIcSt11char_traitsIcESaIcEE12_M_constructIPKcEEvT_S8_St20forward_iterator_tag
FNDA:0,_ZNSt7__cxx1112basic_stringIcSt11char_traitsIcESaIcEE12_M_constructIPKcEEvT_S8_St20forward_iterator_tag
FN:1169,_ZStplIcSt11char_traitsIcESaIcEENSt7__cxx1112basic_stringIT_T0_T1_EEPKS5_RKS8_
FNDA:3,_ZStplIcSt11char_traitsIcESaIcEENSt7__cxx1112basic_stringIT_T0_T1_EEPKS5_RKS8_
FNF:3
FNH:1
DA:206,0
DA:211,0
BRDA:211,0,0,-
BRDA:211,0,1,-
BRDA:211,0,2,-
BRDA:211,0,3,-
BRDA:211,0,4,-
BRDA:211,0,5,-
DA:212,0
DA:215,0
DA:217,0
BRDA:217,0,0,-
BRDA:217,0,1,-
DA:219,0
DA:220,0
DA:225,0
DA:232,0
DA:233,0
DA:206,0
DA:211,0
BRDA:211,0,0,-
BRDA:211,0,1,-
BRDA:211,0,2,-
BRDA:211,0,3,-
BRDA:211,0,4,-
BRDA:211,0,5,-
DA:212,0
DA:215,0
DA:217,0
BRDA:217,0,0,-
BRDA:217,0,1,-
DA:219,0
DA:220,0
DA:225,0
DA:232,0
DA:233,0
DA:1169,3
DA:1178,3
DA:1179,6
DA:1181,3
DA:1182,3
DA:1183,3
DA:1184,3
BRF:16
BRH:0
LF:27
LH:7
end_of_record
SF:/usr/include/c++/11/bits/char_traits.h
FN:106,_ZN9__gnu_cxx11char_traitsIcE2eqERKcS3_
FNDA:0,_ZN9__gnu_cxx11char_traitsIcE2eqERKcS3_
FN:167,_ZN9__gnu_cxx11char_traitsIcE6lengthEPKc
FNDA:0,_ZN9__gnu_cxx11char_traitsIcE6lengthEPKc
FN:364,_ZNSt11char_traitsIcE2ltERKcS2_
FNDA:0,_ZNSt11char_traitsIcE2ltERKcS2_
FN:372,_ZNSt11char_traitsIcE7compareEPKcS2_m
FNDA:4,_ZNSt11char_traitsIcE7compareEPKcS2_m
FN:393,_ZNSt11char_traitsIcE6lengthEPKc
FNDA:0,_ZNSt11char_traitsIcE6lengthEPKc
FN:429,_ZNSt11char_traitsIcE4copyEPcPKcm
FNDA:0,_ZNSt11char_traitsIcE4copyEPcPKcm
FNF:6
FNH:1
DA:106,0
DA:107,0
DA:167,0
DA:170,0
DA:171,0
BRDA:171,0,0,-
BRDA:171,0,1,-
DA:172,0
DA:173,0
DA:290,0
DA:364,0
DA:367,0
DA:368,0
DA:372,4
DA:374,4
BRDA:374,0,0,0
BRDA:374,0,1,4
DA:375,0
DA:377,4
DA:379,4
BRDA:379,0,0,0
BRDA:379,0,1,4
DA:381,0
BRDA:381,0,0,-
BRDA:381,0,1,-
DA:382,0
BRDA:382,0,0,-
BRDA:382,0,1,-
DA:383,0
DA:384,0
BRDA:384,0,0,-
BRDA:384,0,1,-
DA:385,0
DA:386,0
DA:389,4
DA:393,0
DA:396,0
BRDA:396,0,0,-
BRDA:396,0,1,-
DA:397,0
DA:399,0
DA:429,0
DA:431,0
BRDA:431,0,0,-
BRDA:431,0,1,-
DA:432,0
DA:437,0
BRF:16
BRH:2
LF:31
LH:5
end_of_record
SF:/usr/include/c++/11/bits/alloc_traits.h
FN:463,_ZNSt16allocator_traitsISaINSt7__cxx1112basic_stringIcSt11char_traitsIcESaIcEEEEE8allocateERS6_m
FNDA:0,_ZNSt16allocator_traitsISaINSt7__cxx1112basic_stringIcSt11char_traitsIcESaIcEEEEE8allocateERS6_m
FN:463,_ZNSt16allocator_traitsISaISt13_Rb_tree_nodeISt4pairIKNSt7__cxx1112basic_stringIcSt11char_traitsIcESaIcEEEiEEEE8allocateERSB_m
FNDA:3,_ZNSt16allocator_traitsISaISt13_Rb_tree_nodeISt4pairIKNSt7__cxx1112basic_stringIcSt11char_traitsIcESaIcEEEiEEEE8allocateERSB_m
FN:463,_ZNSt16allocator_traitsISaI3ValEE8allocateERS1_m
FNDA:10,_ZNSt16allocator_traitsISaI3ValEE8allocateERS1_m
FN:463,_ZNSt16allocator_traitsISaIiEE8allocateERS0_m
FNDA:8,_ZNSt16allocator_traitsISaIiEE8allocateERS0_m
FN:495,_ZNSt16allocator_traitsISaISt13_Rb_tree_nodeISt4pairIKNSt7__cxx1112basic_stringIcSt11char_traitsIcESaIcEEEiEEEE10deallocateERSB_PSA_m
FNDA:0,_ZNSt16allocator_traitsISaISt13_Rb_tree_nodeISt4pairIKNSt7__cxx1112basic_stringIcSt11char_traitsIcESaIcEEEiEEEE10deallocateERSB_PSA_m
FN:495,_ZNSt16allocator_traitsISaINSt7__cxx1112basic_stringIcSt11char_traitsIcESaIcEEEEE10deallocateERS6_PS5_m
FNDA:0,_ZNSt16allocator_traitsISaINSt7__cxx1112basic_stringIcSt11char_traitsIcESaIcEEEEE10deallocateERS6_PS5_m
FN:495,_ZNSt16allocator_traitsISaI3ValEE10deallocateERS1_PS0_m
FNDA:6,_ZNSt16allocator_traitsISaI3ValEE10deallocateERS1_PS0_m
FN:495,_ZNSt16allocator_traitsISaIiEE10deallocateERS0_Pim
FNDA:7,_ZNSt16allocator_traitsISaIiEE10deallocateERS0_Pim
FN:511,_ZNSt16allocator_traitsISaI3ValEE9constructIS0_JRKS0_EEEvRS1_PT_DpOT0_
FNDA:13,_ZNSt16allocator_traitsISaI3ValEE9constructIS0_JRKS0_EEEvRS1_PT_DpOT0_
FN:511,_ZNSt16allocator_traitsISaI3ValEE9constructIS0_JS0_EEEvRS1_PT_DpOT0_
FNDA:9,_ZNSt16allocator_traitsISaI3ValEE9constructIS0_JS0_EEEvRS1_PT_DpOT0_
FN:511,_ZNSt16allocator_traitsISaINSt7__cxx1112basic_stringIcSt11char_traitsIcESaIcEEEEE9constructIS5_JRKS5_EEEvRS6_PT_DpOT0_
FNDA:0,_ZNSt16allocator_traitsISaINSt7__cxx1112basic_stringIcSt11char_traitsIcESaIcEEEEE9constructIS5_JRKS5_EEEvRS6_PT_DpOT0_
FN:511,_ZNSt16allocator_traitsISaIiEE9constructIiJRKiEEEvRS0_PT_DpOT0_
FNDA:0,_ZNSt16allocator_traitsISaIiEE9constructIiJRKiEEEvRS0_PT_DpOT0_
FN:511,_ZNSt16allocator_traitsISaISt13_Rb_tree_nodeISt4pairIKNSt7__cxx1112basic_stringIcSt11char_traitsIcESaIcEEEiEEEE9constructIS9_JRKSt21piecewise_construct_tSt5tupleIJRS8_EESH_IJEEEEEvRSB_PT_DpOT0_
FNDA:3,_ZNSt16allocator_traitsISaISt13_Rb_tree_nodeISt4pairIKNSt7__cxx1112basic_stringIcSt11char_traitsIcESaIcEEEiEEEE9constructIS9_JRKSt21piecewise_construct_tSt5tupleIJRS8_EESH_IJEEEEEvRSB_PT_DpOT0_
FN:531,_ZNSt16allocator_traitsISaIiEE7destroyIiEEvRS0_PT_
FNDA:0,_ZNSt16allocator_traitsISaIiEE7destroyIiEEvRS0_PT_
FN:531,_ZNSt16allocator_traitsISaISt13_Rb_tree_nodeISt4pairIKNSt7__cxx1112basic_stringIcSt11char_traitsIcESaIcEEEiEEEE7destroyIS9_EEvRSB_PT_
FNDA:0,_ZNSt16allocator_traitsISaISt13_Rb_tree_nodeISt4pairIKNSt7__cxx1112basic_stringIcSt11char_traitsIcESaIcEEEiEEEE7destroyIS9_EEvRSB_PT_
FN:531,_ZNSt16allocator_traitsISaINSt7__cxx1112basic_stringIcSt11char_traitsIcESaIcEEEEE7destroyIS5_EEvRS6_PT_
FNDA:5,_ZNSt16allocator_traitsISaINSt7__cxx1112basic_stringIcSt11char_traitsIcESaIcEEEEE7destroyIS5_EEvRS6_PT_
FN:531,_ZNSt16allocator_traitsISaI3ValEE7destroyIS0_EEvRS1_PT_
FNDA:9,_ZNSt16allocator_traitsISaI3ValEE7destroyIS0_EEvRS1_PT_
FN:547,_ZNSt16allocator_traitsISaINSt7__cxx1112basic_stringIcSt11char_traitsIcESaIcEEEEE8max_sizeERKS6_
FNDA:0,_ZNSt16allocator_traitsISaINSt7__cxx1112basic_stringIcSt11char_traitsIcESaIcEEEEE8max_sizeERKS6_
FN:547,_ZNSt16allocator_traitsISaIiEE8max_sizeERKS0_
FNDA:16,_ZNSt16allocator_traitsISaIiEE8max_sizeERKS0_
FN:547,_ZNSt16allocator_traitsISaI3ValEE8max_sizeERKS1_
FNDA:20,_ZNSt16allocator_traitsISaI3ValEE8max_sizeERKS1_
FN:562,_ZNSt16allocator_traitsISaIcEE37select_on_container_copy_constructionERKS0_
FNDA:3,_ZNSt16allocator_traitsISaIcEE37select_on_container_copy_constructionERKS0_
FN:845,_ZSt8_DestroyIPiiEvT_S1_RSaIT0_E
FNDA:6,_ZSt8_DestroyIPiiEvT_S1_RSaIT0_E
FN:845,_ZSt8_DestroyIPNSt7__cxx1112basic_stringIcSt11char_traitsIcESaIcEEES5_EvT_S7_RSaIT0_E
FNDA:0,_ZSt8_DestroyIPNSt7__cxx1112basic_stringIcSt11char_traitsIcESaIcEEES5_EvT_S7_RSaIT0_E
FNF:23
FNH:14
DA:463,3
DA:464,3
DA:463,10
DA:464,10
DA:463,8
DA:464,8
DA:463,0
DA:464,0
DA:495,0
DA:496,0
DA:495,6
DA:496,6
DA:495,7
DA:496,7
DA:495,0
DA:496,0
DA:511,9
DA:516,9
DA:520,9
DA:511,3
DA:516,3
DA:520,3
DA:511,0
DA:516,0
DA:520,0
DA:511,0
DA:516,0
DA:520,0
DA:511,13
DA:516,13
DA:520,13
DA:531,0
DA:535,0
DA:539,0
DA:531,0
DA:535,0
DA:539,0
DA:531,5
DA:535,5
DA:539,5
DA:531,9
DA:535,9
DA:539,9
DA:547,20
DA:550,20
DA:547,16
DA:550,16
DA:547,0
DA:550,0
DA:562,3
DA:563,3
DA:845,6
DA:848,6
DA:849,6
DA:845,0
DA:848,0
DA:849,0
LF:57
LH:34
end_of_record
SF:/usr/include/c++/11/bits/stl_pair.h
FN:322,_ZNSt4pairIPSt18_Rb_tree_node_baseS1_EC2IRS1_Lb1EEEOT_RKS1_
FNDA:0,_ZNSt4pairIPSt18_Rb_tree_node_baseS1_EC2IRS1_Lb1EEEOT_RKS1_
FN:336,_ZNSt4pairIPSt18_Rb_tree_node_baseS1_EC2IRS1_Lb1EEERKS1_OT_
FNDA:2,_ZNSt4pairIPSt18_Rb_tree_node_baseS1_EC2IRS1_Lb1EEERKS1_OT_
FN:352,_ZNSt4pairIPSt18_Rb_tree_node_baseS1_EC2IRPSt13_Rb_tree_nodeIS_IKNSt7__cxx1112basic_stringIcSt11char_traitsIcESaIcEEEiEERS1_Lb1EEEOT_OT0_
FNDA:1,_ZNSt4pairIPSt18_Rb_tree_node_baseS1_EC2IRPSt13_Rb_tree_nodeIS_IKNSt7__cxx1112basic_stringIcSt11char_traitsIcESaIcEEEiEERS1_Lb1EEEOT_OT0_
FN:352,_ZNSt4pairIPSt18_Rb_tree_node_baseS1_EC2IRS1_S4_Lb1EEEOT_OT0_
FNDA:0,_ZNSt4pairIPSt18_Rb_tree_node_baseS1_EC2IRS1_S4_Lb1EEEOT_OT0_
FNF:4
FNH:2
DA:322,0
DA:323,0
DA:336,2
DA:337,2
DA:352,1
DA:353,1
DA:352,0
DA:353,0
LF:8
LH:4
end_of_record
SF:/usr/include/c++/11/bits/stl_iterator.h
FN:1010,_ZN9__gnu_cxx17__normal_iteratorIPNSt7__cxx1112basic_stringIcSt11char_traitsIcESaIcEEESt6vectorIS6_SaIS6_EEEC2ERKS7_
FNDA:102,_ZN9__gnu_cxx17__normal_iteratorIPNSt7__cxx1112basic_stringIcSt11char_traitsIcESaIcEEESt6vectorIS6_SaIS6_EEEC2ERKS7_
FN:1010,_ZN9__gnu_cxx17__normal_iteratorIPiSt6vectorIiSaIiEEEC2ERKS1_
FNDA:32,_ZN9__gnu_cxx17__normal_iteratorIPiSt6vectorIiSaIiEEEC2ERKS1_
FN:1010,_ZN9__gnu_cxx17__normal_iteratorIP3ValSt6vectorIS1_SaIS1_EEEC2ERKS2_
FNDA:20,_ZN9__gnu_cxx17__normal_iteratorIP3ValSt6vectorIS1_SaIS1_EEEC2ERKS2_
FN:1088,_ZNK9__gnu_cxx17__normal_iteratorIPiSt6vectorIiSaIiEEE4baseEv
FNDA:32,_ZNK9__gnu_cxx17__normal_iteratorIPiSt6vectorIiSaIiEEE4baseEv
FN:1088,_ZNK9__gnu_cxx17__normal_iteratorIP3ValSt6vectorIS1_SaIS1_EEE4baseEv
FNDA:40,_ZNK9__gnu_cxx17__normal_iteratorIP3ValSt6vectorIS1_SaIS1_EEE4baseEv
FN:1088,_ZNK9__gnu_cxx17__normal_iteratorIPNSt7__cxx1112basic_stringIcSt11char_traitsIcESaIcEEESt6vectorIS6_SaIS6_EEE4baseEv
FNDA:137,_ZNK9__gnu_cxx17__normal_iteratorIPNSt7__cxx1112basic_stringIcSt11char_traitsIcESaIcEEESt6vectorIS6_SaIS6_EEE4baseEv
FN:1234,_ZN9__gnu_cxxmiIPNSt7__cxx1112basic_stringIcSt11char_traitsIcESaIcEEESt6vectorIS6_SaIS6_EEEENS_17__normal_iteratorIT_T0_E15difference_typeERKSE_SH_
FNDA:20,_ZN9__gnu_cxxmiIPNSt7__cxx1112basic_stringIcSt11char_traitsIcESaIcEEESt6vectorIS6_SaIS6_EEEENS_17__normal_iteratorIT_T0_E15difference_typeERKSE_SH_
FN:1234,_ZN9__gnu_cxxmiIPiSt6vectorIiSaIiEEEENS_17__normal_iteratorIT_T0_E15difference_typeERKS8_SB_
FNDA:8,_ZN9__gnu_cxxmiIPiSt6vectorIiSaIiEEEENS_17__normal_iteratorIT_T0_E15difference_typeERKS8_SB_
FN:1234,_ZN9__gnu_cxxmiIP3ValSt6vectorIS1_SaIS1_EEEENS_17__normal_iteratorIT_T0_E15difference_typeERKS9_SC_
FNDA:10,_ZN9__gnu_cxxmiIP3ValSt6vectorIS1_SaIS1_EEEENS_17__normal_iteratorIT_T0_E15difference_typeERKS9_SC_
FN:1387,_ZNSt13move_iteratorIPNSt7__cxx1112basic_stringIcSt11char_traitsIcESaIcEEEEC2ES6_
FNDA:4,_ZNSt13move_iteratorIPNSt7__cxx1112basic_stringIcSt11char_traitsIcESaIcEEEEC2ES6_
FN:1387,_ZNSt13move_iteratorIPiEC2ES0_
FNDA:4,_ZNSt13move_iteratorIPiEC2ES0_
FN:1412,_ZNKSt13move_iteratorIPiE4baseEv
FNDA:4,_ZNKSt13move_iteratorIPiE4baseEv
FN:1412,_ZNKSt13move_iteratorIPNSt7__cxx1112basic_stringIcSt11char_traitsIcESaIcEEEE4baseEv
FNDA:4,_ZNKSt13move_iteratorIPNSt7__cxx1112basic_stringIcSt11char_traitsIcESaIcEEEE4baseEv
FN:1425,_ZNKSt13move_iteratorIPNSt7__cxx1112basic_stringIcSt11char_traitsIcESaIcEEEEdeEv
FNDA:0,_ZNKSt13move_iteratorIPNSt7__cxx1112basic_stringIcSt11char_traitsIcESaIcEEEEdeEv
FN:1437,_ZNSt13move_iteratorIPNSt7__cxx1112basic_stringIcSt11char_traitsIcESaIcEEEEppEv
FNDA:0,_ZNSt13move_iteratorIPNSt7__cxx1112basic_stringIcSt11char_traitsIcESaIcEEEEppEv
FN:1601,_ZSteqIPNSt7__cxx1112basic_stringIcSt11char_traitsIcESaIcEEEEbRKSt13move_iteratorIT_ESB_
FNDA:2,_ZSteqIPNSt7__cxx1112basic_stringIcSt11char_traitsIcESaIcEEEEbRKSt13move_iteratorIT_ESB_
FN:1607,_ZStneIPNSt7__cxx1112basic_stringIcSt11char_traitsIcESaIcEEEEbRKSt13move_iteratorIT_ESB_
FNDA:2,_ZStneIPNSt7__cxx1112basic_stringIcSt11char_traitsIcESaIcEEEEbRKSt13move_iteratorIT_ESB_
FN:1652,_ZSt18make_move_iteratorIPiESt13move_iteratorIT_ES2_
FNDA:0,_ZSt18make_move_iteratorIPiESt13move_iteratorIT_ES2_
FN:1652,_ZSt18make_move_iteratorIPNSt7__cxx1112basic_stringIcSt11char_traitsIcESaIcEEEESt13move_iteratorIT_ES8_
FNDA:0,_ZSt18make_move_iteratorIPNSt7__cxx1112basic_stringIcSt11char_traitsIcESaIcEEEESt13move_iteratorIT_ES8_
FN:1669,_ZSt32__make_move_if_noexcept_iteratorINSt7__cxx1112basic_stringIcSt11char_traitsIcESaIcEEESt13move_iteratorIPS5_EET0_PT_
FNDA:4,_ZSt32__make_move_if_noexcept_iteratorINSt7__cxx1112basic_stringIcSt11char_traitsIcESaIcEEESt13move_iteratorIPS5_EET0_PT_
FN:1669,_ZSt32__make_move_if_noexcept_iteratorIiSt13move_iteratorIPiEET0_PT_
FNDA:4,_ZSt32__make_move_if_noexcept_iteratorIiSt13move_iteratorIPiEET0_PT_
FN:2359,_ZSt12__miter_baseIPiEDTcl12__miter_basecldtfp_4baseEEESt13move_iteratorIT_E
FNDA:4,_ZSt12__miter_baseIPiEDTcl12__miter_basecldtfp_4baseEEESt13move_iteratorIT_E
FNF:22
FNH:18
DA:1010,20
DA:1011,20
DA:1010,32
DA:1011,32
DA:1010,102
DA:1011,102
DA:1088,40
DA:1089,40
DA:1088,32
DA:1089,32
DA:1088,137
DA:1089,137
DA:1234,10
DA:1237,10
DA:1234,8
DA:1237,8
DA:1234,20
DA:1237,20
DA:1387,4
DA:1388,4
DA:1387,4
DA:1388,4
DA:1412,4
DA:1413,4
DA:1412,4
DA:1413,4
DA:1425,0
DA:1429,0
DA:1437,0
DA:1439,0
DA:1440,0
DA:1601,2
DA:1603,2
DA:1607,2
DA:1609,2
DA:1652,0
DA:1653,0
DA:1652,0
DA:1653,0
DA:1669,4
DA:1670,4
DA:1669,4
DA:1670,4
DA:2359,4
DA:2361,4
LF:45
LH:36
end_of_record
SF:/usr/include/c++/11/iostream
LF:0
LH:0
end_of_record
SF:/usr/include/c++/11/ext/alloc_traits.h
FN:97,_ZN9__gnu_cxx14__alloc_traitsISaIcEcE17_S_select_on_copyERKS1_
FNDA:3,_ZN9__gnu_cxx14__alloc_traitsISaIcEcE17_S_select_on_copyERKS1_
FNF:1
FNH:1
DA:97,3
DA:98,3
LF:2
LH:2
end_of_record
SF:/usr/include/c++/11/bits/ios_base.h
FN:129,_ZStorSt13_Ios_OpenmodeS_
FNDA:0,_ZStorSt13_Ios_OpenmodeS_
FNF:1
FNH:0
DA:129,0
DA:130,0
LF:2
LH:0
end_of_record
SF:/usr/include/c++/11/bits/stl_vector.h
FN:276,_ZNSt12_Vector_baseIiSaIiEE19_M_get_Tp_allocatorEv
FNDA:23,_ZNSt12_Vector_baseIiSaIiEE19_M_get_Tp_allocatorEv
FN:276,_ZNSt12_Vector_baseINSt7__cxx1112basic_stringIcSt11char_traitsIcESaIcEEESaIS5_EE19_M_get_Tp_allocatorEv
FNDA:0,_ZNSt12_Vector_baseINSt7__cxx1112basic_stringIcSt11char_traitsIcESaIcEEESaIS5_EE19_M_get_Tp_allocatorEv
FN:276,_ZNSt12_Vector_baseI3ValSaIS0_EE19_M_get_Tp_allocatorEv
FNDA:20,_ZNSt12_Vector_baseI3ValSaIS0_EE19_M_get_Tp_allocatorEv
FN:280,_ZNKSt12_Vector_baseIiSaIiEE19_M_get_Tp_allocatorEv
FNDA:16,_ZNKSt12_Vector_baseIiSaIiEE19_M_get_Tp_allocatorEv
FN:280,_ZNKSt12_Vector_baseINSt7__cxx1112basic_stringIcSt11char_traitsIcESaIcEEESaIS5_EE19_M_get_Tp_allocatorEv
FNDA:37,_ZNKSt12_Vector_baseINSt7__cxx1112basic_stringIcSt11char_traitsIcESaIcEEESaIS5_EE19_M_get_Tp_allocatorEv
FN:280,_ZNKSt12_Vector_baseI3ValSaIS0_EE19_M_get_Tp_allocatorEv
FNDA:20,_ZNKSt12_Vector_baseI3ValSaIS0_EE19_M_get_Tp_allocatorEv
FN:343,_ZNSt12_Vector_baseIiSaIiEE11_M_allocateEm
FNDA:8,_ZNSt12_Vector_baseIiSaIiEE11_M_allocateEm
FN:343,_ZNSt12_Vector_baseI3ValSaIS0_EE11_M_allocateEm
FNDA:10,_ZNSt12_Vector_baseI3ValSaIS0_EE11_M_allocateEm
FN:343,_ZNSt12_Vector_baseINSt7__cxx1112basic_stringIcSt11char_traitsIcESaIcEEESaIS5_EE11_M_allocateEm
FNDA:0,_ZNSt12_Vector_baseINSt7__cxx1112basic_stringIcSt11char_traitsIcESaIcEEESaIS5_EE11_M_allocateEm
FN:350,_ZNSt12_Vector_baseINSt7__cxx1112basic_stringIcSt11char_traitsIcESaIcEEESaIS5_EE13_M_deallocateEPS5_m
FNDA:0,_ZNSt12_Vector_baseINSt7__cxx1112basic_stringIcSt11char_traitsIcESaIcEEESaIS5_EE13_M_deallocateEPS5_m
FN:350,_ZNSt12_Vector_baseIiSaIiEE13_M_deallocateEPim
FNDA:13,_ZNSt12_Vector_baseIiSaIiEE13_M_deallocateEPim
FN:350,_ZNSt12_Vector_baseI3ValSaIS0_EE13_M_deallocateEPS0_m
FNDA:10,_ZNSt12_Vector_baseI3ValSaIS0_EE13_M_deallocateEPS0_m
FN:453,_ZNSt6vectorI3ValSaIS0_EE14_S_do_relocateEPS0_S3_S3_RS1_St17integral_constantIbLb1EE
FNDA:20,_ZNSt6vectorI3ValSaIS0_EE14_S_do_relocateEPS0_S3_S3_RS1_St17integral_constantIbLb1EE
FN:465,_ZNSt6vectorI3ValSaIS0_EE11_S_relocateEPS0_S3_S3_RS1_
FNDA:20,_ZNSt6vectorI3ValSaIS0_EE11_S_relocateEPS0_S3_S3_RS1_
FN:811,_ZNSt6vectorINSt7__cxx1112basic_stringIcSt11char_traitsIcESaIcEEESaIS5_EE5beginEv
FNDA:39,_ZNSt6vectorINSt7__cxx1112basic_stringIcSt11char_traitsIcESaIcEEESaIS5_EE5beginEv
FN:811,_ZNSt6vectorI3ValSaIS0_EE5beginEv
FNDA:10,_ZNSt6vectorI3ValSaIS0_EE5beginEv
FN:811,_ZNSt6vectorIiSaIiEE5beginEv
FNDA:8,_ZNSt6vectorIiSaIiEE5beginEv
FN:829,_ZNSt6vectorINSt7__cxx1112basic_stringIcSt11char_traitsIcESaIcEEESaIS5_EE3endEv
FNDA:39,_ZNSt6vectorINSt7__cxx1112basic_stringIcSt11char_traitsIcESaIcEEESaIS5_EE3endEv
FN:829,_ZNSt6vectorIiSaIiEE3endEv
FNDA:16,_ZNSt6vectorIiSaIiEE3endEv
FN:829,_ZNSt6vectorI3ValSaIS0_EE3endEv
FNDA:10,_ZNSt6vectorI3ValSaIS0_EE3endEv
FN:918,_ZNKSt6vectorINSt7__cxx1112basic_stringIcSt11char_traitsIcESaIcEEESaIS5_EE4sizeEv
FNDA:75,_ZNKSt6vectorINSt7__cxx1112basic_stringIcSt11char_traitsIcESaIcEEESaIS5_EE4sizeEv
FN:918,_ZNKSt6vectorIiSaIiEE4sizeEv
FNDA:58,_ZNKSt6vectorIiSaIiEE4sizeEv
FN:918,_ZNKSt6vectorI3ValSaIS0_EE4sizeEv
FNDA:0,_ZNKSt6vectorI3ValSaIS0_EE4sizeEv
FN:923,_ZNKSt6vectorINSt7__cxx1112basic_stringIcSt11char_traitsIcESaIcEEESaIS5_EE8max_sizeEv
FNDA:34,_ZNKSt6vectorINSt7__cxx1112basic_stringIcSt11char_traitsIcESaIcEEESaIS5_EE8max_sizeEv
FN:923,_ZNKSt6vectorIiSaIiEE8max_sizeEv
FNDA:16,_ZNKSt6vectorIiSaIiEE8max_sizeEv
FN:923,_ZNKSt6vectorI3ValSaIS0_EE8max_sizeEv
FNDA:20,_ZNKSt6vectorI3ValSaIS0_EE8max_sizeEv
FN:957,_ZNSt6vectorIiSaIiEE6resizeEmRKi
FNDA:1,_ZNSt6vectorIiSaIiEE6resizeEmRKi
FN:957,_ZNSt6vectorINSt7__cxx1112basic_stringIcSt11char_traitsIcESaIcEEESaIS5_EE6resizeEmRKS5_
FNDA:1,_ZNSt6vectorINSt7__cxx1112basic_stringIcSt11char_traitsIcESaIcEEESaIS5_EE6resizeEmRKS5_
FN:1043,_ZNSt6vectorI3ValSaIS0_EEixEm
FNDA:0,_ZNSt6vectorI3ValSaIS0_EEixEm
FN:1043,_ZNSt6vectorIiSaIiEEixEm
FNDA:17,_ZNSt6vectorIiSaIiEEixEm
FN:1043,_ZNSt6vectorINSt7__cxx1112basic_stringIcSt11char_traitsIcESaIcEEESaIS5_EEixEm
FNDA:15,_ZNSt6vectorINSt7__cxx1112basic_stringIcSt11char_traitsIcESaIcEEESaIS5_EEixEm
FN:1187,_ZNSt6vectorI3ValSaIS0_EE9push_backERKS0_
FNDA:13,_ZNSt6vectorI3ValSaIS0_EE9push_backERKS0_
FN:1709,_ZNSt6vectorIiSaIiEE16_Temporary_valueC2IJRKiEEEPS1_DpOT_
FNDA:0,_ZNSt6vectorIiSaIiEE16_Temporary_valueC2IJRKiEEEPS1_DpOT_
FN:1709,_ZNSt6vectorINSt7__cxx1112basic_stringIcSt11char_traitsIcESaIcEEESaIS5_EE16_Temporary_valueC2IJRKS5_EEEPS7_DpOT_
FNDA:0,_ZNSt6vectorINSt7__cxx1112basic_stringIcSt11char_traitsIcESaIcEEESaIS5_EE16_Temporary_valueC2IJRKS5_EEEPS7_DpOT_
FN:1715,_ZNSt6vectorIiSaIiEE16_Temporary_valueD2Ev
FNDA:0,_ZNSt6vectorIiSaIiEE16_Temporary_valueD2Ev
FN:1715,_ZNSt6vectorINSt7__cxx1112basic_stringIcSt11char_traitsIcESaIcEEESaIS5_EE16_Temporary_valueD2Ev
FNDA:0,_ZNSt6vectorINSt7__cxx1112basic_stringIcSt11char_traitsIcESaIcEEESaIS5_EE16_Temporary_valueD2Ev
FN:1719,_ZNSt6vectorINSt7__cxx1112basic_stringIcSt11char_traitsIcESaIcEEESaIS5_EE16_Temporary_value6_M_valEv
FNDA:0,_ZNSt6vectorINSt7__cxx1112basic_stringIcSt11char_traitsIcESaIcEEESaIS5_EE16_Temporary_value6_M_valEv
FN:1719,_ZNSt6vectorIiSaIiEE16_Temporary_value6_M_valEv
FNDA:0,_ZNSt6vectorIiSaIiEE16_Temporary_value6_M_valEv
FN:1723,_ZNSt6vectorINSt7__cxx1112basic_stringIcSt11char_traitsIcESaIcEEESaIS5_EE16_Temporary_value6_M_ptrEv
FNDA:0,_ZNSt6vectorINSt7__cxx1112basic_stringIcSt11char_traitsIcESaIcEEESaIS5_EE16_Temporary_value6_M_ptrEv
FN:1723,_ZNSt6vectorIiSaIiEE16_Temporary_value6_M_ptrEv
FNDA:0,_ZNSt6vectorIiSaIiEE16_Temporary_value6_M_ptrEv
FN:1756,_ZNKSt6vectorINSt7__cxx1112basic_stringIcSt11char_traitsIcESaIcEEESaIS5_EE12_M_check_lenEmPKc
FNDA:14,_ZNKSt6vectorINSt7__cxx1112basic_stringIcSt11char_traitsIcESaIcEEESaIS5_EE12_M_check_lenEmPKc
FN:1756,_ZNKSt6vectorIiSaIiEE12_M_check_lenEmPKc
FNDA:8,_ZNKSt6vectorIiSaIiEE12_M_check_lenEmPKc
FN:1756,_ZNKSt6vectorI3ValSaIS0_EE12_M_check_lenEmPKc
FNDA:10,_ZNKSt6vectorI3ValSaIS0_EE12_M_check_lenEmPKc
FN:1776,_ZNSt6vectorINSt7__cxx1112basic_stringIcSt11char_traitsIcESaIcEEESaIS5_EE11_S_max_sizeERKS6_
FNDA:0,_ZNSt6vectorINSt7__cxx1112basic_stringIcSt11char_traitsIcESaIcEEESaIS5_EE11_S_max_sizeERKS6_
FN:1776,_ZNSt6vectorIiSaIiEE11_S_max_sizeERKS0_
FNDA:16,_ZNSt6vectorIiSaIiEE11_S_max_sizeERKS0_
FN:1776,_ZNSt6vectorI3ValSaIS0_EE11_S_max_sizeERKS1_
FNDA:20,_ZNSt6vectorI3ValSaIS0_EE11_S_max_sizeERKS1_
FN:1792,_ZNSt6vectorIiSaIiEE15_M_erase_at_endEPi
FNDA:0,_ZNSt6vectorIiSaIiEE15_M_erase_at_endEPi
FN:1792,_ZNSt6vectorINSt7__cxx1112basic_stringIcSt11char_traitsIcESaIcEEESaIS5_EE15_M_erase_at_endEPS5_
FNDA:1,_ZNSt6vectorINSt7__cxx1112basic_stringIcSt11char_traitsIcESaIcEEESaIS5_EE15_M_erase_at_endEPS5_
FNF:48
FNH:33
DA:276,20
DA:277,20
DA:276,23
DA:277,23
DA:276,0
DA:277,0
DA:280,20
DA:281,20
DA:280,16
DA:281,16
DA:280,37
DA:281,37
DA:343,10
DA:346,10
BRDA:346,0,0,10
BRDA:346,0,1,0
DA:343,8
DA:346,8
BRDA:346,0,0,8
BRDA:346,0,1,0
DA:343,0
DA:346,0
BRDA:346,0,0,-
BRDA:346,0,1,-
DA:350,10
DA:353,10
BRDA:353,0,0,6
BRDA:353,0,1,4
DA:354,6
DA:355,10
DA:350,13
DA:353,13
BRDA:353,0,0,7
BRDA:353,0,1,6
DA:354,7
DA:355,13
DA:350,0
DA:353,0
BRDA:353,0,0,-
BRDA:353,0,1,-
DA:354,0
DA:355,0
DA:453,20
DA:456,20
DA:465,20
DA:469,20
DA:811,10
DA:812,10
DA:811,8
DA:812,8
DA:811,39
DA:812,39
DA:829,10
DA:830,10
DA:829,16
DA:830,16
DA:829,39
DA:830,39
DA:918,58
DA:919,58
DA:918,0
DA:919,0
DA:918,75
DA:919,75
DA:923,20
DA:924,20
DA:923,16
DA:924,16
DA:923,34
DA:924,34
DA:957,1
DA:959,1
BRDA:959,0,0,1
BRDA:959,0,1,0
DA:960,1
DA:961,0
BRDA:961,0,0,-
BRDA:961,0,1,-
DA:962,0
DA:963,1
DA:957,1
DA:959,1
BRDA:959,0,0,1
BRDA:959,0,1,0
DA:960,1
DA:961,0
BRDA:961,0,0,-
BRDA:961,0,1,-
DA:962,0
DA:963,1
DA:1043,0
DA:1046,0
DA:1043,17
DA:1046,17
DA:1043,15
DA:1046,15
DA:1187,13
DA:1189,13
BRDA:1189,0,0,3
BRDA:1189,0,1,10
DA:1192,3
DA:1194,3
DA:1198,10
DA:1199,13
DA:1709,0
DA:1711,0
DA:1713,0
DA:1709,0
DA:1711,0
DA:1713,0
DA:1715,0
DA:1716,0
DA:1715,0
DA:1716,0
DA:1719,0
DA:1719,0
DA:1723,0
DA:1723,0
DA:1756,10
DA:1758,10
BRDA:1758,0,0,0
BRDA:1758,0,1,10
DA:1759,0
DA:1761,10
DA:1762,10
BRDA:1762,0,0,10
BRDA:1762,0,1,0
BRDA:1762,0,2,0
BRDA:1762,0,3,10
DA:1756,8
DA:1758,8
BRDA:1758,0,0,0
BRDA:1758,0,1,8
DA:1759,0
DA:1761,8
DA:1762,8
BRDA:1762,0,0,8
BRDA:1762,0,1,0
BRDA:1762,0,2,0
BRDA:1762,0,3,8
DA:1756,14
DA:1758,14
BRDA:1758,0,0,0
BRDA:1758,0,1,14
DA:1759,0
DA:1761,14
DA:1762,14
BRDA:1762,0,0,14
BRDA:1762,0,1,0
BRDA:1762,0,2,0
BRDA:1762,0,3,14
DA:1776,20
DA:1781,20
DA:1783,20
DA:1784,20
DA:1776,16
DA:1781,16
DA:1783,16
DA:1784,16
DA:1776,0
DA:1781,0
DA:1783,0
DA:1784,0
DA:1792,0
DA:1794,0
BRDA:1794,0,0,-
BRDA:1794,0,1,-
DA:1796,0
DA:1797,0
DA:1798,0
DA:1801,0
DA:1792,1
DA:1794,1
BRDA:1794,0,0,0
BRDA:1794,0,1,1
DA:1796,0
DA:1797,0
DA:1798,0
DA:1801,1
BRF:44
BRH:20
LF:135
LH:89
end_of_record
SF:/usr/include/c++/11/bits/stl_map.h
FN:374,_ZNSt3mapINSt7__cxx1112basic_stringIcSt11char_traitsIcESaIcEEEiSt4lessIS5_ESaISt4pairIKS5_iEEE3endEv
FNDA:9,_ZNSt3mapINSt7__cxx1112basic_stringIcSt11char_traitsIcESaIcEEEiSt4lessIS5_ESaISt4pairIKS5_iEEE3endEv
FN:492,_ZNSt3mapINSt7__cxx1112basic_stringIcSt11char_traitsIcESaIcEEEiSt4lessIS5_ESaISt4pairIKS5_iEEEixERS9_
FNDA:9,_ZNSt3mapINSt7__cxx1112basic_stringIcSt11char_traitsIcESaIcEEEiSt4lessIS5_ESaISt4pairIKS5_iEEEixERS9_
FN:1142,_ZNKSt3mapINSt7__cxx1112basic_stringIcSt11char_traitsIcESaIcEEEiSt4lessIS5_ESaISt4pairIKS5_iEEE8key_compEv
FNDA:6,_ZNKSt3mapINSt7__cxx1112basic_stringIcSt11char_traitsIcESaIcEEEiSt4lessIS5_ESaISt4pairIKS5_iEEE8key_compEv
FN:1258,_ZNSt3mapINSt7__cxx1112basic_stringIcSt11char_traitsIcESaIcEEEiSt4lessIS5_ESaISt4pairIKS5_iEEE11lower_boundERS9_
FNDA:9,_ZNSt3mapINSt7__cxx1112basic_stringIcSt11char_traitsIcESaIcEEEiSt4lessIS5_ESaISt4pairIKS5_iEEE11lower_boundERS9_
FNF:4
FNH:4
DA:374,9
DA:375,9
DA:492,9
DA:497,9
DA:499,9
BRDA:499,0,0,6
BRDA:499,0,1,3
BRDA:499,0,2,0
BRDA:499,0,3,6
BRDA:499,0,4,3
BRDA:499,0,5,6
DA:501,3
DA:502,3
DA:503,3
DA:507,9
DA:1142,6
DA:1143,6
DA:1258,9
DA:1259,9
BRF:6
BRH:5
LF:13
LH:13
end_of_record
TN:
SF:/usr/include/c++/11/ext/new_allocator.h
FN:79,_ZN9__gnu_cxx13new_allocatorISt13_Rb_tree_nodeISt4pairIKNSt7__cxx1112basic_stringIcSt11char_traitsIcESaIcEEEiEEEC2Ev
FNDA:4,_ZN9__gnu_cxx13new_allocatorISt13_Rb_tree_nodeISt4pairIKNSt7__cxx1112basic_stringIcSt11char_traitsIcESaIcEEEiEEEC2Ev
FN:79,_ZN9__gnu_cxx13new_allocatorIiEC2Ev
FNDA:9,_ZN9__gnu_cxx13new_allocatorIiEC2Ev
FN:79,_ZN9__gnu_cxx13new_allocatorI3ValEC2Ev
FNDA:4,_ZN9__gnu_cxx13new_allocatorI3ValEC2Ev
FN:79,_ZN9__gnu_cxx13new_allocatorINSt7__cxx1112basic_stringIcSt11char_traitsIcESaIcEEEEC2Ev
FNDA:31,_ZN9__gnu_cxx13new_allocatorINSt7__cxx1112basic_stringIcSt11char_traitsIcESaIcEEEEC2Ev
FN:79,_ZN9__gnu_cxx13new_allocatorIcEC2Ev
FNDA:0,_ZN9__gnu_cxx13new_allocatorIcEC2Ev
FN:82,_ZN9__gnu_cxx13new_allocatorINSt7__cxx1112basic_stringIcSt11char_traitsIcESaIcEEEEC2ERKS7_
FNDA:14,_ZN9__gnu_cxx13new_allocatorINSt7__cxx1112basic_stringIcSt11char_traitsIcESaIcEEEEC2ERKS7_
FN:82,_ZN9__gnu_cxx13new_allocatorIcEC2ERKS1_
FNDA:0,_ZN9__gnu_cxx13new_allocatorIcEC2ERKS1_
FN:89,_ZN9__gnu_cxx13new_allocatorINSt7__cxx1112basic_stringIcSt11char_traitsIcESaIcEEEED2Ev
FNDA:41,_ZN9__gnu_cxx13new_allocatorINSt7__cxx1112basic_stringIcSt11char_traitsIcESaIcEEEED2Ev
FN:89,_ZN9__gnu_cxx13new_allocatorIcED2Ev
FNDA:0,_ZN9__gnu_cxx13new_allocatorIcED2Ev
FN:103,_ZN9__gnu_cxx13new_allocatorINSt7__cxx1112basic_stringIcSt11char_traitsIcESaIcEEEE8allocateEmPKv
FNDA:25,_ZN9__gnu_cxx13new_allocatorINSt7__cxx1112basic_stringIcSt11char_traitsIcESaIcEEEE8allocateEmPKv
FN:132,_ZN9__gnu_cxx13new_allocatorINSt7__cxx1112basic_stringIcSt11char_traitsIcESaIcEEEE10deallocateEPS6_m
FNDA:24,_ZN9__gnu_cxx13new_allocatorINSt7__cxx1112basic_stringIcSt11char_traitsIcESaIcEEEE10deallocateEPS6_m
FN:154,_ZNK9__gnu_cxx13new_allocatorINSt7__cxx1112basic_stringIcSt11char_traitsIcESaIcEEEE8max_sizeEv
FNDA:38,_ZNK9__gnu_cxx13new_allocatorINSt7__cxx1112basic_stringIcSt11char_traitsIcESaIcEEEE8max_sizeEv
FN:197,_ZNK9__gnu_cxx13new_allocatorINSt7__cxx1112basic_stringIcSt11char_traitsIcESaIcEEEE11_M_max_sizeEv
FNDA:63,_ZNK9__gnu_cxx13new_allocatorINSt7__cxx1112basic_stringIcSt11char_traitsIcESaIcEEEE11_M_max_sizeEv
FNF:13
FNH:10
DA:79,4
DA:79,9
DA:79,4
DA:79,31
DA:79,0
DA:82,14
DA:82,0
DA:89,41
DA:89,0
DA:103,25
DA:111,25
BRDA:111,0,0,0
BRDA:111,0,1,25
DA:115,0
BRDA:115,0,0,-
BRDA:115,0,1,-
DA:116,0
DA:117,0
DA:127,25
DA:132,24
DA:145,24
DA:154,38
DA:155,38
DA:197,63
DA:200,63
BRF:4
BRH:1
LF:21
LH:15
end_of_record
SF:/usr/include/c++/11/bits/basic_string.h
FN:251,_ZNSt7__cxx1112basic_stringIcSt11char_traitsIcESaIcEE16_M_construct_auxIPcEEvT_S7_St12__false_type
FNDA:0,_ZNSt7__cxx1112basic_stringIcSt11char_traitsIcESaIcEE16_M_construct_auxIPcEEvT_S7_St12__false_type
FN:271,_ZNSt7__cxx1112basic_stringIcSt11char_traitsIcESaIcEE12_M_constructIPcEEvT_S7_
FNDA:0,_ZNSt7__cxx1112basic_stringIcSt11char_traitsIcESaIcEE12_M_constructIPcEEvT_S7_
FN:533,_ZNSt7__cxx1112basic_stringIcSt11char_traitsIcESaIcEEC2IS3_EEPKcRKS3_
FNDA:83,_ZNSt7__cxx1112basic_stringIcSt11char_traitsIcESaIcEEC2IS3_EEPKcRKS3_
FN:6248,_ZSteqIcSt11char_traitsIcESaIcEEbRKNSt7__cxx1112basic_stringIT_T0_T1_EEPKS5_
FNDA:76,_ZSteqIcSt11char_traitsIcESaIcEEbRKNSt7__cxx1112basic_stringIT_T0_T1_EEPKS5_
FNF:4
FNH:2
DA:251,0
DA:255,0
DA:256,0
DA:271,0
DA:274,0
DA:275,0
DA:533,83
DA:534,83
DA:536,83
BRDA:536,0,0,83
BRDA:536,0,1,0
DA:539,83
DA:540,83
DA:6248,76
DA:6250,76
BRF:2
BRH:1
LF:13
LH:7
end_of_record
SF:/usr/include/c++/11/bits/stl_construct.h
FN:109,_ZSt10_ConstructINSt7__cxx1112basic_stringIcSt11char_traitsIcESaIcEEEJRKS5_EEvPT_DpOT0_
FNDA:19,_ZSt10_ConstructINSt7__cxx1112basic_stringIcSt11char_traitsIcESaIcEEEJRKS5_EEvPT_DpOT0_
FN:146,_ZSt8_DestroyINSt7__cxx1112basic_stringIcSt11char_traitsIcESaIcEEEEvPT_
FNDA:40,_ZSt8_DestroyINSt7__cxx1112basic_stringIcSt11char_traitsIcESaIcEEEEvPT_
FN:160,_ZNSt12_Destroy_auxILb0EE9__destroyIPNSt7__cxx1112basic_stringIcSt11char_traitsIcESaIcEEEEEvT_S9_
FNDA:31,_ZNSt12_Destroy_auxILb0EE9__destroyIPNSt7__cxx1112basic_stringIcSt11char_traitsIcESaIcEEEEEvT_S9_
FN:182,_ZSt8_DestroyIPNSt7__cxx1112basic_stringIcSt11char_traitsIcESaIcEEEEvT_S7_
FNDA:31,_ZSt8_DestroyIPNSt7__cxx1112basic_stringIcSt11char_traitsIcESaIcEEEEvT_S7_
FNF:4
FNH:4
DA:109,19
DA:119,19
DA:120,19
DA:146,40
DA:151,40
DA:153,40
DA:160,31
DA:162,71
BRDA:162,0,0,40
BRDA:162,0,1,31
DA:163,40
DA:164,31
DA:182,31
DA:196,31
DA:197,31
BRF:2
BRH:2
LF:13
LH:13
end_of_record
SF:/usr/include/c++/11/bits/unique_ptr.h
FN:79,_ZNKSt14default_deleteINSt7__cxx1118basic_stringstreamIcSt11char_traitsIcESaIcEEEEclEPS5_
FNDA:65,_ZNKSt14default_deleteINSt7__cxx1118basic_stringstreamIcSt11char_traitsIcESaIcEEEEclEPS5_
FN:79,_ZNKSt14default_deleteINSt7__cxx1112basic_stringIcSt11char_traitsIcESaIcEEEEclEPS5_
FNDA:0,_ZNKSt14default_deleteINSt7__cxx1112basic_stringIcSt11char_traitsIcESaIcEEEEclEPS5_
FN:172,_ZNSt15__uniq_ptr_implINSt7__cxx1118basic_stringstreamIcSt11char_traitsIcESaIcEEESt14default_deleteIS5_EE6_M_ptrEv
FNDA:130,_ZNSt15__uniq_ptr_implINSt7__cxx1118basic_stringstreamIcSt11char_traitsIcESaIcEEESt14default_deleteIS5_EE6_M_ptrEv
FN:172,_ZNSt15__uniq_ptr_implINSt7__cxx1112basic_stringIcSt11char_traitsIcESaIcEEESt14default_deleteIS5_EE6_M_ptrEv
FNDA:31,_ZNSt15__uniq_ptr_implINSt7__cxx1112basic_stringIcSt11char_traitsIcESaIcEEESt14default_deleteIS5_EE6_M_ptrEv
FN:173,_ZNKSt15__uniq_ptr_implINSt7__cxx1118basic_stringstreamIcSt11char_traitsIcESaIcEEESt14default_deleteIS5_EE6_M_ptrEv
FNDA:609,_ZNKSt15__uniq_ptr_implINSt7__cxx1118basic_stringstreamIcSt11char_traitsIcESaIcEEESt14default_deleteIS5_EE6_M_ptrEv
FN:173,_ZNKSt15__uniq_ptr_implINSt7__cxx1112basic_stringIcSt11char_traitsIcESaIcEEESt14default_deleteIS5_EE6_M_ptrEv
FNDA:0,_ZNKSt15__uniq_ptr_implINSt7__cxx1112basic_stringIcSt11char_traitsIcESaIcEEESt14default_deleteIS5_EE6_M_ptrEv
FN:174,_ZNSt15__uniq_ptr_implINSt7__cxx1118basic_stringstreamIcSt11char_traitsIcESaIcEEESt14default_deleteIS5_EE10_M_deleterEv
FNDA:65,_ZNSt15__uniq_ptr_implINSt7__cxx1118basic_stringstreamIcSt11char_traitsIcESaIcEEESt14default_deleteIS5_EE10_M_deleterEv
FN:174,_ZNSt15__uniq_ptr_implINSt7__cxx1112basic_stringIcSt11char_traitsIcESaIcEEESt14default_deleteIS5_EE10_M_deleterEv
FNDA:0,_ZNSt15__uniq_ptr_implINSt7__cxx1112basic_stringIcSt11char_traitsIcESaIcEEESt14default_deleteIS5_EE10_M_deleterEv
FN:177,_ZNSt15__uniq_ptr_implINSt7__cxx1112basic_stringIcSt11char_traitsIcESaIcEEESt14default_deleteIS5_EE5resetEPS5_
FNDA:0,_ZNSt15__uniq_ptr_implINSt7__cxx1112basic_stringIcSt11char_traitsIcESaIcEEESt14default_deleteIS5_EE5resetEPS5_
FN:355,_ZNSt10unique_ptrINSt7__cxx1112basic_stringIcSt11char_traitsIcESaIcEEESt14default_deleteIS5_EED2Ev
FNDA:31,_ZNSt10unique_ptrINSt7__cxx1112basic_stringIcSt11char_traitsIcESaIcEEESt14default_deleteIS5_EED2Ev
FN:355,_ZNSt10unique_ptrINSt7__cxx1118basic_stringstreamIcSt11char_traitsIcESaIcEEESt14default_deleteIS5_EED2Ev
FNDA:65,_ZNSt10unique_ptrINSt7__cxx1118basic_stringstreamIcSt11char_traitsIcESaIcEEESt14default_deleteIS5_EED2Ev
FN:405,_ZNKSt10unique_ptrINSt7__cxx1118basic_stringstreamIcSt11char_traitsIcESaIcEEESt14default_deleteIS5_EEdeEv
FNDA:544,_ZNKSt10unique_ptrINSt7__cxx1118basic_stringstreamIcSt11char_traitsIcESaIcEEESt14default_deleteIS5_EEdeEv
FN:413,_ZNKSt10unique_ptrINSt7__cxx1112basic_stringIcSt11char_traitsIcESaIcEEESt14default_deleteIS5_EEptEv
FNDA:0,_ZNKSt10unique_ptrINSt7__cxx1112basic_stringIcSt11char_traitsIcESaIcEEESt14default_deleteIS5_EEptEv
FN:421,_ZNKSt10unique_ptrINSt7__cxx1118basic_stringstreamIcSt11char_traitsIcESaIcEEESt14default_deleteIS5_EE3getEv
FNDA:609,_ZNKSt10unique_ptrINSt7__cxx1118basic_stringstreamIcSt11char_traitsIcESaIcEEESt14default_deleteIS5_EE3getEv
FN:421,_ZNKSt10unique_ptrINSt7__cxx1112basic_stringIcSt11char_traitsIcESaIcEEESt14default_deleteIS5_EE3getEv
FNDA:0,_ZNKSt10unique_ptrINSt7__cxx1112basic_stringIcSt11char_traitsIcESaIcEEESt14default_deleteIS5_EE3getEv
FN:426,_ZNSt10unique_ptrINSt7__cxx1112basic_stringIcSt11char_traitsIcESaIcEEESt14default_deleteIS5_EE11get_deleterEv
FNDA:0,_ZNSt10unique_ptrINSt7__cxx1112basic_stringIcSt11char_traitsIcESaIcEEESt14default_deleteIS5_EE11get_deleterEv
FN:426,_ZNSt10unique_ptrINSt7__cxx1118basic_stringstreamIcSt11char_traitsIcESaIcEEESt14default_deleteIS5_EE11get_deleterEv
[...]
FNDA:0,_ZN7testing8internal21UniversalTersePrinterINSt7__cxx1112basic_stringIcSt11char_traitsIcESaIcEEEE5PrintERKS7_PSo
FN:958,_ZN7testing8internal21UniversalTersePrinterIbE5PrintERKbPSo
FNDA:0,_ZN7testing8internal21UniversalTersePrinterIbE5PrintERKbPSo
FN:986,_ZN7testing8internal21UniversalTersePrinterIPKcE5PrintES3_PSo
FNDA:0,_ZN7testing8internal21UniversalTersePrinterIPKcE5PrintES3_PSo
FN:1077,_ZN7testing8internal14UniversalPrintIiEEvRKT_PSo
FNDA:0,_ZN7testing8internal14UniversalPrintIiEEvRKT_PSo
FN:1077,_ZN7testing8internal14UniversalPrintINSt7__cxx1112basic_stringIcSt11char_traitsIcESaIcEEEEEvRKT_PSo
FNDA:0,_ZN7testing8internal14UniversalPrintINSt7__cxx1112basic_stringIcSt11char_traitsIcESaIcEEEEEvRKT_PSo
FN:1077,_ZN7testing8internal14UniversalPrintIcEEvRKT_PSo
FNDA:0,_ZN7testing8internal14UniversalPrintIcEEvRKT_PSo
FN:1077,_ZN7testing8internal14UniversalPrintIbEEvRKT_PSo
FNDA:0,_ZN7testing8internal14UniversalPrintIbEEvRKT_PSo
FN:1117,_ZN7testing13PrintToStringINSt7__cxx1112basic_stringIcSt11char_traitsIcESaIcEEEEES6_RKT_
FNDA:0,_ZN7testing13PrintToStringINSt7__cxx1112basic_stringIcSt11char_traitsIcESaIcEEEEES6_RKT_
FN:1117,_ZN7testing13PrintToStringIiEENSt7__cxx1112basic_stringIcSt11char_traitsIcESaIcEEERKT_
FNDA:0,_ZN7testing13PrintToStringIiEENSt7__cxx1112basic_stringIcSt11char_traitsIcESaIcEEERKT_
FN:1117,_ZN7testing13PrintToStringIcEENSt7__cxx1112basic_stringIcSt11char_traitsIcESaIcEEERKT_
FNDA:0,_ZN7testing13PrintToStringIcEENSt7__cxx1112basic_stringIcSt11char_traitsIcESaIcEEERKT_
FN:1117,_ZN7testing13PrintToStringIPKcEENSt7__cxx1112basic_stringIcSt11char_traitsIcESaIcEEERKT_
FNDA:0,_ZN7testing13PrintToStringIPKcEENSt7__cxx1112basic_stringIcSt11char_traitsIcESaIcEEERKT_
FN:1117,_ZN7testing13PrintToStringIbEENSt7__cxx1112basic_stringIcSt11char_traitsIcESaIcEEERKT_
FNDA:0,_ZN7testing13PrintToStringIbEENSt7__cxx1112basic_stringIcSt11char_traitsIcESaIcEEERKT_
FNF:41
FNH:0
DA:213,0
DA:216,0
DA:217,0
DA:305,0
DA:311,0
DA:312,0
DA:332,0
DA:333,0
DA:332,0
DA:333,0
DA:332,0
DA:333,0
DA:332,0
DA:333,0
DA:332,0
DA:333,0
DA:341,0
DA:342,0
DA:341,0
DA:342,0
DA:341,0
DA:342,0
DA:386,0
DA:412,0
DA:414,0
DA:412,0
DA:414,0
DA:412,0
DA:414,0
DA:412,0
DA:414,0
DA:412,0
DA:414,0
DA:412,0
DA:414,0
DA:412,0
DA:414,0
DA:412,0
DA:414,0
DA:439,0
DA:440,0
DA:441,0
DA:450,0
DA:454,0
DA:455,0
DA:458,0
DA:459,0
BRDA:459,0,0,-
BRDA:459,0,1,-
DA:460,0
DA:629,0
DA:630,0
DA:631,0
DA:768,0
DA:777,0
DA:778,0
DA:768,0
DA:777,0
DA:778,0
DA:768,0
DA:777,0
DA:778,0
DA:768,0
DA:777,0
DA:778,0
DA:958,0
DA:959,0
DA:960,0
DA:958,0
DA:959,0
DA:960,0
DA:958,0
DA:959,0
DA:960,0
DA:958,0
DA:959,0
DA:960,0
DA:986,0
DA:987,0
BRDA:987,0,0,-
BRDA:987,0,1,-
DA:988,0
DA:990,0
DA:992,0
DA:1077,0
DA:1081,0
DA:1082,0
DA:1077,0
DA:1081,0
DA:1082,0
DA:1077,0
DA:1081,0
DA:1082,0
DA:1077,0
DA:1081,0
DA:1082,0
DA:1117,0
DA:1118,0
DA:1119,0
DA:1120,0
DA:1121,0
DA:1117,0
DA:1118,0
DA:1119,0
DA:1120,0
DA:1121,0
DA:1117,0
DA:1118,0
DA:1119,0
DA:1120,0
DA:1121,0
DA:1117,0
DA:1118,0
DA:1119,0
DA:1120,0
DA:1121,0
DA:1117,0
DA:1118,0
DA:1119,0
DA:1120,0
DA:1121,0
BRF:4
BRH:0
LF:117
LH:0
end_of_record
SF:/usr/include/c++/11/new
FN:174,_ZnwmPv
FNDA:93,_ZnwmPv
FNF:1
FNH:1
DA:174,93
DA:175,93
LF:2
LH:2
end_of_record
SF:/usr/include/c++/11/tuple
FN:124,_ZNSt10_Head_baseILm1ESt14default_deleteINSt7__cxx1112basic_stringIcSt11char_traitsIcESaIcEEEELb1EE7_M_headERS8_
FNDA:0,_ZNSt10_Head_baseILm1ESt14default_deleteINSt7__cxx1112basic_stringIcSt11char_traitsIcESaIcEEEELb1EE7_M_headERS8_
FN:124,_ZNSt10_Head_baseILm1ESt14default_deleteINSt7__cxx1118basic_stringstreamIcSt11char_traitsIcESaIcEEEELb1EE7_M_headERS8_
FNDA:65,_ZNSt10_Head_baseILm1ESt14default_deleteINSt7__cxx1118basic_stringstreamIcSt11char_traitsIcESaIcEEEELb1EE7_M_headERS8_
FN:233,_ZNSt10_Head_baseILm0EPNSt7__cxx1112basic_stringIcSt11char_traitsIcESaIcEEELb0EE7_M_headERS7_
FNDA:31,_ZNSt10_Head_baseILm0EPNSt7__cxx1112basic_stringIcSt11char_traitsIcESaIcEEELb0EE7_M_headERS7_
FN:233,_ZNSt10_Head_baseILm0EPNSt7__cxx1118basic_stringstreamIcSt11char_traitsIcESaIcEEELb0EE7_M_headERS7_
FNDA:130,_ZNSt10_Head_baseILm0EPNSt7__cxx1118basic_stringstreamIcSt11char_traitsIcESaIcEEELb0EE7_M_headERS7_
FN:236,_ZNSt10_Head_baseILm0EPNSt7__cxx1118basic_stringstreamIcSt11char_traitsIcESaIcEEELb0EE7_M_headERKS7_
FNDA:609,_ZNSt10_Head_baseILm0EPNSt7__cxx1118basic_stringstreamIcSt11char_traitsIcESaIcEEELb0EE7_M_headERKS7_
FN:236,_ZNSt10_Head_baseILm0EPNSt7__cxx1112basic_stringIcSt11char_traitsIcESaIcEEELb0EE7_M_headERKS7_
FNDA:0,_ZNSt10_Head_baseILm0EPNSt7__cxx1112basic_stringIcSt11char_traitsIcESaIcEEELb0EE7_M_headERKS7_
FN:268,_ZNSt11_Tuple_implILm0EJPNSt7__cxx1112basic_stringIcSt11char_traitsIcESaIcEEESt14default_deleteIS5_EEE7_M_headERS9_
FNDA:31,_ZNSt11_Tuple_implILm0EJPNSt7__cxx1112basic_stringIcSt11char_traitsIcESaIcEEESt14default_deleteIS5_EEE7_M_headERS9_
FN:268,_ZNSt11_Tuple_implILm0EJPNSt7__cxx1118basic_stringstreamIcSt11char_traitsIcESaIcEEESt14default_deleteIS5_EEE7_M_headERS9_
FNDA:130,_ZNSt11_Tuple_implILm0EJPNSt7__cxx1118basic_stringstreamIcSt11char_traitsIcESaIcEEESt14default_deleteIS5_EEE7_M_headERS9_
FN:271,_ZNSt11_Tuple_implILm0EJPNSt7__cxx1118basic_stringstreamIcSt11char_traitsIcESaIcEEESt14default_deleteIS5_EEE7_M_headERKS9_
FNDA:609,_ZNSt11_Tuple_implILm0EJPNSt7__cxx1118basic_stringstreamIcSt11char_traitsIcESaIcEEESt14default_deleteIS5_EEE7_M_headERKS9_
FN:271,_ZNSt11_Tuple_implILm0EJPNSt7__cxx1112basic_stringIcSt11char_traitsIcESaIcEEESt14default_deleteIS5_EEE7_M_headERKS9_
FNDA:0,_ZNSt11_Tuple_implILm0EJPNSt7__cxx1112basic_stringIcSt11char_traitsIcESaIcEEESt14default_deleteIS5_EEE7_M_headERKS9_
FN:424,_ZNSt11_Tuple_implILm1EJSt14default_deleteINSt7__cxx1118basic_stringstreamIcSt11char_traitsIcESaIcEEEEEE7_M_headERS8_
FNDA:65,_ZNSt11_Tuple_implILm1EJSt14default_deleteINSt7__cxx1118basic_stringstreamIcSt11char_traitsIcESaIcEEEEEE7_M_headERS8_
FN:424,_ZNSt11_Tuple_implILm1EJSt14default_deleteINSt7__cxx1112basic_stringIcSt11char_traitsIcESaIcEEEEEE7_M_headERS8_
FNDA:0,_ZNSt11_Tuple_implILm1EJSt14default_deleteINSt7__cxx1112basic_stringIcSt11char_traitsIcESaIcEEEEEE7_M_headERS8_
FN:1381,_ZSt12__get_helperILm1ESt14default_deleteINSt7__cxx1112basic_stringIcSt11char_traitsIcESaIcEEEEJEERT0_RSt11_Tuple_implIXT_EJS8_DpT1_EE
FNDA:0,_ZSt12__get_helperILm1ESt14default_deleteINSt7__cxx1112basic_stringIcSt11char_traitsIcESaIcEEEEJEERT0_RSt11_Tuple_implIXT_EJS8_DpT1_EE
FN:1381,_ZSt12__get_helperILm1ESt14default_deleteINSt7__cxx1118basic_stringstreamIcSt11char_traitsIcESaIcEEEEJEERT0_RSt11_Tuple_implIXT_EJS8_DpT1_EE
FNDA:65,_ZSt12__get_helperILm1ESt14default_deleteINSt7__cxx1118basic_stringstreamIcSt11char_traitsIcESaIcEEEEJEERT0_RSt11_Tuple_implIXT_EJS8_DpT1_EE
FN:1381,_ZSt12__get_helperILm0EPNSt7__cxx1112basic_stringIcSt11char_traitsIcESaIcEEEJSt14default_deleteIS5_EEERT0_RSt11_Tuple_implIXT_EJS9_DpT1_EE
FNDA:31,_ZSt12__get_helperILm0EPNSt7__cxx1112basic_stringIcSt11char_traitsIcESaIcEEEJSt14default_deleteIS5_EEERT0_RSt11_Tuple_implIXT_EJS9_DpT1_EE
FN:1381,_ZSt12__get_helperILm0EPNSt7__cxx1118basic_stringstreamIcSt11char_traitsIcESaIcEEEJSt14default_deleteIS5_EEERT0_RSt11_Tuple_implIXT_EJS9_DpT1_EE
FNDA:130,_ZSt12__get_helperILm0EPNSt7__cxx1118basic_stringstreamIcSt11char_traitsIcESaIcEEEJSt14default_deleteIS5_EEERT0_RSt11_Tuple_implIXT_EJS9_DpT1_EE
FN:1386,_ZSt12__get_helperILm0EPNSt7__cxx1118basic_stringstreamIcSt11char_traitsIcESaIcEEEJSt14default_deleteIS5_EEERKT0_RKSt11_Tuple_implIXT_EJS9_DpT1_EE
FNDA:609,_ZSt12__get_helperILm0EPNSt7__cxx1118basic_stringstreamIcSt11char_traitsIcESaIcEEEJSt14default_deleteIS5_EEERKT0_RKSt11_Tuple_implIXT_EJS9_DpT1_EE
FN:1386,_ZSt12__get_helperILm0EPNSt7__cxx1112basic_stringIcSt11char_traitsIcESaIcEEEJSt14default_deleteIS5_EEERKT0_RKSt11_Tuple_implIXT_EJS9_DpT1_EE
FNDA:0,_ZSt12__get_helperILm0EPNSt7__cxx1112basic_stringIcSt11char_traitsIcESaIcEEEJSt14default_deleteIS5_EEERKT0_RKSt11_Tuple_implIXT_EJS9_DpT1_EE
FN:1397,_ZSt3getILm1EJPNSt7__cxx1118basic_stringstreamIcSt11char_traitsIcESaIcEEESt14default_deleteIS5_EEERNSt13tuple_elementIXT_ESt5tupleIJDpT0_EEE4typeERSD_
FNDA:65,_ZSt3getILm1EJPNSt7__cxx1118basic_stringstreamIcSt11char_traitsIcESaIcEEESt14default_deleteIS5_EEERNSt13tuple_elementIXT_ESt5tupleIJDpT0_EEE4typeERSD_
FN:1397,_ZSt3getILm1EJPNSt7__cxx1112basic_stringIcSt11char_traitsIcESaIcEEESt14default_deleteIS5_EEERNSt13tuple_elementIXT_ESt5tupleIJDpT0_EEE4typeERSD_
FNDA:0,_ZSt3getILm1EJPNSt7__cxx1112basic_stringIcSt11char_traitsIcESaIcEEESt14default_deleteIS5_EEERNSt13tuple_elementIXT_ESt5tupleIJDpT0_EEE4typeERSD_
FN:1397,_ZSt3getILm0EJPNSt7__cxx1112basic_stringIcSt11char_traitsIcESaIcEEESt14default_deleteIS5_EEERNSt13tuple_elementIXT_ESt5tupleIJDpT0_EEE4typeERSD_
FNDA:31,_ZSt3getILm0EJPNSt7__cxx1112basic_stringIcSt11char_traitsIcESaIcEEESt14default_deleteIS5_EEERNSt13tuple_elementIXT_ESt5tupleIJDpT0_EEE4typeERSD_
FN:1397,_ZSt3getILm0EJPNSt7__cxx1118basic_stringstreamIcSt11char_traitsIcESaIcEEESt14default_deleteIS5_EEERNSt13tuple_elementIXT_ESt5tupleIJDpT0_EEE4typeERSD_
FNDA:130,_ZSt3getILm0EJPNSt7__cxx1118basic_stringstreamIcSt11char_traitsIcESaIcEEESt14default_deleteIS5_EEERNSt13tuple_elementIXT_ESt5tupleIJDpT0_EEE4typeERSD_
FN:1403,_ZSt3getILm0EJPNSt7__cxx1118basic_stringstreamIcSt11char_traitsIcESaIcEEESt14default_deleteIS5_EEERKNSt13tuple_elementIXT_ESt5tupleIJDpT0_EEE4typeERKSD_
FNDA:609,_ZSt3getILm0EJPNSt7__cxx1118basic_stringstreamIcSt11char_traitsIcESaIcEEESt14default_deleteIS5_EEERKNSt13tuple_elementIXT_ESt5tupleIJDpT0_EEE4typeERKSD_
FN:1403,_ZSt3getILm0EJPNSt7__cxx1112basic_stringIcSt11char_traitsIcESaIcEEESt14default_deleteIS5_EEERKNSt13tuple_elementIXT_ESt5tupleIJDpT0_EEE4typeERKSD_
FNDA:0,_ZSt3getILm0EJPNSt7__cxx1112basic_stringIcSt11char_traitsIcESaIcEEESt14default_deleteIS5_EEERKNSt13tuple_elementIXT_ESt5tupleIJDpT0_EEE4typeERKSD_
FNF:24
FNH:16
DA:124,0
DA:124,65
DA:233,31
DA:233,130
DA:236,609
DA:236,0
DA:268,31
DA:268,130
DA:271,609
DA:271,0
DA:424,0
DA:424,65
DA:1381,0
DA:1382,0
DA:1381,65
DA:1382,65
DA:1381,31
DA:1382,31
DA:1381,130
DA:1382,130
DA:1386,609
DA:1387,609
DA:1386,0
DA:1387,0
DA:1397,0
DA:1398,0
DA:1397,65
DA:1398,65
DA:1397,31
DA:1398,31
DA:1397,130
DA:1398,130
DA:1403,609
DA:1404,609
DA:1403,0
DA:1404,0
LF:36
LH:24
end_of_record
SF:/usr/local/include/gtest/gtest-assertion-result.h
FN:174,_ZNK7testing15AssertionResultcvbEv
FNDA:31,_ZNK7testing15AssertionResultcvbEv
FN:183,_ZNK7testing15AssertionResult7messageEv
FNDA:0,_ZNK7testing15AssertionResult7messageEv
FN:187,_ZNK7testing15AssertionResult15failure_messageEv
FNDA:0,_ZNK7testing15AssertionResult15failure_messageEv
FN:191,_ZN7testing15AssertionResultlsIA3_cEERS0_RKT_
FNDA:0,_ZN7testing15AssertionResultlsIA3_cEERS0_RKT_
FN:191,_ZN7testing15AssertionResultlsINSt7__cxx1112basic_stringIcSt11char_traitsIcESaIcEEEEERS0_RKT_
FNDA:0,_ZN7testing15AssertionResultlsINSt7__cxx1112basic_stringIcSt11char_traitsIcESaIcEEEEERS0_RKT_
FN:191,_ZN7testing15AssertionResultlsIA15_cEERS0_RKT_
FNDA:0,_ZN7testing15AssertionResultlsIA15_cEERS0_RKT_
FN:191,_ZN7testing15AssertionResultlsIA28_cEERS0_RKT_
FNDA:0,_ZN7testing15AssertionResultlsIA28_cEERS0_RKT_
FN:191,_ZN7testing15AssertionResultlsIA2_cEERS0_RKT_
FNDA:0,_ZN7testing15AssertionResultlsIA2_cEERS0_RKT_
FN:191,_ZN7testing15AssertionResultlsIPKcEERS0_RKT_
FNDA:0,_ZN7testing15AssertionResultlsIPKcEERS0_RKT_
FN:206,_ZN7testing15AssertionResult13AppendMessageERKNS_7MessageE
FNDA:0,_ZN7testing15AssertionResult13AppendMessageERKNS_7MessageE
FNF:10
FNH:1
DA:174,31
DA:183,0
DA:184,0
BRDA:184,0,0,-
BRDA:184,0,1,-
DA:187,0
DA:191,0
DA:192,0
DA:193,0
DA:191,0
DA:192,0
DA:193,0
DA:191,0
DA:192,0
DA:193,0
DA:191,0
DA:192,0
DA:193,0
DA:191,0
DA:192,0
DA:193,0
DA:191,0
DA:192,0
DA:193,0
DA:206,0
DA:207,0
BRDA:207,0,0,-
BRDA:207,0,1,-
DA:208,0
DA:209,0
BRF:4
BRH:0
LF:26
LH:1
end_of_record
SF:/usr/local/include/gtest/gtest-message.h
FN:114,_ZN7testing7MessagelsIA3_cEERS0_RKT_
FNDA:0,_ZN7testing7MessagelsIA3_cEERS0_RKT_
FN:114,_ZN7testing7MessagelsINSt7__cxx1112basic_stringIcSt11char_traitsIcESaIcEEEEERS0_RKT_
FNDA:0,_ZN7testing7MessagelsINSt7__cxx1112basic_stringIcSt11char_traitsIcESaIcEEEEERS0_RKT_
FN:114,_ZN7testing7MessagelsIA15_cEERS0_RKT_
FNDA:0,_ZN7testing7MessagelsIA15_cEERS0_RKT_
FN:114,_ZN7testing7MessagelsIA28_cEERS0_RKT_
FNDA:0,_ZN7testing7MessagelsIA28_cEERS0_RKT_
FN:114,_ZN7testing7MessagelsIA2_cEERS0_RKT_
FNDA:0,_ZN7testing7MessagelsIA2_cEERS0_RKT_
FN:148,_ZN7testing7MessagelsIKcEERS0_RKPT_
FNDA:21,_ZN7testing7MessagelsIKcEERS0_RKPT_
FNF:6
FNH:1
DA:114,0
DA:130,0
DA:131,0
DA:114,0
DA:130,0
DA:131,0
DA:114,0
DA:130,0
DA:131,0
DA:114,0
DA:130,0
DA:131,0
DA:114,0
DA:130,0
DA:131,0
DA:148,21
DA:149,21
BRDA:149,0,0,0
BRDA:149,0,1,21
DA:150,0
DA:152,21
DA:154,21
BRF:2
BRH:1
LF:20
LH:4
end_of_record
SF:/home/quier/Softengineering-lab6/judge_model/method_model_test/test.h
FN:26,_ZN3Val8Get_typeB5cxx11Ev
FNDA:31,_ZN3Val8Get_typeB5cxx11Ev
FN:29,_ZN3Val10Get_lowintEv
FNDA:30,_ZN3Val10Get_lowintEv
FN:32,_ZN3Val11Get_highintEv
FNDA:30,_ZN3Val11Get_highintEv
FN:40,_ZN6Method5judgeENSt7__cxx1112basic_stringIcSt11char_traitsIcESaIcEEES5_
FNDA:0,_ZN6Method5judgeENSt7__cxx1112basic_stringIcSt11char_traitsIcESaIcEEES5_
FN:41,_ZN6Method4initENSt7__cxx1112basic_stringIcSt11char_traitsIcESaIcEEE
FNDA:0,_ZN6Method4initENSt7__cxx1112basic_stringIcSt11char_traitsIcESaIcEEE
FN:42,_ZN6Method4initENSt7__cxx1112basic_stringIcSt11char_traitsIcESaIcEEERSt6vectorIS5_SaIS5_EES5_
FNDA:0,_ZN6Method4initENSt7__cxx1112basic_stringIcSt11char_traitsIcESaIcEEERSt6vectorIS5_SaIS5_EES5_
FNF:6
FNH:3
DA:26,31
DA:27,31
DA:29,30
DA:30,30
DA:32,30
DA:33,30
DA:40,0
DA:41,0
DA:42,0
LF:9
LH:6
end_of_record
SF:/usr/include/c++/11/bits/stl_iterator_base_types.h
FN:238,_ZSt19__iterator_categoryIPcENSt15iterator_traitsIT_E17iterator_categoryERKS2_
FNDA:0,_ZSt19__iterator_categoryIPcENSt15iterator_traitsIT_E17iterator_categoryERKS2_
FN:238,_ZSt19__iterator_categoryIPKNSt7__cxx1112basic_stringIcSt11char_traitsIcESaIcEEEENSt15iterator_traitsIT_E17iterator_categoryERKS9_
FNDA:4,_ZSt19__iterator_categoryIPKNSt7__cxx1112basic_stringIcSt11char_traitsIcESaIcEEEENSt15iterator_traitsIT_E17iterator_categoryERKS9_
FN:238,_ZSt19__iterator_categoryIPKcENSt15iterator_traitsIT_E17iterator_categoryERKS3_
FNDA:160,_ZSt19__iterator_categoryIPKcENSt15iterator_traitsIT_E17iterator_categoryERKS3_
FNF:3
FNH:2
DA:238,0
DA:239,0
DA:238,4
DA:239,4
DA:238,160
DA:239,160
LF:6
LH:4
end_of_record
SF:/usr/local/include/gtest/gtest_pred_impl.h
FN:87,_ZN7testing17AssertPred1HelperIPFbcEcEENS_15AssertionResultEPKcS5_T_RKT0_
FNDA:9,_ZN7testing17AssertPred1HelperIPFbcEcEENS_15AssertionResultEPKcS5_T_RKT0_
FN:155,_ZN7testing17AssertPred3HelperIPFbNSt7__cxx1112basic_stringIcSt11char_traitsIcESaIcEEEiiES6_iiEENS_15AssertionResultEPKcSB_SB_SB_T_RKT0_RKT1_RKT2_
FNDA:2,_ZN7testing17AssertPred3HelperIPFbNSt7__cxx1112basic_stringIcSt11char_traitsIcESaIcEEEiiES6_iiEENS_15AssertionResultEPKcSB_SB_SB_T_RKT0_RKT1_RKT2_
FN:155,_ZN7testing17AssertPred3HelperIPFbiiiEiiiEENS_15AssertionResultEPKcS5_S5_S5_T_RKT0_RKT1_RKT2_
FNDA:2,_ZN7testing17AssertPred3HelperIPFbiiiEiiiEENS_15AssertionResultEPKcS5_S5_S5_T_RKT0_RKT1_RKT2_
FNF:3
FNH:3
DA:87,9
DA:89,9
BRDA:89,0,0,9
BRDA:89,0,1,0
DA:92,0
DA:93,0
DA:94,0
DA:155,2
DA:158,2
BRDA:158,0,0,2
BRDA:158,0,1,0
DA:161,0
DA:162,0
DA:163,0
DA:164,0
DA:165,0
DA:166,0
DA:155,2
DA:158,2
BRDA:158,0,0,2
BRDA:158,0,1,0
DA:161,0
DA:162,0
DA:163,0
DA:164,0
DA:165,0
DA:166,0
BRF:6
BRH:3
LF:21
LH:6
end_of_record
SF:/usr/include/c++/11/bits/allocator.h
FN:156,_ZNSaISt13_Rb_tree_nodeISt4pairIKNSt7__cxx1112basic_stringIcSt11char_traitsIcESaIcEEEiEEEC2Ev
FNDA:4,_ZNSaISt13_Rb_tree_nodeISt4pairIKNSt7__cxx1112basic_stringIcSt11char_traitsIcESaIcEEEiEEEC2Ev
FN:156,_ZNSaIiEC2Ev
FNDA:9,_ZNSaIiEC2Ev
FN:156,_ZNSaI3ValEC2Ev
FNDA:4,_ZNSaI3ValEC2Ev
FN:156,_ZNSaINSt7__cxx1112basic_stringIcSt11char_traitsIcESaIcEEEEC2Ev
FNDA:31,_ZNSaINSt7__cxx1112basic_stringIcSt11char_traitsIcESaIcEEEEC2Ev
FN:159,_ZNSaINSt7__cxx1112basic_stringIcSt11char_traitsIcESaIcEEEEC2ERKS5_
FNDA:14,_ZNSaINSt7__cxx1112basic_stringIcSt11char_traitsIcESaIcEEEEC2ERKS5_
FN:174,_ZNSaINSt7__cxx1112basic_stringIcSt11char_traitsIcESaIcEEEED2Ev
FNDA:41,_ZNSaINSt7__cxx1112basic_stringIcSt11char_traitsIcESaIcEEEED2Ev
FNF:6
FNH:6
DA:156,4
DA:156,9
DA:156,4
DA:156,31
DA:159,14
DA:160,14
DA:174,41
LF:7
LH:7
end_of_record
SF:/usr/include/c++/11/bits/stl_iterator_base_funcs.h
FN:98,_ZSt10__distanceIPcENSt15iterator_traitsIT_E15difference_typeES2_S2_St26random_access_iterator_tag
FNDA:0,_ZSt10__distanceIPcENSt15iterator_traitsIT_E15difference_typeES2_S2_St26random_access_iterator_tag
FN:98,_ZSt10__distanceIPKNSt7__cxx1112basic_stringIcSt11char_traitsIcESaIcEEEENSt15iterator_traitsIT_E15difference_typeES9_S9_St26random_access_iterator_tag
FNDA:4,_ZSt10__distanceIPKNSt7__cxx1112basic_stringIcSt11char_traitsIcESaIcEEEENSt15iterator_traitsIT_E15difference_typeES9_S9_St26random_access_iterator_tag
FN:98,_ZSt10__distanceIPKcENSt15iterator_traitsIT_E15difference_typeES3_S3_St26random_access_iterator_tag
FNDA:160,_ZSt10__distanceIPKcENSt15iterator_traitsIT_E15difference_typeES3_S3_St26random_access_iterator_tag
FN:138,_ZSt8distanceIPcENSt15iterator_traitsIT_E15difference_typeES2_S2_
FNDA:0,_ZSt8distanceIPcENSt15iterator_traitsIT_E15difference_typeES2_S2_
FN:138,_ZSt8distanceIPKNSt7__cxx1112basic_stringIcSt11char_traitsIcESaIcEEEENSt15iterator_traitsIT_E15difference_typeES9_S9_
FNDA:4,_ZSt8distanceIPKNSt7__cxx1112basic_stringIcSt11char_traitsIcESaIcEEEENSt15iterator_traitsIT_E15difference_typeES9_S9_
FN:138,_ZSt8distanceIPKcENSt15iterator_traitsIT_E15difference_typeES3_S3_
FNDA:160,_ZSt8distanceIPKcENSt15iterator_traitsIT_E15difference_typeES3_S3_
FNF:6
FNH:4
DA:98,0
DA:104,0
DA:98,4
DA:104,4
DA:98,160
DA:104,160
DA:138,0
DA:141,0
DA:142,0
DA:138,4
DA:141,4
DA:142,8
DA:138,160
DA:141,160
DA:142,320
LF:15
LH:10
end_of_record
SF:/usr/local/include/gtest/internal/gtest-port.h
FN:964,_ZN7testing8internal8GTestLog9GetStreamEv
FNDA:0,_ZN7testing8internal8GTestLog9GetStreamEv
FNF:1
FNH:0
DA:964,0
LF:1
LH:0
end_of_record
SF:/usr/include/c++/11/bits/move.h
FN:49,_ZSt11__addressofINSt7__cxx1112basic_stringIcSt11char_traitsIcESaIcEEEEPT_RS6_
FNDA:74,_ZSt11__addressofINSt7__cxx1112basic_stringIcSt11char_traitsIcESaIcEEEEPT_RS6_
FN:77,_ZSt7forwardIRKNSt7__cxx1112basic_stringIcSt11char_traitsIcESaIcEEEEOT_RNSt16remove_referenceIS8_E4typeE
FNDA:22,_ZSt7forwardIRKNSt7__cxx1112basic_stringIcSt11char_traitsIcESaIcEEEEOT_RNSt16remove_referenceIS8_E4typeE
FN:104,_ZSt4moveIRPNSt7__cxx1112basic_stringIcSt11char_traitsIcESaIcEEEEONSt16remove_referenceIT_E4typeEOS9_
FNDA:4,_ZSt4moveIRPNSt7__cxx1112basic_stringIcSt11char_traitsIcESaIcEEEEONSt16remove_referenceIT_E4typeEOS9_
FN:104,_ZSt4moveIRPNSt7__cxx1118basic_stringstreamIcSt11char_traitsIcESaIcEEEEONSt16remove_referenceIT_E4typeEOS9_
FNDA:65,_ZSt4moveIRPNSt7__cxx1118basic_stringstreamIcSt11char_traitsIcESaIcEEEEONSt16remove_referenceIT_E4typeEOS9_
FN:104,_ZSt4moveIRSaIcEEONSt16remove_referenceIT_E4typeEOS3_
FNDA:0,_ZSt4moveIRSaIcEEONSt16remove_referenceIT_E4typeEOS3_
FNF:5
FNH:4
DA:49,74
DA:50,74
DA:77,22
DA:78,22
DA:104,4
DA:105,4
DA:104,65
DA:105,65
DA:104,0
DA:105,0
LF:10
LH:8
end_of_record
SF:/usr/include/c++/11/bits/stl_uninitialized.h
FN:85,_ZNSt20__uninitialized_copyILb0EE13__uninit_copyIPKNSt7__cxx1112basic_stringIcSt11char_traitsIcESaIcEEEPS7_EET0_T_SC_SB_
FNDA:4,_ZNSt20__uninitialized_copyILb0EE13__uninit_copyIPKNSt7__cxx1112basic_stringIcSt11char_traitsIcESaIcEEEPS7_EET0_T_SC_SB_
FN:126,_ZSt18uninitialized_copyIPKNSt7__cxx1112basic_stringIcSt11char_traitsIcESaIcEEEPS5_ET0_T_SA_S9_
FNDA:4,_ZSt18uninitialized_copyIPKNSt7__cxx1112basic_stringIcSt11char_traitsIcESaIcEEEPS5_ET0_T_SA_S9_
FN:331,_ZSt22__uninitialized_copy_aIPKNSt7__cxx1112basic_stringIcSt11char_traitsIcESaIcEEEPS5_S5_ET0_T_SA_S9_RSaIT1_E
FNDA:4,_ZSt22__uninitialized_copy_aIPKNSt7__cxx1112basic_stringIcSt11char_traitsIcESaIcEEEPS5_S5_ET0_T_SA_S9_RSaIT1_E
FNF:3
FNH:3
DA:85,4
DA:88,4
DA:91,19
BRDA:91,0,0,15
BRDA:91,0,1,4
DA:92,15
DA:93,4
DA:126,4
DA:145,4
DA:151,4
DA:331,4
DA:333,4
BRF:2
BRH:2
LF:10
LH:10
end_of_record
