TN:
SF:/usr/include/c++/11/bits/stl_vector.h
FN:97,_ZNSt12_Vector_baseINSt7__cxx1112basic_stringIcSt11char_traitsIcESaIcEEESaIS5_EE17_Vector_impl_dataC2Ev
FNDA:0,_ZNSt12_Vector_baseINSt7__cxx1112basic_stringIcSt11char_traitsIcESaIcEEESaIS5_EE17_Vector_impl_dataC2Ev
FN:136,_ZNSt12_Vector_baseINSt7__cxx1112basic_stringIcSt11char_traitsIcESaIcEEESaIS5_EE12_Vector_implC2ERKS6_
FNDA:0,_ZNSt12_Vector_baseINSt7__cxx1112basic_stringIcSt11char_traitsIcESaIcEEESaIS5_EE12_Vector_implC2ERKS6_
FN:276,_ZNSt12_Vector_baseINSt7__cxx1112basic_stringIcSt11char_traitsIcESaIcEEESaIS5_EE19_M_get_Tp_allocatorEv
FNDA:0,_ZNSt12_Vector_baseINSt7__cxx1112basic_stringIcSt11char_traitsIcESaIcEEESaIS5_EE19_M_get_Tp_allocatorEv
FN:293,_ZNSt12_Vector_baseINSt7__cxx1112basic_stringIcSt11char_traitsIcESaIcEEESaIS5_EEC2ERKS6_
FNDA:0,_ZNSt12_Vector_baseINSt7__cxx1112basic_stringIcSt11char_traitsIcESaIcEEESaIS5_EEC2ERKS6_
FN:343,_ZNSt12_Vector_baseINSt7__cxx1112basic_stringIcSt11char_traitsIcESaIcEEESaIS5_EE11_M_allocateEm
FNDA:0,_ZNSt12_Vector_baseINSt7__cxx1112basic_stringIcSt11char_traitsIcESaIcEEESaIS5_EE11_M_allocateEm
FN:625,_ZNSt6vectorINSt7__cxx1112basic_stringIcSt11char_traitsIcESaIcEEESaIS5_EEC2ESt16initializer_listIS5_ERKS6_
FNDA:0,_ZNSt6vectorINSt7__cxx1112basic_stringIcSt11char_traitsIcESaIcEEESaIS5_EEC2ESt16initializer_listIS5_ERKS6_
FN:1577,_ZNSt6vectorINSt7__cxx1112basic_stringIcSt11char_traitsIcESaIcEEESaIS5_EE19_M_range_initializeIPKS5_EEvT_SB_St20forward_iterator_tag
FNDA:0,_ZNSt6vectorINSt7__cxx1112basic_stringIcSt11char_traitsIcESaIcEEESaIS5_EE19_M_range_initializeIPKS5_EEvT_SB_St20forward_iterator_tag
FN:1767,_ZNSt6vectorINSt7__cxx1112basic_stringIcSt11char_traitsIcESaIcEEESaIS5_EE17_S_check_init_lenEmRKS6_
FNDA:0,_ZNSt6vectorINSt7__cxx1112basic_stringIcSt11char_traitsIcESaIcEEESaIS5_EE17_S_check_init_lenEmRKS6_
FN:1776,_ZNSt6vectorINSt7__cxx1112basic_stringIcSt11char_traitsIcESaIcEEESaIS5_EE11_S_max_sizeERKS6_
FNDA:0,_ZNSt6vectorINSt7__cxx1112basic_stringIcSt11char_traitsIcESaIcEEESaIS5_EE11_S_max_sizeERKS6_
FNF:9
FNH:0
DA:97,0
DA:98,0
DA:99,0
DA:136,0
DA:137,0
DA:138,0
DA:276,0
DA:277,0
DA:293,0
DA:294,0
DA:343,0
DA:346,0
BRDA:346,0,0,-
BRDA:346,0,1,-
DA:625,0
DA:627,0
DA:629,0
DA:630,0
DA:631,0
DA:1577,0
DA:1580,0
DA:1582,0
DA:1583,0
DA:1584,0
DA:1585,0
DA:1587,0
DA:1588,0
DA:1767,0
DA:1769,0
BRDA:1769,0,0,-
BRDA:1769,0,1,-
DA:1770,0
DA:1772,0
DA:1776,0
DA:1781,0
DA:1783,0
DA:1784,0
BRF:4
BRH:0
LF:33
LH:0
end_of_record
SF:/usr/include/c++/11/bits/basic_string.h
FN:251,_ZNSt7__cxx1112basic_stringIcSt11char_traitsIcESaIcEE16_M_construct_auxIPcEEvT_S7_St12__false_type
FNDA:0,_ZNSt7__cxx1112basic_stringIcSt11char_traitsIcESaIcEE16_M_construct_auxIPcEEvT_S7_St12__false_type
FN:271,_ZNSt7__cxx1112basic_stringIcSt11char_traitsIcESaIcEE12_M_constructIPcEEvT_S7_
FNDA:0,_ZNSt7__cxx1112basic_stringIcSt11char_traitsIcESaIcEE12_M_constructIPcEEvT_S7_
FNF:2
FNH:0
DA:251,0
DA:255,0
DA:256,0
DA:271,0
DA:274,0
DA:275,0
LF:6
LH:0
end_of_record
SF:/usr/include/c++/11/ext/alloc_traits.h
FN:97,_ZN9__gnu_cxx14__alloc_traitsISaIcEcE17_S_select_on_copyERKS1_
FNDA:0,_ZN9__gnu_cxx14__alloc_traitsISaIcEcE17_S_select_on_copyERKS1_
FNF:1
FNH:0
DA:97,0
DA:98,0
LF:2
LH:0
end_of_record
SF:/usr/include/c++/11/ext/new_allocator.h
FN:79,_ZN9__gnu_cxx13new_allocatorINSt7__cxx1112basic_stringIcSt11char_traitsIcESaIcEEEEC2Ev
FNDA:0,_ZN9__gnu_cxx13new_allocatorINSt7__cxx1112basic_stringIcSt11char_traitsIcESaIcEEEEC2Ev
FN:82,_ZN9__gnu_cxx13new_allocatorINSt7__cxx1112basic_stringIcSt11char_traitsIcESaIcEEEEC2ERKS7_
FNDA:0,_ZN9__gnu_cxx13new_allocatorINSt7__cxx1112basic_stringIcSt11char_traitsIcESaIcEEEEC2ERKS7_
FN:82,_ZN9__gnu_cxx13new_allocatorIcEC2ERKS1_
FNDA:0,_ZN9__gnu_cxx13new_allocatorIcEC2ERKS1_
FN:89,_ZN9__gnu_cxx13new_allocatorINSt7__cxx1112basic_stringIcSt11char_traitsIcESaIcEEEED2Ev
FNDA:0,_ZN9__gnu_cxx13new_allocatorINSt7__cxx1112basic_stringIcSt11char_traitsIcESaIcEEEED2Ev
FN:89,_ZN9__gnu_cxx13new_allocatorIcED2Ev
FNDA:0,_ZN9__gnu_cxx13new_allocatorIcED2Ev
FN:103,_ZN9__gnu_cxx13new_allocatorINSt7__cxx1112basic_stringIcSt11char_traitsIcESaIcEEEE8allocateEmPKv
FNDA:0,_ZN9__gnu_cxx13new_allocatorINSt7__cxx1112basic_stringIcSt11char_traitsIcESaIcEEEE8allocateEmPKv
FN:154,_ZNK9__gnu_cxx13new_allocatorINSt7__cxx1112basic_stringIcSt11char_traitsIcESaIcEEEE8max_sizeEv
FNDA:0,_ZNK9__gnu_cxx13new_allocatorINSt7__cxx1112basic_stringIcSt11char_traitsIcESaIcEEEE8max_sizeEv
FN:197,_ZNK9__gnu_cxx13new_allocatorINSt7__cxx1112basic_stringIcSt11char_traitsIcESaIcEEEE11_M_max_sizeEv
FNDA:0,_ZNK9__gnu_cxx13new_allocatorINSt7__cxx1112basic_stringIcSt11char_traitsIcESaIcEEEE11_M_max_sizeEv
FNF:8
FNH:0
DA:79,0
DA:82,0
DA:82,0
DA:89,0
DA:89,0
DA:103,0
DA:111,0
BRDA:111,0,0,-
BRDA:111,0,1,-
DA:115,0
BRDA:115,0,0,-
BRDA:115,0,1,-
DA:116,0
DA:117,0
DA:127,0
DA:154,0
DA:155,0
DA:197,0
DA:200,0
BRF:4
BRH:0
LF:15
LH:0
end_of_record
SF:/usr/include/c++/11/bits/stl_uninitialized.h
FN:85,_ZNSt20__uninitialized_copyILb0EE13__uninit_copyIPKNSt7__cxx1112basic_stringIcSt11char_traitsIcESaIcEEEPS7_EET0_T_SC_SB_
FNDA:0,_ZNSt20__uninitialized_copyILb0EE13__uninit_copyIPKNSt7__cxx1112basic_stringIcSt11char_traitsIcESaIcEEEPS7_EET0_T_SC_SB_
FN:126,_ZSt18uninitialized_copyIPKNSt7__cxx1112basic_stringIcSt11char_traitsIcESaIcEEEPS5_ET0_T_SA_S9_
FNDA:0,_ZSt18uninitialized_copyIPKNSt7__cxx1112basic_stringIcSt11char_traitsIcESaIcEEEPS5_ET0_T_SA_S9_
FN:331,_ZSt22__uninitialized_copy_aIPKNSt7__cxx1112basic_stringIcSt11char_traitsIcESaIcEEEPS5_S5_ET0_T_SA_S9_RSaIT1_E
FNDA:0,_ZSt22__uninitialized_copy_aIPKNSt7__cxx1112basic_stringIcSt11char_traitsIcESaIcEEEPS5_S5_ET0_T_SA_S9_RSaIT1_E
FNF:3
FNH:0
DA:85,0
DA:88,0
DA:91,0
BRDA:91,0,0,-
BRDA:91,0,1,-
DA:92,0
DA:93,0
DA:126,0
DA:145,0
DA:151,0
DA:331,0
DA:333,0
BRF:2
BRH:0
LF:10
LH:0
end_of_record
SF:/usr/include/c++/11/new
FN:174,_ZnwmPv
FNDA:0,_ZnwmPv
FNF:1
FNH:0
DA:174,0
DA:175,0
LF:2
LH:0
end_of_record
SF:/usr/include/c++/11/ext/type_traits.h
FN:152,_ZN9__gnu_cxx17__is_null_pointerIcEEbPT_
FNDA:0,_ZN9__gnu_cxx17__is_null_pointerIcEEbPT_
FNF:1
FNH:0
DA:152,0
DA:153,0
LF:2
LH:0
end_of_record
SF:/usr/include/c++/11/bits/stl_construct.h
FN:109,_ZSt10_ConstructINSt7__cxx1112basic_stringIcSt11char_traitsIcESaIcEEEJRKS5_EEvPT_DpOT0_
FNDA:0,_ZSt10_ConstructINSt7__cxx1112basic_stringIcSt11char_traitsIcESaIcEEEJRKS5_EEvPT_DpOT0_
FNF:1
FNH:0
DA:109,0
DA:119,0
DA:120,0
LF:3
LH:0
end_of_record
SF:/usr/include/c++/11/bits/move.h
FN:49,_ZSt11__addressofINSt7__cxx1112basic_stringIcSt11char_traitsIcESaIcEEEEPT_RS6_
FNDA:0,_ZSt11__addressofINSt7__cxx1112basic_stringIcSt11char_traitsIcESaIcEEEEPT_RS6_
FN:77,_ZSt7forwardIRKNSt7__cxx1112basic_stringIcSt11char_traitsIcESaIcEEEEOT_RNSt16remove_referenceIS8_E4typeE
FNDA:0,_ZSt7forwardIRKNSt7__cxx1112basic_stringIcSt11char_traitsIcESaIcEEEEOT_RNSt16remove_referenceIS8_E4typeE
FN:104,_ZSt4moveIRSaIcEEONSt16remove_referenceIT_E4typeEOS3_
FNDA:0,_ZSt4moveIRSaIcEEONSt16remove_referenceIT_E4typeEOS3_
FNF:3
FNH:0
DA:49,0
DA:50,0
DA:77,0
DA:78,0
DA:104,0
DA:105,0
LF:6
LH:0
end_of_record
SF:/usr/include/c++/11/initializer_list
FN:71,_ZNKSt16initializer_listINSt7__cxx1112basic_stringIcSt11char_traitsIcESaIcEEEE4sizeEv
FNDA:0,_ZNKSt16initializer_listINSt7__cxx1112basic_stringIcSt11char_traitsIcESaIcEEEE4sizeEv
FN:75,_ZNKSt16initializer_listINSt7__cxx1112basic_stringIcSt11char_traitsIcESaIcEEEE5beginEv
FNDA:0,_ZNKSt16initializer_listINSt7__cxx1112basic_stringIcSt11char_traitsIcESaIcEEEE5beginEv
FN:79,_ZNKSt16initializer_listINSt7__cxx1112basic_stringIcSt11char_traitsIcESaIcEEEE3endEv
FNDA:0,_ZNKSt16initializer_listINSt7__cxx1112basic_stringIcSt11char_traitsIcESaIcEEEE3endEv
FNF:3
FNH:0
DA:71,0
DA:75,0
DA:79,0
LF:3
LH:0
end_of_record
SF:/usr/include/c++/11/bits/allocator.h
FN:156,_ZNSaINSt7__cxx1112basic_stringIcSt11char_traitsIcESaIcEEEEC2Ev
FNDA:0,_ZNSaINSt7__cxx1112basic_stringIcSt11char_traitsIcESaIcEEEEC2Ev
FN:159,_ZNSaINSt7__cxx1112basic_stringIcSt11char_traitsIcESaIcEEEEC2ERKS5_
FNDA:0,_ZNSaINSt7__cxx1112basic_stringIcSt11char_traitsIcESaIcEEEEC2ERKS5_
FN:174,_ZNSaINSt7__cxx1112basic_stringIcSt11char_traitsIcESaIcEEEED2Ev
FNDA:0,_ZNSaINSt7__cxx1112basic_stringIcSt11char_traitsIcESaIcEEEED2Ev
FNF:3
FNH:0
DA:156,0
DA:159,0
DA:160,0
DA:174,0
LF:4
LH:0
end_of_record
SF:/usr/include/c++/11/bits/stl_iterator_base_types.h
FN:238,_ZSt19__iterator_categoryIPcENSt15iterator_traitsIT_E17iterator_categoryERKS2_
FNDA:0,_ZSt19__iterator_categoryIPcENSt15iterator_traitsIT_E17iterator_categoryERKS2_
FN:238,_ZSt19__iterator_categoryIPKNSt7__cxx1112basic_stringIcSt11char_traitsIcESaIcEEEENSt15iterator_traitsIT_E17iterator_categoryERKS9_
FNDA:0,_ZSt19__iterator_categoryIPKNSt7__cxx1112basic_stringIcSt11char_traitsIcESaIcEEEENSt15iterator_traitsIT_E17iterator_categoryERKS9_
FNF:2
FNH:0
DA:238,0
DA:239,0
DA:238,0
DA:239,0
LF:4
LH:0
end_of_record
SF:/home/quier/Softengineering-lab6/input_model/init_data_test/file.cpp
FN:3,_ZN4File10set_resultEb
FNDA:0,_ZN4File10set_resultEb
FN:8,_ZN4File7GetpairB5cxx11Ev
FNDA:6,_ZN4File7GetpairB5cxx11Ev
FNF:2
FNH:1
DA:3,0
DA:5,0
DA:6,0
DA:8,6
DA:10,18
BRDA:10,0,0,12
BRDA:10,0,1,6
BRF:2
BRH:2
LF:5
LH:2
end_of_record
SF:/usr/include/c++/11/bits/alloc_traits.h
FN:463,_ZNSt16allocator_traitsISaINSt7__cxx1112basic_stringIcSt11char_traitsIcESaIcEEEEE8allocateERS6_m
FNDA:0,_ZNSt16allocator_traitsISaINSt7__cxx1112basic_stringIcSt11char_traitsIcESaIcEEEEE8allocateERS6_m
FN:547,_ZNSt16allocator_traitsISaINSt7__cxx1112basic_stringIcSt11char_traitsIcESaIcEEEEE8max_sizeERKS6_
FNDA:0,_ZNSt16allocator_traitsISaINSt7__cxx1112basic_stringIcSt11char_traitsIcESaIcEEEEE8max_sizeERKS6_
FN:562,_ZNSt16allocator_traitsISaIcEE37select_on_container_copy_constructionERKS0_
FNDA:0,_ZNSt16allocator_traitsISaIcEE37select_on_container_copy_constructionERKS0_
FNF:3
FNH:0
DA:463,0
DA:464,0
DA:547,0
DA:550,0
DA:562,0
DA:563,0
LF:6
LH:0
end_of_record
SF:/usr/include/c++/11/bits/stl_algobase.h
FN:230,_ZSt3minImERKT_S2_S2_
FNDA:0,_ZSt3minImERKT_S2_S2_
FNF:1
FNH:0
DA:230,0
DA:235,0
BRDA:235,0,0,-
BRDA:235,0,1,-
DA:236,0
DA:237,0
BRF:2
BRH:0
LF:4
LH:0
end_of_record
SF:/usr/include/c++/11/bits/basic_string.tcc
FN:206,_ZNSt7__cxx1112basic_stringIcSt11char_traitsIcESaIcEE12_M_constructIPcEEvT_S7_St20forward_iterator_tag
FNDA:0,_ZNSt7__cxx1112basic_stringIcSt11char_traitsIcESaIcEE12_M_constructIPcEEvT_S7_St20forward_iterator_tag
FNF:1
FNH:0
DA:206,0
DA:211,0
BRDA:211,0,0,-
BRDA:211,0,1,-
BRDA:211,0,2,-
BRDA:211,0,3,-
BRDA:211,0,4,-
BRDA:211,0,5,-
DA:212,0
DA:215,0
DA:217,0
BRDA:217,0,0,-
BRDA:217,0,1,-
DA:219,0
DA:220,0
DA:225,0
DA:232,0
DA:233,0
BRF:8
BRH:0
LF:10
LH:0
end_of_record
SF:/usr/include/c++/11/bits/stl_iterator_base_funcs.h
FN:98,_ZSt10__distanceIPcENSt15iterator_traitsIT_E15difference_typeES2_S2_St26random_access_iterator_tag
FNDA:0,_ZSt10__distanceIPcENSt15iterator_traitsIT_E15difference_typeES2_S2_St26random_access_iterator_tag
FN:98,_ZSt10__distanceIPKNSt7__cxx1112basic_stringIcSt11char_traitsIcESaIcEEEENSt15iterator_traitsIT_E15difference_typeES9_S9_St26random_access_iterator_tag
FNDA:0,_ZSt10__distanceIPKNSt7__cxx1112basic_stringIcSt11char_traitsIcESaIcEEEENSt15iterator_traitsIT_E15difference_typeES9_S9_St26random_access_iterator_tag
FN:138,_ZSt8distanceIPcENSt15iterator_traitsIT_E15difference_typeES2_S2_
FNDA:0,_ZSt8distanceIPcENSt15iterator_traitsIT_E15difference_typeES2_S2_
FN:138,_ZSt8distanceIPKNSt7__cxx1112basic_stringIcSt11char_traitsIcESaIcEEEENSt15iterator_traitsIT_E15difference_typeES9_S9_
FNDA:0,_ZSt8distanceIPKNSt7__cxx1112basic_stringIcSt11char_traitsIcESaIcEEEENSt15iterator_traitsIT_E15difference_typeES9_S9_
FNF:4
FNH:0
DA:98,0
DA:104,0
DA:98,0
DA:104,0
DA:138,0
DA:141,0
DA:142,0
DA:138,0
DA:141,0
DA:142,0
LF:10
LH:0
end_of_record
TN:
SF:/usr/include/c++/11/bits/stl_iterator_base_funcs.h
FN:98,_ZSt10__distanceIPcENSt15iterator_traitsIT_E15difference_typeES2_S2_St26random_access_iterator_tag
FNDA:0,_ZSt10__distanceIPcENSt15iterator_traitsIT_E15difference_typeES2_S2_St26random_access_iterator_tag
FN:98,_ZSt10__distanceIPKNSt7__cxx1112basic_stringIcSt11char_traitsIcESaIcEEEENSt15iterator_traitsIT_E15difference_typeES9_S9_St26random_access_iterator_tag
FNDA:7,_ZSt10__distanceIPKNSt7__cxx1112basic_stringIcSt11char_traitsIcESaIcEEEENSt15iterator_traitsIT_E15difference_typeES9_S9_St26random_access_iterator_tag
FN:98,_ZSt10__distanceIPKcENSt15iterator_traitsIT_E15difference_typeES3_S3_St26random_access_iterator_tag
FNDA:49,_ZSt10__distanceIPKcENSt15iterator_traitsIT_E15difference_typeES3_S3_St26random_access_iterator_tag
FN:138,_ZSt8distanceIPcENSt15iterator_traitsIT_E15difference_typeES2_S2_
FNDA:0,_ZSt8distanceIPcENSt15iterator_traitsIT_E15difference_typeES2_S2_
FN:138,_ZSt8distanceIPKNSt7__cxx1112basic_stringIcSt11char_traitsIcESaIcEEEENSt15iterator_traitsIT_E15difference_typeES9_S9_
FNDA:7,_ZSt8distanceIPKNSt7__cxx1112basic_stringIcSt11char_traitsIcESaIcEEEENSt15iterator_traitsIT_E15difference_typeES9_S9_
FN:138,_ZSt8distanceIPKcENSt15iterator_traitsIT_E15difference_typeES3_S3_
FNDA:49,_ZSt8distanceIPKcENSt15iterator_traitsIT_E15difference_typeES3_S3_
FNF:6
FNH:4
DA:98,0
DA:104,0
DA:98,7
DA:104,7
DA:98,49
DA:104,49
DA:138,0
DA:141,0
DA:142,0
DA:138,7
DA:141,7
DA:142,14
DA:138,49
DA:141,49
DA:142,98
LF:15
LH:10
end_of_record
SF:/usr/include/c++/11/bits/stl_iterator_base_types.h
FN:238,_ZSt19__iterator_categoryIPcENSt15iterator_traitsIT_E17iterator_categoryERKS2_
FNDA:0,_ZSt19__iterator_categoryIPcENSt15iterator_traitsIT_E17iterator_categoryERKS2_
FN:238,_ZSt19__iterator_categoryIPKNSt7__cxx1112basic_stringIcSt11char_traitsIcESaIcEEEENSt15iterator_traitsIT_E17iterator_categoryERKS9_
FNDA:7,_ZSt19__iterator_categoryIPKNSt7__cxx1112basic_stringIcSt11char_traitsIcESaIcEEEENSt15iterator_traitsIT_E17iterator_categoryERKS9_
FN:238,_ZSt19__iterator_categoryIPKcENSt15iterator_traitsIT_E17iterator_categoryERKS3_
FNDA:49,_ZSt19__iterator_categoryIPKcENSt15iterator_traitsIT_E17iterator_categoryERKS3_
FNF:3
FNH:2
DA:238,0
DA:239,0
DA:238,7
DA:239,7
DA:238,49
DA:239,49
LF:6
LH:4
end_of_record
SF:/usr/include/c++/11/bits/alloc_traits.h
FN:463,_ZNSt16allocator_traitsISaI4FileEE8allocateERS1_m
FNDA:2,_ZNSt16allocator_traitsISaI4FileEE8allocateERS1_m
FN:463,_ZNSt16allocator_traitsISaIP4FileEE8allocateERS2_m
FNDA:2,_ZNSt16allocator_traitsISaIP4FileEE8allocateERS2_m
FN:463,_ZNSt16allocator_traitsISaINSt7__cxx1112basic_stringIcSt11char_traitsIcESaIcEEEEE8allocateERS6_m
FNDA:21,_ZNSt16allocator_traitsISaINSt7__cxx1112basic_stringIcSt11char_traitsIcESaIcEEEEE8allocateERS6_m
FN:495,_ZNSt16allocator_traitsISaI4FileEE10deallocateERS1_PS0_m
FNDA:2,_ZNSt16allocator_traitsISaI4FileEE10deallocateERS1_PS0_m
FN:495,_ZNSt16allocator_traitsISaINSt7__cxx1112basic_stringIcSt11char_traitsIcESaIcEEEEE10deallocateERS6_PS5_m
FNDA:21,_ZNSt16allocator_traitsISaINSt7__cxx1112basic_stringIcSt11char_traitsIcESaIcEEEEE10deallocateERS6_PS5_m
FN:495,_ZNSt16allocator_traitsISaIP4FileEE10deallocateERS2_PS1_m
FNDA:2,_ZNSt16allocator_traitsISaIP4FileEE10deallocateERS2_PS1_m
FN:547,_ZNSt16allocator_traitsISaINSt7__cxx1112basic_stringIcSt11char_traitsIcESaIcEEEEE8max_sizeERKS6_
FNDA:30,_ZNSt16allocator_traitsISaINSt7__cxx1112basic_stringIcSt11char_traitsIcESaIcEEEEE8max_sizeERKS6_
FN:562,_ZNSt16allocator_traitsISaIcEE37select_on_container_copy_constructionERKS0_
FNDA:0,_ZNSt16allocator_traitsISaIcEE37select_on_container_copy_constructionERKS0_
FN:845,_ZSt8_DestroyIP4FileS0_EvT_S2_RSaIT0_E
FNDA:2,_ZSt8_DestroyIP4FileS0_EvT_S2_RSaIT0_E
FN:845,_ZSt8_DestroyIPNSt7__cxx1112basic_stringIcSt11char_traitsIcESaIcEEES5_EvT_S7_RSaIT0_E
FNDA:25,_ZSt8_DestroyIPNSt7__cxx1112basic_stringIcSt11char_traitsIcESaIcEEES5_EvT_S7_RSaIT0_E
FNF:10
FNH:9
DA:463,2
DA:464,2
DA:463,2
DA:464,2
DA:463,21
DA:464,21
DA:495,2
DA:496,2
DA:495,21
DA:496,21
DA:495,2
DA:496,2
DA:547,30
DA:550,30
DA:562,0
DA:563,0
DA:845,2
DA:848,2
DA:849,2
DA:845,25
DA:848,25
DA:849,25
LF:22
LH:20
end_of_record
SF:/usr/include/c++/11/bits/move.h
FN:49,_ZSt11__addressofI4FileEPT_RS1_
FNDA:0,_ZSt11__addressofI4FileEPT_RS1_
FN:49,_ZSt11__addressofINSt7__cxx1112basic_stringIcSt11char_traitsIcESaIcEEEEPT_RS6_
FNDA:62,_ZSt11__addressofINSt7__cxx1112basic_stringIcSt11char_traitsIcESaIcEEEEPT_RS6_
FN:77,_ZSt7forwardIRKNSt7__cxx1112basic_stringIcSt11char_traitsIcESaIcEEEEOT_RNSt16remove_referenceIS8_E4typeE
FNDA:16,_ZSt7forwardIRKNSt7__cxx1112basic_stringIcSt11char_traitsIcESaIcEEEEOT_RNSt16remove_referenceIS8_E4typeE
FN:104,_ZSt4moveIRPNSt7__cxx1112basic_stringIcSt11char_traitsIcESaIcEEEEONSt16remove_referenceIT_E4typeEOS9_
FNDA:0,_ZSt4moveIRPNSt7__cxx1112basic_stringIcSt11char_traitsIcESaIcEEEEONSt16remove_referenceIT_E4typeEOS9_
FN:104,_ZSt4moveIRPNSt7__cxx1118basic_stringstreamIcSt11char_traitsIcESaIcEEEEONSt16remove_referenceIT_E4typeEOS9_
FNDA:53,_ZSt4moveIRPNSt7__cxx1118basic_stringstreamIcSt11char_traitsIcESaIcEEEEONSt16remove_referenceIT_E4typeEOS9_
FN:104,_ZSt4moveIRSaIcEEONSt16remove_referenceIT_E4typeEOS3_
FNDA:0,_ZSt4moveIRSaIcEEONSt16remove_referenceIT_E4typeEOS3_
FNF:6
FNH:3
DA:49,0
DA:50,0
DA:49,62
DA:50,62
DA:77,16
DA:78,16
DA:104,0
DA:105,0
DA:104,53
DA:105,53
DA:104,0
DA:105,0
LF:12
LH:6
end_of_record
SF:/usr/local/include/gtest/gtest-assertion-result.h
FN:174,_ZNK7testing15AssertionResultcvbEv
FNDA:7,_ZNK7testing15AssertionResultcvbEv
FN:183,_ZNK7testing15AssertionResult7messageEv
FNDA:0,_ZNK7testing15AssertionResult7messageEv
FN:187,_ZNK7testing15AssertionResult15failure_messageEv
FNDA:0,_ZNK7testing15AssertionResult15failure_messageEv
FNF:3
FNH:1
DA:174,7
DA:183,0
DA:184,0
BRDA:184,0,0,-
BRDA:184,0,1,-
DA:187,0
BRF:2
BRH:0
LF:4
LH:1
end_of_record
SF:/usr/include/c++/11/bits/stl_construct.h
FN:109,_ZSt10_ConstructINSt7__cxx1112basic_stringIcSt11char_traitsIcESaIcEEEJRKS5_EEvPT_DpOT0_
FNDA:16,_ZSt10_ConstructINSt7__cxx1112basic_stringIcSt11char_traitsIcESaIcEEEJRKS5_EEvPT_DpOT0_
FN:146,_ZSt8_DestroyI4FileEvPT_
FNDA:0,_ZSt8_DestroyI4FileEvPT_
FN:146,_ZSt8_DestroyINSt7__cxx1112basic_stringIcSt11char_traitsIcESaIcEEEEvPT_
FNDA:31,_ZSt8_DestroyINSt7__cxx1112basic_stringIcSt11char_traitsIcESaIcEEEEvPT_
FN:160,_ZNSt12_Destroy_auxILb0EE9__destroyIP4FileEEvT_S4_
FNDA:2,_ZNSt12_Destroy_auxILb0EE9__destroyIP4FileEEvT_S4_
FN:160,_ZNSt12_Destroy_auxILb0EE9__destroyIPNSt7__cxx1112basic_stringIcSt11char_traitsIcESaIcEEEEEvT_S9_
FNDA:25,_ZNSt12_Destroy_auxILb0EE9__destroyIPNSt7__cxx1112basic_stringIcSt11char_traitsIcESaIcEEEEEvT_S9_
FN:182,_ZSt8_DestroyIP4FileEvT_S2_
FNDA:2,_ZSt8_DestroyIP4FileEvT_S2_
FN:182,_ZSt8_DestroyIPNSt7__cxx1112basic_stringIcSt11char_traitsIcESaIcEEEEvT_S7_
FNDA:25,_ZSt8_DestroyIPNSt7__cxx1112basic_stringIcSt11char_traitsIcESaIcEEEEvT_S7_
FNF:7
FNH:6
DA:109,16
DA:119,16
DA:120,16
DA:146,0
DA:151,0
DA:153,0
DA:146,31
DA:151,31
DA:153,31
DA:160,2
DA:162,2
BRDA:162,0,0,0
BRDA:162,0,1,2
DA:163,0
DA:164,2
DA:160,25
DA:162,56
BRDA:162,0,0,31
BRDA:162,0,1,25
DA:163,31
DA:164,25
DA:182,2
DA:196,2
DA:197,2
DA:182,25
DA:196,25
DA:197,25
BRF:4
BRH:3
LF:23
LH:19
end_of_record
SF:/home/quier/Softengineering-lab6/input_model/init_data_test/init_data_test.cpp
FN:9,_ZN24testCase0_init_test_TestC2Ev
FNDA:1,_ZN24testCase0_init_test_TestC2Ev
FN:9,_ZN24testCase0_init_test_TestD0Ev
FNDA:1,_ZN24testCase0_init_test_TestD0Ev
FN:9,_ZN24testCase0_init_test_TestD2Ev
FNDA:1,_ZN24testCase0_init_test_TestD2Ev
FN:9,_ZN24testCase0_init_test_Test8TestBodyEv
FNDA:1,_ZN24testCase0_init_test_Test8TestBodyEv
FN:46,main
FNDA:1,main
FNF:5
FNH:5
DA:9,1
DA:9,1
DA:9,1
DA:9,1
DA:12,1
DA:13,1
DA:14,1
DA:21,6
DA:23,1
BRDA:23,0,0,0
BRDA:23,0,1,1
BRDA:23,0,2,1
BRDA:23,0,3,0
DA:25,2
DA:26,2
DA:27,2
DA:28,2
DA:29,2
DA:30,2
DA:31,2
DA:32,1
DA:33,1
BRDA:33,0,0,0
BRDA:33,0,1,1
DA:34,1
BRDA:34,0,0,0
BRDA:34,0,1,1
DA:36,1
DA:37,1
BRDA:37,0,0,0
BRDA:37,0,1,1
DA:38,1
BRDA:38,0,0,0
BRDA:38,0,1,1
DA:40,1
DA:41,1
BRDA:41,0,0,0
BRDA:41,0,1,1
DA:42,1
BRDA:42,0,0,0
BRDA:42,0,1,1
DA:44,1
BRDA:44,0,0,1
BRDA:44,0,1,0
BRDA:44,0,2,1
BRDA:44,0,3,0
BRDA:44,0,4,1
BRDA:44,0,5,0
DA:46,1
DA:48,1
DA:49,1
BRF:22
BRH:11
LF:29
LH:29
end_of_record
SF:/usr/local/include/gtest/gtest-message.h
LF:0
LH:0
end_of_record
SF:/usr/local/include/gtest/gtest-printers.h
FN:213,_ZN7testing8internal52internal_stream_operator_without_lexical_name_lookup13StreamPrinter10PrintValueImvRSoEEvRKT_PSo
FNDA:0,_ZN7testing8internal52internal_stream_operator_without_lexical_name_lookup13StreamPrinter10PrintValueImvRSoEEvRKT_PSo
FN:305,_ZN7testing8internal17PrintWithFallbackImEEvRKT_PSo
FNDA:0,_ZN7testing8internal17PrintWithFallbackImEEvRKT_PSo
FN:332,_ZN7testing8internal19FormatForComparisonINSt7__cxx1112basic_stringIcSt11char_traitsIcESaIcEEES7_E6FormatERKS7_
FNDA:0,_ZN7testing8internal19FormatForComparisonINSt7__cxx1112basic_stringIcSt11char_traitsIcESaIcEEES7_E6FormatERKS7_
FN:332,_ZN7testing8internal19FormatForComparisonImmE6FormatB5cxx11ERKm
FNDA:0,_ZN7testing8internal19FormatForComparisonImmE6FormatB5cxx11ERKm
FN:412,_ZN7testing8internal33FormatForComparisonFailureMessageINSt7__cxx1112basic_stringIcSt11char_traitsIcESaIcEEES7_EES7_RKT_RKT0_
FNDA:0,_ZN7testing8internal33FormatForComparisonFailureMessageINSt7__cxx1112basic_stringIcSt11char_traitsIcESaIcEEES7_EES7_RKT_RKT0_
FN:412,_ZN7testing8internal33FormatForComparisonFailureMessageImmEENSt7__cxx1112basic_stringIcSt11char_traitsIcESaIcEEERKT_RKT0_
FNDA:0,_ZN7testing8internal33FormatForComparisonFailureMessageImmEENSt7__cxx1112basic_stringIcSt11char_traitsIcESaIcEEERKT_RKT0_
FN:439,_ZN7testing8internal7PrintToImEEvRKT_PSo
FNDA:0,_ZN7testing8internal7PrintToImEEvRKT_PSo
FN:629,_ZN7testing8internal7PrintToERKNSt7__cxx1112basic_stringIcSt11char_traitsIcESaIcEEEPSo
FNDA:0,_ZN7testing8internal7PrintToERKNSt7__cxx1112basic_stringIcSt11char_traitsIcESaIcEEEPSo
FN:768,_ZN7testing8internal16UniversalPrinterImE5PrintERKmPSo
FNDA:0,_ZN7testing8internal16UniversalPrinterImE5PrintERKmPSo
FN:768,_ZN7testing8internal16UniversalPrinterINSt7__cxx1112basic_stringIcSt11char_traitsIcESaIcEEEE5PrintERKS7_PSo
FNDA:0,_ZN7testing8internal16UniversalPrinterINSt7__cxx1112basic_stringIcSt11char_traitsIcESaIcEEEE5PrintERKS7_PSo
FN:958,_ZN7testing8internal21UniversalTersePrinterINSt7__cxx1112basic_stringIcSt11char_traitsIcESaIcEEEE5PrintERKS7_PSo
FNDA:0,_ZN7testing8internal21UniversalTersePrinterINSt7__cxx1112basic_stringIcSt11char_traitsIcESaIcEEEE5PrintERKS7_PSo
FN:958,_ZN7testing8internal21UniversalTersePrinterImE5PrintERKmPSo
FNDA:0,_ZN7testing8internal21UniversalTersePrinterImE5PrintERKmPSo
FN:1077,_ZN7testing8internal14UniversalPrintImEEvRKT_PSo
FNDA:0,_ZN7testing8internal14UniversalPrintImEEvRKT_PSo
FN:1077,_ZN7testing8internal14UniversalPrintINSt7__cxx1112basic_stringIcSt11char_traitsIcESaIcEEEEEvRKT_PSo
FNDA:0,_ZN7testing8internal14UniversalPrintINSt7__cxx1112basic_stringIcSt11char_traitsIcESaIcEEEEEvRKT_PSo
FN:1117,_ZN7testing13PrintToStringINSt7__cxx1112basic_stringIcSt11char_traitsIcESaIcEEEEES6_RKT_
FNDA:0,_ZN7testing13PrintToStringINSt7__cxx1112basic_stringIcSt11char_traitsIcESaIcEEEEES6_RKT_
FN:1117,_ZN7testing13PrintToStringImEENSt7__cxx1112basic_stringIcSt11char_traitsIcESaIcEEERKT_
FNDA:0,_ZN7testing13PrintToStringImEENSt7__cxx1112basic_stringIcSt11char_traitsIcESaIcEEERKT_
FNF:16
FNH:0
DA:213,0
DA:216,0
DA:217,0
DA:305,0
DA:311,0
DA:312,0
DA:332,0
DA:333,0
DA:332,0
DA:333,0
DA:412,0
DA:414,0
DA:412,0
DA:414,0
DA:439,0
DA:440,0
DA:441,0
DA:629,0
DA:630,0
DA:631,0
DA:768,0
DA:777,0
DA:778,0
DA:768,0
DA:777,0
DA:778,0
DA:958,0
DA:959,0
DA:960,0
DA:958,0
DA:959,0
DA:960,0
DA:1077,0
DA:1081,0
DA:1082,0
DA:1077,0
DA:1081,0
DA:1082,0
DA:1117,0
DA:1118,0
DA:1119,0
DA:1120,0
DA:1121,0
DA:1117,0
DA:1118,0
DA:1119,0
DA:1120,0
DA:1121,0
LF:48
LH:0
end_of_record
SF:/usr/include/c++/11/iostream
LF:0
LH:0
end_of_record
SF:/usr/include/c++/11/bits/stl_vector.h
FN:97,_ZNSt12_Vector_baseINSt7__cxx1112basic_stringIcSt11char_traitsIcESaIcEEESaIS5_EE17_Vector_impl_dataC2Ev
FNDA:31,_ZNSt12_Vector_baseINSt7__cxx1112basic_stringIcSt11char_traitsIcESaIcEEESaIS5_EE17_Vector_impl_dataC2Ev
FN:136,_ZNSt12_Vector_baseINSt7__cxx1112basic_stringIcSt11char_traitsIcESaIcEEESaIS5_EE12_Vector_implC2ERKS6_
FNDA:10,_ZNSt12_Vector_baseINSt7__cxx1112basic_stringIcSt11char_traitsIcESaIcEEESaIS5_EE12_Vector_implC2ERKS6_
FN:276,_ZNSt12_Vector_baseINSt7__cxx1112basic_stringIcSt11char_traitsIcESaIcEEESaIS5_EE19_M_get_Tp_allocatorEv
FNDA:74,_ZNSt12_Vector_baseINSt7__cxx1112basic_stringIcSt11char_traitsIcESaIcEEESaIS5_EE19_M_get_Tp_allocatorEv
FN:293,_ZNSt12_Vector_baseINSt7__cxx1112basic_stringIcSt11char_traitsIcESaIcEEESaIS5_EEC2ERKS6_
FNDA:8,_ZNSt12_Vector_baseINSt7__cxx1112basic_stringIcSt11char_traitsIcESaIcEEESaIS5_EEC2ERKS6_
FN:333,_ZNSt12_Vector_baseINSt7__cxx1112basic_stringIcSt11char_traitsIcESaIcEEESaIS5_EED2Ev
FNDA:25,_ZNSt12_Vector_baseINSt7__cxx1112basic_stringIcSt11char_traitsIcESaIcEEESaIS5_EED2Ev
FN:343,_ZNSt12_Vector_baseINSt7__cxx1112basic_stringIcSt11char_traitsIcESaIcEEESaIS5_EE11_M_allocateEm
FNDA:22,_ZNSt12_Vector_baseINSt7__cxx1112basic_stringIcSt11char_traitsIcESaIcEEESaIS5_EE11_M_allocateEm
FN:350,_ZNSt12_Vector_baseINSt7__cxx1112basic_stringIcSt11char_traitsIcESaIcEEESaIS5_EE13_M_deallocateEPS5_m
FNDA:38,_ZNSt12_Vector_baseINSt7__cxx1112basic_stringIcSt11char_traitsIcESaIcEEESaIS5_EE13_M_deallocateEPS5_m
FN:625,_ZNSt6vectorINSt7__cxx1112basic_stringIcSt11char_traitsIcESaIcEEESaIS5_EEC2ESt16initializer_listIS5_ERKS6_
FNDA:7,_ZNSt6vectorINSt7__cxx1112basic_stringIcSt11char_traitsIcESaIcEEESaIS5_EEC2ESt16initializer_listIS5_ERKS6_
FN:678,_ZNSt6vectorINSt7__cxx1112basic_stringIcSt11char_traitsIcESaIcEEESaIS5_EED2Ev
FNDA:25,_ZNSt6vectorINSt7__cxx1112basic_stringIcSt11char_traitsIcESaIcEEESaIS5_EED2Ev
FN:918,_ZNKSt6vectorINSt7__cxx1112basic_stringIcSt11char_traitsIcESaIcEEESaIS5_EE4sizeEv
FNDA:60,_ZNKSt6vectorINSt7__cxx1112basic_stringIcSt11char_traitsIcESaIcEEESaIS5_EE4sizeEv
FN:1577,_ZNSt6vectorINSt7__cxx1112basic_stringIcSt11char_traitsIcESaIcEEESaIS5_EE19_M_range_initializeIPKS5_EEvT_SB_St20forward_iterator_tag
FNDA:7,_ZNSt6vectorINSt7__cxx1112basic_stringIcSt11char_traitsIcESaIcEEESaIS5_EE19_M_range_initializeIPKS5_EEvT_SB_St20forward_iterator_tag
FN:1767,_ZNSt6vectorINSt7__cxx1112basic_stringIcSt11char_traitsIcESaIcEEESaIS5_EE17_S_check_init_lenEmRKS6_
FNDA:7,_ZNSt6vectorINSt7__cxx1112basic_stringIcSt11char_traitsIcESaIcEEESaIS5_EE17_S_check_init_lenEmRKS6_
FN:1776,_ZNSt6vectorINSt7__cxx1112basic_stringIcSt11char_traitsIcESaIcEEESaIS5_EE11_S_max_sizeERKS6_
FNDA:30,_ZNSt6vectorINSt7__cxx1112basic_stringIcSt11char_traitsIcESaIcEEESaIS5_EE11_S_max_sizeERKS6_
FNF:13
FNH:13
DA:97,31
DA:98,31
DA:99,31
DA:136,10
DA:137,10
DA:138,10
DA:276,74
DA:277,74
DA:293,8
DA:294,8
DA:333,25
DA:335,25
DA:336,25
DA:337,25
DA:343,22
DA:346,22
BRDA:346,0,0,21
BRDA:346,0,1,1
DA:350,38
DA:353,38
BRDA:353,0,0,21
BRDA:353,0,1,17
DA:354,21
DA:355,38
DA:625,7
DA:627,7
DA:629,7
DA:630,7
DA:631,7
DA:678,25
DA:680,25
DA:681,25
DA:683,25
DA:918,60
DA:919,60
DA:1577,7
DA:1580,7
DA:1582,7
DA:1583,7
DA:1584,7
DA:1585,7
DA:1587,7
DA:1588,7
DA:1767,7
DA:1769,7
BRDA:1769,0,0,0
BRDA:1769,0,1,7
DA:1770,0
DA:1772,7
DA:1776,30
DA:1781,30
DA:1783,30
DA:1784,30
BRF:6
BRH:5
LF:47
LH:46
end_of_record
SF:/usr/include/c++/11/bits/stl_stack.h
FN:162,_ZNSt5stackI4FileSt5dequeIS0_SaIS0_EEEC2IS3_vEEv
FNDA:2,_ZNSt5stackI4FileSt5dequeIS0_SaIS0_EEEC2IS3_vEEv
FN:204,_ZNKSt5stackI4FileSt5dequeIS0_SaIS0_EEE4sizeEv
FNDA:1,_ZNKSt5stackI4FileSt5dequeIS0_SaIS0_EEE4sizeEv
FNF:2
FNH:2
DA:162,2
DA:163,2
DA:204,1
DA:205,1
LF:4
LH:4
end_of_record
SF:/usr/include/c++/11/bits/basic_string.tcc
FN:206,_ZNSt7__cxx1112basic_stringIcSt11char_traitsIcESaIcEE12_M_constructIPcEEvT_S7_St20forward_iterator_tag
FNDA:0,_ZNSt7__cxx1112basic_stringIcSt11char_traitsIcESaIcEE12_M_constructIPcEEvT_S7_St20forward_iterator_tag
FN:206,_ZNSt7__cxx1112basic_stringIcSt11char_traitsIcESaIcEE12_M_constructIPKcEEvT_S8_St20forward_iterator_tag
FNDA:49,_ZNSt7__cxx1112basic_stringIcSt11char_traitsIcESaIcEE12_M_constructIPKcEEvT_S8_St20forward_iterator_tag
FNF:2
FNH:1
DA:206,0
DA:211,0
BRDA:211,0,0,-
BRDA:211,0,1,-
BRDA:211,0,2,-
BRDA:211,0,3,-
BRDA:211,0,4,-
BRDA:211,0,5,-
DA:212,0
DA:215,0
DA:217,0
BRDA:217,0,0,-
BRDA:217,0,1,-
DA:219,0
DA:220,0
DA:225,0
DA:232,0
DA:233,0
DA:206,49
DA:211,49
BRDA:211,0,0,0
BRDA:211,0,1,49
BRDA:211,0,2,0
BRDA:211,0,3,0
BRDA:211,0,4,0
BRDA:211,0,5,49
DA:212,0
DA:215,49
DA:217,49
BRDA:217,0,0,15
BRDA:217,0,1,34
DA:219,15
DA:220,15
DA:225,49
DA:232,49
DA:233,49
BRF:16
BRH:4
LF:20
LH:9
end_of_record
SF:/home/quier/Softengineering-lab6/input_model/init_data_test/test.h
LF:0
LH:0
end_of_record
SF:/usr/include/c++/11/bits/stl_algobase.h
FN:230,_ZSt3minImERKT_S2_S2_
FNDA:40,_ZSt3minImERKT_S2_S2_
FN:254,_ZSt3maxImERKT_S2_S2_
FNDA:17,_ZSt3maxImERKT_S2_S2_
FNF:2
FNH:2
DA:230,40
DA:235,40
BRDA:235,0,0,0
BRDA:235,0,1,40
DA:236,0
DA:237,40
DA:254,17
DA:259,17
BRDA:259,0,0,11
BRDA:259,0,1,6
DA:260,11
DA:261,6
BRF:4
BRH:3
LF:8
LH:7
end_of_record
SF:/usr/include/c++/11/tuple
FN:124,_ZNSt10_Head_baseILm1ESt14default_deleteINSt7__cxx1118basic_stringstreamIcSt11char_traitsIcESaIcEEEELb1EE7_M_headERS8_
FNDA:53,_ZNSt10_Head_baseILm1ESt14default_deleteINSt7__cxx1118basic_stringstreamIcSt11char_traitsIcESaIcEEEELb1EE7_M_headERS8_
FN:124,_ZNSt10_Head_baseILm1ESt14default_deleteINSt7__cxx1112basic_stringIcSt11char_traitsIcESaIcEEEELb1EE7_M_headERS8_
FNDA:0,_ZNSt10_Head_baseILm1ESt14default_deleteINSt7__cxx1112basic_stringIcSt11char_traitsIcESaIcEEEELb1EE7_M_headERS8_
FN:233,_ZNSt10_Head_baseILm0EPNSt7__cxx1112basic_stringIcSt11char_traitsIcESaIcEEELb0EE7_M_headERS7_
FNDA:7,_ZNSt10_Head_baseILm0EPNSt7__cxx1112basic_stringIcSt11char_traitsIcESaIcEEELb0EE7_M_headERS7_
FN:233,_ZNSt10_Head_baseILm0EPNSt7__cxx1118basic_stringstreamIcSt11char_traitsIcESaIcEEELb0EE7_M_headERS7_
FNDA:106,_ZNSt10_Head_baseILm0EPNSt7__cxx1118basic_stringstreamIcSt11char_traitsIcESaIcEEELb0EE7_M_headERS7_
FN:236,_ZNSt10_Head_baseILm0EPNSt7__cxx1112basic_stringIcSt11char_traitsIcESaIcEEELb0EE7_M_headERKS7_
FNDA:0,_ZNSt10_Head_baseILm0EPNSt7__cxx1112basic_stringIcSt11char_traitsIcESaIcEEELb0EE7_M_headERKS7_
FN:268,_ZNSt11_Tuple_implILm0EJPNSt7__cxx1112basic_stringIcSt11char_traitsIcESaIcEEESt14default_deleteIS5_EEE7_M_headERS9_
FNDA:7,_ZNSt11_Tuple_implILm0EJPNSt7__cxx1112basic_stringIcSt11char_traitsIcESaIcEEESt14default_deleteIS5_EEE7_M_headERS9_
FN:268,_ZNSt11_Tuple_implILm0EJPNSt7__cxx1118basic_stringstreamIcSt11char_traitsIcESaIcEEESt14default_deleteIS5_EEE7_M_headERS9_
FNDA:106,_ZNSt11_Tuple_implILm0EJPNSt7__cxx1118basic_stringstreamIcSt11char_traitsIcESaIcEEESt14default_deleteIS5_EEE7_M_headERS9_
FN:271,_ZNSt11_Tuple_implILm0EJPNSt7__cxx1112basic_stringIcSt11char_traitsIcESaIcEEESt14default_deleteIS5_EEE7_M_headERKS9_
FNDA:0,_ZNSt11_Tuple_implILm0EJPNSt7__cxx1112basic_stringIcSt11char_traitsIcESaIcEEESt14default_deleteIS5_EEE7_M_headERKS9_
FN:424,_ZNSt11_Tuple_implILm1EJSt14default_deleteINSt7__cxx1112basic_stringIcSt11char_traitsIcESaIcEEEEEE7_M_headERS8_
FNDA:0,_ZNSt11_Tuple_implILm1EJSt14default_deleteINSt7__cxx1112basic_stringIcSt11char_traitsIcESaIcEEEEEE7_M_headERS8_
FN:424,_ZNSt11_Tuple_implILm1EJSt14default_deleteINSt7__cxx1118basic_stringstreamIcSt11char_traitsIcESaIcEEEEEE7_M_headERS8_
FNDA:53,_ZNSt11_Tuple_implILm1EJSt14default_deleteINSt7__cxx1118basic_stringstreamIcSt11char_traitsIcESaIcEEEEEE7_M_headERS8_
FN:1381,_ZSt12__get_helperILm1ESt14default_deleteINSt7__cxx1118basic_stringstreamIcSt11char_traitsIcESaIcEEEEJEERT0_RSt11_Tuple_implIXT_EJS8_DpT1_EE
FNDA:53,_ZSt12__get_helperILm1ESt14default_deleteINSt7__cxx1118basic_stringstreamIcSt11char_traitsIcESaIcEEEEJEERT0_RSt11_Tuple_implIXT_EJS8_DpT1_EE
FN:1381,_ZSt12__get_helperILm0EPNSt7__cxx1118basic_stringstreamIcSt11char_traitsIcESaIcEEEJSt14default_deleteIS5_EEERT0_RSt11_Tuple_implIXT_EJS9_DpT1_EE
FNDA:106,_ZSt12__get_helperILm0EPNSt7__cxx1118basic_stringstreamIcSt11char_traitsIcESaIcEEEJSt14default_deleteIS5_EEERT0_RSt11_Tuple_implIXT_EJS9_DpT1_EE
FN:1381,_ZSt12__get_helperILm0EPNSt7__cxx1112basic_stringIcSt11char_traitsIcESaIcEEEJSt14default_deleteIS5_EEERT0_RSt11_Tuple_implIXT_EJS9_DpT1_EE
FNDA:7,_ZSt12__get_helperILm0EPNSt7__cxx1112basic_stringIcSt11char_traitsIcESaIcEEEJSt14default_deleteIS5_EEERT0_RSt11_Tuple_implIXT_EJS9_DpT1_EE
FN:1381,_ZSt12__get_helperILm1ESt14default_deleteINSt7__cxx1112basic_stringIcSt11char_traitsIcESaIcEEEEJEERT0_RSt11_Tuple_implIXT_EJS8_DpT1_EE
FNDA:0,_ZSt12__get_helperILm1ESt14default_deleteINSt7__cxx1112basic_stringIcSt11char_traitsIcESaIcEEEEJEERT0_RSt11_Tuple_implIXT_EJS8_DpT1_EE
FN:1386,_ZSt12__get_helperILm0EPNSt7__cxx1112basic_stringIcSt11char_traitsIcESaIcEEEJSt14default_deleteIS5_EEERKT0_RKSt11_Tuple_implIXT_EJS9_DpT1_EE
FNDA:0,_ZSt12__get_helperILm0EPNSt7__cxx1112basic_stringIcSt11char_traitsIcESaIcEEEJSt14default_deleteIS5_EEERKT0_RKSt11_Tuple_implIXT_EJS9_DpT1_EE
FN:1397,_ZSt3getILm1EJPNSt7__cxx1112basic_stringIcSt11char_traitsIcESaIcEEESt14default_deleteIS5_EEERNSt13tuple_elementIXT_ESt5tupleIJDpT0_EEE4typeERSD_
FNDA:0,_ZSt3getILm1EJPNSt7__cxx1112basic_stringIcSt11char_traitsIcESaIcEEESt14default_deleteIS5_EEERNSt13tuple_elementIXT_ESt5tupleIJDpT0_EEE4typeERSD_
FN:1397,_ZSt3getILm1EJPNSt7__cxx1118basic_stringstreamIcSt11char_traitsIcESaIcEEESt14default_deleteIS5_EEERNSt13tuple_elementIXT_ESt5tupleIJDpT0_EEE4typeERSD_
FNDA:53,_ZSt3getILm1EJPNSt7__cxx1118basic_stringstreamIcSt11char_traitsIcESaIcEEESt14default_deleteIS5_EEERNSt13tuple_elementIXT_ESt5tupleIJDpT0_EEE4typeERSD_
FN:1397,_ZSt3getILm0EJPNSt7__cxx1112basic_stringIcSt11char_traitsIcESaIcEEESt14default_deleteIS5_EEERNSt13tuple_elementIXT_ESt5tupleIJDpT0_EEE4typeERSD_
FNDA:7,_ZSt3getILm0EJPNSt7__cxx1112basic_stringIcSt11char_traitsIcESaIcEEESt14default_deleteIS5_EEERNSt13tuple_elementIXT_ESt5tupleIJDpT0_EEE4typeERSD_
FN:1397,_ZSt3getILm0EJPNSt7__cxx1118basic_stringstreamIcSt11char_traitsIcESaIcEEESt14default_deleteIS5_EEERNSt13tuple_elementIXT_ESt5tupleIJDpT0_EEE4typeERSD_
FNDA:106,_ZSt3getILm0EJPNSt7__cxx1118basic_stringstreamIcSt11char_traitsIcESaIcEEESt14default_deleteIS5_EEERNSt13tuple_elementIXT_ESt5tupleIJDpT0_EEE4typeERSD_
FN:1403,_ZSt3getILm0EJPNSt7__cxx1112basic_stringIcSt11char_traitsIcESaIcEEESt14default_deleteIS5_EEERKNSt13tuple_elementIXT_ESt5tupleIJDpT0_EEE4typeERKSD_
FNDA:0,_ZSt3getILm0EJPNSt7__cxx1112basic_stringIcSt11char_traitsIcESaIcEEESt14default_deleteIS5_EEERKNSt13tuple_elementIXT_ESt5tupleIJDpT0_EEE4typeERKSD_
FNF:20
FNH:12
DA:124,0
DA:124,53
DA:233,7
DA:233,106
DA:236,0
DA:268,7
DA:268,106
DA:271,0
DA:424,0
DA:424,53
DA:1381,0
DA:1382,0
DA:1381,53
DA:1382,53
DA:1381,7
DA:1382,7
DA:1381,106
DA:1382,106
DA:1386,0
DA:1387,0
DA:1397,0
DA:1398,0
DA:1397,53
DA:1398,53
DA:1397,7
DA:1398,7
DA:1397,106
DA:1398,106
DA:1403,0
DA:1404,0
LF:30
LH:18
end_of_record
SF:/usr/include/c++/11/initializer_list
FN:71,_ZNKSt16initializer_listINSt7__cxx1112basic_stringIcSt11char_traitsIcESaIcEEEE4sizeEv
FNDA:7,_ZNKSt16initializer_listINSt7__cxx1112basic_stringIcSt11char_traitsIcESaIcEEEE4sizeEv
FN:75,_ZNKSt16initializer_listINSt7__cxx1112basic_stringIcSt11char_traitsIcESaIcEEEE5beginEv
FNDA:14,_ZNKSt16initializer_listINSt7__cxx1112basic_stringIcSt11char_traitsIcESaIcEEEE5beginEv
FN:79,_ZNKSt16initializer_listINSt7__cxx1112basic_stringIcSt11char_traitsIcESaIcEEEE3endEv
FNDA:7,_ZNKSt16initializer_listINSt7__cxx1112basic_stringIcSt11char_traitsIcESaIcEEEE3endEv
FNF:3
FNH:3
DA:71,7
DA:75,14
DA:79,7
LF:3
LH:3
end_of_record
SF:/usr/include/c++/11/bits/allocator.h
FN:156,_ZNSaI4FileEC2Ev
FNDA:2,_ZNSaI4FileEC2Ev
FN:156,_ZNSaINSt7__cxx1112basic_stringIcSt11char_traitsIcESaIcEEEEC2Ev
FNDA:22,_ZNSaINSt7__cxx1112basic_stringIcSt11char_traitsIcESaIcEEEEC2Ev
FN:159,_ZNSaINSt7__cxx1112basic_stringIcSt11char_traitsIcESaIcEEEEC2ERKS5_
FNDA:20,_ZNSaINSt7__cxx1112basic_stringIcSt11char_traitsIcESaIcEEEEC2ERKS5_
FN:169,_ZNSaIP4FileEC2IS_EERKSaIT_E
FNDA:4,_ZNSaIP4FileEC2IS_EERKSaIT_E
FN:174,_ZNSaIP4FileED2Ev
FNDA:4,_ZNSaIP4FileED2Ev
FN:174,_ZNSaI4FileED2Ev
FNDA:2,_ZNSaI4FileED2Ev
FN:174,_ZNSaINSt7__cxx1112basic_stringIcSt11char_traitsIcESaIcEEEED2Ev
FNDA:42,_ZNSaINSt7__cxx1112basic_stringIcSt11char_traitsIcESaIcEEEED2Ev
FNF:7
FNH:7
DA:156,2
DA:156,22
DA:159,20
DA:160,20
DA:169,4
DA:174,4
DA:174,2
DA:174,42
LF:8
LH:8
end_of_record
SF:/usr/local/include/gtest/internal/gtest-internal.h
FN:451,_ZN7testing8internal15TestFactoryBaseD0Ev
FNDA:0,_ZN7testing8internal15TestFactoryBaseD0Ev
FN:451,_ZN7testing8internal15TestFactoryBaseD2Ev
FNDA:1,_ZN7testing8internal15TestFactoryBaseD2Ev
FN:458,_ZN7testing8internal15TestFactoryBaseC2Ev
FNDA:1,_ZN7testing8internal15TestFactoryBaseC2Ev
FN:470,_ZN7testing8internal15TestFactoryImplI24testCase0_init_test_TestE10CreateTestEv
FNDA:1,_ZN7testing8internal15TestFactoryImplI24testCase0_init_test_TestE10CreateTestEv
FN:491,_ZN7testing8internal12CodeLocationC2ERKNSt7__cxx1112basic_stringIcSt11char_traitsIcESaIcEEEi
FNDA:1,_ZN7testing8internal12CodeLocationC2ERKNSt7__cxx1112basic_stringIcSt11char_traitsIcESaIcEEEi
FN:504,_ZN7testing8internal19GetNotDefaultOrNullEPFvvES2_
FNDA:4,_ZN7testing8internal19GetNotDefaultOrNullEPFvvES2_
FN:519,_ZN7testing8internal16SuiteApiResolverINS_4TestEE19GetSetUpCaseOrSuiteEPKci
FNDA:1,_ZN7testing8internal16SuiteApiResolverINS_4TestEE19GetSetUpCaseOrSuiteEPKci
FN:540,_ZN7testing8internal16SuiteApiResolverINS_4TestEE22GetTearDownCaseOrSuiteEPKci
FNDA:1,_ZN7testing8internal16SuiteApiResolverINS_4TestEE22GetTearDownCaseOrSuiteEPKci
FNF:8
FNH:7
DA:451,0
DA:451,1
DA:458,1
DA:470,1
DA:491,1
DA:492,1
DA:504,4
DA:506,4
BRDA:506,0,0,0
BRDA:506,0,1,4
DA:519,1
DA:523,1
DA:525,1
DA:527,1
BRDA:527,0,0,0
BRDA:527,0,1,1
BRDA:527,0,2,0
BRDA:527,0,3,0
BRDA:527,0,4,0
BRDA:527,0,5,1
DA:530,0
DA:532,1
BRDA:532,0,0,0
BRDA:532,0,1,1
DA:540,1
DA:544,1
DA:546,1
DA:548,1
BRDA:548,0,0,0
BRDA:548,0,1,1
BRDA:548,0,2,0
BRDA:548,0,3,0
BRDA:548,0,4,0
BRDA:548,0,5,1
DA:551,0
DA:553,1
BRDA:553,0,0,0
BRDA:553,0,1,1
BRF:18
BRH:7
LF:20
LH:17
end_of_record
SF:/usr/local/include/gtest/internal/gtest-port.h
FN:964,_ZN7testing8internal8GTestLog9GetStreamEv
FNDA:0,_ZN7testing8internal8GTestLog9GetStreamEv
FNF:1
FNH:0
DA:964,0
LF:1
LH:0
end_of_record
SF:/usr/include/c++/11/bits/deque.tcc
FN:859,_ZNSt5dequeI4FileSaIS0_EE19_M_destroy_data_auxESt15_Deque_iteratorIS0_RS0_PS0_ES6_
FNDA:2,_ZNSt5dequeI4FileSaIS0_EE19_M_destroy_data_auxESt15_Deque_iteratorIS0_RS0_PS0_ES6_
FNF:1
FNH:1
DA:859,2
DA:862,2
DA:863,2
BRDA:863,0,0,0
BRDA:863,0,1,2
DA:864,0
DA:865,0
DA:867,2
BRDA:867,0,0,0
BRDA:867,0,1,2
DA:869,0
DA:870,0
DA:871,0
DA:872,0
DA:875,2
DA:876,2
DA:877,2
BRF:4
BRH:2
LF:13
LH:7
end_of_record
SF:/usr/include/c++/11/ext/type_traits.h
FN:152,_ZN9__gnu_cxx17__is_null_pointerIcEEbPT_
FNDA:0,_ZN9__gnu_cxx17__is_null_pointerIcEEbPT_
FN:152,_ZN9__gnu_cxx17__is_null_pointerIKcEEbPT_
FNDA:49,_ZN9__gnu_cxx17__is_null_pointerIKcEEbPT_
FNF:2
FNH:1
DA:152,0
DA:153,0
DA:152,49
DA:153,49
LF:4
LH:2
end_of_record
SF:/usr/include/c++/11/new
FN:174,_ZnwmPv
FNDA:44,_ZnwmPv
FNF:1
FNH:1
DA:174,44
DA:175,44
LF:2
LH:2
end_of_record
SF:/usr/include/c++/11/bits/unique_ptr.h
FN:79,_ZNKSt14default_deleteINSt7__cxx1112basic_stringIcSt11char_traitsIcESaIcEEEEclEPS5_
FNDA:0,_ZNKSt14default_deleteINSt7__cxx1112basic_stringIcSt11char_traitsIcESaIcEEEEclEPS5_
FN:79,_ZNKSt14default_deleteINSt7__cxx1118basic_stringstreamIcSt11char_traitsIcESaIcEEEEclEPS5_
FNDA:53,_ZNKSt14default_deleteINSt7__cxx1118basic_stringstreamIcSt11char_traitsIcESaIcEEEEclEPS5_
FN:172,_ZNSt15__uniq_ptr_implINSt7__cxx1112basic_stringIcSt11char_traitsIcESaIcEEESt14default_deleteIS5_EE6_M_ptrEv
FNDA:7,_ZNSt15__uniq_ptr_implINSt7__cxx1112basic_stringIcSt11char_traitsIcESaIcEEESt14default_deleteIS5_EE6_M_ptrEv
FN:172,_ZNSt15__uniq_ptr_implINSt7__cxx1118basic_stringstreamIcSt11char_traitsIcESaIcEEESt14default_deleteIS5_EE6_M_ptrEv
FNDA:106,_ZNSt15__uniq_ptr_implINSt7__cxx1118basic_stringstreamIcSt11char_traitsIcESaIcEEESt14default_deleteIS5_EE6_M_ptrEv
FN:173,_ZNKSt15__uniq_ptr_implINSt7__cxx1112basic_stringIcSt11char_traitsIcESaIcEEESt14default_deleteIS5_EE6_M_ptrEv
FNDA:0,_ZNKSt15__uniq_ptr_implINSt7__cxx1112basic_stringIcSt11char_traitsIcESaIcEEESt14default_deleteIS5_EE6_M_ptrEv
FN:174,_ZNSt15__uniq_ptr_implINSt7__cxx1112basic_stringIcSt11char_traitsIcESaIcEEESt14default_deleteIS5_EE10_M_deleterEv
FNDA:0,_ZNSt15__uniq_ptr_implINSt7__cxx1112basic_stringIcSt11char_traitsIcESaIcEEESt14default_deleteIS5_EE10_M_deleterEv
FN:174,_ZNSt15__uniq_ptr_implINSt7__cxx1118basic_stringstreamIcSt11char_traitsIcESaIcEEESt14default_deleteIS5_EE10_M_deleterEv
FNDA:53,_ZNSt15__uniq_ptr_implINSt7__cxx1118basic_stringstreamIcSt11char_traitsIcESaIcEEESt14default_deleteIS5_EE10_M_deleterEv
FN:355,_ZNSt10unique_ptrINSt7__cxx1112basic_stringIcSt11char_traitsIcESaIcEEESt14default_deleteIS5_EED2Ev
FNDA:7,_ZNSt10unique_ptrINSt7__cxx1112basic_stringIcSt11char_traitsIcESaIcEEESt14default_deleteIS5_EED2Ev
FN:355,_ZNSt10unique_ptrINSt7__cxx1118basic_stringstreamIcSt11char_traitsIcESaIcEEESt14default_deleteIS5_EED2Ev
FNDA:53,_ZNSt10unique_ptrINSt7__cxx1118basic_stringstreamIcSt11char_traitsIcESaIcEEESt14default_deleteIS5_EED2Ev
FN:413,_ZNKSt10unique_ptrINSt7__cxx1112basic_stringIcSt11char_traitsIcESaIcEEESt14default_deleteIS5_EEptEv
FNDA:0,_ZNKSt10unique_ptrINSt7__cxx1112basic_stringIcSt11char_traitsIcESaIcEEESt14default_deleteIS5_EEptEv
FN:421,_ZNKSt10unique_ptrINSt7__cxx1112basic_stringIcSt11char_traitsIcESaIcEEESt14default_deleteIS5_EE3getEv
FNDA:0,_ZNKSt10unique_ptrINSt7__cxx1112basic_stringIcSt11char_traitsIcESaIcEEESt14default_deleteIS5_EE3getEv
FN:426,_ZNSt10unique_ptrINSt7__cxx1112basic_stringIcSt11char_traitsIcESaIcEEESt14default_deleteIS5_EE11get_deleterEv
FNDA:0,_ZNSt10unique_ptrINSt7__cxx1112basic_stringIcSt11char_traitsIcESaIcEEESt14default_deleteIS5_EE11get_deleterEv
FN:426,_ZNSt10unique_ptrINSt7__cxx1118basic_stringstreamIcSt11char_traitsIcESaIcEEESt14default_deleteIS5_EE11get_deleterEv
FNDA:53,_ZNSt10unique_ptrINSt7__cxx1118basic_stringstreamIcSt11char_traitsIcESaIcEEESt14default_deleteIS5_EE11get_deleterEv
FNF:13
FNH:7
DA:79,0
DA:85,0
BRDA:85,0,0,-
BRDA:85,0,1,-
DA:86,0
DA:79,53
DA:85,53
BRDA:85,0,0,53
BRDA:85,0,1,0
DA:86,53
DA:172,7
DA:172,106
DA:173,0
DA:174,0
DA:174,53
DA:355,7
DA:359,7
DA:360,7
BRDA:360,0,0,0
BRDA:360,0,1,7
DA:361,0
DA:362,7
DA:363,7
DA:355,53
DA:359,53
DA:360,53
BRDA:360,0,0,53
BRDA:360,0,1,0
DA:361,53
DA:362,53
DA:363,53
DA:413,0
DA:416,0
DA:421,0
DA:422,0
DA:426,0
DA:427,0
DA:426,53
DA:427,53
BRF:8
BRH:3
LF:31
LH:19
end_of_record
SF:/usr/include/c++/11/bits/stl_uninitialized.h
FN:85,_ZNSt20__uninitialized_copyILb0EE13__uninit_copyIPKNSt7__cxx1112basic_stringIcSt11char_traitsIcESaIcEEEPS7_EET0_T_SC_SB_
FNDA:7,_ZNSt20__uninitialized_copyILb0EE13__uninit_copyIPKNSt7__cxx1112basic_stringIcSt11char_traitsIcESaIcEEEPS7_EET0_T_SC_SB_
FN:126,_ZSt18uninitialized_copyIPKNSt7__cxx1112basic_stringIcSt11char_traitsIcESaIcEEEPS5_ET0_T_SA_S9_
FNDA:7,_ZSt18uninitialized_copyIPKNSt7__cxx1112basic_stringIcSt11char_traitsIcESaIcEEEPS5_ET0_T_SA_S9_
FN:331,_ZSt22__uninitialized_copy_aIPKNSt7__cxx1112basic_stringIcSt11char_traitsIcESaIcEEEPS5_S5_ET0_T_SA_S9_RSaIT1_E
FNDA:7,_ZSt22__uninitialized_copy_aIPKNSt7__cxx1112basic_stringIcSt11char_traitsIcESaIcEEEPS5_S5_ET0_T_SA_S9_RSaIT1_E
FNF:3
FNH:3
DA:85,7
DA:88,7
DA:91,22
BRDA:91,0,0,15
BRDA:91,0,1,7
DA:92,15
DA:93,7
DA:126,7
DA:145,7
DA:151,7
DA:331,7
DA:333,7
BRF:2
BRH:2
LF:10
LH:10
end_of_record
SF:/usr/include/c++/11/ext/new_allocator.h
FN:79,_ZN9__gnu_cxx13new_allocatorIcEC2Ev
FNDA:0,_ZN9__gnu_cxx13new_allocatorIcEC2Ev
FN:79,_ZN9__gnu_cxx13new_allocatorINSt7__cxx1112basic_stringIcSt11char_traitsIcESaIcEEEEC2Ev
FNDA:22,_ZN9__gnu_cxx13new_allocatorINSt7__cxx1112basic_stringIcSt11char_traitsIcESaIcEEEEC2Ev
FN:79,_ZN9__gnu_cxx13new_allocatorIP4FileEC2Ev
FNDA:4,_ZN9__gnu_cxx13new_allocatorIP4FileEC2Ev
FN:79,_ZN9__gnu_cxx13new_allocatorI4FileEC2Ev
FNDA:2,_ZN9__gnu_cxx13new_allocatorI4FileEC2Ev
FN:82,_ZN9__gnu_cxx13new_allocatorINSt7__cxx1112basic_stringIcSt11char_traitsIcESaIcEEEEC2ERKS7_
FNDA:20,_ZN9__gnu_cxx13new_allocatorINSt7__cxx1112basic_stringIcSt11char_traitsIcESaIcEEEEC2ERKS7_
FN:82,_ZN9__gnu_cxx13new_allocatorIcEC2ERKS1_
FNDA:0,_ZN9__gnu_cxx13new_allocatorIcEC2ERKS1_
FN:89,_ZN9__gnu_cxx13new_allocatorIP4FileED2Ev
FNDA:4,_ZN9__gnu_cxx13new_allocatorIP4FileED2Ev
FN:89,_ZN9__gnu_cxx13new_allocatorI4FileED2Ev
FNDA:2,_ZN9__gnu_cxx13new_allocatorI4FileED2Ev
FN:89,_ZN9__gnu_cxx13new_allocatorINSt7__cxx1112basic_stringIcSt11char_traitsIcESaIcEEEED2Ev
FNDA:42,_ZN9__gnu_cxx13new_allocatorINSt7__cxx1112basic_stringIcSt11char_traitsIcESaIcEEEED2Ev
FN:89,_ZN9__gnu_cxx13new_allocatorIcED2Ev
FNDA:0,_ZN9__gnu_cxx13new_allocatorIcED2Ev
FN:103,_ZN9__gnu_cxx13new_allocatorINSt7__cxx1112basic_stringIcSt11char_traitsIcESaIcEEEE8allocateEmPKv
FNDA:21,_ZN9__gnu_cxx13new_allocatorINSt7__cxx1112basic_stringIcSt11char_traitsIcESaIcEEEE8allocateEmPKv
FN:103,_ZN9__gnu_cxx13new_allocatorI4FileE8allocateEmPKv
FNDA:2,_ZN9__gnu_cxx13new_allocatorI4FileE8allocateEmPKv
FN:103,_ZN9__gnu_cxx13new_allocatorIP4FileE8allocateEmPKv
FNDA:2,_ZN9__gnu_cxx13new_allocatorIP4FileE8allocateEmPKv
FN:132,_ZN9__gnu_cxx13new_allocatorINSt7__cxx1112basic_stringIcSt11char_traitsIcESaIcEEEE10deallocateEPS6_m
FNDA:21,_ZN9__gnu_cxx13new_allocatorINSt7__cxx1112basic_stringIcSt11char_traitsIcESaIcEEEE10deallocateEPS6_m
FN:132,_ZN9__gnu_cxx13new_allocatorIP4FileE10deallocateEPS2_m
FNDA:2,_ZN9__gnu_cxx13new_allocatorIP4FileE10deallocateEPS2_m
FN:132,_ZN9__gnu_cxx13new_allocatorI4FileE10deallocateEPS1_m
FNDA:2,_ZN9__gnu_cxx13new_allocatorI4FileE10deallocateEPS1_m
FN:154,_ZNK9__gnu_cxx13new_allocatorINSt7__cxx1112basic_stringIcSt11char_traitsIcESaIcEEEE8max_sizeEv
FNDA:30,_ZNK9__gnu_cxx13new_allocatorINSt7__cxx1112basic_stringIcSt11char_traitsIcESaIcEEEE8max_sizeEv
FN:197,_ZNK9__gnu_cxx13new_allocatorIP4FileE11_M_max_sizeEv
FNDA:2,_ZNK9__gnu_cxx13new_allocatorIP4FileE11_M_max_sizeEv
FN:197,_ZNK9__gnu_cxx13new_allocatorINSt7__cxx1112basic_stringIcSt11char_traitsIcESaIcEEEE11_M_max_sizeEv
FNDA:51,_ZNK9__gnu_cxx13new_allocatorINSt7__cxx1112basic_stringIcSt11char_traitsIcESaIcEEEE11_M_max_sizeEv
FN:197,_ZNK9__gnu_cxx13new_allocatorI4FileE11_M_max_sizeEv
FNDA:2,_ZNK9__gnu_cxx13new_allocatorI4FileE11_M_max_sizeEv
FNF:20
FNH:17
DA:79,4
DA:79,2
DA:79,22
DA:79,0
DA:82,20
DA:82,0
DA:89,4
DA:89,2
DA:89,42
DA:89,0
DA:103,2
DA:111,2
BRDA:111,0,0,0
BRDA:111,0,1,2
DA:115,0
BRDA:115,0,0,-
BRDA:115,0,1,-
DA:116,0
DA:117,0
DA:127,2
DA:103,2
DA:111,2
BRDA:111,0,0,0
BRDA:111,0,1,2
DA:115,0
BRDA:115,0,0,-
BRDA:115,0,1,-
DA:116,0
DA:117,0
DA:127,2
DA:103,21
DA:111,21
BRDA:111,0,0,0
BRDA:111,0,1,21
DA:115,0
BRDA:115,0,0,-
BRDA:115,0,1,-
DA:116,0
DA:117,0
DA:127,21
DA:132,2
DA:145,2
DA:132,21
DA:145,21
DA:132,2
DA:145,2
DA:154,30
DA:155,30
DA:197,2
DA:200,2
DA:197,2
DA:200,2
DA:197,51
DA:200,51
BRF:12
BRH:3
LF:42
LH:30
end_of_record
SF:/usr/include/c++/11/bits/stl_deque.h
FN:96,_ZSt16__deque_buf_sizem
FNDA:13,_ZSt16__deque_buf_sizem
FN:131,_ZNSt15_Deque_iteratorI4FileRS0_PS0_E14_S_buffer_sizeEv
FNDA:5,_ZNSt15_Deque_iteratorI4FileRS0_PS0_E14_S_buffer_sizeEv
FN:151,_ZNSt15_Deque_iteratorI4FileRS0_PS0_EC2Ev
FNDA:4,_ZNSt15_Deque_iteratorI4FileRS0_PS0_EC2Ev
FN:168,_ZNSt15_Deque_iteratorI4FileRS0_PS0_EC2ERKS3_
FNDA:14,_ZNSt15_Deque_iteratorI4FileRS0_PS0_EC2ERKS3_
FN:260,_ZNSt15_Deque_iteratorI4FileRS0_PS0_E11_M_set_nodeEPS2_
FNDA:4,_ZNSt15_Deque_iteratorI4FileRS0_PS0_E11_M_set_nodeEPS2_
FN:353,_ZStmiRKSt15_Deque_iteratorI4FileRS0_PS0_ES5_
FNDA:1,_ZStmiRKSt15_Deque_iteratorI4FileRS0_PS0_ES5_
FN:436,_ZNSt11_Deque_baseI4FileSaIS0_EEC2Ev
FNDA:2,_ZNSt11_Deque_baseI4FileSaIS0_EEC2Ev
FN:494,_ZNSt11_Deque_baseI4FileSaIS0_EE16_Deque_impl_dataC2Ev
FNDA:2,_ZNSt11_Deque_baseI4FileSaIS0_EE16_Deque_impl_dataC2Ev
FN:523,_ZNSt11_Deque_baseI4FileSaIS0_EE11_Deque_implC2Ev
FNDA:2,_ZNSt11_Deque_baseI4FileSaIS0_EE11_Deque_implC2Ev
FN:546,_ZNSt11_Deque_baseI4FileSaIS0_EE19_M_get_Tp_allocatorEv
FNDA:7,_ZNSt11_Deque_baseI4FileSaIS0_EE19_M_get_Tp_allocatorEv
FN:550,_ZNKSt11_Deque_baseI4FileSaIS0_EE19_M_get_Tp_allocatorEv
FNDA:4,_ZNKSt11_Deque_baseI4FileSaIS0_EE19_M_get_Tp_allocatorEv
FN:554,_ZNKSt11_Deque_baseI4FileSaIS0_EE20_M_get_map_allocatorEv
FNDA:4,_ZNKSt11_Deque_baseI4FileSaIS0_EE20_M_get_map_allocatorEv
FN:558,_ZNSt11_Deque_baseI4FileSaIS0_EE16_M_allocate_nodeEv
FNDA:2,_ZNSt11_Deque_baseI4FileSaIS0_EE16_M_allocate_nodeEv
FN:565,_ZNSt11_Deque_baseI4FileSaIS0_EE18_M_deallocate_nodeEPS0_
FNDA:2,_ZNSt11_Deque_baseI4FileSaIS0_EE18_M_deallocate_nodeEPS0_
FN:572,_ZNSt11_Deque_baseI4FileSaIS0_EE15_M_allocate_mapEm
FNDA:2,_ZNSt11_Deque_baseI4FileSaIS0_EE15_M_allocate_mapEm
FN:579,_ZNSt11_Deque_baseI4FileSaIS0_EE17_M_deallocate_mapEPPS0_m
FNDA:2,_ZNSt11_Deque_baseI4FileSaIS0_EE17_M_deallocate_mapEPPS0_m
FN:595,_ZNSt11_Deque_baseI4FileSaIS0_EED2Ev
FNDA:2,_ZNSt11_Deque_baseI4FileSaIS0_EED2Ev
FN:616,_ZNSt11_Deque_baseI4FileSaIS0_EE17_M_initialize_mapEm
FNDA:2,_ZNSt11_Deque_baseI4FileSaIS0_EE17_M_initialize_mapEm
FN:655,_ZNSt11_Deque_baseI4FileSaIS0_EE15_M_create_nodesEPPS0_S4_
FNDA:2,_ZNSt11_Deque_baseI4FileSaIS0_EE15_M_create_nodesEPPS0_S4_
FN:673,_ZNSt11_Deque_baseI4FileSaIS0_EE16_M_destroy_nodesEPPS0_S4_
FNDA:2,_ZNSt11_Deque_baseI4FileSaIS0_EE16_M_destroy_nodesEPPS0_S4_
FN:806,_ZNSt5dequeI4FileSaIS0_EE14_S_buffer_sizeEv
FNDA:0,_ZNSt5dequeI4FileSaIS0_EE14_S_buffer_sizeEv
FN:833,_ZNSt5dequeI4FileSaIS0_EEC2Ev
FNDA:2,_ZNSt5dequeI4FileSaIS0_EEC2Ev
FN:1005,_ZNSt5dequeI4FileSaIS0_EED2Ev
FNDA:2,_ZNSt5dequeI4FileSaIS0_EED2Ev
FN:1127,_ZNSt5dequeI4FileSaIS0_EE5beginEv
FNDA:2,_ZNSt5dequeI4FileSaIS0_EE5beginEv
FN:1144,_ZNSt5dequeI4FileSaIS0_EE3endEv
FNDA:8,_ZNSt5dequeI4FileSaIS0_EE3endEv
FN:1232,_ZNKSt5dequeI4FileSaIS0_EE4sizeEv
FNDA:1,_ZNKSt5dequeI4FileSaIS0_EE4sizeEv
FN:2044,_ZNSt5dequeI4FileSaIS0_EE15_M_destroy_dataESt15_Deque_iteratorIS0_RS0_PS0_ES6_RKS1_
FNDA:2,_ZNSt5dequeI4FileSaIS0_EE15_M_destroy_dataESt15_Deque_iteratorIS0_RS0_PS0_ES6_RKS1_
FNF:27
FNH:26
DA:96,13
DA:98,13
BRDA:98,0,0,13
BRDA:98,0,1,0
DA:131,5
DA:132,5
DA:151,4
DA:152,4
DA:168,14
DA:169,14
DA:170,14
DA:260,4
DA:262,4
DA:263,4
DA:264,4
DA:265,4
DA:353,1
DA:355,1
DA:356,1
DA:357,1
DA:358,1
DA:436,2
DA:437,2
DA:438,2
DA:494,2
DA:495,2
DA:496,2
DA:523,2
DA:525,2
DA:526,2
DA:546,7
DA:547,7
DA:550,4
DA:551,4
DA:554,4
DA:555,4
DA:558,2
DA:561,2
DA:565,2
DA:568,2
DA:569,2
DA:572,2
DA:574,2
DA:575,2
DA:576,2
DA:579,2
DA:581,2
DA:582,2
DA:583,2
DA:595,2
DA:598,2
BRDA:598,0,0,2
BRDA:598,0,1,0
DA:600,2
DA:601,2
DA:602,2
DA:604,2
DA:616,2
DA:619,2
DA:622,4
DA:623,2
DA:624,2
DA:631,2
DA:632,2
DA:633,2
DA:636,2
DA:645,2
DA:646,2
DA:647,2
DA:648,4
DA:649,2
DA:650,2
DA:651,2
DA:655,2
DA:661,4
BRDA:661,0,0,2
BRDA:661,0,1,2
DA:662,2
DA:669,2
DA:673,2
DA:677,4
BRDA:677,0,0,2
BRDA:677,0,1,2
DA:678,2
DA:679,2
DA:806,0
DA:807,0
DA:833,2
DA:1005,2
DA:1006,2
DA:1127,2
DA:1128,2
DA:1144,8
DA:1145,8
DA:1232,1
DA:1233,1
DA:2044,2
DA:2048,2
DA:2049,2
BRF:8
BRH:6
LF:91
LH:89
end_of_record
SF:/usr/local/include/gtest/gtest.h
FN:256,_ZN7testing4Test14SetUpTestSuiteEv
FNDA:0,_ZN7testing4Test14SetUpTestSuiteEv
FN:264,_ZN7testing4Test17TearDownTestSuiteEv
FNDA:0,_ZN7testing4Test17TearDownTestSuiteEv
FN:269,_ZN7testing4Test16TearDownTestCaseEv
FNDA:0,_ZN7testing4Test16TearDownTestCaseEv
FN:270,_ZN7testing4Test13SetUpTestCaseEv
FNDA:0,_ZN7testing4Test13SetUpTestCaseEv
FN:351,_ZN7testing4Test5SetupEv
FNDA:0,_ZN7testing4Test5SetupEv
FN:1350,_ZN7testing8internal18CmpHelperEQFailureINSt7__cxx1112basic_stringIcSt11char_traitsIcESaIcEEES7_EENS_15AssertionResultEPKcSA_RKT_RKT0_
FNDA:0,_ZN7testing8internal18CmpHelperEQFailureINSt7__cxx1112basic_stringIcSt11char_traitsIcESaIcEEES7_EENS_15AssertionResultEPKcSA_RKT_RKT0_
FN:1350,_ZN7testing8internal18CmpHelperEQFailureImmEENS_15AssertionResultEPKcS4_RKT_RKT0_
FNDA:0,_ZN7testing8internal18CmpHelperEQFailureImmEENS_15AssertionResultEPKcS4_RKT_RKT0_
FN:1367,_ZN7testing8internal11CmpHelperEQINSt7__cxx1112basic_stringIcSt11char_traitsIcESaIcEEES7_EENS_15AssertionResultEPKcSA_RKT_RKT0_
FNDA:6,_ZN7testing8internal11CmpHelperEQINSt7__cxx1112basic_stringIcSt11char_traitsIcESaIcEEES7_EENS_15AssertionResultEPKcSA_RKT_RKT0_
FN:1367,_ZN7testing8internal11CmpHelperEQImmEENS_15AssertionResultEPKcS4_RKT_RKT0_
FNDA:1,_ZN7testing8internal11CmpHelperEQImmEENS_15AssertionResultEPKcS4_RKT_RKT0_
FN:1386,_ZN7testing8internal8EqHelper7CompareINSt7__cxx1112basic_stringIcSt11char_traitsIcESaIcEEES8_LPv0EEENS_15AssertionResultEPKcSC_RKT_RKT0_
FNDA:6,_ZN7testing8internal8EqHelper7CompareINSt7__cxx1112basic_stringIcSt11char_traitsIcESaIcEEES8_LPv0EEENS_15AssertionResultEPKcSC_RKT_RKT0_
FN:1386,_ZN7testing8internal8EqHelper7CompareImmLPv0EEENS_15AssertionResultEPKcS6_RKT_RKT0_
FNDA:1,_ZN7testing8internal8EqHelper7CompareImmLPv0EEENS_15AssertionResultEPKcS6_RKT_RKT0_
FN:2310,_Z13RUN_ALL_TESTSv
FNDA:1,_Z13RUN_ALL_TESTSv
FNF:12
FNH:5
DA:256,0
DA:264,0
DA:269,0
DA:270,0
DA:351,0
DA:1350,0
DA:1355,0
DA:1350,0
DA:1355,0
DA:1367,6
DA:1370,6
BRDA:1370,0,0,6
BRDA:1370,0,1,0
DA:1371,6
DA:1374,0
DA:1367,1
DA:1370,1
BRDA:1370,0,0,1
BRDA:1370,0,1,0
DA:1371,1
DA:1374,0
DA:1386,6
DA:1389,6
DA:1386,1
DA:1389,1
DA:2310,1
BRF:4
BRH:2
LF:22
LH:11
end_of_record
SF:/home/quier/Softengineering-lab6/input_model/init_data_test/file.h
LF:0
LH:0
end_of_record
SF:/usr/include/c++/11/bits/char_traits.h
FN:106,_ZN9__gnu_cxx11char_traitsIcE2eqERKcS3_
FNDA:0,_ZN9__gnu_cxx11char_traitsIcE2eqERKcS3_
FN:167,_ZN9__gnu_cxx11char_traitsIcE6lengthEPKc
FNDA:0,_ZN9__gnu_cxx11char_traitsIcE6lengthEPKc
FN:364,_ZNSt11char_traitsIcE2ltERKcS2_
FNDA:0,_ZNSt11char_traitsIcE2ltERKcS2_
FN:372,_ZNSt11char_traitsIcE7compareEPKcS2_m
FNDA:6,_ZNSt11char_traitsIcE7compareEPKcS2_m
FN:393,_ZNSt11char_traitsIcE6lengthEPKc
FNDA:39,_ZNSt11char_traitsIcE6lengthEPKc
FNF:5
FNH:2
DA:106,0
DA:107,0
DA:167,0
DA:170,0
DA:171,0
BRDA:171,0,0,-
BRDA:171,0,1,-
DA:172,0
DA:173,0
DA:290,39
DA:364,0
DA:367,0
DA:368,0
DA:372,6
DA:374,6
BRDA:374,0,0,0
BRDA:374,0,1,6
DA:375,0
DA:377,6
DA:379,6
BRDA:379,0,0,0
BRDA:379,0,1,6
DA:381,0
BRDA:381,0,0,-
BRDA:381,0,1,-
DA:382,0
BRDA:382,0,0,-
BRDA:382,0,1,-
DA:383,0
DA:384,0
BRDA:384,0,0,-
BRDA:384,0,1,-
DA:385,0
DA:386,0
DA:389,6
DA:393,39
DA:396,39
BRDA:396,0,0,0
BRDA:396,0,1,39
DA:397,0
DA:399,39
BRF:14
BRH:3
LF:27
LH:9
end_of_record
SF:/usr/include/c++/11/bits/basic_string.h
FN:251,_ZNSt7__cxx1112basic_stringIcSt11char_traitsIcESaIcEE16_M_construct_auxIPcEEvT_S7_St12__false_type
FNDA:0,_ZNSt7__cxx1112basic_stringIcSt11char_traitsIcESaIcEE16_M_construct_auxIPcEEvT_S7_St12__false_type
FN:271,_ZNSt7__cxx1112basic_stringIcSt11char_traitsIcESaIcEE12_M_constructIPcEEvT_S7_
FNDA:0,_ZNSt7__cxx1112basic_stringIcSt11char_traitsIcESaIcEE12_M_constructIPcEEvT_S7_
FN:533,_ZNSt7__cxx1112basic_stringIcSt11char_traitsIcESaIcEEC2IS3_EEPKcRKS3_
FNDA:39,_ZNSt7__cxx1112basic_stringIcSt11char_traitsIcESaIcEEC2IS3_EEPKcRKS3_
FN:6234,_ZSteqIcEN9__gnu_cxx11__enable_ifIXsrSt9__is_charIT_E7__valueEbE6__typeERKNSt7__cxx1112basic_stringIS3_St11char_traitsIS3_ESaIS3_EEESE_
FNDA:6,_ZSteqIcEN9__gnu_cxx11__enable_ifIXsrSt9__is_charIT_E7__valueEbE6__typeERKNSt7__cxx1112basic_stringIS3_St11char_traitsIS3_ESaIS3_EEESE_
FNF:4
FNH:2
DA:251,0
DA:255,0
DA:256,0
DA:271,0
DA:274,0
DA:275,0
DA:533,39
DA:534,39
DA:536,39
BRDA:536,0,0,39
BRDA:536,0,1,0
DA:539,39
DA:540,39
DA:6234,6
DA:6236,6
DA:6237,6
BRDA:6237,0,0,6
BRDA:6237,0,1,0
BRDA:6237,0,2,6
BRDA:6237,0,3,0
DA:6238,6
BRF:6
BRH:3
LF:15
LH:9
end_of_record
SF:/usr/include/c++/11/ext/alloc_traits.h
FN:97,_ZN9__gnu_cxx14__alloc_traitsISaIcEcE17_S_select_on_copyERKS1_
FNDA:0,_ZN9__gnu_cxx14__alloc_traitsISaIcEcE17_S_select_on_copyERKS1_
FNF:1
FNH:0
DA:97,0
DA:98,0
LF:2
LH:0
end_of_record
TN:
SF:/usr/include/c++/11/iostream
LF:0
LH:0
end_of_record
SF:/home/quier/Softengineering-lab6/input_model/init_data_test/test.cpp
FN:5,_ZN14StackFileTable14Get_file_pairsERNSt7__cxx1112basic_stringIcSt11char_traitsIcESaIcEEES6_
FNDA:3,_ZN14StackFileTable14Get_file_pairsERNSt7__cxx1112basic_stringIcSt11char_traitsIcESaIcEEES6_
FN:11,_ZN14StackFileTable14Add_file_pairsERNSt7__cxx1112basic_stringIcSt11char_traitsIcESaIcEEES6_
FNDA:3,_ZN14StackFileTable14Add_file_pairsERNSt7__cxx1112basic_stringIcSt11char_traitsIcESaIcEEES6_
FN:17,_ZN14StackFileTable9init_dataENSt7__cxx1112basic_stringIcSt11char_traitsIcESaIcEEES5_
FNDA:1,_ZN14StackFileTable9init_dataENSt7__cxx1112basic_stringIcSt11char_traitsIcESaIcEEES5_
FNF:3
FNH:3
DA:5,3
DA:7,3
DA:8,3
DA:9,3
DA:10,3
DA:11,3
DA:13,3
DA:14,3
DA:16,3
DA:17,1
DA:21,1
DA:23,1
DA:26,1
DA:27,1
BRDA:27,0,0,0
BRDA:27,0,1,1
DA:28,7
BRDA:28,0,0,6
BRDA:28,0,1,1
DA:30,6
BRDA:30,0,0,5
BRDA:30,0,1,1
BRDA:30,0,2,4
BRDA:30,0,3,1
DA:31,4
DA:32,4
BRDA:32,0,0,3
BRDA:32,0,1,1
DA:33,3
DA:34,4
DA:36,1
DA:37,4
BRDA:37,0,0,3
BRDA:37,0,1,1
DA:39,6
BRDA:39,0,0,3
BRDA:39,0,1,3
DA:41,3
DA:44,1
BRDA:44,0,0,1
BRDA:44,0,1,0
BRDA:44,0,2,1
BRDA:44,0,3,0
BRF:18
BRH:15
LF:25
LH:25
end_of_record
SF:/usr/include/c++/11/bits/stl_vector.h
FN:97,_ZNSt12_Vector_baseINSt7__cxx1112basic_stringIcSt11char_traitsIcESaIcEEESaIS5_EE17_Vector_impl_dataC2Ev
FNDA:0,_ZNSt12_Vector_baseINSt7__cxx1112basic_stringIcSt11char_traitsIcESaIcEEESaIS5_EE17_Vector_impl_dataC2Ev
FN:131,_ZNSt12_Vector_baseINSt7__cxx1112basic_stringIcSt11char_traitsIcESaIcEEESaIS5_EE12_Vector_implC2Ev
FNDA:15,_ZNSt12_Vector_baseINSt7__cxx1112basic_stringIcSt11char_traitsIcESaIcEEESaIS5_EE12_Vector_implC2Ev
FN:276,_ZNSt12_Vector_baseINSt7__cxx1112basic_stringIcSt11char_traitsIcESaIcEEESaIS5_EE19_M_get_Tp_allocatorEv
FNDA:0,_ZNSt12_Vector_baseINSt7__cxx1112basic_stringIcSt11char_traitsIcESaIcEEESaIS5_EE19_M_get_Tp_allocatorEv
FN:280,_ZNKSt12_Vector_baseINSt7__cxx1112basic_stringIcSt11char_traitsIcESaIcEEESaIS5_EE19_M_get_Tp_allocatorEv
FNDA:26,_ZNKSt12_Vector_baseINSt7__cxx1112basic_stringIcSt11char_traitsIcESaIcEEESaIS5_EE19_M_get_Tp_allocatorEv
FN:288,_ZNSt12_Vector_baseINSt7__cxx1112basic_stringIcSt11char_traitsIcESaIcEEESaIS5_EEC2Ev
FNDA:15,_ZNSt12_Vector_baseINSt7__cxx1112basic_stringIcSt11char_traitsIcESaIcEEESaIS5_EEC2Ev
FN:333,_ZNSt12_Vector_baseINSt7__cxx1112basic_stringIcSt11char_traitsIcESaIcEEESaIS5_EED2Ev
FNDA:0,_ZNSt12_Vector_baseINSt7__cxx1112basic_stringIcSt11char_traitsIcESaIcEEESaIS5_EED2Ev
FN:343,_ZNSt12_Vector_baseINSt7__cxx1112basic_stringIcSt11char_traitsIcESaIcEEESaIS5_EE11_M_allocateEm
FNDA:0,_ZNSt12_Vector_baseINSt7__cxx1112basic_stringIcSt11char_traitsIcESaIcEEESaIS5_EE11_M_allocateEm
FN:350,_ZNSt12_Vector_baseINSt7__cxx1112basic_stringIcSt11char_traitsIcESaIcEEESaIS5_EE13_M_deallocateEPS5_m
FNDA:0,_ZNSt12_Vector_baseINSt7__cxx1112basic_stringIcSt11char_traitsIcESaIcEEESaIS5_EE13_M_deallocateEPS5_m
FN:453,_ZNSt6vectorINSt7__cxx1112basic_stringIcSt11char_traitsIcESaIcEEESaIS5_EE14_S_do_relocateEPS5_S8_S8_RS6_St17integral_constantIbLb1EE
FNDA:23,_ZNSt6vectorINSt7__cxx1112basic_stringIcSt11char_traitsIcESaIcEEESaIS5_EE14_S_do_relocateEPS5_S8_S8_RS6_St17integral_constantIbLb1EE
FN:465,_ZNSt6vectorINSt7__cxx1112basic_stringIcSt11char_traitsIcESaIcEEESaIS5_EE11_S_relocateEPS5_S8_S8_RS6_
FNDA:23,_ZNSt6vectorINSt7__cxx1112basic_stringIcSt11char_traitsIcESaIcEEESaIS5_EE11_S_relocateEPS5_S8_S8_RS6_
FN:487,_ZNSt6vectorINSt7__cxx1112basic_stringIcSt11char_traitsIcESaIcEEESaIS5_EEC2Ev
FNDA:15,_ZNSt6vectorINSt7__cxx1112basic_stringIcSt11char_traitsIcESaIcEEESaIS5_EEC2Ev
FN:678,_ZNSt6vectorINSt7__cxx1112basic_stringIcSt11char_traitsIcESaIcEEESaIS5_EED2Ev
FNDA:0,_ZNSt6vectorINSt7__cxx1112basic_stringIcSt11char_traitsIcESaIcEEESaIS5_EED2Ev
FN:811,_ZNSt6vectorINSt7__cxx1112basic_stringIcSt11char_traitsIcESaIcEEESaIS5_EE5beginEv
FNDA:23,_ZNSt6vectorINSt7__cxx1112basic_stringIcSt11char_traitsIcESaIcEEESaIS5_EE5beginEv
FN:829,_ZNSt6vectorINSt7__cxx1112basic_stringIcSt11char_traitsIcESaIcEEESaIS5_EE3endEv
FNDA:26,_ZNSt6vectorINSt7__cxx1112basic_stringIcSt11char_traitsIcESaIcEEESaIS5_EE3endEv
FN:918,_ZNKSt6vectorINSt7__cxx1112basic_stringIcSt11char_traitsIcESaIcEEESaIS5_EE4sizeEv
FNDA:0,_ZNKSt6vectorINSt7__cxx1112basic_stringIcSt11char_traitsIcESaIcEEESaIS5_EE4sizeEv
FN:923,_ZNKSt6vectorINSt7__cxx1112basic_stringIcSt11char_traitsIcESaIcEEESaIS5_EE8max_sizeEv
FNDA:23,_ZNKSt6vectorINSt7__cxx1112basic_stringIcSt11char_traitsIcESaIcEEESaIS5_EE8max_sizeEv
FN:1043,_ZNSt6vectorINSt7__cxx1112basic_stringIcSt11char_traitsIcESaIcEEESaIS5_EEixEm
FNDA:12,_ZNSt6vectorINSt7__cxx1112basic_stringIcSt11char_traitsIcESaIcEEESaIS5_EEixEm
FN:1143,_ZNSt6vectorINSt7__cxx1112basic_stringIcSt11char_traitsIcESaIcEEESaIS5_EE4backEv
FNDA:10,_ZNSt6vectorINSt7__cxx1112basic_stringIcSt11char_traitsIcESaIcEEESaIS5_EE4backEv
FN:1203,_ZNSt6vectorINSt7__cxx1112basic_stringIcSt11char_traitsIcESaIcEEESaIS5_EE9push_backEOS5_
FNDA:10,_ZNSt6vectorINSt7__cxx1112basic_stringIcSt11char_traitsIcESaIcEEESaIS5_EE9push_backEOS5_
FN:1756,_ZNKSt6vectorINSt7__cxx1112basic_stringIcSt11char_traitsIcESaIcEEESaIS5_EE12_M_check_lenEmPKc
FNDA:10,_ZNKSt6vectorINSt7__cxx1112basic_stringIcSt11char_traitsIcESaIcEEESaIS5_EE12_M_check_lenEmPKc
FN:1776,_ZNSt6vectorINSt7__cxx1112basic_stringIcSt11char_traitsIcESaIcEEESaIS5_EE11_S_max_sizeERKS6_
FNDA:0,_ZNSt6vectorINSt7__cxx1112basic_stringIcSt11char_traitsIcESaIcEEESaIS5_EE11_S_max_sizeERKS6_
FNF:21
FNH:13
DA:97,0
DA:98,0
DA:99,0
DA:131,15
DA:133,15
DA:134,15
DA:276,0
DA:277,0
DA:280,26
DA:281,26
DA:288,15
DA:333,0
DA:335,0
DA:336,0
DA:337,0
DA:343,0
DA:346,0
BRDA:346,0,0,-
BRDA:346,0,1,-
DA:350,0
DA:353,0
BRDA:353,0,0,-
BRDA:353,0,1,-
DA:354,0
DA:355,0
DA:453,23
DA:456,23
DA:465,23
DA:469,23
DA:487,15
DA:678,0
DA:680,0
DA:681,0
DA:683,0
DA:811,23
DA:812,23
DA:829,26
DA:830,26
DA:918,0
DA:919,0
DA:923,23
DA:924,23
DA:1043,12
DA:1046,12
DA:1143,10
DA:1146,10
DA:1203,10
DA:1204,10
DA:1756,10
DA:1758,10
BRDA:1758,0,0,0
BRDA:1758,0,1,10
DA:1759,0
DA:1761,10
DA:1762,10
BRDA:1762,0,0,10
BRDA:1762,0,1,0
BRDA:1762,0,2,0
BRDA:1762,0,3,10
DA:1776,0
DA:1781,0
DA:1783,0
DA:1784,0
BRF:10
BRH:3
LF:53
LH:27
end_of_record
SF:/usr/include/c++/11/bits/stl_stack.h
FN:212,_ZNSt5stackI4FileSt5dequeIS0_SaIS0_EEE3topEv
FNDA:6,_ZNSt5stackI4FileSt5dequeIS0_SaIS0_EEE3topEv
FN:239,_ZNSt5stackI4FileSt5dequeIS0_SaIS0_EEE4pushERKS0_
FNDA:3,_ZNSt5stackI4FileSt5dequeIS0_SaIS0_EEE4pushERKS0_
FN:272,_ZNSt5stackI4FileSt5dequeIS0_SaIS0_EEE3popEv
FNDA:3,_ZNSt5stackI4FileSt5dequeIS0_SaIS0_EEE3popEv
FNF:3
FNH:3
DA:212,6
DA:215,6
DA:239,3
DA:240,3
DA:272,3
DA:275,3
DA:276,3
LF:7
LH:7
end_of_record
SF:/usr/include/c++/11/bits/stl_iterator_base_types.h
FN:238,_ZSt19__iterator_categoryIPcENSt15iterator_traitsIT_E17iterator_categoryERKS2_
FNDA:0,_ZSt19__iterator_categoryIPcENSt15iterator_traitsIT_E17iterator_categoryERKS2_
FN:238,_ZSt19__iterator_categoryIPKcENSt15iterator_traitsIT_E17iterator_categoryERKS3_
FNDA:0,_ZSt19__iterator_categoryIPKcENSt15iterator_traitsIT_E17iterator_categoryERKS3_
FNF:2
FNH:0
DA:238,0
DA:239,0
DA:238,0
DA:239,0
LF:4
LH:0
end_of_record
SF:/usr/include/c++/11/bits/alloc_traits.h
FN:463,_ZNSt16allocator_traitsISaIP4FileEE8allocateERS2_m
FNDA:0,_ZNSt16allocator_traitsISaIP4FileEE8allocateERS2_m
FN:463,_ZNSt16allocator_traitsISaINSt7__cxx1112basic_stringIcSt11char_traitsIcESaIcEEEEE8allocateERS6_m
FNDA:0,_ZNSt16allocator_traitsISaINSt7__cxx1112basic_stringIcSt11char_traitsIcESaIcEEEEE8allocateERS6_m
FN:463,_ZNSt16allocator_traitsISaI4FileEE8allocateERS1_m
FNDA:0,_ZNSt16allocator_traitsISaI4FileEE8allocateERS1_m
FN:495,_ZNSt16allocator_traitsISaIP4FileEE10deallocateERS2_PS1_m
FNDA:0,_ZNSt16allocator_traitsISaIP4FileEE10deallocateERS2_PS1_m
FN:495,_ZNSt16allocator_traitsISaI4FileEE10deallocateERS1_PS0_m
FNDA:0,_ZNSt16allocator_traitsISaI4FileEE10deallocateERS1_PS0_m
FN:495,_ZNSt16allocator_traitsISaINSt7__cxx1112basic_stringIcSt11char_traitsIcESaIcEEEEE10deallocateERS6_PS5_m
FNDA:0,_ZNSt16allocator_traitsISaINSt7__cxx1112basic_stringIcSt11char_traitsIcESaIcEEEEE10deallocateERS6_PS5_m
FN:511,_ZNSt16allocator_traitsISaINSt7__cxx1112basic_stringIcSt11char_traitsIcESaIcEEEEE9constructIS5_JS5_EEEvRS6_PT_DpOT0_
FNDA:20,_ZNSt16allocator_traitsISaINSt7__cxx1112basic_stringIcSt11char_traitsIcESaIcEEEEE9constructIS5_JS5_EEEvRS6_PT_DpOT0_
FN:511,_ZNSt16allocator_traitsISaI4FileEE9constructIS0_JRKS0_EEEvRS1_PT_DpOT0_
FNDA:3,_ZNSt16allocator_traitsISaI4FileEE9constructIS0_JRKS0_EEEvRS1_PT_DpOT0_
FN:531,_ZNSt16allocator_traitsISaINSt7__cxx1112basic_stringIcSt11char_traitsIcESaIcEEEEE7destroyIS5_EEvRS6_PT_
FNDA:5,_ZNSt16allocator_traitsISaINSt7__cxx1112basic_stringIcSt11char_traitsIcESaIcEEEEE7destroyIS5_EEvRS6_PT_
FN:531,_ZNSt16allocator_traitsISaI4FileEE7destroyIS0_EEvRS1_PT_
FNDA:3,_ZNSt16allocator_traitsISaI4FileEE7destroyIS0_EEvRS1_PT_
FN:547,_ZNSt16allocator_traitsISaINSt7__cxx1112basic_stringIcSt11char_traitsIcESaIcEEEEE8max_sizeERKS6_
FNDA:0,_ZNSt16allocator_traitsISaINSt7__cxx1112basic_stringIcSt11char_traitsIcESaIcEEEEE8max_sizeERKS6_
FN:547,_ZNSt16allocator_traitsISaI4FileEE8max_sizeERKS1_
FNDA:0,_ZNSt16allocator_traitsISaI4FileEE8max_sizeERKS1_
FN:562,_ZNSt16allocator_traitsISaIcEE37select_on_container_copy_constructionERKS0_
FNDA:0,_ZNSt16allocator_traitsISaIcEE37select_on_container_copy_constructionERKS0_
FN:845,_ZSt8_DestroyIPNSt7__cxx1112basic_stringIcSt11char_traitsIcESaIcEEES5_EvT_S7_RSaIT0_E
FNDA:0,_ZSt8_DestroyIPNSt7__cxx1112basic_stringIcSt11char_traitsIcESaIcEEES5_EvT_S7_RSaIT0_E
FNF:14
FNH:4
DA:463,0
DA:464,0
DA:463,0
DA:464,0
DA:463,0
DA:464,0
DA:495,0
DA:496,0
DA:495,0
DA:496,0
DA:495,0
DA:496,0
DA:511,20
DA:516,20
DA:520,20
DA:511,3
DA:516,3
DA:520,3
DA:531,5
DA:535,5
DA:539,5
DA:531,3
DA:535,3
DA:539,3
DA:547,0
DA:550,0
DA:547,0
DA:550,0
DA:562,0
DA:563,0
DA:845,0
DA:848,0
DA:849,0
LF:33
LH:12
end_of_record
SF:/usr/include/c++/11/bits/stl_iterator_base_funcs.h
FN:98,_ZSt10__distanceIPcENSt15iterator_traitsIT_E15difference_typeES2_S2_St26random_access_iterator_tag
FNDA:0,_ZSt10__distanceIPcENSt15iterator_traitsIT_E15difference_typeES2_S2_St26random_access_iterator_tag
FN:98,_ZSt10__distanceIPKcENSt15iterator_traitsIT_E15difference_typeES3_S3_St26random_access_iterator_tag
FNDA:0,_ZSt10__distanceIPKcENSt15iterator_traitsIT_E15difference_typeES3_S3_St26random_access_iterator_tag
FN:138,_ZSt8distanceIPcENSt15iterator_traitsIT_E15difference_typeES2_S2_
FNDA:0,_ZSt8distanceIPcENSt15iterator_traitsIT_E15difference_typeES2_S2_
FN:138,_ZSt8distanceIPKcENSt15iterator_traitsIT_E15difference_typeES3_S3_
FNDA:0,_ZSt8distanceIPKcENSt15iterator_traitsIT_E15difference_typeES3_S3_
FNF:4
FNH:0
DA:98,0
DA:104,0
DA:98,0
DA:104,0
DA:138,0
DA:141,0
DA:142,0
DA:138,0
DA:141,0
DA:142,0
LF:10
LH:0
end_of_record
SF:/usr/include/c++/11/bits/stl_iterator.h
FN:1010,_ZN9__gnu_cxx17__normal_iteratorIPNSt7__cxx1112basic_stringIcSt11char_traitsIcESaIcEEESt6vectorIS6_SaIS6_EEEC2ERKS7_
FNDA:64,_ZN9__gnu_cxx17__normal_iteratorIPNSt7__cxx1112basic_stringIcSt11char_traitsIcESaIcEEESt6vectorIS6_SaIS6_EEEC2ERKS7_
FN:1025,_ZNK9__gnu_cxx17__normal_iteratorIPNSt7__cxx1112basic_stringIcSt11char_traitsIcESaIcEEESt6vectorIS6_SaIS6_EEEdeEv
FNDA:16,_ZNK9__gnu_cxx17__normal_iteratorIPNSt7__cxx1112basic_stringIcSt11char_traitsIcESaIcEEESt6vectorIS6_SaIS6_EEEdeEv
FN:1083,_ZNK9__gnu_cxx17__normal_iteratorIPNSt7__cxx1112basic_stringIcSt11char_traitsIcESaIcEEESt6vectorIS6_SaIS6_EEEmiEl
FNDA:10,_ZNK9__gnu_cxx17__normal_iteratorIPNSt7__cxx1112basic_stringIcSt11char_traitsIcESaIcEEESt6vectorIS6_SaIS6_EEEmiEl
FN:1088,_ZNK9__gnu_cxx17__normal_iteratorIPNSt7__cxx1112basic_stringIcSt11char_traitsIcESaIcEEESt6vectorIS6_SaIS6_EEE4baseEv
FNDA:79,_ZNK9__gnu_cxx17__normal_iteratorIPNSt7__cxx1112basic_stringIcSt11char_traitsIcESaIcEEESt6vectorIS6_SaIS6_EEE4baseEv
FN:1234,_ZN9__gnu_cxxmiIPNSt7__cxx1112basic_stringIcSt11char_traitsIcESaIcEEESt6vectorIS6_SaIS6_EEEENS_17__normal_iteratorIT_T0_E15difference_typeERKSE_SH_
FNDA:13,_ZN9__gnu_cxxmiIPNSt7__cxx1112basic_stringIcSt11char_traitsIcESaIcEEESt6vectorIS6_SaIS6_EEEENS_17__normal_iteratorIT_T0_E15difference_typeERKSE_SH_
FNF:5
FNH:5
DA:1010,64
DA:1011,64
DA:1025,16
DA:1026,16
DA:1083,10
DA:1084,10
DA:1088,79
DA:1089,79
DA:1234,13
DA:1237,13
LF:10
LH:10
end_of_record
SF:/usr/include/c++/11/bits/vector.tcc
FN:109,_ZNSt6vectorINSt7__cxx1112basic_stringIcSt11char_traitsIcESaIcEEESaIS5_EE12emplace_backIJS5_EEERS5_DpOT_
FNDA:10,_ZNSt6vectorINSt7__cxx1112basic_stringIcSt11char_traitsIcESaIcEEESaIS5_EE12emplace_backIJS5_EEERS5_DpOT_
FN:426,_ZNSt6vectorINSt7__cxx1112basic_stringIcSt11char_traitsIcESaIcEEESaIS5_EE17_M_realloc_insertIJS5_EEEvN9__gnu_cxx17__normal_iteratorIPS5_S7_EEDpOT_
FNDA:10,_ZNSt6vectorINSt7__cxx1112basic_stringIcSt11char_traitsIcESaIcEEESaIS5_EE17_M_realloc_insertIJS5_EEEvN9__gnu_cxx17__normal_iteratorIPS5_S7_EEDpOT_
FNF:2
FNH:2
DA:109,10
DA:112,10
BRDA:112,0,0,0
BRDA:112,0,1,10
DA:115,0
DA:117,0
DA:121,10
DA:123,10
DA:426,10
DA:436,10
DA:437,10
DA:438,10
DA:439,10
DA:440,10
DA:441,10
DA:449,10
DA:450,10
DA:456,10
DA:461,10
DA:462,10
DA:464,10
DA:466,10
DA:467,10
DA:500,10
DA:501,10
DA:502,10
DA:503,10
DA:504,10
DA:505,10
BRF:2
BRH:1
LF:27
LH:25
end_of_record
SF:/usr/include/c++/11/bits/stl_construct.h
FN:146,_ZSt8_DestroyINSt7__cxx1112basic_stringIcSt11char_traitsIcESaIcEEEEvPT_
FNDA:0,_ZSt8_DestroyINSt7__cxx1112basic_stringIcSt11char_traitsIcESaIcEEEEvPT_
FN:160,_ZNSt12_Destroy_auxILb0EE9__destroyIPNSt7__cxx1112basic_stringIcSt11char_traitsIcESaIcEEEEEvT_S9_
FNDA:0,_ZNSt12_Destroy_auxILb0EE9__destroyIPNSt7__cxx1112basic_stringIcSt11char_traitsIcESaIcEEEEEvT_S9_
FN:182,_ZSt8_DestroyIPNSt7__cxx1112basic_stringIcSt11char_traitsIcESaIcEEEEvT_S7_
FNDA:0,_ZSt8_DestroyIPNSt7__cxx1112basic_stringIcSt11char_traitsIcESaIcEEEEvT_S7_
FNF:3
FNH:0
DA:146,0
DA:151,0
DA:153,0
DA:160,0
DA:162,0
BRDA:162,0,0,-
BRDA:162,0,1,-
DA:163,0
DA:164,0
DA:182,0
DA:196,0
DA:197,0
BRF:2
BRH:0
LF:10
LH:0
end_of_record
SF:/usr/include/c++/11/bits/move.h
FN:49,_ZSt11__addressofINSt7__cxx1112basic_stringIcSt11char_traitsIcESaIcEEEEPT_RS6_
FNDA:0,_ZSt11__addressofINSt7__cxx1112basic_stringIcSt11char_traitsIcESaIcEEEEPT_RS6_
FN:77,_ZSt7forwardIRK4FileEOT_RNSt16remove_referenceIS3_E4typeE
FNDA:6,_ZSt7forwardIRK4FileEOT_RNSt16remove_referenceIS3_E4typeE
FN:77,_ZSt7forwardINSt7__cxx1112basic_stringIcSt11char_traitsIcESaIcEEEEOT_RNSt16remove_referenceIS6_E4typeE
FNDA:60,_ZSt7forwardINSt7__cxx1112basic_stringIcSt11char_traitsIcESaIcEEEEOT_RNSt16remove_referenceIS6_E4typeE
FN:104,_ZSt4moveIRNSt7__cxx1112basic_stringIcSt11char_traitsIcESaIcEEEEONSt16remove_referenceIT_E4typeEOS8_
FNDA:53,_ZSt4moveIRNSt7__cxx1112basic_stringIcSt11char_traitsIcESaIcEEEEONSt16remove_referenceIT_E4typeEOS8_
FN:104,_ZSt4moveIRSaIcEEONSt16remove_referenceIT_E4typeEOS3_
FNDA:0,_ZSt4moveIRSaIcEEONSt16remove_referenceIT_E4typeEOS3_
FNF:5
FNH:3
DA:49,0
DA:50,0
DA:77,6
DA:78,6
DA:77,60
DA:78,60
DA:104,53
DA:105,53
DA:104,0
DA:105,0
LF:10
LH:6
end_of_record
SF:/usr/include/c++/11/bits/stl_uninitialized.h
FN:986,_ZSt19__relocate_object_aINSt7__cxx1112basic_stringIcSt11char_traitsIcESaIcEEES5_SaIS5_EEvPT_PT0_RT1_
FNDA:5,_ZSt19__relocate_object_aINSt7__cxx1112basic_stringIcSt11char_traitsIcESaIcEEES5_SaIS5_EEvPT_PT0_RT1_
FN:1018,_ZSt14__relocate_a_1IPNSt7__cxx1112basic_stringIcSt11char_traitsIcESaIcEEES6_SaIS5_EET0_T_S9_S8_RT1_
FNDA:23,_ZSt14__relocate_a_1IPNSt7__cxx1112basic_stringIcSt11char_traitsIcESaIcEEES6_SaIS5_EET0_T_S9_S8_RT1_
FN:1040,_ZSt12__relocate_aIPNSt7__cxx1112basic_stringIcSt11char_traitsIcESaIcEEES6_SaIS5_EET0_T_S9_S8_RT1_
FNDA:23,_ZSt12__relocate_aIPNSt7__cxx1112basic_stringIcSt11char_traitsIcESaIcEEES6_SaIS5_EET0_T_S9_S8_RT1_
FNF:3
FNH:3
DA:986,5
DA:994,5
DA:995,5
DA:996,5
DA:1018,23
DA:1030,23
DA:1031,28
BRDA:1031,0,0,5
BRDA:1031,0,1,23
DA:1032,5
DA:1034,23
DA:1040,23
DA:1046,23
DA:1048,23
BRF:2
BRH:2
LF:12
LH:12
end_of_record
SF:/usr/include/c++/11/ext/type_traits.h
FN:152,_ZN9__gnu_cxx17__is_null_pointerIcEEbPT_
FNDA:0,_ZN9__gnu_cxx17__is_null_pointerIcEEbPT_
FN:152,_ZN9__gnu_cxx17__is_null_pointerIKcEEbPT_
FNDA:0,_ZN9__gnu_cxx17__is_null_pointerIKcEEbPT_
FNF:2
FNH:0
DA:152,0
DA:153,0
DA:152,0
DA:153,0
LF:4
LH:0
end_of_record
SF:/usr/include/c++/11/new
FN:174,_ZnwmPv
FNDA:0,_ZnwmPv
FNF:1
FNH:0
DA:174,0
DA:175,0
LF:2
LH:0
end_of_record
SF:/usr/include/c++/11/bits/char_traits.h
FN:106,_ZN9__gnu_cxx11char_traitsIcE2eqERKcS3_
FNDA:0,_ZN9__gnu_cxx11char_traitsIcE2eqERKcS3_
FN:167,_ZN9__gnu_cxx11char_traitsIcE6lengthEPKc
FNDA:0,_ZN9__gnu_cxx11char_traitsIcE6lengthEPKc
FN:393,_ZNSt11char_traitsIcE6lengthEPKc
FNDA:0,_ZNSt11char_traitsIcE6lengthEPKc
FN:429,_ZNSt11char_traitsIcE4copyEPcPKcm
FNDA:0,_ZNSt11char_traitsIcE4copyEPcPKcm
FNF:4
FNH:0
DA:106,0
DA:107,0
DA:167,0
DA:170,0
DA:171,0
BRDA:171,0,0,-
BRDA:171,0,1,-
DA:172,0
DA:173,0
DA:290,0
DA:393,0
DA:396,0
BRDA:396,0,0,-
BRDA:396,0,1,-
DA:397,0
DA:399,0
DA:429,0
DA:431,0
BRDA:431,0,0,-
BRDA:431,0,1,-
DA:432,0
DA:437,0
BRF:6
BRH:0
LF:16
LH:0
end_of_record
SF:/usr/include/c++/11/bits/basic_string.h
FN:251,_ZNSt7__cxx1112basic_stringIcSt11char_traitsIcESaIcEE16_M_construct_auxIPcEEvT_S7_St12__false_type
FNDA:0,_ZNSt7__cxx1112basic_stringIcSt11char_traitsIcESaIcEE16_M_construct_auxIPcEEvT_S7_St12__false_type
FN:271,_ZNSt7__cxx1112basic_stringIcSt11char_traitsIcESaIcEE12_M_constructIPcEEvT_S7_
FNDA:0,_ZNSt7__cxx1112basic_stringIcSt11char_traitsIcESaIcEE12_M_constructIPcEEvT_S7_
FN:533,_ZNSt7__cxx1112basic_stringIcSt11char_traitsIcESaIcEEC2IS3_EEPKcRKS3_
FNDA:0,_ZNSt7__cxx1112basic_stringIcSt11char_traitsIcESaIcEEC2IS3_EEPKcRKS3_
FN:6132,_ZStplIcSt11char_traitsIcESaIcEENSt7__cxx1112basic_stringIT_T0_T1_EERKS8_PKS5_
FNDA:4,_ZStplIcSt11char_traitsIcESaIcEENSt7__cxx1112basic_stringIT_T0_T1_EERKS8_PKS5_
FN:6206,_ZStplIcSt11char_traitsIcESaIcEENSt7__cxx1112basic_stringIT_T0_T1_EEOS8_PKS5_
FNDA:17,_ZStplIcSt11char_traitsIcESaIcEENSt7__cxx1112basic_stringIT_T0_T1_EEOS8_PKS5_
FN:6248,_ZSteqIcSt11char_traitsIcESaIcEEbRKNSt7__cxx1112basic_stringIT_T0_T1_EEPKS5_
FNDA:8,_ZSteqIcSt11char_traitsIcESaIcEEbRKNSt7__cxx1112basic_stringIT_T0_T1_EEPKS5_
FN:6327,_ZStneIcSt11char_traitsIcESaIcEEbRKNSt7__cxx1112basic_stringIT_T0_T1_EEPKS5_
FNDA:5,_ZStneIcSt11char_traitsIcESaIcEEbRKNSt7__cxx1112basic_stringIT_T0_T1_EEPKS5_
FNF:7
FNH:4
DA:251,0
DA:255,0
DA:256,0
DA:271,0
DA:274,0
DA:275,0
DA:533,0
DA:534,0
DA:536,0
BRDA:536,0,0,-
BRDA:536,0,1,-
DA:539,0
DA:540,0
DA:6132,4
DA:6135,4
DA:6136,4
DA:6137,4
DA:6206,17
DA:6208,17
DA:6248,8
DA:6250,8
DA:6327,5
DA:6329,5
BRF:2
BRH:0
LF:21
LH:10
end_of_record
SF:/usr/include/c++/11/ext/alloc_traits.h
FN:97,_ZN9__gnu_cxx14__alloc_traitsISaIcEcE17_S_select_on_copyERKS1_
FNDA:0,_ZN9__gnu_cxx14__alloc_traitsISaIcEcE17_S_select_on_copyERKS1_
FNF:1
FNH:0
DA:97,0
DA:98,0
LF:2
LH:0
end_of_record
SF:/usr/include/c++/11/ext/new_allocator.h
FN:79,_ZN9__gnu_cxx13new_allocatorIcEC2Ev
FNDA:0,_ZN9__gnu_cxx13new_allocatorIcEC2Ev
FN:79,_ZN9__gnu_cxx13new_allocatorINSt7__cxx1112basic_stringIcSt11char_traitsIcESaIcEEEEC2Ev
FNDA:0,_ZN9__gnu_cxx13new_allocatorINSt7__cxx1112basic_stringIcSt11char_traitsIcESaIcEEEEC2Ev
FN:79,_ZN9__gnu_cxx13new_allocatorIP4FileEC2Ev
FNDA:0,_ZN9__gnu_cxx13new_allocatorIP4FileEC2Ev
FN:82,_ZN9__gnu_cxx13new_allocatorIcEC2ERKS1_
FNDA:0,_ZN9__gnu_cxx13new_allocatorIcEC2ERKS1_
FN:89,_ZN9__gnu_cxx13new_allocatorIcED2Ev
FNDA:0,_ZN9__gnu_cxx13new_allocatorIcED2Ev
FN:89,_ZN9__gnu_cxx13new_allocatorINSt7__cxx1112basic_stringIcSt11char_traitsIcESaIcEEEED2Ev
FNDA:0,_ZN9__gnu_cxx13new_allocatorINSt7__cxx1112basic_stringIcSt11char_traitsIcESaIcEEEED2Ev
FN:89,_ZN9__gnu_cxx13new_allocatorIP4FileED2Ev
FNDA:0,_ZN9__gnu_cxx13new_allocatorIP4FileED2Ev
FN:103,_ZN9__gnu_cxx13new_allocatorIP4FileE8allocateEmPKv
FNDA:0,_ZN9__gnu_cxx13new_allocatorIP4FileE8allocateEmPKv
FN:103,_ZN9__gnu_cxx13new_allocatorINSt7__cxx1112basic_stringIcSt11char_traitsIcESaIcEEEE8allocateEmPKv
FNDA:0,_ZN9__gnu_cxx13new_allocatorINSt7__cxx1112basic_stringIcSt11char_traitsIcESaIcEEEE8allocateEmPKv
FN:103,_ZN9__gnu_cxx13new_allocatorI4FileE8allocateEmPKv
FNDA:0,_ZN9__gnu_cxx13new_allocatorI4FileE8allocateEmPKv
FN:132,_ZN9__gnu_cxx13new_allocatorI4FileE10deallocateEPS1_m
FNDA:0,_ZN9__gnu_cxx13new_allocatorI4FileE10deallocateEPS1_m
FN:132,_ZN9__gnu_cxx13new_allocatorINSt7__cxx1112basic_stringIcSt11char_traitsIcESaIcEEEE10deallocateEPS6_m
FNDA:0,_ZN9__gnu_cxx13new_allocatorINSt7__cxx1112basic_stringIcSt11char_traitsIcESaIcEEEE10deallocateEPS6_m
FN:132,_ZN9__gnu_cxx13new_allocatorIP4FileE10deallocateEPS2_m
FNDA:0,_ZN9__gnu_cxx13new_allocatorIP4FileE10deallocateEPS2_m
FN:154,_ZNK9__gnu_cxx13new_allocatorI4FileE8max_sizeEv
FNDA:0,_ZNK9__gnu_cxx13new_allocatorI4FileE8max_sizeEv
FN:154,_ZNK9__gnu_cxx13new_allocatorINSt7__cxx1112basic_stringIcSt11char_traitsIcESaIcEEEE8max_sizeEv
FNDA:0,_ZNK9__gnu_cxx13new_allocatorINSt7__cxx1112basic_stringIcSt11char_traitsIcESaIcEEEE8max_sizeEv
FN:160,_ZN9__gnu_cxx13new_allocatorINSt7__cxx1112basic_stringIcSt11char_traitsIcESaIcEEEE9constructIS6_JS6_EEEvPT_DpOT0_
FNDA:20,_ZN9__gnu_cxx13new_allocatorINSt7__cxx1112basic_stringIcSt11char_traitsIcESaIcEEEE9constructIS6_JS6_EEEvPT_DpOT0_
FN:160,_ZN9__gnu_cxx13new_allocatorI4FileE9constructIS1_JRKS1_EEEvPT_DpOT0_
FNDA:3,_ZN9__gnu_cxx13new_allocatorI4FileE9constructIS1_JRKS1_EEEvPT_DpOT0_
FN:166,_ZN9__gnu_cxx13new_allocatorINSt7__cxx1112basic_stringIcSt11char_traitsIcESaIcEEEE7destroyIS6_EEvPT_
FNDA:5,_ZN9__gnu_cxx13new_allocatorINSt7__cxx1112basic_stringIcSt11char_traitsIcESaIcEEEE7destroyIS6_EEvPT_
FN:166,_ZN9__gnu_cxx13new_allocatorI4FileE7destroyIS1_EEvPT_
FNDA:3,_ZN9__gnu_cxx13new_allocatorI4FileE7destroyIS1_EEvPT_
FN:197,_ZNK9__gnu_cxx13new_allocatorI4FileE11_M_max_sizeEv
FNDA:0,_ZNK9__gnu_cxx13new_allocatorI4FileE11_M_max_sizeEv
FN:197,_ZNK9__gnu_cxx13new_allocatorINSt7__cxx1112basic_stringIcSt11char_traitsIcESaIcEEEE11_M_max_sizeEv
FNDA:0,_ZNK9__gnu_cxx13new_allocatorINSt7__cxx1112basic_stringIcSt11char_traitsIcESaIcEEEE11_M_max_sizeEv
FN:197,_ZNK9__gnu_cxx13new_allocatorIP4FileE11_M_max_sizeEv
FNDA:0,_ZNK9__gnu_cxx13new_allocatorIP4FileE11_M_max_sizeEv
FNF:22
FNH:4
DA:79,0
DA:79,0
DA:79,0
DA:82,0
DA:89,0
DA:89,0
DA:89,0
DA:103,0
DA:111,0
BRDA:111,0,0,-
BRDA:111,0,1,-
DA:115,0
BRDA:115,0,0,-
BRDA:115,0,1,-
DA:116,0
DA:117,0
DA:127,0
DA:103,0
DA:111,0
BRDA:111,0,0,-
BRDA:111,0,1,-
DA:115,0
BRDA:115,0,0,-
BRDA:115,0,1,-
DA:116,0
DA:117,0
DA:127,0
DA:103,0
DA:111,0
BRDA:111,0,0,-
BRDA:111,0,1,-
DA:115,0
BRDA:115,0,0,-
BRDA:115,0,1,-
DA:116,0
DA:117,0
DA:127,0
DA:132,0
DA:145,0
DA:132,0
DA:145,0
DA:132,0
DA:145,0
DA:154,0
DA:155,0
DA:154,0
DA:155,0
DA:160,20
DA:162,20
DA:160,3
DA:162,3
DA:166,5
DA:168,5
DA:166,3
DA:168,3
DA:197,0
DA:200,0
DA:197,0
DA:200,0
DA:197,0
DA:200,0
BRF:12
BRH:0
LF:49
LH:8
end_of_record
SF:/usr/include/c++/11/bits/cpp_type_traits.h
FN:560,_ZSt12__miter_baseIPP4FileET_S3_
FNDA:0,_ZSt12__miter_baseIPP4FileET_S3_
FNF:1
FNH:0
DA:560,0
DA:561,0
LF:2
LH:0
end_of_record
SF:/usr/include/c++/11/bits/stl_deque.h
FN:96,_ZSt16__deque_buf_sizem
FNDA:0,_ZSt16__deque_buf_sizem
FN:131,_ZNSt15_Deque_iteratorI4FileRS0_PS0_E14_S_buffer_sizeEv
FNDA:0,_ZNSt15_Deque_iteratorI4FileRS0_PS0_E14_S_buffer_sizeEv
FN:168,_ZNSt15_Deque_iteratorI4FileRS0_PS0_EC2ERKS3_
FNDA:0,_ZNSt15_Deque_iteratorI4FileRS0_PS0_EC2ERKS3_
FN:180,_ZNKSt15_Deque_iteratorI4FileRS0_PS0_EdeEv
FNDA:6,_ZNKSt15_Deque_iteratorI4FileRS0_PS0_EdeEv
FN:208,_ZNSt15_Deque_iteratorI4FileRS0_PS0_EmmEv
FNDA:6,_ZNSt15_Deque_iteratorI4FileRS0_PS0_EmmEv
FN:260,_ZNSt15_Deque_iteratorI4FileRS0_PS0_E11_M_set_nodeEPS2_
FNDA:0,_ZNSt15_Deque_iteratorI4FileRS0_PS0_E11_M_set_nodeEPS2_
FN:353,_ZStmiRKSt15_Deque_iteratorI4FileRS0_PS0_ES5_
FNDA:0,_ZStmiRKSt15_Deque_iteratorI4FileRS0_PS0_ES5_
FN:546,_ZNSt11_Deque_baseI4FileSaIS0_EE19_M_get_Tp_allocatorEv
FNDA:0,_ZNSt11_Deque_baseI4FileSaIS0_EE19_M_get_Tp_allocatorEv
FN:550,_ZNKSt11_Deque_baseI4FileSaIS0_EE19_M_get_Tp_allocatorEv
FNDA:0,_ZNKSt11_Deque_baseI4FileSaIS0_EE19_M_get_Tp_allocatorEv
FN:554,_ZNKSt11_Deque_baseI4FileSaIS0_EE20_M_get_map_allocatorEv
FNDA:0,_ZNKSt11_Deque_baseI4FileSaIS0_EE20_M_get_map_allocatorEv
FN:558,_ZNSt11_Deque_baseI4FileSaIS0_EE16_M_allocate_nodeEv
FNDA:0,_ZNSt11_Deque_baseI4FileSaIS0_EE16_M_allocate_nodeEv
FN:565,_ZNSt11_Deque_baseI4FileSaIS0_EE18_M_deallocate_nodeEPS0_
FNDA:0,_ZNSt11_Deque_baseI4FileSaIS0_EE18_M_deallocate_nodeEPS0_
FN:572,_ZNSt11_Deque_baseI4FileSaIS0_EE15_M_allocate_mapEm
FNDA:0,_ZNSt11_Deque_baseI4FileSaIS0_EE15_M_allocate_mapEm
FN:579,_ZNSt11_Deque_baseI4FileSaIS0_EE17_M_deallocate_mapEPPS0_m
FNDA:0,_ZNSt11_Deque_baseI4FileSaIS0_EE17_M_deallocate_mapEPPS0_m
FN:1144,_ZNSt5dequeI4FileSaIS0_EE3endEv
FNDA:0,_ZNSt5dequeI4FileSaIS0_EE3endEv
FN:1232,_ZNKSt5dequeI4FileSaIS0_EE4sizeEv
FNDA:0,_ZNKSt5dequeI4FileSaIS0_EE4sizeEv
FN:1237,_ZNKSt5dequeI4FileSaIS0_EE8max_sizeEv
FNDA:0,_ZNKSt5dequeI4FileSaIS0_EE8max_sizeEv
FN:1426,_ZNSt5dequeI4FileSaIS0_EE4backEv
FNDA:6,_ZNSt5dequeI4FileSaIS0_EE4backEv
FN:1495,_ZNSt5dequeI4FileSaIS0_EE9push_backERKS0_
FNDA:3,_ZNSt5dequeI4FileSaIS0_EE9push_backERKS0_
FN:1554,_ZNSt5dequeI4FileSaIS0_EE8pop_backEv
FNDA:3,_ZNSt5dequeI4FileSaIS0_EE8pop_backEv
FN:1833,_ZNSt5dequeI4FileSaIS0_EE11_S_max_sizeERKS1_
FNDA:0,_ZNSt5dequeI4FileSaIS0_EE11_S_max_sizeERKS1_
FN:2125,_ZNSt5dequeI4FileSaIS0_EE22_M_reserve_map_at_backEm
FNDA:0,_ZNSt5dequeI4FileSaIS0_EE22_M_reserve_map_at_backEm
FNF:22
FNH:5
DA:96,0
DA:98,0
BRDA:98,0,0,-
BRDA:98,0,1,-
DA:131,0
DA:132,0
DA:168,0
DA:169,0
DA:170,0
DA:180,6
DA:181,6
DA:208,6
DA:210,6
BRDA:210,0,0,0
BRDA:210,0,1,6
DA:212,0
DA:213,0
DA:215,6
DA:216,6
DA:260,0
DA:262,0
DA:263,0
DA:264,0
DA:265,0
DA:353,0
DA:355,0
DA:356,0
DA:357,0
DA:358,0
DA:546,0
DA:547,0
DA:550,0
DA:551,0
DA:554,0
DA:555,0
DA:558,0
DA:561,0
DA:565,0
DA:568,0
DA:569,0
DA:572,0
DA:574,0
DA:575,0
DA:576,0
DA:579,0
DA:581,0
DA:582,0
DA:583,0
DA:1144,0
DA:1145,0
DA:1232,0
DA:1233,0
DA:1237,0
DA:1238,0
DA:1426,6
DA:1429,6
DA:1430,6
DA:1431,6
DA:1495,3
DA:1497,3
DA:1498,3
BRDA:1498,0,0,3
BRDA:1498,0,1,0
DA:1500,3
DA:1502,3
DA:1505,0
DA:1506,3
DA:1554,3
DA:1557,3
DA:1558,3
BRDA:1558,0,0,3
BRDA:1558,0,1,0
DA:1560,3
DA:1561,3
DA:1565,0
DA:1566,3
DA:1833,0
DA:1835,0
DA:1836,0
DA:1837,0
DA:2125,0
DA:2127,0
DA:2128,0
BRDA:2128,0,0,-
BRDA:2128,0,1,-
DA:2129,0
DA:2130,0
BRF:10
BRH:3
LF:77
LH:22
end_of_record
SF:/home/quier/Softengineering-lab6/input_model/init_data_test/file.h
FN:12,_ZN4FileC2ENSt7__cxx1112basic_stringIcSt11char_traitsIcESaIcEEES5_
FNDA:3,_ZN4FileC2ENSt7__cxx1112basic_stringIcSt11char_traitsIcESaIcEEES5_
FNF:1
FNH:1
DA:12,3
DA:13,3
DA:14,3
DA:15,3
DA:16,3
LF:5
LH:5
end_of_record
SF:/usr/include/c++/11/bits/stl_algobase.h
FN:230,_ZSt3minImERKT_S2_S2_
FNDA:0,_ZSt3minImERKT_S2_S2_
FN:254,_ZSt3maxImERKT_S2_S2_
FNDA:0,_ZSt3maxImERKT_S2_S2_
FN:313,_ZSt12__niter_baseIPP4FileET_S3_
FNDA:0,_ZSt12__niter_baseIPP4FileET_S3_
FN:313,_ZSt12__niter_baseIPNSt7__cxx1112basic_stringIcSt11char_traitsIcESaIcEEEET_S7_
FNDA:69,_ZSt12__niter_baseIPNSt7__cxx1112basic_stringIcSt11char_traitsIcESaIcEEEET_S7_
FN:335,_ZSt12__niter_wrapIPP4FileET_RKS3_S3_
FNDA:0,_ZSt12__niter_wrapIPP4FileET_RKS3_S3_
FN:420,_ZNSt11__copy_moveILb0ELb1ESt26random_access_iterator_tagE8__copy_mIP4FileEEPT_PKS5_S8_S6_
FNDA:0,_ZNSt11__copy_moveILb0ELb1ESt26random_access_iterator_tagE8__copy_mIP4FileEEPT_PKS5_S8_S6_
FN:486,_ZSt14__copy_move_a2ILb0EPP4FileS2_ET1_T0_S4_S3_
FNDA:0,_ZSt14__copy_move_a2ILb0EPP4FileS2_ET1_T0_S4_S3_
FN:521,_ZSt14__copy_move_a1ILb0EPP4FileS2_ET1_T0_S4_S3_
FNDA:0,_ZSt14__copy_move_a1ILb0EPP4FileS2_ET1_T0_S4_S3_
FN:527,_ZSt13__copy_move_aILb0EPP4FileS2_ET1_T0_S4_S3_
FNDA:0,_ZSt13__copy_move_aILb0EPP4FileS2_ET1_T0_S4_S3_
FN:611,_ZSt4copyIPP4FileS2_ET0_T_S4_S3_
FNDA:0,_ZSt4copyIPP4FileS2_ET0_T_S4_S3_
FN:731,_ZNSt20__copy_move_backwardILb0ELb1ESt26random_access_iterator_tagE13__copy_move_bIP4FileEEPT_PKS5_S8_S6_
FNDA:0,_ZNSt20__copy_move_backwardILb0ELb1ESt26random_access_iterator_tagE13__copy_move_bIP4FileEEPT_PKS5_S8_S6_
FN:750,_ZSt23__copy_move_backward_a2ILb0EPP4FileS2_ET1_T0_S4_S3_
FNDA:0,_ZSt23__copy_move_backward_a2ILb0EPP4FileS2_ET1_T0_S4_S3_
FN:768,_ZSt23__copy_move_backward_a1ILb0EPP4FileS2_ET1_T0_S4_S3_
FNDA:0,_ZSt23__copy_move_backward_a1ILb0EPP4FileS2_ET1_T0_S4_S3_
FN:796,_ZSt22__copy_move_backward_aILb0EPP4FileS2_ET1_T0_S4_S3_
FNDA:0,_ZSt22__copy_move_backward_aILb0EPP4FileS2_ET1_T0_S4_S3_
FN:848,_ZSt13copy_backwardIPP4FileS2_ET0_T_S4_S3_
FNDA:0,_ZSt13copy_backwardIPP4FileS2_ET0_T_S4_S3_
FNF:15
FNH:1
DA:230,0
DA:235,0
BRDA:235,0,0,-
BRDA:235,0,1,-
DA:236,0
DA:237,0
DA:254,0
DA:259,0
BRDA:259,0,0,-
BRDA:259,0,1,-
DA:260,0
DA:261,0
DA:313,0
DA:315,0
DA:313,69
DA:315,69
DA:335,0
DA:336,0
DA:420,0
DA:429,0
DA:430,0
BRDA:430,0,0,-
BRDA:430,0,1,-
DA:431,0
DA:432,0
DA:486,0
DA:495,0
DA:521,0
DA:522,0
DA:527,0
DA:529,0
DA:532,0
DA:611,0
DA:620,0
DA:731,0
DA:740,0
DA:741,0
BRDA:741,0,0,-
BRDA:741,0,1,-
DA:742,0
DA:743,0
DA:750,0
DA:760,0
DA:762,0
DA:768,0
DA:769,0
DA:796,0
DA:798,0
DA:801,0
DA:848,0
DA:859,0
BRF:8
BRH:0
LF:43
LH:2
end_of_record
SF:/usr/include/c++/11/bits/basic_string.tcc
FN:206,_ZNSt7__cxx1112basic_stringIcSt11char_traitsIcESaIcEE12_M_constructIPcEEvT_S7_St20forward_iterator_tag
FNDA:0,_ZNSt7__cxx1112basic_stringIcSt11char_traitsIcESaIcEE12_M_constructIPcEEvT_S7_St20forward_iterator_tag
FN:206,_ZNSt7__cxx1112basic_stringIcSt11char_traitsIcESaIcEE12_M_constructIPKcEEvT_S8_St20forward_iterator_tag
FNDA:0,_ZNSt7__cxx1112basic_stringIcSt11char_traitsIcESaIcEE12_M_constructIPKcEEvT_S8_St20forward_iterator_tag
FNF:2
FNH:0
DA:206,0
DA:211,0
BRDA:211,0,0,-
BRDA:211,0,1,-
BRDA:211,0,2,-
BRDA:211,0,3,-
BRDA:211,0,4,-
BRDA:211,0,5,-
DA:212,0
DA:215,0
DA:217,0
BRDA:217,0,0,-
BRDA:217,0,1,-
DA:219,0
DA:220,0
DA:225,0
DA:232,0
DA:233,0
DA:206,0
DA:211,0
BRDA:211,0,0,-
BRDA:211,0,1,-
BRDA:211,0,2,-
BRDA:211,0,3,-
BRDA:211,0,4,-
BRDA:211,0,5,-
DA:212,0
DA:215,0
DA:217,0
BRDA:217,0,0,-
BRDA:217,0,1,-
DA:219,0
DA:220,0
DA:225,0
DA:232,0
DA:233,0
BRF:16
BRH:0
LF:20
LH:0
end_of_record
SF:/usr/include/c++/11/bits/deque.tcc
FN:484,_ZNSt5dequeI4FileSaIS0_EE16_M_push_back_auxIJRKS0_EEEvDpOT_
FNDA:0,_ZNSt5dequeI4FileSaIS0_EE16_M_push_back_auxIJRKS0_EEEvDpOT_
FN:560,_ZNSt5dequeI4FileSaIS0_EE15_M_pop_back_auxEv
FNDA:0,_ZNSt5dequeI4FileSaIS0_EE15_M_pop_back_auxEv
FN:931,_ZNSt5dequeI4FileSaIS0_EE17_M_reallocate_mapEmb
FNDA:0,_ZNSt5dequeI4FileSaIS0_EE17_M_reallocate_mapEmb
FNF:3
FNH:0
DA:484,0
DA:492,0
BRDA:492,0,0,-
BRDA:492,0,1,-
DA:493,0
DA:496,0
DA:497,0
DA:501,0
DA:507,0
DA:509,0
DA:516,0
DA:560,0
DA:563,0
DA:564,0
DA:565,0
DA:566,0
DA:568,0
DA:931,0
DA:934,0
DA:935,0
DA:936,0
DA:939,0
BRDA:939,0,0,-
BRDA:939,0,1,-
DA:941,0
DA:942,0
DA:943,0
BRDA:943,0,0,-
BRDA:943,0,1,-
DA:944,0
BRDA:944,0,0,-
BRDA:944,0,1,-
DA:945,0
DA:946,0
DA:949,0
DA:950,0
DA:951,0
DA:955,0
DA:956,0
DA:959,0
DA:960,0
DA:961,0
BRDA:961,0,0,-
BRDA:961,0,1,-
DA:962,0
DA:963,0
DA:965,0
DA:967,0
DA:968,0
DA:971,0
DA:972,0
DA:973,0
BRF:10
BRH:0
LF:42
LH:0
end_of_record
SF:/usr/include/c++/11/bits/allocator.h
FN:156,_ZNSaINSt7__cxx1112basic_stringIcSt11char_traitsIcESaIcEEEEC2Ev
FNDA:0,_ZNSaINSt7__cxx1112basic_stringIcSt11char_traitsIcESaIcEEEEC2Ev
FN:169,_ZNSaIP4FileEC2IS_EERKSaIT_E
FNDA:0,_ZNSaIP4FileEC2IS_EERKSaIT_E
FN:174,_ZNSaIP4FileED2Ev
FNDA:0,_ZNSaIP4FileED2Ev
FN:174,_ZNSaINSt7__cxx1112basic_stringIcSt11char_traitsIcESaIcEEEED2Ev
FNDA:0,_ZNSaINSt7__cxx1112basic_stringIcSt11char_traitsIcESaIcEEEED2Ev
FNF:4
FNH:0
DA:156,0
DA:169,0
DA:174,0
DA:174,0
LF:4
LH:0
end_of_record
